APPLICATION	CarMaker 6.0.3 - Car_Generic #33 (6.0.3)
COMPILED	pt@pluto.ipg 2017-09-27 12:31:10
FIRST_INIT	(internal default used)	2018-02-11 13:14:42
TIME	0.000
SIM_END			0s	0m
IDLE	13:14:43
SIM_START	axxxplot	2018-02-11 13:14:43
TIME	0.033
WARNING		PowerTrain OpenXWD: No selected PowerTrainXWD model; calculation using DVA is possible, but without 'integration substepping'
TIME	0.000
SIMULATE	axxxplot

TIME	4.509
SIM_END		axxxplot	4.5s	0.00277707m
TIME	7.292
SIM_START	axxxplot	2018-02-11 13:15:12
TIME	0.004
WARNING		PowerTrain OpenXWD: No selected PowerTrainXWD model; calculation using DVA is possible, but without 'integration substepping'
TIME	0.000
SIMULATE	axxxplot

TIME	4.503
SIM_END		axxxplot	4.5s	0.00277707m
TIME	41.696
SIM_START	axxxplot	2018-02-11 13:21:30
TIME	0.002
WARNING		PowerTrain OpenXWD: No selected PowerTrainXWD model; calculation using DVA is possible, but without 'integration substepping'
TIME	0.000
SIMULATE	axxxplot

TIME	4.503
SIM_END		axxxplot	4.5s	0.00277707m
TIME	636.673
SHUTDOWN	CarMaker quick shutdown initiated

