APPLICATION	CarMaker 6.0.3 - Car_Generic #36 (6.0.3)
COMPILED	pt@pluto.ipg 2017-09-27 12:36:15
SIM_START	axxxplot	2018-02-11 19:08:15
TIME	0.001
WARNING		PowerTrain OpenXWD: No selected PowerTrainXWD model; calculation using DVA is possible, but without 'integration substepping'
TIME	0.000
SIMULATE	axxxplot

TIME	4.503
SIM_END		axxxplot	4.502s	90.7412m
APPLICATION	CarMaker 6.0.3 - Car_Generic #36 (6.0.3)
COMPILED	pt@pluto.ipg 2017-09-27 12:36:15
SIM_START	axxxplot	2018-02-11 19:18:17
TIME	0.001
WARNING		PowerTrain OpenXWD: No selected PowerTrainXWD model; calculation using DVA is possible, but without 'integration substepping'
TIME	0.000
SIMULATE	axxxplot

TIME	4.503
SIM_END		axxxplot	4.502s	90.7412m
APPLICATION	CarMaker 6.0.3 - Car_Generic #36 (6.0.3)
COMPILED	pt@pluto.ipg 2017-09-27 12:36:15
SIM_START	axxxplot	2018-02-11 19:19:09
TIME	0.001
WARNING		PowerTrain OpenXWD: No selected PowerTrainXWD model; calculation using DVA is possible, but without 'integration substepping'
TIME	0.000
SIMULATE	axxxplot

TIME	4.503
SIM_END		axxxplot	4.502s	90.7412m
APPLICATION	CarMaker 6.0.3 - Car_Generic #36 (6.0.3)
COMPILED	pt@pluto.ipg 2017-09-27 12:36:15
SIM_START	axxxplot	2018-02-11 19:19:36
TIME	0.001
WARNING		PowerTrain OpenXWD: No selected PowerTrainXWD model; calculation using DVA is possible, but without 'integration substepping'
TIME	0.000
SIMULATE	axxxplot

TIME	4.503
SIM_END		axxxplot	4.502s	90.7443m
APPLICATION	CarMaker 6.0.3 - Car_Generic #36 (6.0.3)
COMPILED	pt@pluto.ipg 2017-09-27 12:36:15
SIM_START	axxxplot	2018-02-11 19:20:07
TIME	0.001
WARNING		PowerTrain OpenXWD: No selected PowerTrainXWD model; calculation using DVA is possible, but without 'integration substepping'
TIME	0.000
SIMULATE	axxxplot

TIME	4.503
SIM_END		axxxplot	4.502s	90.7392m
APPLICATION	CarMaker 6.0.3 - Car_Generic #36 (6.0.3)
COMPILED	pt@pluto.ipg 2017-09-27 12:36:15
SIM_START	axxxplot	2018-02-11 19:20:38
TIME	0.001
WARNING		PowerTrain OpenXWD: No selected PowerTrainXWD model; calculation using DVA is possible, but without 'integration substepping'
TIME	0.000
SIMULATE	axxxplot

TIME	4.503
SIM_END		axxxplot	4.502s	90.7498m
APPLICATION	CarMaker 6.0.3 - Car_Generic #36 (6.0.3)
COMPILED	pt@pluto.ipg 2017-09-27 12:36:15
SIM_START	axxxplot	2018-02-11 19:31:15
TIME	0.001
WARNING		PowerTrain OpenXWD: No selected PowerTrainXWD model; calculation using DVA is possible, but without 'integration substepping'
TIME	0.000
SIMULATE	axxxplot

SIM_END		axxxplot	1.551s	10.7488m
APPLICATION	CarMaker 6.0.3 - Car_Generic #36 (6.0.3)
COMPILED	pt@pluto.ipg 2017-09-27 12:36:15
SIM_START	axxxplot	2018-02-11 19:31:40
TIME	0.001
WARNING		PowerTrain OpenXWD: No selected PowerTrainXWD model; calculation using DVA is possible, but without 'integration substepping'
TIME	0.000
SIMULATE	axxxplot

TIME	4.503
SIM_END		axxxplot	4.502s	89.7602m
APPLICATION	CarMaker 6.0.3 - Car_Generic #36 (6.0.3)
COMPILED	pt@pluto.ipg 2017-09-27 12:36:15
SIM_START	axxxplot	2018-02-11 19:31:58
TIME	0.001
WARNING		PowerTrain OpenXWD: No selected PowerTrainXWD model; calculation using DVA is possible, but without 'integration substepping'
TIME	0.000
SIMULATE	axxxplot

TIME	4.503
SIM_END		axxxplot	4.502s	89.7602m
APPLICATION	CarMaker 6.0.3 - Car_Generic #36 (6.0.3)
COMPILED	pt@pluto.ipg 2017-09-27 12:36:15
SIM_START	axxxplot	2018-02-11 19:32:13
TIME	0.001
WARNING		PowerTrain OpenXWD: No selected PowerTrainXWD model; calculation using DVA is possible, but without 'integration substepping'
TIME	0.000
SIMULATE	axxxplot

TIME	4.503
SIM_END		axxxplot	4.502s	89.7602m
APPLICATION	CarMaker 6.0.3 - Car_Generic #36 (6.0.3)
COMPILED	pt@pluto.ipg 2017-09-27 12:36:15
SIM_START	axxxplot	2018-02-11 19:32:39
TIME	0.001
WARNING		PowerTrain OpenXWD: No selected PowerTrainXWD model; calculation using DVA is possible, but without 'integration substepping'
TIME	0.000
SIMULATE	axxxplot

TIME	4.503
SIM_END		axxxplot	4.502s	89.7602m
APPLICATION	CarMaker 6.0.3 - Car_Generic #36 (6.0.3)
COMPILED	pt@pluto.ipg 2017-09-27 12:36:15
SIM_START	axxxplot	2018-02-13 12:46:12
TIME	0.001
WARNING		PowerTrain OpenXWD: No selected PowerTrainXWD model; calculation using DVA is possible, but without 'integration substepping'
TIME	0.000
SIMULATE	axxxplot

TIME	4.503
SIM_END		axxxplot	4.502s	89.7602m
APPLICATION	CarMaker 6.0.3 - Car_Generic #36 (6.0.3)
COMPILED	pt@pluto.ipg 2017-09-27 12:36:15
SIM_START	axxxplot	2018-02-13 12:47:56
TIME	0.001
WARNING		PowerTrain OpenXWD: No selected PowerTrainXWD model; calculation using DVA is possible, but without 'integration substepping'
TIME	0.000
SIMULATE	axxxplot

TIME	4.503
SIM_END		axxxplot	4.502s	89.6679m
APPLICATION	CarMaker 6.0.3 - Car_Generic #36 (6.0.3)
COMPILED	pt@pluto.ipg 2017-09-27 12:36:15
SIM_START	axxxplot	2018-02-13 12:48:25
TIME	0.001
WARNING		PowerTrain OpenXWD: No selected PowerTrainXWD model; calculation using DVA is possible, but without 'integration substepping'
TIME	0.000
SIMULATE	axxxplot

TIME	4.503
SIM_END		axxxplot	4.502s	89.744m
APPLICATION	CarMaker 6.0.3 - Car_Generic #36 (6.0.3)
COMPILED	pt@pluto.ipg 2017-09-27 12:36:15
SIM_START	axxxplot	2018-02-13 12:49:07
TIME	0.001
WARNING		PowerTrain OpenXWD: No selected PowerTrainXWD model; calculation using DVA is possible, but without 'integration substepping'
TIME	0.000
SIMULATE	axxxplot

TIME	4.503
SIM_END		axxxplot	4.502s	89.7613m
APPLICATION	CarMaker 6.0.3 - Car_Generic #36 (6.0.3)
COMPILED	pt@pluto.ipg 2017-09-27 12:36:15
SIM_START	axxxplot	2018-02-13 12:49:40
TIME	0.001
WARNING		PowerTrain OpenXWD: No selected PowerTrainXWD model; calculation using DVA is possible, but without 'integration substepping'
TIME	0.000
SIMULATE	axxxplot

TIME	4.503
SIM_END		axxxplot	4.502s	89.7053m
APPLICATION	CarMaker 6.0.3 - Car_Generic #36 (6.0.3)
COMPILED	pt@pluto.ipg 2017-09-27 12:36:15
SIM_START	axxxplot	2018-02-13 12:50:12
TIME	0.001
WARNING		PowerTrain OpenXWD: No selected PowerTrainXWD model; calculation using DVA is possible, but without 'integration substepping'
TIME	0.000
SIMULATE	axxxplot

TIME	4.503
SIM_END		axxxplot	4.502s	89.8016m
APPLICATION	CarMaker 6.0.3 - Car_Generic #36 (6.0.3)
COMPILED	pt@pluto.ipg 2017-09-27 12:36:15
SIM_START	axxxplot	2018-02-13 12:51:40
TIME	0.001
WARNING		PowerTrain OpenXWD: No selected PowerTrainXWD model; calculation using DVA is possible, but without 'integration substepping'
TIME	0.000
SIMULATE	axxxplot

TIME	4.503
SIM_END		axxxplot	4.502s	89.5099m
