APPLICATION	CarMaker 5.1.2 - Car_Generic #644 (5.1.2)
COMPILED	fh@daniel.ipg 2016-08-15 11:58:04
SIM_START	Examples_FS/FS_Competition_Germany_2006	2017-03-20 16:40:09
TIME	0.000
SIMULATE	Examples_FS/FS_Competition_Germany_2006

SIM_END		Examples_FS/FS_Competition_Germany_2006	0s	0m
APPLICATION	CarMaker 5.1.2 - Car_Generic #644 (5.1.2)
COMPILED	fh@daniel.ipg 2016-08-15 11:58:04
SIM_START	Examples_FS/FS_Competition_Germany_2006	2017-03-20 16:42:09
TIME	0.000
SIMULATE	Examples_FS/FS_Competition_Germany_2006

TIME	12.946
SIM_END		Examples_FS/FS_Competition_Germany_2006	12.942s	0.000475473m
APPLICATION	CarMaker 5.1.2 - Car_Generic #644 (5.1.2)
COMPILED	fh@daniel.ipg 2016-08-15 11:58:04
SIM_START	Examples_FS/FS_Competition_Germany_2006	2017-03-20 16:44:11
TIME	0.000
SIMULATE	Examples_FS/FS_Competition_Germany_2006

TIME	15.949
SIM_END		Examples_FS/FS_Competition_Germany_2006	15.945s	0.000535321m
APPLICATION	CarMaker 5.1.2 - Car_Generic #644 (5.1.2)
COMPILED	fh@daniel.ipg 2016-08-15 11:58:04
SIM_START	Examples_FS/FS_Competition_Germany_2006	2017-03-20 16:44:40
TIME	0.000
SIMULATE	Examples_FS/FS_Competition_Germany_2006

TIME	6.854
SIM_END		Examples_FS/FS_Competition_Germany_2006	6.85s	0.000354578m
APPLICATION	CarMaker 5.1.2 - Car_Generic #644 (5.1.2)
COMPILED	fh@daniel.ipg 2016-08-15 11:58:04
SIM_START	Examples_FS/FS_Competition_Germany_2006	2017-03-20 16:45:34
TIME	0.000
SIMULATE	Examples_FS/FS_Competition_Germany_2006

TIME	7.921
SIM_END		Examples_FS/FS_Competition_Germany_2006	7.917s	0.000374776m
