APPLICATION	CarMaker 5.1.2 - Car_Generic #644 (5.1.2)
COMPILED	fh@daniel.ipg 2016-08-15 11:58:04
SIM_START	fart	2017-07-07 16:02:17
TIME	0.001
WARNING		PowerTrain OpenXWD: No selected PowerTrainXWD model; calculation using DVA is possible, but without 'integration substepping'
TIME	0.000
SIMULATE	fart

TIME	2.480
ERROR		Vehicle leaves road at about x=29.7419, y=3.00002 TireNo=0
SIM_ABORT	fart	2.482s	30.2297m
APPLICATION	CarMaker 5.1.2 - Car_Generic #644 (5.1.2)
COMPILED	fh@daniel.ipg 2016-08-15 11:58:04
SIM_START	fart	2017-07-07 16:13:31
TIME	0.001
WARNING		PowerTrain OpenXWD: No selected PowerTrainXWD model; calculation using DVA is possible, but without 'integration substepping'
TIME	0.000
SIMULATE	fart

TIME	2.480
ERROR		Vehicle leaves road at about x=29.7419, y=3.00002 TireNo=0
SIM_ABORT	fart	2.482s	30.2297m
APPLICATION	CarMaker 5.1.2 - Car_Generic #644 (5.1.2)
COMPILED	fh@daniel.ipg 2016-08-15 11:58:04
SIM_START	fart	2017-07-07 16:13:53
TIME	0.001
WARNING		PowerTrain OpenXWD: No selected PowerTrainXWD model; calculation using DVA is possible, but without 'integration substepping'
TIME	0.000
SIMULATE	fart

TIME	2.480
ERROR		Vehicle leaves road at about x=29.7419, y=3.00002 TireNo=0
SIM_ABORT	fart	2.482s	30.2297m
APPLICATION	CarMaker 5.1.2 - Car_Generic #644 (5.1.2)
COMPILED	fh@daniel.ipg 2016-08-15 11:58:04
SIM_START	fart	2017-07-07 16:15:13
TIME	0.001
WARNING		PowerTrain OpenXWD: No selected PowerTrainXWD model; calculation using DVA is possible, but without 'integration substepping'
TIME	0.000
SIMULATE	fart

TIME	2.480
ERROR		Vehicle leaves road at about x=29.7419, y=3.00002 TireNo=0
SIM_ABORT	fart	2.482s	30.2297m
APPLICATION	CarMaker 5.1.2 - Car_Generic #644 (5.1.2)
COMPILED	fh@daniel.ipg 2016-08-15 11:58:04
SIM_START	fart	2017-07-07 16:16:04
TIME	0.001
WARNING		PowerTrain OpenXWD: No selected PowerTrainXWD model; calculation using DVA is possible, but without 'integration substepping'
TIME	0.000
SIMULATE	fart

TIME	2.665
ERROR		Vehicle leaves road at about x=37.8176, y=-3.00137 TireNo=1
SIM_ABORT	fart	2.667s	38.219m
APPLICATION	CarMaker 5.1.2 - Car_Generic #644 (5.1.2)
COMPILED	fh@daniel.ipg 2016-08-15 11:58:04
SIM_START	fart	2017-07-07 16:17:14
TIME	0.001
WARNING		PowerTrain OpenXWD: No selected PowerTrainXWD model; calculation using DVA is possible, but without 'integration substepping'
TIME	0.000
SIMULATE	fart

TIME	2.962
ERROR		Vehicle leaves road at about x=44.9697, y=3.00042 TireNo=0
SIM_ABORT	fart	2.964s	45.3259m
APPLICATION	CarMaker 5.1.2 - Car_Generic #644 (5.1.2)
COMPILED	fh@daniel.ipg 2016-08-15 11:58:04
SIM_START	fart	2017-07-07 16:18:37
TIME	0.001
WARNING		PowerTrain OpenXWD: No selected PowerTrainXWD model; calculation using DVA is possible, but without 'integration substepping'
TIME	0.000
SIMULATE	fart

TIME	2.962
ERROR		Vehicle leaves road at about x=44.9697, y=3.00042 TireNo=0
SIM_ABORT	fart	2.964s	45.3259m
APPLICATION	CarMaker 5.1.2 - Car_Generic #644 (5.1.2)
COMPILED	fh@daniel.ipg 2016-08-15 11:58:04
SIM_START	fart	2017-07-07 16:19:19
TIME	0.001
WARNING		PowerTrain OpenXWD: No selected PowerTrainXWD model; calculation using DVA is possible, but without 'integration substepping'
TIME	0.000
SIMULATE	fart

TIME	5.378
SIM_END		fart	5.374s	111.095m
APPLICATION	CarMaker 5.1.2 - Car_Generic #644 (5.1.2)
COMPILED	fh@daniel.ipg 2016-08-15 11:58:04
SIM_START	fart	2017-07-07 16:19:55
TIME	0.001
WARNING		PowerTrain OpenXWD: No selected PowerTrainXWD model; calculation using DVA is possible, but without 'integration substepping'
TIME	0.000
SIMULATE	fart

TIME	15.635
SIM_END		fart	15.631s	432.542m
APPLICATION	CarMaker 5.1.2 - Car_Generic #644 (5.1.2)
COMPILED	fh@daniel.ipg 2016-08-15 11:58:04
SIM_START	fart	2017-07-07 16:21:23
TIME	0.001
WARNING		PowerTrain OpenXWD: No selected PowerTrainXWD model; calculation using DVA is possible, but without 'integration substepping'
TIME	0.000
SIMULATE	fart

TIME	4.465
SIM_END		fart	4.461s	87.8334m
APPLICATION	CarMaker 5.1.2 - Car_Generic #644 (5.1.2)
COMPILED	fh@daniel.ipg 2016-08-15 11:58:04
SIM_START	fart	2017-07-07 16:21:53
TIME	0.001
WARNING		PowerTrain OpenXWD: No selected PowerTrainXWD model; calculation using DVA is possible, but without 'integration substepping'
TIME	0.000
SIMULATE	fart

TIME	5.440
SIM_END		fart	5.436s	113.009m
APPLICATION	CarMaker 5.1.2 - Car_Generic #644 (5.1.2)
COMPILED	fh@daniel.ipg 2016-08-15 11:58:04
SIM_START	fart	2017-07-07 16:22:32
TIME	0.001
WARNING		PowerTrain OpenXWD: No selected PowerTrainXWD model; calculation using DVA is possible, but without 'integration substepping'
TIME	0.000
SIMULATE	fart

TIME	3.149
SIM_END		fart	3.145s	46.7653m
APPLICATION	CarMaker 5.1.2 - Car_Generic #644 (5.1.2)
COMPILED	fh@daniel.ipg 2016-08-15 11:58:04
SIM_START	fart	2017-07-07 16:24:08
TIME	0.001
WARNING		PowerTrain OpenXWD: No selected PowerTrainXWD model; calculation using DVA is possible, but without 'integration substepping'
TIME	0.000
SIMULATE	fart

TIME	2.733
SIM_END		fart	2.729s	36.2845m
APPLICATION	CarMaker 5.1.2 - Car_Generic #644 (5.1.2)
COMPILED	fh@daniel.ipg 2016-08-15 11:58:04
SIM_START	fart	2017-07-07 16:24:57
TIME	0.001
WARNING		PowerTrain OpenXWD: No selected PowerTrainXWD model; calculation using DVA is possible, but without 'integration substepping'
TIME	0.000
SIMULATE	fart

SIM_END		fart	1.011s	4.23518m
APPLICATION	CarMaker 5.1.2 - Car_Generic #644 (5.1.2)
COMPILED	fh@daniel.ipg 2016-08-15 11:58:04
SIM_START	fart	2017-07-07 16:27:53
TIME	0.001
WARNING		PowerTrain OpenXWD: No selected PowerTrainXWD model; calculation using DVA is possible, but without 'integration substepping'
TIME	0.000
SIMULATE	fart

TIME	3.271
SIM_END		fart	3.267s	49.96m
APPLICATION	CarMaker 5.1.2 - Car_Generic #644 (5.1.2)
COMPILED	fh@daniel.ipg 2016-08-15 11:58:04
SIM_START	fart	2017-07-07 16:34:41
TIME	0.001
WARNING		PowerTrain OpenXWD: No selected PowerTrainXWD model; calculation using DVA is possible, but without 'integration substepping'
TIME	0.000
SIMULATE	fart

SIM_END		fart	0.91s	3.21981m
APPLICATION	CarMaker 5.1.2 - Car_Generic #644 (5.1.2)
COMPILED	fh@daniel.ipg 2016-08-15 11:58:04
SIM_START	fart	2017-07-07 16:45:44
TIME	0.001
WARNING		PowerTrain OpenXWD: No selected PowerTrainXWD model; calculation using DVA is possible, but without 'integration substepping'
TIME	0.000
SIMULATE	fart

TIME	6.191
SIM_END		fart	6.187s	136.208m
APPLICATION	CarMaker 5.1.2 - Car_Generic #644 (5.1.2)
COMPILED	fh@daniel.ipg 2016-08-15 11:58:04
SIM_START	fart	2017-07-07 17:13:05
TIME	0.001
WARNING		PowerTrain OpenXWD: No selected PowerTrainXWD model; calculation using DVA is possible, but without 'integration substepping'
TIME	0.000
SIMULATE	fart

TIME	5.269
SIM_END		fart	5.265s	107.732m
APPLICATION	CarMaker 5.1.2 - Car_Generic #644 (5.1.2)
COMPILED	fh@daniel.ipg 2016-08-15 11:58:04
SIM_START	fart	2017-07-07 17:15:49
TIME	0.001
WARNING		PowerTrain OpenXWD: No selected PowerTrainXWD model; calculation using DVA is possible, but without 'integration substepping'
TIME	0.000
SIMULATE	fart

TIME	2.307
SIM_END		fart	2.303s	26.3496m
APPLICATION	CarMaker 5.1.2 - Car_Generic #644 (5.1.2)
COMPILED	fh@daniel.ipg 2016-08-15 11:58:04
SIM_START	fart	2017-07-07 17:18:13
TIME	0.001
WARNING		PowerTrain OpenXWD: No selected PowerTrainXWD model; calculation using DVA is possible, but without 'integration substepping'
TIME	0.000
SIMULATE	fart

SIM_END		fart	1.81s	16.2637m
APPLICATION	CarMaker 5.1.2 - Car_Generic #644 (5.1.2)
COMPILED	fh@daniel.ipg 2016-08-15 11:58:04
SIM_START	fart	2017-07-07 17:21:36
TIME	0.001
WARNING		PowerTrain OpenXWD: No selected PowerTrainXWD model; calculation using DVA is possible, but without 'integration substepping'
TIME	0.000
SIMULATE	fart

SIM_END		fart	1.732s	14.8333m
APPLICATION	CarMaker 5.1.2 - Car_Generic #644 (5.1.2)
COMPILED	fh@daniel.ipg 2016-08-15 11:58:04
SIM_START	fart	2017-07-07 17:22:32
TIME	0.001
WARNING		PowerTrain OpenXWD: No selected PowerTrainXWD model; calculation using DVA is possible, but without 'integration substepping'
TIME	0.000
SIMULATE	fart

SIM_END		fart	1.981s	19.5667m
APPLICATION	CarMaker 5.1.2 - Car_Generic #644 (5.1.2)
COMPILED	fh@daniel.ipg 2016-08-15 11:58:04
SIM_START	fart	2017-07-07 17:26:42
TIME	0.001
WARNING		PowerTrain OpenXWD: No selected PowerTrainXWD model; calculation using DVA is possible, but without 'integration substepping'
TIME	0.000
SIMULATE	fart

TIME	2.700
ERROR		Vehicle leaves road at about x=35.4104, y=-3.0003 TireNo=1
SIM_ABORT	fart	2.702s	35.8203m
APPLICATION	CarMaker 5.1.2 - Car_Generic #644 (5.1.2)
COMPILED	fh@daniel.ipg 2016-08-15 11:58:04
SIM_START	fart	2017-07-07 17:28:27
TIME	0.001
WARNING		PowerTrain OpenXWD: No selected PowerTrainXWD model; calculation using DVA is possible, but without 'integration substepping'
TIME	0.000
SIMULATE	fart

TIME	2.700
ERROR		Vehicle leaves road at about x=35.4104, y=-3.0003 TireNo=1
SIM_ABORT	fart	2.702s	35.8203m
APPLICATION	CarMaker 5.1.2 - Car_Generic #644 (5.1.2)
COMPILED	fh@daniel.ipg 2016-08-15 11:58:04
SIM_START	fart	2017-07-07 17:29:02
TIME	0.001
WARNING		PowerTrain OpenXWD: No selected PowerTrainXWD model; calculation using DVA is possible, but without 'integration substepping'
TIME	0.000
SIMULATE	fart

TIME	2.700
ERROR		Vehicle leaves road at about x=35.4104, y=-3.0003 TireNo=1
SIM_ABORT	fart	2.702s	35.8203m
APPLICATION	CarMaker 5.1.2 - Car_Generic #644 (5.1.2)
COMPILED	fh@daniel.ipg 2016-08-15 11:58:04
SIM_START	fart	2017-07-07 17:32:47
TIME	0.001
WARNING		PowerTrain OpenXWD: No selected PowerTrainXWD model; calculation using DVA is possible, but without 'integration substepping'
TIME	0.000
SIMULATE	fart

TIME	2.700
ERROR		Vehicle leaves road at about x=35.4104, y=-3.0003 TireNo=1
SIM_ABORT	fart	2.702s	35.8203m
APPLICATION	CarMaker 5.1.2 - Car_Generic #644 (5.1.2)
COMPILED	fh@daniel.ipg 2016-08-15 11:58:04
SIM_START	FS_Competition_Germany_2006_ELD	2017-07-07 17:33:18
TIME	0.001
WARNING		PowerTrain OpenXWD: No selected PowerTrainXWD model; calculation using DVA is possible, but without 'integration substepping'
TIME	0.000
SIMULATE	FS_Competition_Germany_2006_ELD

TIME	51.297
SIM_END		FS_Competition_Germany_2006_ELD	51.293s	644.39m
APPLICATION	CarMaker 5.1.2 - Car_Generic #644 (5.1.2)
COMPILED	fh@daniel.ipg 2016-08-15 11:58:04
SIM_START	FS_Competition_Germany_2006_ELD	2017-07-07 17:40:08
TIME	0.001
WARNING		PowerTrain OpenXWD: No selected PowerTrainXWD model; calculation using DVA is possible, but without 'integration substepping'
TIME	0.000
SIMULATE	FS_Competition_Germany_2006_ELD

TIME	53.222
SIM_END		FS_Competition_Germany_2006_ELD	53.218s	690.176m
APPLICATION	CarMaker 5.1.2 - Car_Generic #644 (5.1.2)
COMPILED	fh@daniel.ipg 2016-08-15 11:58:04
SIM_START	fart	2017-07-07 20:37:06
TIME	0.001
WARNING		PowerTrain OpenXWD: No selected PowerTrainXWD model; calculation using DVA is possible, but without 'integration substepping'
TIME	0.000
SIMULATE	fart

TIME	2.253
SIM_END		fart	2.249s	27.565m
APPLICATION	CarMaker 5.1.2 - Car_Generic #644 (5.1.2)
COMPILED	fh@daniel.ipg 2016-08-15 11:58:04
SIM_START	fart	2017-07-07 21:13:36
TIME	0.001
WARNING		PowerTrain OpenXWD: No selected PowerTrainXWD model; calculation using DVA is possible, but without 'integration substepping'
TIME	0.000
SIMULATE	fart

SIM_END		fart	1.47s	10.8571m
APPLICATION	CarMaker 5.1.2 - Car_Generic #644 (5.1.2)
COMPILED	fh@daniel.ipg 2016-08-15 11:58:04
SIM_START	fart	2017-07-07 21:15:14
TIME	0.001
WARNING		PowerTrain OpenXWD: No selected PowerTrainXWD model; calculation using DVA is possible, but without 'integration substepping'
TIME	0.000
SIMULATE	fart

SIM_END		fart	1.14s	5.7763m
APPLICATION	CarMaker 5.1.2 - Car_Generic #644 (5.1.2)
COMPILED	fh@daniel.ipg 2016-08-15 11:58:04
SIM_START	fart	2017-07-07 23:29:44
TIME	0.001
WARNING		PowerTrain OpenXWD: No selected PowerTrainXWD model; calculation using DVA is possible, but without 'integration substepping'
TIME	0.000
SIMULATE	fart

SIM_END		fart	1.2s	6.57655m
APPLICATION	CarMaker 5.1.2 - Car_Generic #644 (5.1.2)
COMPILED	fh@daniel.ipg 2016-08-15 11:58:04
SIM_START	fart	2017-07-07 23:32:01
TIME	0.001
WARNING		PowerTrain OpenXWD: No selected PowerTrainXWD model; calculation using DVA is possible, but without 'integration substepping'
TIME	0.000
SIMULATE	fart

SIM_END		fart	1.15s	5.90683m
APPLICATION	CarMaker 5.1.2 - Car_Generic #644 (5.1.2)
COMPILED	fh@daniel.ipg 2016-08-15 11:58:04
SIM_START	fart	2017-07-08 00:03:45
TIME	0.001
WARNING		PowerTrain OpenXWD: No selected PowerTrainXWD model; calculation using DVA is possible, but without 'integration substepping'
TIME	0.000
SIMULATE	fart

TIME	7.124
SIM_END		fart	7.12s	175.131m
APPLICATION	CarMaker 5.1.2 - Car_Generic #644 (5.1.2)
COMPILED	fh@daniel.ipg 2016-08-15 11:58:04
SIM_START	fart	2017-07-08 00:15:25
TIME	0.001
WARNING		PowerTrain OpenXWD: No selected PowerTrainXWD model; calculation using DVA is possible, but without 'integration substepping'
TIME	0.000
SIMULATE	fart

SIM_END		fart	1.14s	5.7763m
APPLICATION	CarMaker 5.1.2 - Car_Generic #644 (5.1.2)
COMPILED	fh@daniel.ipg 2016-08-15 11:58:04
SIM_START	fart	2017-07-08 00:37:16
TIME	0.001
WARNING		PowerTrain OpenXWD: No selected PowerTrainXWD model; calculation using DVA is possible, but without 'integration substepping'
TIME	0.000
SIMULATE	fart

SIM_END		fart	1.54s	12.1201m
APPLICATION	CarMaker 5.1.2 - Car_Generic #644 (5.1.2)
COMPILED	fh@daniel.ipg 2016-08-15 11:58:04
SIM_START	fart	2017-07-08 00:43:19
TIME	0.001
WARNING		PowerTrain OpenXWD: No selected PowerTrainXWD model; calculation using DVA is possible, but without 'integration substepping'
TIME	0.000
SIMULATE	fart

SIM_END		fart	1.36s	9.00164m
APPLICATION	CarMaker 5.1.2 - Car_Generic #644 (5.1.2)
COMPILED	fh@daniel.ipg 2016-08-15 11:58:04
SIM_START	fart	2017-07-08 01:59:29
TIME	0.001
WARNING		PowerTrain OpenXWD: No selected PowerTrainXWD model; calculation using DVA is possible, but without 'integration substepping'
TIME	0.000
SIMULATE	fart

SIM_END		fart	1.27s	7.59696m
APPLICATION	CarMaker 5.1.2 - Car_Generic #644 (5.1.2)
COMPILED	fh@daniel.ipg 2016-08-15 11:58:04
SIM_START	fart	2017-07-08 02:00:47
TIME	0.001
WARNING		PowerTrain OpenXWD: No selected PowerTrainXWD model; calculation using DVA is possible, but without 'integration substepping'
TIME	0.000
SIMULATE	fart

SIM_END		fart	1.37s	9.16439m
APPLICATION	CarMaker 5.1.2 - Car_Generic #644 (5.1.2)
COMPILED	fh@daniel.ipg 2016-08-15 11:58:04
SIM_START	fart	2017-07-08 02:03:27
TIME	0.001
WARNING		PowerTrain OpenXWD: No selected PowerTrainXWD model; calculation using DVA is possible, but without 'integration substepping'
TIME	0.000
SIMULATE	fart

SIM_END		fart	1.36s	9.00164m
APPLICATION	CarMaker 5.1.2 - Car_Generic #644 (5.1.2)
COMPILED	fh@daniel.ipg 2016-08-15 11:58:04
SIM_START	fart	2017-07-08 02:05:11
TIME	0.001
WARNING		PowerTrain OpenXWD: No selected PowerTrainXWD model; calculation using DVA is possible, but without 'integration substepping'
TIME	0.000
SIMULATE	fart

TIME	8.494
SIM_END		fart	8.49s	217.47m
APPLICATION	CarMaker 5.1.2 - Car_Generic #644 (5.1.2)
COMPILED	fh@daniel.ipg 2016-08-15 11:58:04
SIM_START	fart	2017-07-08 02:17:56
TIME	0.001
WARNING		PowerTrain OpenXWD: No selected PowerTrainXWD model; calculation using DVA is possible, but without 'integration substepping'
TIME	0.000
SIMULATE	fart

TIME	10.777
SIM_END		fart	10.773s	287.995m
APPLICATION	CarMaker 5.1.2 - Car_Generic #644 (5.1.2)
COMPILED	fh@daniel.ipg 2016-08-15 11:58:04
SIM_START	fart	2017-07-08 02:24:29
TIME	0.001
WARNING		PowerTrain OpenXWD: No selected PowerTrainXWD model; calculation using DVA is possible, but without 'integration substepping'
TIME	0.000
SIMULATE	fart

TIME	4.927
SIM_END		fart	4.923s	107.281m
APPLICATION	CarMaker 5.1.2 - Car_Generic #644 (5.1.2)
COMPILED	fh@daniel.ipg 2016-08-15 11:58:04
SIM_START	fart	2017-07-08 02:27:05
TIME	0.001
WARNING		PowerTrain OpenXWD: No selected PowerTrainXWD model; calculation using DVA is possible, but without 'integration substepping'
TIME	0.000
SIMULATE	fart

TIME	3.280
SIM_END		fart	3.276s	56.3914m
APPLICATION	CarMaker 5.1.2 - Car_Generic #644 (5.1.2)
COMPILED	fh@daniel.ipg 2016-08-15 11:58:04
SIM_START	fart	2017-07-08 03:09:16
TIME	0.001
WARNING		PowerTrain OpenXWD: No selected PowerTrainXWD model; calculation using DVA is possible, but without 'integration substepping'
TIME	0.000
SIMULATE	fart

SIM_END		fart	1.43s	10.1678m
APPLICATION	CarMaker 5.1.2 - Car_Generic #644 (5.1.2)
COMPILED	fh@daniel.ipg 2016-08-15 11:58:04
SIM_START	fart	2017-07-08 09:43:17
TIME	0.001
WARNING		PowerTrain OpenXWD: No selected PowerTrainXWD model; calculation using DVA is possible, but without 'integration substepping'
TIME	0.000
SIMULATE	fart

TIME	21.564
SIM_END		fart	21.56s	621.218m
APPLICATION	CarMaker 5.1.2 - Car_Generic #644 (5.1.2)
COMPILED	fh@daniel.ipg 2016-08-15 11:58:04
SIM_START	fart	2017-07-08 22:06:40
TIME	0.001
WARNING		PowerTrain OpenXWD: No selected PowerTrainXWD model; calculation using DVA is possible, but without 'integration substepping'
TIME	0.000
SIMULATE	fart

TIME	19.251
SIM_END		fart	19.247s	549.767m
APPLICATION	CarMaker 5.1.2 - Car_Generic #644 (5.1.2)
COMPILED	fh@daniel.ipg 2016-08-15 11:58:04
SIM_START	fart	2017-07-08 22:21:57
TIME	0.001
WARNING		PowerTrain OpenXWD: No selected PowerTrainXWD model; calculation using DVA is possible, but without 'integration substepping'
TIME	0.000
SIMULATE	fart

TIME	14.081
SIM_END		fart	14.077s	390.049m
APPLICATION	CarMaker 5.1.2 - Car_Generic #644 (5.1.2)
COMPILED	fh@daniel.ipg 2016-08-15 11:58:04
SIM_START	fart	2017-07-08 22:29:49
TIME	0.001
WARNING		PowerTrain OpenXWD: No selected PowerTrainXWD model; calculation using DVA is possible, but without 'integration substepping'
TIME	0.000
SIMULATE	fart

TIME	4.964
SIM_END		fart	4.96s	108.279m
APPLICATION	CarMaker 5.1.2 - Car_Generic #644 (5.1.2)
COMPILED	fh@daniel.ipg 2016-08-15 11:58:04
SIM_START	fart	2017-07-08 22:30:11
TIME	0.001
WARNING		PowerTrain OpenXWD: No selected PowerTrainXWD model; calculation using DVA is possible, but without 'integration substepping'
TIME	0.000
SIMULATE	fart

SIM_END		fart	1.864s	18.5616m
APPLICATION	CarMaker 5.1.2 - Car_Generic #644 (5.1.2)
COMPILED	fh@daniel.ipg 2016-08-15 11:58:04
SIM_START	fart	2017-07-08 22:32:13
TIME	0.001
WARNING		PowerTrain OpenXWD: No selected PowerTrainXWD model; calculation using DVA is possible, but without 'integration substepping'
TIME	0.000
SIMULATE	fart

TIME	7.664
SIM_END		fart	7.66s	190.874m
APPLICATION	CarMaker 5.1.2 - Car_Generic #644 (5.1.2)
COMPILED	fh@daniel.ipg 2016-08-15 11:58:04
SIM_START	fart	2017-07-08 22:34:03
TIME	0.001
WARNING		PowerTrain OpenXWD: No selected PowerTrainXWD model; calculation using DVA is possible, but without 'integration substepping'
TIME	0.000
SIMULATE	fart

TIME	11.344
SIM_END		fart	11.34s	305.302m
APPLICATION	CarMaker 5.1.2 - Car_Generic #644 (5.1.2)
COMPILED	fh@daniel.ipg 2016-08-15 11:58:04
SIM_START	fart	2017-07-08 22:38:12
TIME	0.001
WARNING		PowerTrain OpenXWD: No selected PowerTrainXWD model; calculation using DVA is possible, but without 'integration substepping'
TIME	0.000
SIMULATE	fart

TIME	12.518
SIM_END		fart	12.514s	348.792m
APPLICATION	CarMaker 5.1.2 - Car_Generic #644 (5.1.2)
COMPILED	fh@daniel.ipg 2016-08-15 11:58:04
SIM_START	FS_Competition_Germany_2006_ELD	2017-07-08 23:01:59
TIME	0.001
WARNING		PowerTrain OpenXWD: No selected PowerTrainXWD model; calculation using DVA is possible, but without 'integration substepping'
TIME	0.000
SIMULATE	FS_Competition_Germany_2006_ELD

TIME	425.603
SIM_END		FS_Competition_Germany_2006_ELD	425.599s	5582.11m
APPLICATION	CarMaker 5.1.2 - Car_Generic #644 (5.1.2)
COMPILED	fh@daniel.ipg 2016-08-15 11:58:04
SIM_START	FS_Competition_Germany_2006_ELD	2017-07-09 03:39:20
TIME	0.001
WARNING		PowerTrain OpenXWD: No selected PowerTrainXWD model; calculation using DVA is possible, but without 'integration substepping'
TIME	0.000
SIMULATE	FS_Competition_Germany_2006_ELD

TIME	5.580
ERROR		Vehicle leaves road at about x=71.8712, y=-2.21644 TireNo=1
SIM_ABORT	FS_Competition_Germany_2006_ELD	5.582s	74.5554m
APPLICATION	CarMaker 5.1.2 - Car_Generic #644 (5.1.2)
COMPILED	fh@daniel.ipg 2016-08-15 11:58:04
SIM_START	FS_Competition_Germany_2006_ELD	2017-07-09 03:45:51
TIME	0.001
WARNING		PowerTrain OpenXWD: No selected PowerTrainXWD model; calculation using DVA is possible, but without 'integration substepping'
TIME	0.000
SIMULATE	FS_Competition_Germany_2006_ELD

TIME	5.574
ERROR		Vehicle leaves road at about x=71.8818, y=-2.51229 TireNo=1
SIM_ABORT	FS_Competition_Germany_2006_ELD	5.576s	74.4234m
APPLICATION	CarMaker 5.1.2 - Car_Generic #644 (5.1.2)
COMPILED	fh@daniel.ipg 2016-08-15 11:58:04
SIM_START	FS_Competition_Germany_2006_ELD	2017-07-09 03:46:24
TIME	0.001
WARNING		PowerTrain OpenXWD: No selected PowerTrainXWD model; calculation using DVA is possible, but without 'integration substepping'
TIME	0.000
SIMULATE	FS_Competition_Germany_2006_ELD

TIME	5.938
ERROR		Vehicle leaves road at about x=71.842, y=-1.62114 TireNo=1
SIM_ABORT	FS_Competition_Germany_2006_ELD	5.94s	74.9306m
APPLICATION	CarMaker 5.1.2 - Car_Generic #644 (5.1.2)
COMPILED	fh@daniel.ipg 2016-08-15 11:58:04
SIM_START	FS_Competition_Germany_2006_ELD	2017-07-09 03:46:55
TIME	0.001
WARNING		PowerTrain OpenXWD: No selected PowerTrainXWD model; calculation using DVA is possible, but without 'integration substepping'
TIME	0.000
SIMULATE	FS_Competition_Germany_2006_ELD

TIME	12.621
SIM_END		FS_Competition_Germany_2006_ELD	12.617s	163.65m
APPLICATION	CarMaker 5.1.2 - Car_Generic #644 (5.1.2)
COMPILED	fh@daniel.ipg 2016-08-15 11:58:04
SIM_START	FS_Competition_Germany_2006_ELD	2017-07-09 03:47:23
TIME	0.001
WARNING		PowerTrain OpenXWD: No selected PowerTrainXWD model; calculation using DVA is possible, but without 'integration substepping'
TIME	0.000
SIMULATE	FS_Competition_Germany_2006_ELD

TIME	6.292
ERROR		Vehicle leaves road at about x=71.9823, y=-0.77386 TireNo=1
SIM_ABORT	FS_Competition_Germany_2006_ELD	6.294s	75.7771m
APPLICATION	CarMaker 5.1.2 - Car_Generic #644 (5.1.2)
COMPILED	fh@daniel.ipg 2016-08-15 11:58:04
SIM_START	FS_Competition_Germany_2006_ELD	2017-07-09 03:47:52
TIME	0.001
WARNING		PowerTrain OpenXWD: No selected PowerTrainXWD model; calculation using DVA is possible, but without 'integration substepping'
TIME	0.000
SIMULATE	FS_Competition_Germany_2006_ELD

TIME	7.597
ERROR		Vehicle leaves road at about x=71.8274, y=-3.63827 TireNo=1
SIM_ABORT	FS_Competition_Germany_2006_ELD	7.599s	75.3946m
APPLICATION	CarMaker 5.1.2 - Car_Generic #644 (5.1.2)
COMPILED	fh@daniel.ipg 2016-08-15 11:58:04
SIM_START	FS_Competition_Germany_2006_ELD	2017-07-09 03:49:12
TIME	0.001
WARNING		PowerTrain OpenXWD: No selected PowerTrainXWD model; calculation using DVA is possible, but without 'integration substepping'
TIME	0.000
SIMULATE	FS_Competition_Germany_2006_ELD

TIME	4.807
ERROR		Vehicle leaves road at about x=4.71118, y=-16.8867 TireNo=1
SIM_ABORT	FS_Competition_Germany_2006_ELD	4.809s	47.5033m
APPLICATION	CarMaker 5.1.2 - Car_Generic #644 (5.1.2)
COMPILED	fh@daniel.ipg 2016-08-15 11:58:04
SIM_START	skidpad_ELD	2017-07-09 03:50:24
TIME	0.001
WARNING		PowerTrain OpenXWD: No selected PowerTrainXWD model; calculation using DVA is possible, but without 'integration substepping'
TIME	0.000
SIMULATE	skidpad_ELD

TIME	4.807
ERROR		Vehicle leaves road at about x=4.71118, y=-16.8867 TireNo=1
SIM_ABORT	skidpad_ELD	4.809s	47.5033m
APPLICATION	CarMaker 5.1.2 - Car_Generic #644 (5.1.2)
COMPILED	fh@daniel.ipg 2016-08-15 11:58:04
SIM_START	skidpad_ELD	2017-07-09 03:53:23
TIME	0.001
WARNING		PowerTrain OpenXWD: No selected PowerTrainXWD model; calculation using DVA is possible, but without 'integration substepping'
TIME	0.000
SIMULATE	skidpad_ELD

TIME	26.765
SIM_END		skidpad_ELD	26.761s	174.282m
APPLICATION	CarMaker 5.1.2 - Car_Generic #644 (5.1.2)
COMPILED	fh@daniel.ipg 2016-08-15 11:58:04
SIM_START	skidpad_ELD	2017-07-09 03:54:23
TIME	0.001
WARNING		PowerTrain OpenXWD: No selected PowerTrainXWD model; calculation using DVA is possible, but without 'integration substepping'
TIME	0.000
SIMULATE	skidpad_ELD

TIME	3.818
ERROR		Roll angle too high (-80.19 deg)
SIM_ABORT	skidpad_ELD	3.82s	35.8593m
APPLICATION	CarMaker 5.1.2 - Car_Generic #644 (5.1.2)
COMPILED	fh@daniel.ipg 2016-08-15 11:58:04
SIM_START	skidpad_ELD	2017-07-09 03:54:53
TIME	0.001
WARNING		PowerTrain OpenXWD: No selected PowerTrainXWD model; calculation using DVA is possible, but without 'integration substepping'
TIME	0.000
SIMULATE	skidpad_ELD

TIME	23.067
SIM_END		skidpad_ELD	23.066s	257.461m
APPLICATION	CarMaker 5.1.2 - Car_Generic #644 (5.1.2)
COMPILED	fh@daniel.ipg 2016-08-15 11:58:04
SIM_START	skidpad_ELD	2017-07-09 03:55:30
TIME	0.001
WARNING		PowerTrain OpenXWD: No selected PowerTrainXWD model; calculation using DVA is possible, but without 'integration substepping'
TIME	0.000
SIMULATE	skidpad_ELD

TIME	23.067
SIM_END		skidpad_ELD	23.066s	257.461m
APPLICATION	CarMaker 5.1.2 - Car_Generic #644 (5.1.2)
COMPILED	fh@daniel.ipg 2016-08-15 11:58:04
SIM_START	skidpad_ELD	2017-07-09 03:56:17
TIME	0.001
WARNING		PowerTrain OpenXWD: No selected PowerTrainXWD model; calculation using DVA is possible, but without 'integration substepping'
TIME	0.000
SIMULATE	skidpad_ELD

TIME	21.786
SIM_END		skidpad_ELD	21.785s	256.824m
APPLICATION	CarMaker 5.1.2 - Car_Generic #644 (5.1.2)
COMPILED	fh@daniel.ipg 2016-08-15 11:58:04
SIM_START	skidpad_ELD	2017-07-09 04:22:17
TIME	0.001
WARNING		PowerTrain OpenXWD: No selected PowerTrainXWD model; calculation using DVA is possible, but without 'integration substepping'
TIME	0.000
SIMULATE	skidpad_ELD

TIME	21.800
SIM_END		skidpad_ELD	21.799s	256.998m
APPLICATION	CarMaker 5.1.2 - Car_Generic #644 (5.1.2)
COMPILED	fh@daniel.ipg 2016-08-15 11:58:04
SIM_START	skidpad_ELD	2017-07-09 05:44:56
TIME	0.001
WARNING		PowerTrain OpenXWD: No selected PowerTrainXWD model; calculation using DVA is possible, but without 'integration substepping'
TIME	0.000
SIMULATE	skidpad_ELD

TIME	21.788
SIM_END		skidpad_ELD	21.787s	256.869m
APPLICATION	CarMaker 5.1.2 - Car_Generic #644 (5.1.2)
COMPILED	fh@daniel.ipg 2016-08-15 11:58:04
SIM_START	skidpad_ELD	2017-07-09 05:52:32
TIME	0.001
WARNING		PowerTrain OpenXWD: No selected PowerTrainXWD model; calculation using DVA is possible, but without 'integration substepping'
TIME	0.000
SIMULATE	skidpad_ELD

TIME	15.844
SIM_END		skidpad_ELD	15.84s	242.603m
APPLICATION	CarMaker 5.1.2 - Car_Generic #644 (5.1.2)
COMPILED	fh@daniel.ipg 2016-08-15 11:58:04
SIM_START	skidpad_ELD	2017-07-09 05:53:08
TIME	0.001
WARNING		PowerTrain OpenXWD: No selected PowerTrainXWD model; calculation using DVA is possible, but without 'integration substepping'
TIME	0.000
SIMULATE	skidpad_ELD

TIME	70.005
SIM_END		skidpad_ELD	70.004s	2103.51m
APPLICATION	CarMaker 5.1.2 - Car_Generic #644 (5.1.2)
COMPILED	fh@daniel.ipg 2016-08-15 11:58:04
SIM_START	skidpad_ELD	2017-07-09 12:29:59
TIME	0.001
WARNING		PowerTrain OpenXWD: No selected PowerTrainXWD model; calculation using DVA is possible, but without 'integration substepping'
TIME	0.000
SIMULATE	skidpad_ELD

TIME	70.005
SIM_END		skidpad_ELD	70.004s	2103.92m
APPLICATION	CarMaker 5.1.2 - Car_Generic #644 (5.1.2)
COMPILED	fh@daniel.ipg 2016-08-15 11:58:04
SIM_START	r100m_circle_ELD	2017-07-09 13:26:09
TIME	0.001
WARNING		PowerTrain OpenXWD: No selected PowerTrainXWD model; calculation using DVA is possible, but without 'integration substepping'
TIME	0.000
SIMULATE	r100m_circle_ELD

TIME	12.044
SIM_END		r100m_circle_ELD	12.04s	215.967m
APPLICATION	CarMaker 5.1.2 - Car_Generic #644 (5.1.2)
COMPILED	fh@daniel.ipg 2016-08-15 11:58:04
SIM_START	r100m_circle_ELD	2017-07-09 13:26:45
TIME	0.001
WARNING		PowerTrain OpenXWD: No selected PowerTrainXWD model; calculation using DVA is possible, but without 'integration substepping'
TIME	0.000
SIMULATE	r100m_circle_ELD

TIME	4.755
ERROR		Vehicle leaves road at about x=-2.21249, y=53.0134 TireNo=3
SIM_ABORT	r100m_circle_ELD	4.757s	76.9855m
APPLICATION	CarMaker 5.1.2 - Car_Generic #644 (5.1.2)
COMPILED	fh@daniel.ipg 2016-08-15 11:58:04
SIM_START	r100m_circle_ELD	2017-07-09 13:28:09
TIME	0.001
WARNING		PowerTrain OpenXWD: No selected PowerTrainXWD model; calculation using DVA is possible, but without 'integration substepping'
TIME	0.000
SIMULATE	r100m_circle_ELD

TIME	25.571
ERROR		Vehicle leaves road at about x=13.8633, y=0.557308 TireNo=3
SIM_ABORT	r100m_circle_ELD	25.573s	318.394m
APPLICATION	CarMaker 5.1.2 - Car_Generic #644 (5.1.2)
COMPILED	fh@daniel.ipg 2016-08-15 11:58:04
SIM_START	r100m_circle_ELD	2017-07-09 13:46:33
TIME	0.001
WARNING		PowerTrain OpenXWD: No selected PowerTrainXWD model; calculation using DVA is possible, but without 'integration substepping'
TIME	0.000
SIMULATE	r100m_circle_ELD

TIME	70.005
SIM_END		r100m_circle_ELD	70.004s	241.808m
APPLICATION	CarMaker 5.1.2 - Car_Generic #644 (5.1.2)
COMPILED	fh@daniel.ipg 2016-08-15 11:58:04
SIM_START	r100m_circle_ELD	2017-07-09 13:48:11
TIME	0.001
WARNING		PowerTrain OpenXWD: No selected PowerTrainXWD model; calculation using DVA is possible, but without 'integration substepping'
TIME	0.000
SIMULATE	r100m_circle_ELD

TIME	230.292
ERROR		Vehicle leaves road at about x=27.8475, y=21.2148 TireNo=0
SIM_ABORT	r100m_circle_ELD	230.294s	2653.62m
APPLICATION	CarMaker 5.1.2 - Car_Generic #644 (5.1.2)
COMPILED	fh@daniel.ipg 2016-08-15 11:58:04
SIM_START	skidpad_ELD	2017-07-09 14:17:14
TIME	0.001
WARNING		PowerTrain OpenXWD: No selected PowerTrainXWD model; calculation using DVA is possible, but without 'integration substepping'
TIME	0.000
SIMULATE	skidpad_ELD

TIME	21.784
SIM_END		skidpad_ELD	21.783s	256.82m
APPLICATION	CarMaker 5.1.2 - Car_Generic #644 (5.1.2)
COMPILED	fh@daniel.ipg 2016-08-15 11:58:04
SIM_START	r25m_circle_ELD_slowAcc	2017-07-09 16:40:44
TIME	0.001
WARNING		PowerTrain OpenXWD: No selected PowerTrainXWD model; calculation using DVA is possible, but without 'integration substepping'
TIME	0.000
SIMULATE	r25m_circle_ELD_slowAcc

TIME	230.292
ERROR		Vehicle leaves road at about x=27.8475, y=21.2148 TireNo=0
SIM_ABORT	r25m_circle_ELD_slowAcc	230.294s	2653.62m
APPLICATION	CarMaker 5.1.2 - Car_Generic #644 (5.1.2)
COMPILED	fh@daniel.ipg 2016-08-15 11:58:04
SIM_START	r25m_circle_ELD_slowAcc	2017-07-09 17:15:37
TIME	0.001
WARNING		PowerTrain OpenXWD: No selected PowerTrainXWD model; calculation using DVA is possible, but without 'integration substepping'
TIME	0.000
SIMULATE	r25m_circle_ELD_slowAcc

TIME	230.292
ERROR		Vehicle leaves road at about x=27.8475, y=21.2148 TireNo=0
SIM_ABORT	r25m_circle_ELD_slowAcc	230.294s	2653.62m
APPLICATION	CarMaker 5.1.2 - Car_Generic #644 (5.1.2)
COMPILED	fh@daniel.ipg 2016-08-15 11:58:04
SIM_START	axxx	2017-07-09 21:09:06
TIME	0.001
WARNING		PowerTrain OpenXWD: No selected PowerTrainXWD model; calculation using DVA is possible, but without 'integration substepping'
TIME	0.000
SIMULATE	axxx

TIME	33.450
SIM_END		axxx	33.449s	997.009m
APPLICATION	CarMaker 5.1.2 - Car_Generic #644 (5.1.2)
COMPILED	fh@daniel.ipg 2016-08-15 11:58:04
SIM_START	axxx	2017-07-09 21:09:53
TIME	0.001
WARNING		PowerTrain OpenXWD: No selected PowerTrainXWD model; calculation using DVA is possible, but without 'integration substepping'
TIME	0.000
SIMULATE	axxx

TIME	9.453
SIM_END		axxx	9.449s	254.773m
APPLICATION	CarMaker 5.1.2 - Car_Generic #644 (5.1.2)
COMPILED	fh@daniel.ipg 2016-08-15 11:58:04
SIM_START	axxx	2017-07-09 21:10:22
TIME	0.001
WARNING		PowerTrain OpenXWD: No selected PowerTrainXWD model; calculation using DVA is possible, but without 'integration substepping'
TIME	0.000
SIMULATE	axxx

TIME	15.635
SIM_END		axxx	15.631s	453.487m
APPLICATION	CarMaker 5.1.2 - Car_Generic #644 (5.1.2)
COMPILED	fh@daniel.ipg 2016-08-15 11:58:04
SIM_START	axxx	2017-07-09 21:12:29
TIME	0.001
WARNING		PowerTrain OpenXWD: No selected PowerTrainXWD model; calculation using DVA is possible, but without 'integration substepping'
TIME	0.000
SIMULATE	axxx

TIME	6.324
SIM_END		axxx	6.32s	156.932m
APPLICATION	CarMaker 5.1.2 - Car_Generic #644 (5.1.2)
COMPILED	fh@daniel.ipg 2016-08-15 11:58:04
SIM_START	axxx	2017-07-09 21:16:51
TIME	0.001
WARNING		PowerTrain OpenXWD: No selected PowerTrainXWD model; calculation using DVA is possible, but without 'integration substepping'
TIME	0.000
SIMULATE	axxx

TIME	3.684
SIM_END		axxx	3.68s	8.01014m
APPLICATION	CarMaker 5.1.2 - Car_Generic #644 (5.1.2)
COMPILED	fh@daniel.ipg 2016-08-15 11:58:04
SIM_START	axxx	2017-07-09 21:18:01
TIME	0.001
WARNING		PowerTrain OpenXWD: No selected PowerTrainXWD model; calculation using DVA is possible, but without 'integration substepping'
TIME	0.000
SIMULATE	axxx

SIM_END		axxx	1.92s	3.54349m
APPLICATION	CarMaker 5.1.2 - Car_Generic #644 (5.1.2)
COMPILED	fh@daniel.ipg 2016-08-15 11:58:04
SIM_START	axxx	2017-07-09 21:29:11
TIME	0.001
WARNING		PowerTrain OpenXWD: No selected PowerTrainXWD model; calculation using DVA is possible, but without 'integration substepping'
TIME	0.000
SIMULATE	axxx

TIME	2.026
SIM_END		axxx	2.022s	3.78391m
APPLICATION	CarMaker 5.1.2 - Car_Generic #644 (5.1.2)
COMPILED	fh@daniel.ipg 2016-08-15 11:58:04
SIM_START	axxx	2017-07-10 12:03:54
TIME	0.001
WARNING		PowerTrain OpenXWD: No selected PowerTrainXWD model; calculation using DVA is possible, but without 'integration substepping'
TIME	0.000
SIMULATE	axxx

TIME	4.170
ERROR		Vehicle leaves road at about x=26.9408, y=3.00232 TireNo=0
SIM_ABORT	axxx	4.172s	27.4651m
APPLICATION	CarMaker 5.1.2 - Car_Generic #644 (5.1.2)
COMPILED	fh@daniel.ipg 2016-08-15 11:58:04
SIM_START	axxx	2017-07-10 12:05:23
TIME	0.001
WARNING		PowerTrain OpenXWD: No selected PowerTrainXWD model; calculation using DVA is possible, but without 'integration substepping'
TIME	0.000
SIMULATE	axxx

SIM_END		axxx	0.51s	0.626338m
APPLICATION	CarMaker 5.1.2 - Car_Generic #644 (5.1.2)
COMPILED	fh@daniel.ipg 2016-08-15 11:58:04
SIM_START	jerk_error_deleteLater	2017-07-10 12:55:39
TIME	0.001
WARNING		PowerTrain OpenXWD: No selected PowerTrainXWD model; calculation using DVA is possible, but without 'integration substepping'
TIME	0.000
SIMULATE	jerk_error_deleteLater

TIME	3.081
ERROR		Vehicle leaves road at about x=55.389, y=-3.00012 TireNo=1
SIM_ABORT	jerk_error_deleteLater	3.083s	55.7495m
APPLICATION	CarMaker 5.1.2 - Car_Generic #644 (5.1.2)
COMPILED	fh@daniel.ipg 2016-08-15 11:58:04
SIM_START	jerk_error_deleteLater	2017-07-10 12:56:53
TIME	0.001
WARNING		PowerTrain OpenXWD: No selected PowerTrainXWD model; calculation using DVA is possible, but without 'integration substepping'
TIME	0.000
SIMULATE	jerk_error_deleteLater

TIME	3.081
ERROR		Vehicle leaves road at about x=55.389, y=-3.00012 TireNo=1
SIM_ABORT	jerk_error_deleteLater	3.083s	55.7495m
APPLICATION	CarMaker 5.1.2 - Car_Generic #644 (5.1.2)
COMPILED	fh@daniel.ipg 2016-08-15 11:58:04
SIM_START	jerk_error_deleteLater	2017-07-10 13:28:39
TIME	0.001
WARNING		PowerTrain OpenXWD: No selected PowerTrainXWD model; calculation using DVA is possible, but without 'integration substepping'
TIME	0.000
SIMULATE	jerk_error_deleteLater

TIME	3.081
ERROR		Vehicle leaves road at about x=55.389, y=-3.00012 TireNo=1
SIM_ABORT	jerk_error_deleteLater	3.083s	55.7495m
APPLICATION	CarMaker 5.1.2 - Car_Generic #644 (5.1.2)
COMPILED	fh@daniel.ipg 2016-08-15 11:58:04
SIM_START	jerk_error_deleteLater	2017-07-10 13:29:25
TIME	0.001
WARNING		PowerTrain OpenXWD: No selected PowerTrainXWD model; calculation using DVA is possible, but without 'integration substepping'
TIME	0.000
SIMULATE	jerk_error_deleteLater

TIME	3.081
ERROR		Vehicle leaves road at about x=55.389, y=-3.00012 TireNo=1
SIM_ABORT	jerk_error_deleteLater	3.083s	55.7495m
APPLICATION	CarMaker 5.1.2 - Car_Generic #644 (5.1.2)
COMPILED	fh@daniel.ipg 2016-08-15 11:58:04
SIM_START	r25m_circle_ELD_slowAcc	2017-07-10 15:15:13
TIME	0.001
WARNING		PowerTrain OpenXWD: No selected PowerTrainXWD model; calculation using DVA is possible, but without 'integration substepping'
TIME	0.000
SIMULATE	r25m_circle_ELD_slowAcc

TIME	229.822
ERROR		Vehicle leaves road at about x=25.1881, y=12.5432 TireNo=3
SIM_ABORT	r25m_circle_ELD_slowAcc	229.824s	2644.75m
