APPLICATION	CarMaker 5.1.2 - Car_Generic #644 (5.1.2)
COMPILED	fh@daniel.ipg 2016-08-15 11:58:04
SIM_START	Examples_FS/FS_Competition_SkidPad	2017-02-22 18:29:24
TIME	0.001
WARNING		PowerTrain OpenXWD: No selected PowerTrainXWD model; calculation using DVA is possible, but without 'integration substepping'
TIME	0.000
SIMULATE	Examples_FS/FS_Competition_SkidPad

TIME	25.683
SIM_END		Examples_FS/FS_Competition_SkidPad	25.682s	263.657m
APPLICATION	CarMaker 5.1.2 - Car_Generic #644 (5.1.2)
COMPILED	fh@daniel.ipg 2016-08-15 11:58:04
SIM_START	Examples_FS/FS_Competition_SkidPad	2017-02-22 18:29:50
TIME	0.001
WARNING		PowerTrain OpenXWD: No selected PowerTrainXWD model; calculation using DVA is possible, but without 'integration substepping'
TIME	0.000
SIMULATE	Examples_FS/FS_Competition_SkidPad

TIME	25.683
SIM_END		Examples_FS/FS_Competition_SkidPad	25.682s	263.657m
APPLICATION	CarMaker 5.1.2 - Car_Generic #644 (5.1.2)
COMPILED	fh@daniel.ipg 2016-08-15 11:58:04
SIM_START	Examples_FS/FS_Competition_SkidPad	2017-02-22 18:31:35
TIME	0.001
WARNING		PowerTrain OpenXWD: No selected PowerTrainXWD model; calculation using DVA is possible, but without 'integration substepping'
TIME	0.000
SIMULATE	Examples_FS/FS_Competition_SkidPad

TIME	25.565
WARNING		IPGDriver: Learn procedure not finished, knowledge not complete. (id=202)
SIM_END		Examples_FS/FS_Competition_SkidPad	25.561s	335.24m
APPLICATION	CarMaker 5.1.2 - Car_Generic #644 (5.1.2)
COMPILED	fh@daniel.ipg 2016-08-15 11:58:04
SIM_START	Examples_FS/FS_Competition_SkidPad	2017-02-22 18:32:42
TIME	0.001
WARNING		PowerTrain OpenXWD: No selected PowerTrainXWD model; calculation using DVA is possible, but without 'integration substepping'
TIME	0.000
SIMULATE	Examples_FS/FS_Competition_SkidPad

TIME	43.591
WARNING		IPGDriver: Problems with generating speed profile. Destination speed is too small (3.7 km/h) -> set to 20 km/h (id=200)
TIME	65.447
WARNING		IPGDriver: Problems with generating speed profile. Destination speed is too small (8.1 km/h) -> set to 20 km/h (id=200)
TIME	85.527
WARNING		IPGDriver: Problems with generating speed profile. Destination speed is too small (12.0 km/h) -> set to 20 km/h (id=200)
TIME	104.027
WARNING		IPGDriver: Problems with generating speed profile. Destination speed is too small (15.6 km/h) -> set to 20 km/h (id=200)
TIME	121.014
WARNING		IPGDriver: Problems with generating speed profile. Destination speed is too small (18.8 km/h) -> set to 20 km/h (id=200)
TIME	400.815
WARNING		IPGDriver: OLS_ayMax = 0 changed to 10 (t = 400.814000, Gear = 4) (id=200)
TIME	406.270
WARNING		IPGDriver: OLS_ayMax = 0 changed to 10 (t = 406.269000, Gear = 4) (id=200)
TIME	439.841
WARNING		IPGDriver: OLS_ayMax = 0 changed to 10 (t = 439.840000, Gear = 5) (id=200)
TIME	455.129
WARNING		IPGDriver: OLS_ayMax = 0 changed to 10 (t = 455.128000, Gear = 5) (id=200)
TIME	476.258
WARNING		IPGDriver: OLS_ayMax = 0 changed to 10 (t = 476.257000, Gear = 4) (id=200)
TIME	1376.347
SIM_END		Examples_FS/FS_Competition_SkidPad	1376.35s	15406.3m
APPLICATION	CarMaker 5.1.2 - Car_Generic #644 (5.1.2)
COMPILED	fh@daniel.ipg 2016-08-15 11:58:04
SIM_START	Examples_FS/FS_Competition_SkidPad	2017-02-22 18:42:33
TIME	0.001
WARNING		PowerTrain OpenXWD: No selected PowerTrainXWD model; calculation using DVA is possible, but without 'integration substepping'
TIME	0.000
SIMULATE	Examples_FS/FS_Competition_SkidPad

TIME	29.256
		Driver results: event 1 (t=  29.255s, s=  259.96m)
SIM_END		Examples_FS/FS_Competition_SkidPad	29.255s	259.963m
APPLICATION	CarMaker 5.1.2 - Car_Generic #644 (5.1.2)
COMPILED	fh@daniel.ipg 2016-08-15 11:58:04
SIM_START	Examples_FS/FS_Competition_SkidPad	2017-02-22 18:43:05
TIME	0.001
WARNING		PowerTrain OpenXWD: No selected PowerTrainXWD model; calculation using DVA is possible, but without 'integration substepping'
TIME	0.000
SIMULATE	Examples_FS/FS_Competition_SkidPad

TIME	28.785
		Driver results: event 1 (t=  28.784s, s=  260.01m)
SIM_END		Examples_FS/FS_Competition_SkidPad	28.784s	260.013m
APPLICATION	CarMaker 5.1.2 - Car_Generic #644 (5.1.2)
COMPILED	fh@daniel.ipg 2016-08-15 11:58:04
SIM_START	Examples_FS/FS_Competition_SkidPad	2017-02-22 18:43:51
TIME	0.001
WARNING		PowerTrain OpenXWD: No selected PowerTrainXWD model; calculation using DVA is possible, but without 'integration substepping'
TIME	0.000
SIMULATE	Examples_FS/FS_Competition_SkidPad

TIME	29.427
SIM_END		Examples_FS/FS_Competition_SkidPad	29.426s	259.483m
APPLICATION	CarMaker 5.1.2 - Car_Generic #644 (5.1.2)
COMPILED	fh@daniel.ipg 2016-08-15 11:58:04
SIM_START	Examples_FS/FS_Competition_SkidPad	2017-02-22 18:45:03
TIME	0.001
WARNING		PowerTrain OpenXWD: No selected PowerTrainXWD model; calculation using DVA is possible, but without 'integration substepping'
TIME	0.000
SIMULATE	Examples_FS/FS_Competition_SkidPad

TIME	29.427
SIM_END		Examples_FS/FS_Competition_SkidPad	29.426s	259.483m
APPLICATION	CarMaker 5.1.2 - Car_Generic #644 (5.1.2)
COMPILED	fh@daniel.ipg 2016-08-15 11:58:04
SIM_START	Examples_FS/FS_Competition_SkidPad	2017-02-22 18:46:07
TIME	0.001
WARNING		PowerTrain OpenXWD: No selected PowerTrainXWD model; calculation using DVA is possible, but without 'integration substepping'
TIME	0.000
SIMULATE	Examples_FS/FS_Competition_SkidPad

TIME	13.991
ERROR		Roll angle too high (80.08 deg)
SIM_ABORT	Examples_FS/FS_Competition_SkidPad	13.993s	145.373m
APPLICATION	CarMaker 5.1.2 - Car_Generic #644 (5.1.2)
COMPILED	fh@daniel.ipg 2016-08-15 11:58:04
SIM_START	Examples_FS/FS_Competition_SkidPad	2017-02-22 18:46:40
TIME	0.001
WARNING		PowerTrain OpenXWD: No selected PowerTrainXWD model; calculation using DVA is possible, but without 'integration substepping'
TIME	0.000
SIMULATE	Examples_FS/FS_Competition_SkidPad

TIME	25.444
SIM_END		Examples_FS/FS_Competition_SkidPad	25.443s	258.244m
APPLICATION	CarMaker 5.1.2 - Car_Generic #644 (5.1.2)
COMPILED	fh@daniel.ipg 2016-08-15 11:58:04
SIM_START	Examples_FS/FS_Competition_SkidPad	2017-02-22 18:50:10
TIME	0.001
WARNING		PowerTrain OpenXWD: No selected PowerTrainXWD model; calculation using DVA is possible, but without 'integration substepping'
TIME	0.000
SIMULATE	Examples_FS/FS_Competition_SkidPad

TIME	25.714
SIM_END		Examples_FS/FS_Competition_SkidPad	25.713s	258.205m
APPLICATION	CarMaker 5.1.2 - Car_Generic #644 (5.1.2)
COMPILED	fh@daniel.ipg 2016-08-15 11:58:04
SIM_START	Examples_FS/FS_Competition_SkidPad	2017-02-22 18:51:29
TIME	0.001
WARNING		PowerTrain OpenXWD: No selected PowerTrainXWD model; calculation using DVA is possible, but without 'integration substepping'
TIME	0.000
SIMULATE	Examples_FS/FS_Competition_SkidPad

TIME	3.778
ERROR		Vehicle leaves road at about x=22.0092, y=-19.6276 TireNo=0
SIM_ABORT	Examples_FS/FS_Competition_SkidPad	3.78s	35.0699m
APPLICATION	CarMaker 5.1.2 - Car_Generic #644 (5.1.2)
COMPILED	fh@daniel.ipg 2016-08-15 11:58:04
SIM_START	Examples_FS/FS_Competition_SkidPad	2017-02-22 18:52:00
TIME	0.001
WARNING		PowerTrain OpenXWD: No selected PowerTrainXWD model; calculation using DVA is possible, but without 'integration substepping'
TIME	0.000
SIMULATE	Examples_FS/FS_Competition_SkidPad

TIME	28.264
SIM_END		Examples_FS/FS_Competition_SkidPad	28.263s	261.742m
APPLICATION	CarMaker 5.1.2 - Car_Generic #644 (5.1.2)
COMPILED	fh@daniel.ipg 2016-08-15 11:58:04
SIM_START	Examples_FS/FS_Competition_SkidPad	2017-02-22 18:54:08
TIME	0.001
WARNING		PowerTrain OpenXWD: No selected PowerTrainXWD model; calculation using DVA is possible, but without 'integration substepping'
TIME	0.000
SIMULATE	Examples_FS/FS_Competition_SkidPad

TIME	28.264
SIM_END		Examples_FS/FS_Competition_SkidPad	28.263s	261.742m
APPLICATION	CarMaker 5.1.2 - Car_Generic #644 (5.1.2)
COMPILED	fh@daniel.ipg 2016-08-15 11:58:04
SIM_START	Examples_FS/FS_Competition_SkidPad	2017-02-22 18:54:52
TIME	0.001
WARNING		PowerTrain OpenXWD: No selected PowerTrainXWD model; calculation using DVA is possible, but without 'integration substepping'
TIME	0.000
SIMULATE	Examples_FS/FS_Competition_SkidPad

TIME	3.727
ERROR		Vehicle leaves road at about x=23.7526, y=-18.2251 TireNo=0
SIM_ABORT	Examples_FS/FS_Competition_SkidPad	3.729s	34.0193m
APPLICATION	CarMaker 5.1.2 - Car_Generic #644 (5.1.2)
COMPILED	fh@daniel.ipg 2016-08-15 11:58:04
SIM_START	Examples_FS/FS_Competition_SkidPad	2017-02-22 18:55:34
TIME	0.001
WARNING		PowerTrain OpenXWD: No selected PowerTrainXWD model; calculation using DVA is possible, but without 'integration substepping'
TIME	0.000
SIMULATE	Examples_FS/FS_Competition_SkidPad

TIME	3.409
ERROR		Vehicle leaves road at about x=27.5272, y=-10.6982 TireNo=0
SIM_ABORT	Examples_FS/FS_Competition_SkidPad	3.411s	29.1375m
APPLICATION	CarMaker 5.1.2 - Car_Generic #644 (5.1.2)
COMPILED	fh@daniel.ipg 2016-08-15 11:58:04
SIM_START	Examples_FS/FS_Competition_SkidPad	2017-02-22 18:55:56
TIME	0.001
WARNING		PowerTrain OpenXWD: No selected PowerTrainXWD model; calculation using DVA is possible, but without 'integration substepping'
TIME	0.000
SIMULATE	Examples_FS/FS_Competition_SkidPad

TIME	3.409
ERROR		Vehicle leaves road at about x=27.5272, y=-10.6982 TireNo=0
SIM_ABORT	Examples_FS/FS_Competition_SkidPad	3.411s	29.1375m
APPLICATION	CarMaker 5.1.2 - Car_Generic #644 (5.1.2)
COMPILED	fh@daniel.ipg 2016-08-15 11:58:04
SIM_START	Examples_FS/FS_Competition_SkidPad	2017-02-22 19:02:21
TIME	0.001
WARNING		PowerTrain OpenXWD: No selected PowerTrainXWD model; calculation using DVA is possible, but without 'integration substepping'
TIME	0.000
SIMULATE	Examples_FS/FS_Competition_SkidPad

TIME	3.731
ERROR		Roll angle too high (-80.04 deg)
SIM_ABORT	Examples_FS/FS_Competition_SkidPad	3.733s	33.0575m
APPLICATION	CarMaker 5.1.2 - Car_Generic #644 (5.1.2)
COMPILED	fh@daniel.ipg 2016-08-15 11:58:04
SIM_START	Examples_FS/FS_Competition_SkidPad	2017-02-22 19:03:39
TIME	0.001
WARNING		PowerTrain OpenXWD: No selected PowerTrainXWD model; calculation using DVA is possible, but without 'integration substepping'
TIME	0.000
SIMULATE	Examples_FS/FS_Competition_SkidPad

TIME	25.237
SIM_END		Examples_FS/FS_Competition_SkidPad	25.236s	259.915m
APPLICATION	CarMaker 5.1.2 - Car_Generic #644 (5.1.2)
COMPILED	fh@daniel.ipg 2016-08-15 11:58:04
SIM_START	Examples_FS/FS_Competition_SkidPad	2017-02-22 19:12:18
TIME	0.001
WARNING		PowerTrain OpenXWD: No selected PowerTrainXWD model; calculation using DVA is possible, but without 'integration substepping'
TIME	0.000
SIMULATE	Examples_FS/FS_Competition_SkidPad

TIME	2.019
ERROR		Vehicle leaves road at about x=13.7888, y=-3.63684 TireNo=1
SIM_ABORT	Examples_FS/FS_Competition_SkidPad	2.021s	12.7465m
APPLICATION	CarMaker 5.1.2 - Car_Generic #644 (5.1.2)
COMPILED	fh@daniel.ipg 2016-08-15 11:58:04
SIM_START	Examples_FS/FS_Competition_SkidPad	2017-02-22 19:12:40
TIME	0.001
WARNING		PowerTrain OpenXWD: No selected PowerTrainXWD model; calculation using DVA is possible, but without 'integration substepping'
TIME	0.000
SIMULATE	Examples_FS/FS_Competition_SkidPad

TIME	24.826
SIM_END		Examples_FS/FS_Competition_SkidPad	24.825s	258.162m
APPLICATION	CarMaker 5.1.2 - Car_Generic #644 (5.1.2)
COMPILED	fh@daniel.ipg 2016-08-15 11:58:04
SIM_START	Examples_FS/FS_Competition_SkidPad	2017-02-22 19:13:18
TIME	0.001
WARNING		PowerTrain OpenXWD: No selected PowerTrainXWD model; calculation using DVA is possible, but without 'integration substepping'
TIME	0.000
SIMULATE	Examples_FS/FS_Competition_SkidPad

TIME	25.147
SIM_END		Examples_FS/FS_Competition_SkidPad	25.146s	258.058m
APPLICATION	CarMaker 5.1.2 - Car_Generic #644 (5.1.2)
COMPILED	fh@daniel.ipg 2016-08-15 11:58:04
SIM_START	Examples_FS/FS_Competition_SkidPad	2017-02-22 19:13:57
TIME	0.001
WARNING		PowerTrain OpenXWD: No selected PowerTrainXWD model; calculation using DVA is possible, but without 'integration substepping'
TIME	0.000
SIMULATE	Examples_FS/FS_Competition_SkidPad

TIME	25.244
SIM_END		Examples_FS/FS_Competition_SkidPad	25.243s	260.671m
APPLICATION	CarMaker 5.1.2 - Car_Generic #644 (5.1.2)
COMPILED	fh@daniel.ipg 2016-08-15 11:58:04
SIM_START	Examples_FS/FS_Competition_SkidPad	2017-02-24 14:11:19
TIME	0.001
WARNING		PowerTrain OpenXWD: No selected PowerTrainXWD model; calculation using DVA is possible, but without 'integration substepping'
TIME	0.000
SIMULATE	Examples_FS/FS_Competition_SkidPad

TIME	4.106
ERROR		Vehicle leaves road at about x=20.6304, y=-20.4292 TireNo=0
SIM_ABORT	Examples_FS/FS_Competition_SkidPad	4.108s	36.7802m
APPLICATION	CarMaker 5.1.2 - Car_Generic #644 (5.1.2)
COMPILED	fh@daniel.ipg 2016-08-15 11:58:04
SIM_START	Examples_FS/FS_Competition_SkidPad	2017-02-24 14:11:39
TIME	0.001
WARNING		PowerTrain OpenXWD: No selected PowerTrainXWD model; calculation using DVA is possible, but without 'integration substepping'
TIME	0.000
SIMULATE	Examples_FS/FS_Competition_SkidPad

TIME	4.106
ERROR		Vehicle leaves road at about x=20.6304, y=-20.4292 TireNo=0
SIM_ABORT	Examples_FS/FS_Competition_SkidPad	4.108s	36.7802m
APPLICATION	CarMaker 5.1.2 - Car_Generic #644 (5.1.2)
COMPILED	fh@daniel.ipg 2016-08-15 11:58:04
SIM_START	Examples_FS/FS_Competition_SkidPad	2017-02-24 14:12:14
TIME	0.001
WARNING		PowerTrain OpenXWD: No selected PowerTrainXWD model; calculation using DVA is possible, but without 'integration substepping'
TIME	0.000
SIMULATE	Examples_FS/FS_Competition_SkidPad

TIME	25.234
SIM_END		Examples_FS/FS_Competition_SkidPad	25.233s	260.365m
APPLICATION	CarMaker 5.1.2 - Car_Generic #644 (5.1.2)
COMPILED	fh@daniel.ipg 2016-08-15 11:58:04
SIM_START	Examples_FS/FS_Competition_SkidPad	2017-02-24 14:13:52
TIME	0.001
WARNING		PowerTrain OpenXWD: No selected PowerTrainXWD model; calculation using DVA is possible, but without 'integration substepping'
TIME	0.000
SIMULATE	Examples_FS/FS_Competition_SkidPad

TIME	25.291
SIM_END		Examples_FS/FS_Competition_SkidPad	25.29s	259.435m
APPLICATION	CarMaker 5.1.2 - Car_Generic #644 (5.1.2)
COMPILED	fh@daniel.ipg 2016-08-15 11:58:04
SIM_START	Examples_FS/FS_Competition_SkidPad	2017-02-24 15:54:33
TIME	0.001
WARNING		PowerTrain OpenXWD: No selected PowerTrainXWD model; calculation using DVA is possible, but without 'integration substepping'
TIME	0.000
SIMULATE	Examples_FS/FS_Competition_SkidPad

TIME	25.415
SIM_END		Examples_FS/FS_Competition_SkidPad	25.414s	261.706m
APPLICATION	CarMaker 5.1.2 - Car_Generic #644 (5.1.2)
COMPILED	fh@daniel.ipg 2016-08-15 11:58:04
SIM_START	Examples_FS/FS_Competition_SkidPad	2017-02-25 13:25:54
TIME	0.001
WARNING		PowerTrain OpenXWD: No selected PowerTrainXWD model; calculation using DVA is possible, but without 'integration substepping'
TIME	0.000
SIMULATE	Examples_FS/FS_Competition_SkidPad

TIME	25.415
SIM_END		Examples_FS/FS_Competition_SkidPad	25.414s	261.706m
APPLICATION	CarMaker 5.1.2 - Car_Generic #644 (5.1.2)
COMPILED	fh@daniel.ipg 2016-08-15 11:58:04
SIM_START	Examples_FS/FS_Competition_SkidPad	2017-02-25 13:27:58
TIME	0.001
WARNING		PowerTrain OpenXWD: No selected PowerTrainXWD model; calculation using DVA is possible, but without 'integration substepping'
TIME	0.000
SIMULATE	Examples_FS/FS_Competition_SkidPad

TIME	25.415
SIM_END		Examples_FS/FS_Competition_SkidPad	25.414s	261.706m
APPLICATION	CarMaker 5.1.2 - Car_Generic #644 (5.1.2)
COMPILED	fh@daniel.ipg 2016-08-15 11:58:04
SIM_START	Examples_FS/FS_Competition_SkidPad	2017-02-25 13:31:18
TIME	0.001
WARNING		PowerTrain OpenXWD: No selected PowerTrainXWD model; calculation using DVA is possible, but without 'integration substepping'
TIME	0.000
SIMULATE	Examples_FS/FS_Competition_SkidPad

TIME	25.415
SIM_END		Examples_FS/FS_Competition_SkidPad	25.414s	261.706m
APPLICATION	CarMaker 5.1.2 - Car_Generic #644 (5.1.2)
COMPILED	fh@daniel.ipg 2016-08-15 11:58:04
SIM_START	Examples_FS/FS_Competition_SkidPad	2017-02-25 13:50:23
TIME	0.001
WARNING		PowerTrain OpenXWD: No selected PowerTrainXWD model; calculation using DVA is possible, but without 'integration substepping'
TIME	0.000
SIMULATE	Examples_FS/FS_Competition_SkidPad

TIME	25.415
SIM_END		Examples_FS/FS_Competition_SkidPad	25.414s	261.706m
APPLICATION	CarMaker 5.1.2 - Car_Generic #644 (5.1.2)
COMPILED	fh@daniel.ipg 2016-08-15 11:58:04
SIM_START	Examples_FS/FS_Competition_SkidPad	2017-02-25 14:44:47
TIME	0.001
WARNING		PowerTrain OpenXWD: No selected PowerTrainXWD model; calculation using DVA is possible, but without 'integration substepping'
TIME	0.000
SIMULATE	Examples_FS/FS_Competition_SkidPad

TIME	5.364
ERROR		Vehicle leaves road at about x=3.23692, y=-13.717 TireNo=0
SIM_ABORT	Examples_FS/FS_Competition_SkidPad	5.366s	51.0549m
APPLICATION	CarMaker 5.1.2 - Car_Generic #644 (5.1.2)
COMPILED	fh@daniel.ipg 2016-08-15 11:58:04
SIM_START	Examples_FS/FS_Competition_SkidPad	2017-02-25 14:45:33
TIME	0.001
WARNING		PowerTrain OpenXWD: No selected PowerTrainXWD model; calculation using DVA is possible, but without 'integration substepping'
TIME	0.000
SIMULATE	Examples_FS/FS_Competition_SkidPad

TIME	25.222
SIM_END		Examples_FS/FS_Competition_SkidPad	25.221s	261.093m
APPLICATION	CarMaker 5.1.2 - Car_Generic #644 (5.1.2)
COMPILED	fh@daniel.ipg 2016-08-15 11:58:04
SIM_START	Examples_FS/FS_Competition_SkidPad	2017-02-25 14:46:39
TIME	0.001
WARNING		PowerTrain OpenXWD: No selected PowerTrainXWD model; calculation using DVA is possible, but without 'integration substepping'
TIME	0.000
SIMULATE	Examples_FS/FS_Competition_SkidPad

TIME	10.058
SIM_END		Examples_FS/FS_Competition_SkidPad	10.054s	95.579m
APPLICATION	CarMaker 5.1.2 - Car_Generic #644 (5.1.2)
COMPILED	fh@daniel.ipg 2016-08-15 11:58:04
SIM_START	Examples_FS/FS_Competition_SkidPad	2017-02-25 14:47:07
TIME	0.001
WARNING		PowerTrain OpenXWD: No selected PowerTrainXWD model; calculation using DVA is possible, but without 'integration substepping'
TIME	0.000
SIMULATE	Examples_FS/FS_Competition_SkidPad

TIME	3.123
SIM_END		Examples_FS/FS_Competition_SkidPad	3.122s	37.1461m
APPLICATION	CarMaker 5.1.2 - Car_Generic #644 (5.1.2)
COMPILED	fh@daniel.ipg 2016-08-15 11:58:04
SIM_START	Examples_FS/FS_Competition_SkidPad	2017-02-25 14:47:32
TIME	0.001
WARNING		PowerTrain OpenXWD: No selected PowerTrainXWD model; calculation using DVA is possible, but without 'integration substepping'
TIME	0.000
SIMULATE	Examples_FS/FS_Competition_SkidPad

ERROR		Vehicle leaves road at about x=13.0893, y=-3.83612 TireNo=1
SIM_ABORT	Examples_FS/FS_Competition_SkidPad	1.978s	12.2347m
APPLICATION	CarMaker 5.1.2 - Car_Generic #644 (5.1.2)
COMPILED	fh@daniel.ipg 2016-08-15 11:58:04
SIM_START	Examples_FS/FS_Competition_SkidPad	2017-02-25 14:48:05
TIME	0.001
WARNING		PowerTrain OpenXWD: No selected PowerTrainXWD model; calculation using DVA is possible, but without 'integration substepping'
TIME	0.000
SIMULATE	Examples_FS/FS_Competition_SkidPad

TIME	3.112
SIM_END		Examples_FS/FS_Competition_SkidPad	3.111s	37.0125m
APPLICATION	CarMaker 5.1.2 - Car_Generic #644 (5.1.2)
COMPILED	fh@daniel.ipg 2016-08-15 11:58:04
SIM_START	Examples_FS/FS_Competition_SkidPad	2017-02-25 14:48:33
TIME	0.001
WARNING		PowerTrain OpenXWD: No selected PowerTrainXWD model; calculation using DVA is possible, but without 'integration substepping'
TIME	0.000
SIMULATE	Examples_FS/FS_Competition_SkidPad

TIME	22.745
SIM_END		Examples_FS/FS_Competition_SkidPad	22.741s	226.606m
APPLICATION	CarMaker 5.1.2 - Car_Generic #644 (5.1.2)
COMPILED	fh@daniel.ipg 2016-08-15 11:58:04
SIM_START	Examples_FS/FS_Competition_SkidPad	2017-02-25 14:49:17
TIME	0.001
WARNING		PowerTrain OpenXWD: No selected PowerTrainXWD model; calculation using DVA is possible, but without 'integration substepping'
TIME	0.000
SIMULATE	Examples_FS/FS_Competition_SkidPad

TIME	24.810
SIM_END		Examples_FS/FS_Competition_SkidPad	24.809s	259.067m
APPLICATION	CarMaker 5.1.2 - Car_Generic #644 (5.1.2)
COMPILED	fh@daniel.ipg 2016-08-15 11:58:04
SIM_START	Examples_FS/FS_Competition_SkidPad	2017-02-25 14:50:03
TIME	0.001
WARNING		PowerTrain OpenXWD: No selected PowerTrainXWD model; calculation using DVA is possible, but without 'integration substepping'
TIME	0.000
SIMULATE	Examples_FS/FS_Competition_SkidPad

TIME	24.810
SIM_END		Examples_FS/FS_Competition_SkidPad	24.809s	259.067m
APPLICATION	CarMaker 5.1.2 - Car_Generic #644 (5.1.2)
COMPILED	fh@daniel.ipg 2016-08-15 11:58:04
SIM_START	Examples_FS/FS_Competition_SkidPad	2017-02-25 14:50:42
TIME	0.001
WARNING		PowerTrain OpenXWD: No selected PowerTrainXWD model; calculation using DVA is possible, but without 'integration substepping'
TIME	0.000
SIMULATE	Examples_FS/FS_Competition_SkidPad

TIME	23.725
SIM_END		Examples_FS/FS_Competition_SkidPad	23.724s	256.154m
APPLICATION	CarMaker 5.1.2 - Car_Generic #644 (5.1.2)
COMPILED	fh@daniel.ipg 2016-08-15 11:58:04
SIM_START	Examples_FS/FS_Competition_SkidPad	2017-02-25 14:51:55
TIME	0.001
WARNING		PowerTrain OpenXWD: No selected PowerTrainXWD model; calculation using DVA is possible, but without 'integration substepping'
TIME	0.000
SIMULATE	Examples_FS/FS_Competition_SkidPad

TIME	23.777
SIM_END		Examples_FS/FS_Competition_SkidPad	23.776s	256.49m
APPLICATION	CarMaker 5.1.2 - Car_Generic #644 (5.1.2)
COMPILED	fh@daniel.ipg 2016-08-15 11:58:04
SIM_START	Examples_FS/FS_Competition_SkidPad	2017-02-25 15:22:27
TIME	0.001
WARNING		PowerTrain OpenXWD: No selected PowerTrainXWD model; calculation using DVA is possible, but without 'integration substepping'
TIME	0.000
SIMULATE	Examples_FS/FS_Competition_SkidPad

TIME	24.810
SIM_END		Examples_FS/FS_Competition_SkidPad	24.809s	259.067m
