APPLICATION	CarMaker 5.1.2 - Car_Generic #644 (5.1.2)
COMPILED	fh@daniel.ipg 2016-08-15 11:58:04
SIM_START	Examples_FS/FS_Competition_Germany_2006	2017-03-22 14:36:48
TIME	0.000
SIMULATE	Examples_FS/FS_Competition_Germany_2006

TIME	2.192
SIM_END		Examples_FS/FS_Competition_Germany_2006	2.188s	6.51422e-005m
APPLICATION	CarMaker 5.1.2 - Car_Generic #644 (5.1.2)
COMPILED	fh@daniel.ipg 2016-08-15 11:58:04
SIM_START	Examples_FS/FS_Competition_Germany_2006	2017-03-22 14:36:56
TIME	0.000
SIMULATE	Examples_FS/FS_Competition_Germany_2006

TIME	4.422
SIM_END		Examples_FS/FS_Competition_Germany_2006	4.418s	0.00023931m
APPLICATION	CarMaker 5.1.2 - Car_Generic #644 (5.1.2)
COMPILED	fh@daniel.ipg 2016-08-15 11:58:04
SIM_START	Examples_FS/FS_Competition_Germany_2006	2017-03-22 14:50:52
TIME	0.000
SIMULATE	Examples_FS/FS_Competition_Germany_2006

TIME	10.004
SIM_END		Examples_FS/FS_Competition_Germany_2006	10s	0.000406611m
APPLICATION	CarMaker 5.1.2 - Car_Generic #644 (5.1.2)
COMPILED	fh@daniel.ipg 2016-08-15 11:58:04
SIM_START	Examples_FS/FS_Competition_Germany_2006	2017-03-22 15:12:33
TIME	0.000
SIMULATE	Examples_FS/FS_Competition_Germany_2006

TIME	4.233
SIM_END		Examples_FS/FS_Competition_Germany_2006	4.229s	0.000236844m
APPLICATION	CarMaker 5.1.2 - Car_Generic #644 (5.1.2)
COMPILED	fh@daniel.ipg 2016-08-15 11:58:04
SIM_START	Examples_FS/FS_Competition_Germany_2006	2017-03-23 14:37:56
TIME	0.000
SIMULATE	Examples_FS/FS_Competition_Germany_2006

TIME	10.004
SIM_END		Examples_FS/FS_Competition_Germany_2006	10s	0.000406611m
APPLICATION	CarMaker 5.1.2 - Car_Generic #644 (5.1.2)
COMPILED	fh@daniel.ipg 2016-08-15 11:58:04
SIM_START	Examples_FS/FS_Competition_Germany_2006	2017-03-23 19:20:48
TIME	0.000
SIMULATE	Examples_FS/FS_Competition_Germany_2006

TIME	7.869
SIM_END		Examples_FS/FS_Competition_Germany_2006	7.865s	0.000372897m
APPLICATION	CarMaker 5.1.2 - Car_Generic #644 (5.1.2)
COMPILED	fh@daniel.ipg 2016-08-15 11:58:04
SIM_START	Examples_FS/FS_Competition_Germany_2006	2017-03-23 19:21:06
TIME	0.001
WARNING		PowerTrain OpenXWD: No selected PowerTrainXWD model; calculation using DVA is possible, but without 'integration substepping'
TIME	0.000
SIMULATE	Examples_FS/FS_Competition_Germany_2006

TIME	15.533
SIM_END		Examples_FS/FS_Competition_Germany_2006	15.529s	0.000740461m
APPLICATION	CarMaker 5.1.2 - Car_Generic #644 (5.1.2)
COMPILED	fh@daniel.ipg 2016-08-15 11:58:04
SIM_START	Examples_FS/FS_Competition_Germany_2006	2017-03-23 19:21:40
TIME	0.001
WARNING		PowerTrain OpenXWD: No selected PowerTrainXWD model; calculation using DVA is possible, but without 'integration substepping'
TIME	0.000
SIMULATE	Examples_FS/FS_Competition_Germany_2006

TIME	26.364
SIM_END		Examples_FS/FS_Competition_Germany_2006	26.36s	0.00134331m
APPLICATION	CarMaker 5.1.2 - Car_Generic #644 (5.1.2)
COMPILED	fh@daniel.ipg 2016-08-15 11:58:04
SIM_START	Examples_FS/FS_Competition_Germany_2006	2017-03-23 19:24:07
TIME	0.001
WARNING		PowerTrain OpenXWD: No selected PowerTrainXWD model; calculation using DVA is possible, but without 'integration substepping'
TIME	0.000
SIMULATE	Examples_FS/FS_Competition_Germany_2006

TIME	30.004
SIM_END		Examples_FS/FS_Competition_Germany_2006	30s	0.00161736m
APPLICATION	CarMaker 5.1.2 - Car_Generic #644 (5.1.2)
COMPILED	fh@daniel.ipg 2016-08-15 11:58:04
SIM_START	Examples_FS/FS_Competition_Germany_2006	2017-03-23 19:25:47
TIME	0.001
WARNING		PowerTrain OpenXWD: No selected PowerTrainXWD model; calculation using DVA is possible, but without 'integration substepping'
TIME	0.000
SIMULATE	Examples_FS/FS_Competition_Germany_2006

TIME	6.045
SIM_END		Examples_FS/FS_Competition_Germany_2006	6.041s	0.000276728m
APPLICATION	CarMaker 5.1.2 - Car_Generic #644 (5.1.2)
COMPILED	fh@daniel.ipg 2016-08-15 11:58:04
SIM_START	Examples_FS/FS_Competition_Germany_2006	2017-03-23 19:26:12
TIME	0.001
WARNING		PowerTrain OpenXWD: No selected PowerTrainXWD model; calculation using DVA is possible, but without 'integration substepping'
TIME	0.000
SIMULATE	Examples_FS/FS_Competition_Germany_2006

TIME	6.644
SIM_END		Examples_FS/FS_Competition_Germany_2006	6.64s	0.000302179m
APPLICATION	CarMaker 5.1.2 - Car_Generic #644 (5.1.2)
COMPILED	fh@daniel.ipg 2016-08-15 11:58:04
SIM_START	Examples_FS/FS_Competition_Germany_2006	2017-03-23 19:26:34
TIME	0.001
WARNING		PowerTrain OpenXWD: No selected PowerTrainXWD model; calculation using DVA is possible, but without 'integration substepping'
TIME	0.000
SIMULATE	Examples_FS/FS_Competition_Germany_2006

TIME	23.952
SIM_END		Examples_FS/FS_Competition_Germany_2006	23.948s	0.00124946m
APPLICATION	CarMaker 5.1.2 - Car_Generic #644 (5.1.2)
COMPILED	fh@daniel.ipg 2016-08-15 11:58:04
SIM_START	Examples_FS/FS_Competition_Germany_2006	2017-03-23 19:27:46
TIME	0.001
WARNING		PowerTrain OpenXWD: No selected PowerTrainXWD model; calculation using DVA is possible, but without 'integration substepping'
TIME	0.000
SIMULATE	Examples_FS/FS_Competition_Germany_2006

TIME	30.004
SIM_END		Examples_FS/FS_Competition_Germany_2006	30s	0.00161736m
APPLICATION	CarMaker 5.1.2 - Car_Generic #644 (5.1.2)
COMPILED	fh@daniel.ipg 2016-08-15 11:58:04
SIM_START	Examples_FS/FS_Competition_Germany_2006	2017-03-23 19:39:08
TIME	0.001
WARNING		PowerTrain OpenXWD: No selected PowerTrainXWD model; calculation using DVA is possible, but without 'integration substepping'
TIME	0.000
SIMULATE	Examples_FS/FS_Competition_Germany_2006

TIME	30.004
SIM_END		Examples_FS/FS_Competition_Germany_2006	30s	0.00161736m
APPLICATION	CarMaker 5.1.2 - Car_Generic #644 (5.1.2)
COMPILED	fh@daniel.ipg 2016-08-15 11:58:04
SIM_START	Examples_FS/FS_Competition_Germany_2006	2017-03-23 19:40:01
TIME	0.001
WARNING		PowerTrain OpenXWD: No selected PowerTrainXWD model; calculation using DVA is possible, but without 'integration substepping'
TIME	0.000
SIMULATE	Examples_FS/FS_Competition_Germany_2006

TIME	7.891
SIM_END		Examples_FS/FS_Competition_Germany_2006	7.887s	0.000374963m
APPLICATION	CarMaker 5.1.2 - Car_Generic #644 (5.1.2)
COMPILED	fh@daniel.ipg 2016-08-15 11:58:04
SIM_START	Examples_FS/FS_Competition_Germany_2006	2017-03-23 19:41:48
TIME	0.001
WARNING		PowerTrain OpenXWD: No selected PowerTrainXWD model; calculation using DVA is possible, but without 'integration substepping'
TIME	0.000
SIMULATE	Examples_FS/FS_Competition_Germany_2006

TIME	30.004
SIM_END		Examples_FS/FS_Competition_Germany_2006	30s	0.0241213m
APPLICATION	CarMaker 5.1.2 - Car_Generic #644 (5.1.2)
COMPILED	fh@daniel.ipg 2016-08-15 11:58:04
SIM_START	Examples_FS/FS_Competition_Germany_2006	2017-03-23 19:43:51
TIME	0.001
WARNING		PowerTrain OpenXWD: No selected PowerTrainXWD model; calculation using DVA is possible, but without 'integration substepping'
TIME	0.000
SIMULATE	Examples_FS/FS_Competition_Germany_2006

TIME	30.004
SIM_END		Examples_FS/FS_Competition_Germany_2006	30s	335.702m
APPLICATION	CarMaker 5.1.2 - Car_Generic #644 (5.1.2)
COMPILED	fh@daniel.ipg 2016-08-15 11:58:04
SIM_START	Examples_FS/FS_Competition_Germany_2006	2017-03-23 19:44:39
TIME	0.001
WARNING		PowerTrain OpenXWD: No selected PowerTrainXWD model; calculation using DVA is possible, but without 'integration substepping'
TIME	0.000
SIMULATE	Examples_FS/FS_Competition_Germany_2006

TIME	9.027
SIM_END		Examples_FS/FS_Competition_Germany_2006	9.023s	79.244m
APPLICATION	CarMaker 5.1.2 - Car_Generic #644 (5.1.2)
COMPILED	fh@daniel.ipg 2016-08-15 11:58:04
SIM_START	Examples_FS/FS_Competition_Germany_2006	2017-03-23 19:45:01
TIME	0.001
WARNING		PowerTrain OpenXWD: No selected PowerTrainXWD model; calculation using DVA is possible, but without 'integration substepping'
TIME	0.000
SIMULATE	Examples_FS/FS_Competition_Germany_2006

TIME	2.708
SIM_END		Examples_FS/FS_Competition_Germany_2006	2.704s	10.0229m
APPLICATION	CarMaker 5.1.2 - Car_Generic #644 (5.1.2)
COMPILED	fh@daniel.ipg 2016-08-15 11:58:04
SIM_START	Examples_FS/FS_Competition_Germany_2006	2017-03-23 19:45:22
TIME	0.001
WARNING		PowerTrain OpenXWD: No selected PowerTrainXWD model; calculation using DVA is possible, but without 'integration substepping'
TIME	0.000
SIMULATE	Examples_FS/FS_Competition_Germany_2006

TIME	30.004
SIM_END		Examples_FS/FS_Competition_Germany_2006	30s	0.0241286m
APPLICATION	CarMaker 5.1.2 - Car_Generic #644 (5.1.2)
COMPILED	fh@daniel.ipg 2016-08-15 11:58:04
SIM_START	Examples_FS/FS_Competition_Germany_2006	2017-03-23 19:47:07
TIME	0.001
WARNING		PowerTrain OpenXWD: No selected PowerTrainXWD model; calculation using DVA is possible, but without 'integration substepping'
TIME	0.000
SIMULATE	Examples_FS/FS_Competition_Germany_2006

TIME	8.028
SIM_END		Examples_FS/FS_Competition_Germany_2006	8.024s	0.00567495m
APPLICATION	CarMaker 5.1.2 - Car_Generic #644 (5.1.2)
COMPILED	fh@daniel.ipg 2016-08-15 11:58:04
SIM_START	Examples_FS/FS_Competition_Germany_2006	2017-03-23 19:47:35
TIME	0.001
WARNING		PowerTrain OpenXWD: No selected PowerTrainXWD model; calculation using DVA is possible, but without 'integration substepping'
TIME	0.000
SIMULATE	Examples_FS/FS_Competition_Germany_2006

TIME	30.004
SIM_END		Examples_FS/FS_Competition_Germany_2006	30s	335.738m
APPLICATION	CarMaker 5.1.2 - Car_Generic #644 (5.1.2)
COMPILED	fh@daniel.ipg 2016-08-15 11:58:04
SIM_START	Examples_FS/FS_Competition_Germany_2006	2017-03-23 19:50:47
TIME	0.001
WARNING		PowerTrain OpenXWD: No selected PowerTrainXWD model; calculation using DVA is possible, but without 'integration substepping'
TIME	0.000
SIMULATE	Examples_FS/FS_Competition_Germany_2006

TIME	19.117
SIM_END		Examples_FS/FS_Competition_Germany_2006	19.113s	0.0148045m
