APPLICATION	CarMaker 5.1.2 - Car_Generic #644 (5.1.2)
COMPILED	fh@daniel.ipg 2016-08-15 11:58:04
SIM_START	fart	2017-07-18 17:15:53
TIME	0.001
WARNING		PowerTrain OpenXWD: No selected PowerTrainXWD model; calculation using DVA is possible, but without 'integration substepping'
TIME	0.000
SIMULATE	fart

TIME	4.474
SIM_END		fart	4.47s	93.0761m
APPLICATION	CarMaker 5.1.2 - Car_Generic #644 (5.1.2)
COMPILED	fh@daniel.ipg 2016-08-15 11:58:04
SIM_START	fart	2017-07-18 17:24:43
TIME	0.001
WARNING		PowerTrain OpenXWD: No selected PowerTrainXWD model; calculation using DVA is possible, but without 'integration substepping'
TIME	0.000
SIMULATE	fart

TIME	5.005
SIM_END		fart	5.001s	109.483m
APPLICATION	CarMaker 5.1.2 - Car_Generic #644 (5.1.2)
COMPILED	fh@daniel.ipg 2016-08-15 11:58:04
SIM_START	fart	2017-07-18 17:27:22
TIME	0.001
WARNING		PowerTrain OpenXWD: No selected PowerTrainXWD model; calculation using DVA is possible, but without 'integration substepping'
TIME	0.000
SIMULATE	fart

TIME	3.457
SIM_END		fart	3.453s	61.6493m
APPLICATION	CarMaker 5.1.2 - Car_Generic #644 (5.1.2)
COMPILED	fh@daniel.ipg 2016-08-15 11:58:04
SIM_START	fart	2017-07-18 17:31:40
TIME	0.001
WARNING		PowerTrain OpenXWD: No selected PowerTrainXWD model; calculation using DVA is possible, but without 'integration substepping'
TIME	0.000
SIMULATE	fart

TIME	3.904
SIM_END		fart	3.9s	75.4646m
APPLICATION	CarMaker 5.1.2 - Car_Generic #644 (5.1.2)
COMPILED	fh@daniel.ipg 2016-08-15 11:58:04
SIM_START	fart	2017-07-18 17:33:28
TIME	0.001
WARNING		PowerTrain OpenXWD: No selected PowerTrainXWD model; calculation using DVA is possible, but without 'integration substepping'
TIME	0.000
SIMULATE	fart

TIME	3.104
SIM_END		fart	3.1s	50.8406m
APPLICATION	CarMaker 5.1.2 - Car_Generic #644 (5.1.2)
COMPILED	fh@daniel.ipg 2016-08-15 11:58:04
SIM_START	FS_Competition_Germany_2006_ELD	2017-07-18 17:44:58
TIME	0.001
WARNING		PowerTrain OpenXWD: No selected PowerTrainXWD model; calculation using DVA is possible, but without 'integration substepping'
TIME	0.000
SIMULATE	FS_Competition_Germany_2006_ELD

TIME	4.517
ERROR		Roll angle too high (-80.07 deg)
SIM_ABORT	FS_Competition_Germany_2006_ELD	4.519s	46.3346m
APPLICATION	CarMaker 5.1.2 - Car_Generic #644 (5.1.2)
COMPILED	fh@daniel.ipg 2016-08-15 11:58:04
SIM_START	FS_Competition_Germany_2006_ELD	2017-07-18 17:50:50
TIME	0.001
WARNING		PowerTrain OpenXWD: No selected PowerTrainXWD model; calculation using DVA is possible, but without 'integration substepping'
TIME	0.000
SIMULATE	FS_Competition_Germany_2006_ELD

TIME	4.441
ERROR		Roll angle too high (-80.13 deg)
SIM_ABORT	FS_Competition_Germany_2006_ELD	4.443s	47.0725m
APPLICATION	CarMaker 5.1.2 - Car_Generic #644 (5.1.2)
COMPILED	fh@daniel.ipg 2016-08-15 11:58:04
SIM_START	FS_Competition_Germany_2006_ELD	2017-07-18 17:54:16
TIME	0.001
WARNING		PowerTrain OpenXWD: No selected PowerTrainXWD model; calculation using DVA is possible, but without 'integration substepping'
TIME	0.000
SIMULATE	FS_Competition_Germany_2006_ELD

TIME	4.462
ERROR		Roll angle too high (-80.13 deg)
SIM_ABORT	FS_Competition_Germany_2006_ELD	4.464s	47.3102m
APPLICATION	CarMaker 5.1.2 - Car_Generic #644 (5.1.2)
COMPILED	fh@daniel.ipg 2016-08-15 11:58:04
SIM_START	FS_Competition_Germany_2006_ELD	2017-07-18 17:55:19
TIME	0.001
WARNING		PowerTrain OpenXWD: No selected PowerTrainXWD model; calculation using DVA is possible, but without 'integration substepping'
TIME	0.000
SIMULATE	FS_Competition_Germany_2006_ELD

TIME	4.462
ERROR		Roll angle too high (-80.13 deg)
SIM_ABORT	FS_Competition_Germany_2006_ELD	4.464s	47.3102m
APPLICATION	CarMaker 5.1.2 - Car_Generic #644 (5.1.2)
COMPILED	fh@daniel.ipg 2016-08-15 11:58:04
SIM_START	FS_Competition_Germany_2006_ELD	2017-07-18 17:58:13
TIME	0.001
WARNING		PowerTrain OpenXWD: No selected PowerTrainXWD model; calculation using DVA is possible, but without 'integration substepping'
TIME	0.000
SIMULATE	FS_Competition_Germany_2006_ELD

TIME	5.671
ERROR		Vehicle leaves road at about x=71.8568, y=-1.88299 TireNo=1
SIM_ABORT	FS_Competition_Germany_2006_ELD	5.673s	75.3289m
APPLICATION	CarMaker 5.1.2 - Car_Generic #644 (5.1.2)
COMPILED	fh@daniel.ipg 2016-08-15 11:58:04
SIM_START	FS_Competition_Germany_2006_ELD	2017-07-18 17:58:45
TIME	0.001
WARNING		PowerTrain OpenXWD: No selected PowerTrainXWD model; calculation using DVA is possible, but without 'integration substepping'
TIME	0.000
SIMULATE	FS_Competition_Germany_2006_ELD

TIME	52.375
SIM_END		FS_Competition_Germany_2006_ELD	52.371s	613.582m
APPLICATION	CarMaker 5.1.2 - Car_Generic #644 (5.1.2)
COMPILED	fh@daniel.ipg 2016-08-15 11:58:04
SIM_START	FS_Competition_Germany_2006_ELD	2017-07-18 18:02:39
TIME	0.001
WARNING		PowerTrain OpenXWD: No selected PowerTrainXWD model; calculation using DVA is possible, but without 'integration substepping'
TIME	0.000
SIMULATE	FS_Competition_Germany_2006_ELD

TIME	28.734
SIM_END		FS_Competition_Germany_2006_ELD	28.73s	335.768m
APPLICATION	CarMaker 5.1.2 - Car_Generic #644 (5.1.2)
COMPILED	fh@daniel.ipg 2016-08-15 11:58:04
SIM_START	FS_Competition_Germany_2006_ELD	2017-07-18 18:03:53
TIME	0.001
WARNING		PowerTrain OpenXWD: No selected PowerTrainXWD model; calculation using DVA is possible, but without 'integration substepping'
TIME	0.000
SIMULATE	FS_Competition_Germany_2006_ELD

TIME	25.375
SIM_END		FS_Competition_Germany_2006_ELD	25.371s	307.451m
APPLICATION	CarMaker 5.1.2 - Car_Generic #644 (5.1.2)
COMPILED	fh@daniel.ipg 2016-08-15 11:58:04
SIM_START	FS_Competition_Germany_2006_ELD	2017-07-18 18:06:21
TIME	0.001
WARNING		PowerTrain OpenXWD: No selected PowerTrainXWD model; calculation using DVA is possible, but without 'integration substepping'
TIME	0.000
SIMULATE	FS_Competition_Germany_2006_ELD

TIME	73.463
SIM_END		FS_Competition_Germany_2006_ELD	73.459s	854.517m
APPLICATION	CarMaker 5.1.2 - Car_Generic #644 (5.1.2)
COMPILED	fh@daniel.ipg 2016-08-15 11:58:04
SIM_START	axxx	2017-07-18 18:08:44
TIME	0.001
WARNING		PowerTrain OpenXWD: No selected PowerTrainXWD model; calculation using DVA is possible, but without 'integration substepping'
TIME	0.000
SIMULATE	axxx

TIME	5.004
SIM_END		axxx	5s	118.063m
APPLICATION	CarMaker 5.1.2 - Car_Generic #644 (5.1.2)
COMPILED	fh@daniel.ipg 2016-08-15 11:58:04
SIM_START	skid	2017-07-18 19:41:01
TIME	0.001
WARNING		PowerTrain OpenXWD: No selected PowerTrainXWD model; calculation using DVA is possible, but without 'integration substepping'
TIME	0.000
SIMULATE	skid

TIME	4.537
ERROR		Roll angle too high (-80.13 deg)
SIM_ABORT	skid	4.539s	48.2437m
APPLICATION	CarMaker 5.1.2 - Car_Generic #644 (5.1.2)
COMPILED	fh@daniel.ipg 2016-08-15 11:58:04
SIM_START	skid	2017-07-18 19:41:36
TIME	0.001
WARNING		PowerTrain OpenXWD: No selected PowerTrainXWD model; calculation using DVA is possible, but without 'integration substepping'
TIME	0.000
SIMULATE	skid

TIME	4.870
ERROR		Roll angle too high (-80.21 deg)
SIM_ABORT	skid	4.872s	50.426m
APPLICATION	CarMaker 5.1.2 - Car_Generic #644 (5.1.2)
COMPILED	fh@daniel.ipg 2016-08-15 11:58:04
SIM_START	skid	2017-07-18 19:42:11
TIME	0.001
WARNING		PowerTrain OpenXWD: No selected PowerTrainXWD model; calculation using DVA is possible, but without 'integration substepping'
TIME	0.000
SIMULATE	skid

TIME	12.647
ERROR		Roll angle too high (80.03 deg)
SIM_ABORT	skid	12.649s	150.345m
APPLICATION	CarMaker 5.1.2 - Car_Generic #644 (5.1.2)
COMPILED	fh@daniel.ipg 2016-08-15 11:58:04
SIM_START	FS_Competition_Germany_2006_ELD	2017-07-18 19:43:14
TIME	0.001
WARNING		PowerTrain OpenXWD: No selected PowerTrainXWD model; calculation using DVA is possible, but without 'integration substepping'
TIME	0.000
SIMULATE	FS_Competition_Germany_2006_ELD

TIME	9.829
SIM_END		FS_Competition_Germany_2006_ELD	9.825s	98.8342m
APPLICATION	CarMaker 5.1.2 - Car_Generic #644 (5.1.2)
COMPILED	fh@daniel.ipg 2016-08-15 11:58:04
SIM_START	FS_Competition_Germany_2006_ELD	2017-07-18 19:54:21
TIME	0.001
WARNING		PowerTrain OpenXWD: No selected PowerTrainXWD model; calculation using DVA is possible, but without 'integration substepping'
TIME	0.000
SIMULATE	FS_Competition_Germany_2006_ELD

TIME	4.994
SIM_END		FS_Competition_Germany_2006_ELD	4.99s	43.2484m
APPLICATION	CarMaker 5.1.2 - Car_Generic #644 (5.1.2)
COMPILED	fh@daniel.ipg 2016-08-15 11:58:04
SIM_START	FS_Competition_Germany_2006_ELD	2017-07-18 19:55:29
TIME	0.001
WARNING		PowerTrain OpenXWD: No selected PowerTrainXWD model; calculation using DVA is possible, but without 'integration substepping'
TIME	0.000
SIMULATE	FS_Competition_Germany_2006_ELD

TIME	127.493
SIM_END		FS_Competition_Germany_2006_ELD	127.489s	1501.52m
APPLICATION	CarMaker 5.1.2 - Car_Generic #644 (5.1.2)
COMPILED	fh@daniel.ipg 2016-08-15 11:58:04
SIM_START	FS_Competition_Germany_2006_ELD	2017-07-18 22:19:46
TIME	0.001
WARNING		PowerTrain OpenXWD: No selected PowerTrainXWD model; calculation using DVA is possible, but without 'integration substepping'
TIME	0.000
SIMULATE	FS_Competition_Germany_2006_ELD

TIME	14.769
SIM_END		FS_Competition_Germany_2006_ELD	14.765s	178.73m
APPLICATION	CarMaker 5.1.2 - Car_Generic #644 (5.1.2)
COMPILED	fh@daniel.ipg 2016-08-15 11:58:04
SIM_START	FS_Competition_Germany_2006_ELD	2017-07-18 22:21:32
TIME	0.001
WARNING		PowerTrain OpenXWD: No selected PowerTrainXWD model; calculation using DVA is possible, but without 'integration substepping'
TIME	0.000
SIMULATE	FS_Competition_Germany_2006_ELD

TIME	4.994
SIM_END		FS_Competition_Germany_2006_ELD	4.99s	43.2484m
APPLICATION	CarMaker 5.1.2 - Car_Generic #644 (5.1.2)
COMPILED	fh@daniel.ipg 2016-08-15 11:58:04
SIM_START	FS_Competition_Germany_2006_ELD	2017-07-18 22:23:23
TIME	0.001
WARNING		PowerTrain OpenXWD: No selected PowerTrainXWD model; calculation using DVA is possible, but without 'integration substepping'
TIME	0.000
SIMULATE	FS_Competition_Germany_2006_ELD

TIME	4.994
SIM_END		FS_Competition_Germany_2006_ELD	4.99s	43.2484m
APPLICATION	CarMaker 5.1.2 - Car_Generic #644 (5.1.2)
COMPILED	fh@daniel.ipg 2016-08-15 11:58:04
SIM_START	FS_Competition_Germany_2006_ELD	2017-07-18 22:25:20
TIME	0.001
WARNING		PowerTrain OpenXWD: No selected PowerTrainXWD model; calculation using DVA is possible, but without 'integration substepping'
TIME	0.000
SIMULATE	FS_Competition_Germany_2006_ELD

TIME	4.994
SIM_END		FS_Competition_Germany_2006_ELD	4.99s	43.2484m
APPLICATION	CarMaker 5.1.2 - Car_Generic #644 (5.1.2)
COMPILED	fh@daniel.ipg 2016-08-15 11:58:04
SIM_START	FS_Competition_Germany_2006_ELD	2017-07-18 22:27:53
TIME	0.001
WARNING		PowerTrain OpenXWD: No selected PowerTrainXWD model; calculation using DVA is possible, but without 'integration substepping'
TIME	0.000
SIMULATE	FS_Competition_Germany_2006_ELD

TIME	4.994
SIM_END		FS_Competition_Germany_2006_ELD	4.99s	43.2484m
APPLICATION	CarMaker 5.1.2 - Car_Generic #644 (5.1.2)
COMPILED	fh@daniel.ipg 2016-08-15 11:58:04
SIM_START	FS_Competition_Germany_2006_ELD	2017-07-18 22:31:00
TIME	0.001
WARNING		PowerTrain OpenXWD: No selected PowerTrainXWD model; calculation using DVA is possible, but without 'integration substepping'
TIME	0.000
SIMULATE	FS_Competition_Germany_2006_ELD

TIME	4.994
SIM_END		FS_Competition_Germany_2006_ELD	4.99s	43.2484m
APPLICATION	CarMaker 5.1.2 - Car_Generic #644 (5.1.2)
COMPILED	fh@daniel.ipg 2016-08-15 11:58:04
SIM_START	FS_Competition_Germany_2006_ELD	2017-07-18 22:33:25
TIME	0.001
WARNING		PowerTrain OpenXWD: No selected PowerTrainXWD model; calculation using DVA is possible, but without 'integration substepping'
TIME	0.000
SIMULATE	FS_Competition_Germany_2006_ELD

TIME	7.498
SIM_END		FS_Competition_Germany_2006_ELD	7.494s	70.3809m
APPLICATION	CarMaker 5.1.2 - Car_Generic #644 (5.1.2)
COMPILED	fh@daniel.ipg 2016-08-15 11:58:04
SIM_START	FS_Competition_Germany_2006_ELD	2017-07-18 22:46:45
TIME	0.001
WARNING		PowerTrain OpenXWD: No selected PowerTrainXWD model; calculation using DVA is possible, but without 'integration substepping'
TIME	0.000
SIMULATE	FS_Competition_Germany_2006_ELD

TIME	60.628
SIM_END		FS_Competition_Germany_2006_ELD	60.624s	712.418m
APPLICATION	CarMaker 5.1.2 - Car_Generic #644 (5.1.2)
COMPILED	fh@daniel.ipg 2016-08-15 11:58:04
SIM_START	FS_Competition_Germany_2006_ELD	2017-07-18 22:49:21
TIME	0.001
WARNING		PowerTrain OpenXWD: No selected PowerTrainXWD model; calculation using DVA is possible, but without 'integration substepping'
TIME	0.000
SIMULATE	FS_Competition_Germany_2006_ELD

TIME	61.334
SIM_END		FS_Competition_Germany_2006_ELD	61.33s	718.121m
APPLICATION	CarMaker 5.1.2 - Car_Generic #644 (5.1.2)
COMPILED	fh@daniel.ipg 2016-08-15 11:58:04
SIM_START	FS_Competition_Germany_2006_ELD	2017-07-18 23:21:37
TIME	0.001
WARNING		PowerTrain OpenXWD: No selected PowerTrainXWD model; calculation using DVA is possible, but without 'integration substepping'
TIME	0.000
SIMULATE	FS_Competition_Germany_2006_ELD

TIME	58.804
SIM_END		FS_Competition_Germany_2006_ELD	58.8s	691.862m
APPLICATION	CarMaker 5.1.2 - Car_Generic #644 (5.1.2)
COMPILED	fh@daniel.ipg 2016-08-15 11:58:04
SIM_START	FS_Competition_Germany_2006_ELD	2017-07-19 00:07:27
TIME	0.001
WARNING		PowerTrain OpenXWD: No selected PowerTrainXWD model; calculation using DVA is possible, but without 'integration substepping'
TIME	0.000
SIMULATE	FS_Competition_Germany_2006_ELD

TIME	542.325
SIM_END		FS_Competition_Germany_2006_ELD	542.321s	6417.81m
APPLICATION	CarMaker 5.1.2 - Car_Generic #644 (5.1.2)
COMPILED	fh@daniel.ipg 2016-08-15 11:58:04
SIM_START	FS_Competition_Germany_2006_ELD	2017-07-19 00:50:00
TIME	0.001
WARNING		PowerTrain OpenXWD: No selected PowerTrainXWD model; calculation using DVA is possible, but without 'integration substepping'
TIME	0.000
SIMULATE	FS_Competition_Germany_2006_ELD

TIME	8.054
SIM_END		FS_Competition_Germany_2006_ELD	8.05s	77.8876m
APPLICATION	CarMaker 5.1.2 - Car_Generic #644 (5.1.2)
COMPILED	fh@daniel.ipg 2016-08-15 11:58:04
SIM_START	FS_Competition_Germany_2006_ELD	2017-07-19 00:51:56
TIME	0.001
WARNING		PowerTrain OpenXWD: No selected PowerTrainXWD model; calculation using DVA is possible, but without 'integration substepping'
TIME	0.000
SIMULATE	FS_Competition_Germany_2006_ELD

TIME	266.128
SIM_END		FS_Competition_Germany_2006_ELD	266.124s	3265.67m
APPLICATION	CarMaker 5.1.2 - Car_Generic #644 (5.1.2)
COMPILED	fh@daniel.ipg 2016-08-15 11:58:04
SIM_START	FS_Competition_Germany_2006_ELD	2017-07-19 10:24:53
TIME	0.001
WARNING		PowerTrain OpenXWD: No selected PowerTrainXWD model; calculation using DVA is possible, but without 'integration substepping'
TIME	0.000
SIMULATE	FS_Competition_Germany_2006_ELD

TIME	23.733
SIM_END		FS_Competition_Germany_2006_ELD	23.729s	305.359m
APPLICATION	CarMaker 5.1.2 - Car_Generic #644 (5.1.2)
COMPILED	fh@daniel.ipg 2016-08-15 11:58:04
SIM_START	FS_Competition_Germany_2006_ELD	2017-07-19 10:25:31
TIME	0.001
WARNING		PowerTrain OpenXWD: No selected PowerTrainXWD model; calculation using DVA is possible, but without 'integration substepping'
TIME	0.000
SIMULATE	FS_Competition_Germany_2006_ELD

TIME	83.339
SIM_END		FS_Competition_Germany_2006_ELD	83.335s	1041.79m
APPLICATION	CarMaker 5.1.2 - Car_Generic #644 (5.1.2)
COMPILED	fh@daniel.ipg 2016-08-15 11:58:04
SIM_START	FS_Competition_Germany_2006_ELD	2017-07-19 10:27:13
TIME	0.001
WARNING		PowerTrain OpenXWD: No selected PowerTrainXWD model; calculation using DVA is possible, but without 'integration substepping'
TIME	0.000
SIMULATE	FS_Competition_Germany_2006_ELD

TIME	25.234
SIM_END		FS_Competition_Germany_2006_ELD	25.23s	318.022m
APPLICATION	CarMaker 5.1.2 - Car_Generic #644 (5.1.2)
COMPILED	fh@daniel.ipg 2016-08-15 11:58:04
SIM_START	axxx	2017-07-19 11:30:17
TIME	0.001
WARNING		PowerTrain OpenXWD: No selected PowerTrainXWD model; calculation using DVA is possible, but without 'integration substepping'
TIME	0.000
SIMULATE	axxx

TIME	16.291
SIM_END		axxx	16.287s	456.009m
APPLICATION	CarMaker 5.1.2 - Car_Generic #644 (5.1.2)
COMPILED	fh@daniel.ipg 2016-08-15 11:58:04
SIM_START	axxx	2017-07-19 11:31:02
TIME	0.001
WARNING		PowerTrain OpenXWD: No selected PowerTrainXWD model; calculation using DVA is possible, but without 'integration substepping'
TIME	0.000
SIMULATE	axxx

TIME	13.388
SIM_END		axxx	13.384s	371.121m
APPLICATION	CarMaker 5.1.2 - Car_Generic #644 (5.1.2)
COMPILED	fh@daniel.ipg 2016-08-15 11:58:04
SIM_START	axxx	2017-07-19 11:31:38
TIME	0.001
WARNING		PowerTrain OpenXWD: No selected PowerTrainXWD model; calculation using DVA is possible, but without 'integration substepping'
TIME	0.000
SIMULATE	axxx

TIME	12.505
SIM_END		axxx	12.501s	343.244m
APPLICATION	CarMaker 5.1.2 - Car_Generic #644 (5.1.2)
COMPILED	fh@daniel.ipg 2016-08-15 11:58:04
SIM_START	axxx	2017-07-19 11:32:09
TIME	0.001
WARNING		PowerTrain OpenXWD: No selected PowerTrainXWD model; calculation using DVA is possible, but without 'integration substepping'
TIME	0.000
SIMULATE	axxx

TIME	14.333
SIM_END		axxx	14.329s	399.968m
APPLICATION	CarMaker 5.1.2 - Car_Generic #644 (5.1.2)
COMPILED	fh@daniel.ipg 2016-08-15 11:58:04
SIM_START	axxx	2017-07-19 11:32:33
TIME	0.001
WARNING		PowerTrain OpenXWD: No selected PowerTrainXWD model; calculation using DVA is possible, but without 'integration substepping'
TIME	0.000
SIMULATE	axxx

TIME	7.422
SIM_END		axxx	7.418s	186.412m
APPLICATION	CarMaker 5.1.2 - Car_Generic #644 (5.1.2)
COMPILED	fh@daniel.ipg 2016-08-15 11:58:04
SIM_START	axxx	2017-07-19 11:33:12
TIME	0.001
WARNING		PowerTrain OpenXWD: No selected PowerTrainXWD model; calculation using DVA is possible, but without 'integration substepping'
TIME	0.000
SIMULATE	axxx

TIME	17.047
SIM_END		axxx	17.043s	478.518m
APPLICATION	CarMaker 5.1.2 - Car_Generic #644 (5.1.2)
COMPILED	fh@daniel.ipg 2016-08-15 11:58:04
SIM_START	axxx	2017-07-19 11:33:47
TIME	0.001
WARNING		PowerTrain OpenXWD: No selected PowerTrainXWD model; calculation using DVA is possible, but without 'integration substepping'
TIME	0.000
SIMULATE	axxx

TIME	14.837
SIM_END		axxx	14.833s	410.78m
APPLICATION	CarMaker 5.1.2 - Car_Generic #644 (5.1.2)
COMPILED	fh@daniel.ipg 2016-08-15 11:58:04
SIM_START	axxx	2017-07-19 11:34:14
TIME	0.001
WARNING		PowerTrain OpenXWD: No selected PowerTrainXWD model; calculation using DVA is possible, but without 'integration substepping'
TIME	0.000
SIMULATE	axxx

TIME	20.576
SIM_END		axxx	20.572s	639.39m
APPLICATION	CarMaker 5.1.2 - Car_Generic #644 (5.1.2)
COMPILED	fh@daniel.ipg 2016-08-15 11:58:04
SIM_START	axxx	2017-07-19 11:34:47
TIME	0.001
WARNING		PowerTrain OpenXWD: No selected PowerTrainXWD model; calculation using DVA is possible, but without 'integration substepping'
TIME	0.000
SIMULATE	axxx

TIME	17.110
SIM_END		axxx	17.106s	529.347m
APPLICATION	CarMaker 5.1.2 - Car_Generic #644 (5.1.2)
COMPILED	fh@daniel.ipg 2016-08-15 11:58:04
SIM_START	r25m_circle_ELD_slowAcc_stiff_cold	2017-07-19 23:20:38
TIME	0.001
WARNING		PowerTrain OpenXWD: No selected PowerTrainXWD model; calculation using DVA is possible, but without 'integration substepping'
TIME	0.000
SIMULATE	r25m_circle_ELD_slowAcc_stiff_cold

TIME	450.877
ERROR		Vehicle leaves road at about x=-27.8119, y=20.9792 TireNo=3
SIM_ABORT	r25m_circle_ELD_slowAcc_stiff_cold	450.879s	5142.66m
APPLICATION	CarMaker 5.1.2 - Car_Generic #644 (5.1.2)
COMPILED	fh@daniel.ipg 2016-08-15 11:58:04
SIM_START	r25m_circle_ELD_slowAcc_stiff_cold	2017-07-20 03:15:49
TIME	0.001
WARNING		PowerTrain OpenXWD: No selected PowerTrainXWD model; calculation using DVA is possible, but without 'integration substepping'
TIME	0.000
SIMULATE	r25m_circle_ELD_slowAcc_stiff_cold

TIME	450.887
ERROR		Vehicle leaves road at about x=-27.7621, y=20.6471 TireNo=3
SIM_ABORT	r25m_circle_ELD_slowAcc_stiff_cold	450.889s	5142.98m
APPLICATION	CarMaker 5.1.2 - Car_Generic #644 (5.1.2)
COMPILED	fh@daniel.ipg 2016-08-15 11:58:04
SIM_START	r25m_circle_ELD_slowAcc_stiff_cold	2017-07-20 04:56:43
TIME	0.001
WARNING		PowerTrain OpenXWD: No selected PowerTrainXWD model; calculation using DVA is possible, but without 'integration substepping'
TIME	0.000
SIMULATE	r25m_circle_ELD_slowAcc_stiff_cold

TIME	451.306
ERROR		Vehicle leaves road at about x=-24.2869, y=10.8652 TireNo=3
SIM_ABORT	r25m_circle_ELD_slowAcc_stiff_cold	451.308s	5152.41m
APPLICATION	CarMaker 5.1.2 - Car_Generic #644 (5.1.2)
COMPILED	fh@daniel.ipg 2016-08-15 11:58:04
SIM_START	r25m_circle_ELD_slowAcc_stiff_cold	2017-07-20 07:11:06
TIME	0.001
WARNING		PowerTrain OpenXWD: No selected PowerTrainXWD model; calculation using DVA is possible, but without 'integration substepping'
TIME	0.000
SIMULATE	r25m_circle_ELD_slowAcc_stiff_cold

TIME	50.897
SIM_END		r25m_circle_ELD_slowAcc_stiff_cold	50.893s	63.2407m
APPLICATION	CarMaker 5.1.2 - Car_Generic #644 (5.1.2)
COMPILED	fh@daniel.ipg 2016-08-15 11:58:04
SIM_START	r25m_circle_ELD_slowAcc_stiff_cold	2017-07-20 07:11:58
TIME	0.001
WARNING		PowerTrain OpenXWD: No selected PowerTrainXWD model; calculation using DVA is possible, but without 'integration substepping'
TIME	0.000
SIMULATE	r25m_circle_ELD_slowAcc_stiff_cold

TIME	450.450
ERROR		Vehicle leaves road at about x=-27.6358, y=30.0912 TireNo=3
SIM_ABORT	r25m_circle_ELD_slowAcc_stiff_cold	450.452s	5133.97m
APPLICATION	CarMaker 5.1.2 - Car_Generic #644 (5.1.2)
COMPILED	fh@daniel.ipg 2016-08-15 11:58:04
SIM_START	r25m_circle_ELD_slowAcc_stiff_cold	2017-07-20 07:37:35
TIME	0.001
WARNING		PowerTrain OpenXWD: No selected PowerTrainXWD model; calculation using DVA is possible, but without 'integration substepping'
TIME	0.000
SIMULATE	r25m_circle_ELD_slowAcc_stiff_cold

TIME	482.363
ERROR		Vehicle leaves road at about x=-26.3211, y=34.8527 TireNo=1
SIM_ABORT	r25m_circle_ELD_slowAcc_stiff_cold	482.365s	5912.37m
APPLICATION	CarMaker 5.1.2 - Car_Generic #644 (5.1.2)
COMPILED	fh@daniel.ipg 2016-08-15 11:58:04
SIM_START	r25m_circle_ELD_slowAcc_stiff_cold	2017-07-20 08:10:16
TIME	0.001
WARNING		PowerTrain OpenXWD: No selected PowerTrainXWD model; calculation using DVA is possible, but without 'integration substepping'
TIME	0.000
SIMULATE	r25m_circle_ELD_slowAcc_stiff_cold

TIME	481.970
ERROR		RoadSensor Geo:  xyz (-19.95 44.80 -0.00) not found on Road
SIM_ABORT	r25m_circle_ELD_slowAcc_stiff_cold	481.972s	5901.67m
APPLICATION	CarMaker 5.1.2 - Car_Generic #644 (5.1.2)
COMPILED	fh@daniel.ipg 2016-08-15 11:58:04
SIM_START	r25m_circle_ELD_slowAcc_stiff_cold	2017-07-20 09:18:07
TIME	0.001
WARNING		PowerTrain OpenXWD: No selected PowerTrainXWD model; calculation using DVA is possible, but without 'integration substepping'
TIME	0.000
SIMULATE	r25m_circle_ELD_slowAcc_stiff_cold

TIME	485.844
ERROR		Vehicle leaves road at about x=20.2327, y=16.6286 TireNo=0
SIM_ABORT	r25m_circle_ELD_slowAcc_stiff_cold	485.846s	5989.97m
APPLICATION	CarMaker 5.1.2 - Car_Generic #644 (5.1.2)
COMPILED	fh@daniel.ipg 2016-08-15 11:58:04
SIM_START	r25m_circle_ELD_slowAcc_stiff_cold	2017-07-20 09:37:50
TIME	0.001
WARNING		PowerTrain OpenXWD: No selected PowerTrainXWD model; calculation using DVA is possible, but without 'integration substepping'
TIME	0.000
SIMULATE	r25m_circle_ELD_slowAcc_stiff_cold

TIME	481.970
ERROR		RoadSensor Geo:  xyz (-19.95 44.80 -0.00) not found on Road
SIM_ABORT	r25m_circle_ELD_slowAcc_stiff_cold	481.972s	5901.67m
APPLICATION	CarMaker 5.1.2 - Car_Generic #644 (5.1.2)
COMPILED	fh@daniel.ipg 2016-08-15 11:58:04
SIM_START	r25m_circle_ELD_slowAcc_stiff_cold	2017-07-20 11:58:50
TIME	0.001
WARNING		PowerTrain OpenXWD: No selected PowerTrainXWD model; calculation using DVA is possible, but without 'integration substepping'
TIME	0.000
SIMULATE	r25m_circle_ELD_slowAcc_stiff_cold

TIME	481.970
ERROR		RoadSensor Geo:  xyz (-19.95 44.80 -0.00) not found on Road
SIM_ABORT	r25m_circle_ELD_slowAcc_stiff_cold	481.972s	5901.67m
APPLICATION	CarMaker 5.1.2 - Car_Generic #644 (5.1.2)
COMPILED	fh@daniel.ipg 2016-08-15 11:58:04
SIM_START	r25m_circle_ELD_slowAcc_stiff_cold	2017-07-20 17:08:38
TIME	0.001
WARNING		PowerTrain OpenXWD: No selected PowerTrainXWD model; calculation using DVA is possible, but without 'integration substepping'
TIME	0.000
SIMULATE	r25m_circle_ELD_slowAcc_stiff_cold

TIME	29.309
SIM_END		r25m_circle_ELD_slowAcc_stiff_cold	29.305s	21.3709m
APPLICATION	CarMaker 5.1.2 - Car_Generic #644 (5.1.2)
COMPILED	fh@daniel.ipg 2016-08-15 11:58:04
SIM_START	r25m_circle_ELD_slowAcc_stiff_cold	2017-07-20 17:09:12
TIME	0.001
WARNING		PowerTrain OpenXWD: No selected PowerTrainXWD model; calculation using DVA is possible, but without 'integration substepping'
TIME	0.000
SIMULATE	r25m_circle_ELD_slowAcc_stiff_cold

TIME	22.037
SIM_END		r25m_circle_ELD_slowAcc_stiff_cold	22.036s	642.285m
APPLICATION	CarMaker 5.1.2 - Car_Generic #644 (5.1.2)
COMPILED	fh@daniel.ipg 2016-08-15 11:58:04
SIM_START	r25m_circle_ELD_slowAcc_stiff_cold	2017-07-20 17:09:52
TIME	0.001
WARNING		PowerTrain OpenXWD: No selected PowerTrainXWD model; calculation using DVA is possible, but without 'integration substepping'
TIME	0.000
SIMULATE	r25m_circle_ELD_slowAcc_stiff_cold

TIME	22.037
SIM_END		r25m_circle_ELD_slowAcc_stiff_cold	22.036s	642.284m
APPLICATION	CarMaker 5.1.2 - Car_Generic #644 (5.1.2)
COMPILED	fh@daniel.ipg 2016-08-15 11:58:04
SIM_START	r25m_circle_ELD_slowAcc_stiff_cold	2017-07-20 17:12:36
TIME	0.001
WARNING		PowerTrain OpenXWD: No selected PowerTrainXWD model; calculation using DVA is possible, but without 'integration substepping'
TIME	0.000
SIMULATE	r25m_circle_ELD_slowAcc_stiff_cold

TIME	22.037
SIM_END		r25m_circle_ELD_slowAcc_stiff_cold	22.036s	642.284m
APPLICATION	CarMaker 5.1.2 - Car_Generic #644 (5.1.2)
COMPILED	fh@daniel.ipg 2016-08-15 11:58:04
SIM_START	r25m_circle_ELD_slowAcc_stiff_cold	2017-07-20 17:24:33
TIME	0.001
WARNING		PowerTrain OpenXWD: No selected PowerTrainXWD model; calculation using DVA is possible, but without 'integration substepping'
TIME	0.000
SIMULATE	r25m_circle_ELD_slowAcc_stiff_cold

TIME	22.037
SIM_END		r25m_circle_ELD_slowAcc_stiff_cold	22.036s	642.284m
APPLICATION	CarMaker 5.1.2 - Car_Generic #644 (5.1.2)
COMPILED	fh@daniel.ipg 2016-08-15 11:58:04
SIM_START	lane_change_ELD	2017-07-20 17:51:07
TIME	0.001
WARNING		PowerTrain OpenXWD: No selected PowerTrainXWD model; calculation using DVA is possible, but without 'integration substepping'
TIME	0.000
SIMULATE	lane_change_ELD

TIME	22.037
SIM_END		lane_change_ELD	22.036s	642.284m
APPLICATION	CarMaker 5.1.2 - Car_Generic #644 (5.1.2)
COMPILED	fh@daniel.ipg 2016-08-15 11:58:04
SIM_START	lane_change_ELD	2017-07-20 18:08:55
TIME	0.001
WARNING		PowerTrain OpenXWD: No selected PowerTrainXWD model; calculation using DVA is possible, but without 'integration substepping'
TIME	0.000
SIMULATE	lane_change_ELD

TIME	22.037
SIM_END		lane_change_ELD	22.036s	642.284m
APPLICATION	CarMaker 5.1.2 - Car_Generic #644 (5.1.2)
COMPILED	fh@daniel.ipg 2016-08-15 11:58:04
SIM_START	lane_change_ELD	2017-07-20 18:18:52
TIME	0.001
WARNING		PowerTrain OpenXWD: No selected PowerTrainXWD model; calculation using DVA is possible, but without 'integration substepping'
TIME	0.000
SIMULATE	lane_change_ELD

TIME	21.892
SIM_END		lane_change_ELD	21.891s	642.287m
APPLICATION	CarMaker 5.1.2 - Car_Generic #644 (5.1.2)
COMPILED	fh@daniel.ipg 2016-08-15 11:58:04
SIM_START	lane_change_ELD	2017-07-20 18:22:00
TIME	0.001
WARNING		PowerTrain OpenXWD: No selected PowerTrainXWD model; calculation using DVA is possible, but without 'integration substepping'
TIME	0.000
SIMULATE	lane_change_ELD

TIME	21.194
SIM_END		lane_change_ELD	21.19s	620.72m
APPLICATION	CarMaker 5.1.2 - Car_Generic #644 (5.1.2)
COMPILED	fh@daniel.ipg 2016-08-15 11:58:04
SIM_START	lane_change_ELD	2017-07-20 18:24:18
TIME	0.001
WARNING		PowerTrain OpenXWD: No selected PowerTrainXWD model; calculation using DVA is possible, but without 'integration substepping'
TIME	0.000
SIMULATE	lane_change_ELD

TIME	19.434
SIM_END		lane_change_ELD	19.43s	566.343m
APPLICATION	CarMaker 5.1.2 - Car_Generic #644 (5.1.2)
COMPILED	fh@daniel.ipg 2016-08-15 11:58:04
SIM_START	lane_change_ELD	2017-07-20 18:31:26
TIME	0.001
WARNING		PowerTrain OpenXWD: No selected PowerTrainXWD model; calculation using DVA is possible, but without 'integration substepping'
TIME	0.000
SIMULATE	lane_change_ELD

TIME	24.201
SIM_END		lane_change_ELD	24.2s	642.297m
APPLICATION	CarMaker 5.1.2 - Car_Generic #644 (5.1.2)
COMPILED	fh@daniel.ipg 2016-08-15 11:58:04
SIM_START	lane_change_ELD	2017-07-20 18:56:26
TIME	0.001
WARNING		PowerTrain OpenXWD: No selected PowerTrainXWD model; calculation using DVA is possible, but without 'integration substepping'
TIME	0.000
SIMULATE	lane_change_ELD

TIME	30.931
SIM_END		lane_change_ELD	30.927s	496.76m
APPLICATION	CarMaker 5.1.2 - Car_Generic #644 (5.1.2)
COMPILED	fh@daniel.ipg 2016-08-15 11:58:04
SIM_START	lane_change_ELD	2017-07-20 18:58:30
TIME	0.001
WARNING		PowerTrain OpenXWD: No selected PowerTrainXWD model; calculation using DVA is possible, but without 'integration substepping'
TIME	0.000
SIMULATE	lane_change_ELD

TIME	31.007
SIM_END		lane_change_ELD	31.006s	497.524m
APPLICATION	CarMaker 5.1.2 - Car_Generic #644 (5.1.2)
COMPILED	fh@daniel.ipg 2016-08-15 11:58:04
SIM_START	lane_change_ELD	2017-07-20 19:25:43
TIME	0.001
WARNING		PowerTrain OpenXWD: No selected PowerTrainXWD model; calculation using DVA is possible, but without 'integration substepping'
TIME	0.000
SIMULATE	lane_change_ELD

TIME	31.007
SIM_END		lane_change_ELD	31.006s	496.394m
APPLICATION	CarMaker 5.1.2 - Car_Generic #644 (5.1.2)
COMPILED	fh@daniel.ipg 2016-08-15 11:58:04
SIM_START	step_steer_loose_control_bad_ELD	2017-07-20 19:33:56
TIME	0.001
WARNING		PowerTrain OpenXWD: No selected PowerTrainXWD model; calculation using DVA is possible, but without 'integration substepping'
TIME	0.000
SIMULATE	step_steer_loose_control_bad_ELD

TIME	3.023
ERROR		Roll angle too high (-80.13 deg)
SIM_ABORT	step_steer_loose_control_bad_ELD	3.025s	33.2885m
APPLICATION	CarMaker 5.1.2 - Car_Generic #644 (5.1.2)
COMPILED	fh@daniel.ipg 2016-08-15 11:58:04
SIM_START	step_steer_loose_control_bad_ELD	2017-07-20 19:35:12
TIME	0.001
WARNING		PowerTrain OpenXWD: No selected PowerTrainXWD model; calculation using DVA is possible, but without 'integration substepping'
TIME	0.000
SIMULATE	step_steer_loose_control_bad_ELD

TIME	4.595
ERROR		Roll angle too high (-80.08 deg)
SIM_ABORT	step_steer_loose_control_bad_ELD	4.597s	47.8083m
APPLICATION	CarMaker 5.1.2 - Car_Generic #644 (5.1.2)
COMPILED	fh@daniel.ipg 2016-08-15 11:58:04
SIM_START	step_steer_loose_control_bad_ELD	2017-07-20 19:35:47
TIME	0.001
WARNING		PowerTrain OpenXWD: No selected PowerTrainXWD model; calculation using DVA is possible, but without 'integration substepping'
TIME	0.000
SIMULATE	step_steer_loose_control_bad_ELD

TIME	21.606
SIM_END		step_steer_loose_control_bad_ELD	21.605s	256.671m
APPLICATION	CarMaker 5.1.2 - Car_Generic #644 (5.1.2)
COMPILED	fh@daniel.ipg 2016-08-15 11:58:04
SIM_START	step_steer_loose_control_bad_ELD	2017-07-20 19:37:09
TIME	0.001
WARNING		PowerTrain OpenXWD: No selected PowerTrainXWD model; calculation using DVA is possible, but without 'integration substepping'
TIME	0.000
SIMULATE	step_steer_loose_control_bad_ELD

TIME	21.820
SIM_END		step_steer_loose_control_bad_ELD	21.819s	256.872m
APPLICATION	CarMaker 5.1.2 - Car_Generic #644 (5.1.2)
COMPILED	fh@daniel.ipg 2016-08-15 11:58:04
SIM_START	step_steer_loose_control_bad_ELD	2017-07-20 19:37:46
TIME	0.001
WARNING		PowerTrain OpenXWD: No selected PowerTrainXWD model; calculation using DVA is possible, but without 'integration substepping'
TIME	0.000
SIMULATE	step_steer_loose_control_bad_ELD

TIME	21.835
SIM_END		step_steer_loose_control_bad_ELD	21.834s	256.992m
APPLICATION	CarMaker 5.1.2 - Car_Generic #644 (5.1.2)
COMPILED	fh@daniel.ipg 2016-08-15 11:58:04
SIM_START	step_steer_loose_control_bad_ELD	2017-07-20 19:38:32
TIME	0.001
WARNING		PowerTrain OpenXWD: No selected PowerTrainXWD model; calculation using DVA is possible, but without 'integration substepping'
TIME	0.000
SIMULATE	step_steer_loose_control_bad_ELD

TIME	10.719
ERROR		Vehicle leaves road at about x=17.0677, y=3.89394 TireNo=0
SIM_ABORT	step_steer_loose_control_bad_ELD	10.721s	126.176m
APPLICATION	CarMaker 5.1.2 - Car_Generic #644 (5.1.2)
COMPILED	fh@daniel.ipg 2016-08-15 11:58:04
SIM_START	step_steer_loose_control_bad_ELD	2017-07-20 19:41:06
TIME	0.001
WARNING		PowerTrain OpenXWD: No selected PowerTrainXWD model; calculation using DVA is possible, but without 'integration substepping'
TIME	0.000
SIMULATE	step_steer_loose_control_bad_ELD

TIME	10.931
ERROR		Vehicle leaves road at about x=17.7066, y=4.19637 TireNo=0
SIM_ABORT	step_steer_loose_control_bad_ELD	10.933s	128.768m
APPLICATION	CarMaker 5.1.2 - Car_Generic #644 (5.1.2)
COMPILED	fh@daniel.ipg 2016-08-15 11:58:04
SIM_START	step_steer_loose_control_bad_ELD	2017-07-20 19:41:44
TIME	0.001
WARNING		PowerTrain OpenXWD: No selected PowerTrainXWD model; calculation using DVA is possible, but without 'integration substepping'
TIME	0.000
SIMULATE	step_steer_loose_control_bad_ELD

TIME	21.380
SIM_END		step_steer_loose_control_bad_ELD	21.379s	258.511m
APPLICATION	CarMaker 5.1.2 - Car_Generic #644 (5.1.2)
COMPILED	fh@daniel.ipg 2016-08-15 11:58:04
SIM_START	step_steer_loose_control_bad_ELD	2017-07-20 19:52:23
TIME	0.001
WARNING		PowerTrain OpenXWD: No selected PowerTrainXWD model; calculation using DVA is possible, but without 'integration substepping'
TIME	0.000
SIMULATE	step_steer_loose_control_bad_ELD

TIME	21.519
SIM_END		step_steer_loose_control_bad_ELD	21.518s	258.638m
APPLICATION	CarMaker 5.1.2 - Car_Generic #644 (5.1.2)
COMPILED	fh@daniel.ipg 2016-08-15 11:58:04
SIM_START	step_steer_loose_control_bad_ELD	2017-07-20 19:53:17
TIME	0.001
WARNING		PowerTrain OpenXWD: No selected PowerTrainXWD model; calculation using DVA is possible, but without 'integration substepping'
TIME	0.000
SIMULATE	step_steer_loose_control_bad_ELD

TIME	22.256
SIM_END		step_steer_loose_control_bad_ELD	22.255s	257.585m
APPLICATION	CarMaker 5.1.2 - Car_Generic #644 (5.1.2)
COMPILED	fh@daniel.ipg 2016-08-15 11:58:04
SIM_START	step_steer_loose_control_bad_ELD	2017-07-20 19:53:53
TIME	0.001
WARNING		PowerTrain OpenXWD: No selected PowerTrainXWD model; calculation using DVA is possible, but without 'integration substepping'
TIME	0.000
SIMULATE	step_steer_loose_control_bad_ELD

TIME	22.256
SIM_END		step_steer_loose_control_bad_ELD	22.255s	257.585m
APPLICATION	CarMaker 5.1.2 - Car_Generic #644 (5.1.2)
COMPILED	fh@daniel.ipg 2016-08-15 11:58:04
SIM_START	step_steer_loose_control_bad_ELD	2017-07-20 19:54:44
TIME	0.001
WARNING		PowerTrain OpenXWD: No selected PowerTrainXWD model; calculation using DVA is possible, but without 'integration substepping'
TIME	0.000
SIMULATE	step_steer_loose_control_bad_ELD

TIME	22.265
SIM_END		step_steer_loose_control_bad_ELD	22.264s	257.852m
APPLICATION	CarMaker 5.1.2 - Car_Generic #644 (5.1.2)
COMPILED	fh@daniel.ipg 2016-08-15 11:58:04
SIM_START	step_steer_loose_control_bad_ELD	2017-07-20 19:55:46
TIME	0.001
WARNING		PowerTrain OpenXWD: No selected PowerTrainXWD model; calculation using DVA is possible, but without 'integration substepping'
TIME	0.000
SIMULATE	step_steer_loose_control_bad_ELD

TIME	22.464
ERROR		Roll angle too high (-80.10 deg)
SIM_ABORT	step_steer_loose_control_bad_ELD	22.466s	235.25m
APPLICATION	CarMaker 5.1.2 - Car_Generic #644 (5.1.2)
COMPILED	fh@daniel.ipg 2016-08-15 11:58:04
SIM_START	step_steer_loose_control_bad_ELD	2017-07-20 19:57:31
TIME	0.001
WARNING		PowerTrain OpenXWD: No selected PowerTrainXWD model; calculation using DVA is possible, but without 'integration substepping'
TIME	0.000
SIMULATE	step_steer_loose_control_bad_ELD

TIME	24.319
SIM_END		step_steer_loose_control_bad_ELD	24.318s	260.958m
APPLICATION	CarMaker 5.1.2 - Car_Generic #644 (5.1.2)
COMPILED	fh@daniel.ipg 2016-08-15 11:58:04
SIM_START	step_steer_loose_control_bad_ELD	2017-07-20 19:58:14
TIME	0.001
WARNING		PowerTrain OpenXWD: No selected PowerTrainXWD model; calculation using DVA is possible, but without 'integration substepping'
TIME	0.000
SIMULATE	step_steer_loose_control_bad_ELD

TIME	23.894
SIM_END		step_steer_loose_control_bad_ELD	23.893s	260.366m
APPLICATION	CarMaker 5.1.2 - Car_Generic #644 (5.1.2)
COMPILED	fh@daniel.ipg 2016-08-15 11:58:04
SIM_START	step_steer_loose_control_bad_ELD	2017-07-20 19:58:54
TIME	0.001
WARNING		PowerTrain OpenXWD: No selected PowerTrainXWD model; calculation using DVA is possible, but without 'integration substepping'
TIME	0.000
SIMULATE	step_steer_loose_control_bad_ELD

TIME	23.894
SIM_END		step_steer_loose_control_bad_ELD	23.893s	260.366m
APPLICATION	CarMaker 5.1.2 - Car_Generic #644 (5.1.2)
COMPILED	fh@daniel.ipg 2016-08-15 11:58:04
SIM_START	step_steer_loose_control_bad_ELD	2017-07-20 19:59:33
TIME	0.001
WARNING		PowerTrain OpenXWD: No selected PowerTrainXWD model; calculation using DVA is possible, but without 'integration substepping'
TIME	0.000
SIMULATE	step_steer_loose_control_bad_ELD

TIME	23.873
SIM_END		step_steer_loose_control_bad_ELD	23.872s	260.403m
APPLICATION	CarMaker 5.1.2 - Car_Generic #644 (5.1.2)
COMPILED	fh@daniel.ipg 2016-08-15 11:58:04
SIM_START	step_steer_loose_control_bad_ELD	2017-07-20 20:02:18
TIME	0.001
WARNING		PowerTrain OpenXWD: No selected PowerTrainXWD model; calculation using DVA is possible, but without 'integration substepping'
TIME	0.000
SIMULATE	step_steer_loose_control_bad_ELD

TIME	16.828
ERROR		Roll angle too high (80.14 deg)
SIM_ABORT	step_steer_loose_control_bad_ELD	16.83s	156.647m
APPLICATION	CarMaker 5.1.2 - Car_Generic #644 (5.1.2)
COMPILED	fh@daniel.ipg 2016-08-15 11:58:04
SIM_START	step_steer_loose_control_bad_ELD	2017-07-20 20:03:12
TIME	0.001
WARNING		PowerTrain OpenXWD: No selected PowerTrainXWD model; calculation using DVA is possible, but without 'integration substepping'
TIME	0.000
SIMULATE	step_steer_loose_control_bad_ELD

TIME	24.682
SIM_END		step_steer_loose_control_bad_ELD	24.681s	259.965m
APPLICATION	CarMaker 5.1.2 - Car_Generic #644 (5.1.2)
COMPILED	fh@daniel.ipg 2016-08-15 11:58:04
SIM_START	step_steer_loose_control_bad_ELD	2017-07-20 20:05:13
TIME	0.001
WARNING		PowerTrain OpenXWD: No selected PowerTrainXWD model; calculation using DVA is possible, but without 'integration substepping'
TIME	0.000
SIMULATE	step_steer_loose_control_bad_ELD

TIME	25.030
SIM_END		step_steer_loose_control_bad_ELD	25.029s	263.056m
APPLICATION	CarMaker 5.1.2 - Car_Generic #644 (5.1.2)
COMPILED	fh@daniel.ipg 2016-08-15 11:58:04
SIM_START	step_steer_loose_control_bad_ELD	2017-07-20 20:06:50
TIME	0.001
WARNING		PowerTrain OpenXWD: No selected PowerTrainXWD model; calculation using DVA is possible, but without 'integration substepping'
TIME	0.000
SIMULATE	step_steer_loose_control_bad_ELD

TIME	24.700
SIM_END		step_steer_loose_control_bad_ELD	24.699s	259.751m
APPLICATION	CarMaker 5.1.2 - Car_Generic #644 (5.1.2)
COMPILED	fh@daniel.ipg 2016-08-15 11:58:04
SIM_START	step_steer_loose_control_bad_ELD	2017-07-20 20:12:21
TIME	0.001
WARNING		PowerTrain OpenXWD: No selected PowerTrainXWD model; calculation using DVA is possible, but without 'integration substepping'
TIME	0.000
SIMULATE	step_steer_loose_control_bad_ELD

TIME	24.709
SIM_END		step_steer_loose_control_bad_ELD	24.708s	259.732m
APPLICATION	CarMaker 5.1.2 - Car_Generic #644 (5.1.2)
COMPILED	fh@daniel.ipg 2016-08-15 11:58:04
SIM_START	step_steer_loose_control_bad_ELD	2017-07-20 20:14:22
TIME	0.001
WARNING		PowerTrain OpenXWD: No selected PowerTrainXWD model; calculation using DVA is possible, but without 'integration substepping'
TIME	0.000
SIMULATE	step_steer_loose_control_bad_ELD

TIME	24.700
SIM_END		step_steer_loose_control_bad_ELD	24.699s	259.751m
APPLICATION	CarMaker 5.1.2 - Car_Generic #644 (5.1.2)
COMPILED	fh@daniel.ipg 2016-08-15 11:58:04
SIM_START	step_steer_loose_control_bad_ELD	2017-07-21 14:22:57
TIME	0.001
WARNING		PowerTrain OpenXWD: No selected PowerTrainXWD model; calculation using DVA is possible, but without 'integration substepping'
TIME	0.000
SIMULATE	step_steer_loose_control_bad_ELD

TIME	10.280
ERROR		Roll angle too high (-80.08 deg)
SIM_ABORT	step_steer_loose_control_bad_ELD	10.282s	116.856m
APPLICATION	CarMaker 5.1.2 - Car_Generic #644 (5.1.2)
COMPILED	fh@daniel.ipg 2016-08-15 11:58:04
SIM_START	step_steer_loose_control_bad_ELD	2017-07-21 14:23:30
TIME	0.001
WARNING		PowerTrain OpenXWD: No selected PowerTrainXWD model; calculation using DVA is possible, but without 'integration substepping'
TIME	0.000
SIMULATE	step_steer_loose_control_bad_ELD

TIME	22.550
SIM_END		step_steer_loose_control_bad_ELD	22.549s	259.799m
APPLICATION	CarMaker 5.1.2 - Car_Generic #644 (5.1.2)
COMPILED	fh@daniel.ipg 2016-08-15 11:58:04
SIM_START	step_steer_loose_control_bad_ELD	2017-07-21 14:25:01
TIME	0.001
WARNING		PowerTrain OpenXWD: No selected PowerTrainXWD model; calculation using DVA is possible, but without 'integration substepping'
TIME	0.000
SIMULATE	step_steer_loose_control_bad_ELD

TIME	22.550
SIM_END		step_steer_loose_control_bad_ELD	22.549s	259.799m
APPLICATION	CarMaker 5.1.2 - Car_Generic #644 (5.1.2)
COMPILED	fh@daniel.ipg 2016-08-15 11:58:04
SIM_START	step_steer_loose_control_bad_ELD	2017-07-21 14:27:39
TIME	0.001
WARNING		PowerTrain OpenXWD: No selected PowerTrainXWD model; calculation using DVA is possible, but without 'integration substepping'
TIME	0.000
SIMULATE	step_steer_loose_control_bad_ELD

TIME	22.550
SIM_END		step_steer_loose_control_bad_ELD	22.549s	259.799m
APPLICATION	CarMaker 5.1.2 - Car_Generic #644 (5.1.2)
COMPILED	fh@daniel.ipg 2016-08-15 11:58:04
SIM_START	step_steer_loose_control_bad_ELD	2017-07-21 14:28:33
TIME	0.001
WARNING		PowerTrain OpenXWD: No selected PowerTrainXWD model; calculation using DVA is possible, but without 'integration substepping'
TIME	0.000
SIMULATE	step_steer_loose_control_bad_ELD

TIME	22.550
SIM_END		step_steer_loose_control_bad_ELD	22.549s	259.799m
