APPLICATION	CarMaker 5.1.2 - Car_Generic #644 (5.1.2)
COMPILED	fh@daniel.ipg 2016-08-15 11:58:04
SIM_START	Examples_FS/FS_Competition_Germany_2006	2017-03-28 12:32:08
TIME	0.001
WARNING		PowerTrain OpenXWD: No selected PowerTrainXWD model; calculation using DVA is possible, but without 'integration substepping'
TIME	0.000
SIMULATE	Examples_FS/FS_Competition_Germany_2006

TIME	8.630
SIM_END		Examples_FS/FS_Competition_Germany_2006	8.626s	0.000401716m
APPLICATION	CarMaker 5.1.2 - Car_Generic #644 (5.1.2)
COMPILED	fh@daniel.ipg 2016-08-15 11:58:04
SIM_START	Examples_FS/FS_Competition_Germany_2006	2017-03-28 12:33:51
TIME	0.001
WARNING		PowerTrain OpenXWD: No selected PowerTrainXWD model; calculation using DVA is possible, but without 'integration substepping'
TIME	0.000
SIMULATE	Examples_FS/FS_Competition_Germany_2006

TIME	60.004
SIM_END		Examples_FS/FS_Competition_Germany_2006	60s	26.8069m
APPLICATION	CarMaker 5.1.2 - Car_Generic #644 (5.1.2)
COMPILED	fh@daniel.ipg 2016-08-15 11:58:04
SIM_START	Examples_FS/FS_Competition_Germany_2006	2017-03-28 12:35:21
TIME	0.001
WARNING		PowerTrain OpenXWD: No selected PowerTrainXWD model; calculation using DVA is possible, but without 'integration substepping'
TIME	0.000
SIMULATE	Examples_FS/FS_Competition_Germany_2006

TIME	49.862
SIM_END		Examples_FS/FS_Competition_Germany_2006	49.858s	346.584m
APPLICATION	CarMaker 5.1.2 - Car_Generic #644 (5.1.2)
COMPILED	fh@daniel.ipg 2016-08-15 11:58:04
SIM_START	Examples_FS/FS_Competition_Germany_2006	2017-03-28 12:36:54
TIME	0.001
WARNING		PowerTrain OpenXWD: No selected PowerTrainXWD model; calculation using DVA is possible, but without 'integration substepping'
TIME	0.000
SIMULATE	Examples_FS/FS_Competition_Germany_2006

TIME	60.004
SIM_END		Examples_FS/FS_Competition_Germany_2006	60s	367.14m
APPLICATION	CarMaker 5.1.2 - Car_Generic #644 (5.1.2)
COMPILED	fh@daniel.ipg 2016-08-15 11:58:04
SIM_START	Examples_FS/FS_Competition_Germany_2006	2017-03-28 12:38:18
TIME	0.001
WARNING		PowerTrain OpenXWD: No selected PowerTrainXWD model; calculation using DVA is possible, but without 'integration substepping'
TIME	0.000
SIMULATE	Examples_FS/FS_Competition_Germany_2006

TIME	60.004
SIM_END		Examples_FS/FS_Competition_Germany_2006	60s	242.515m
APPLICATION	CarMaker 5.1.2 - Car_Generic #644 (5.1.2)
COMPILED	fh@daniel.ipg 2016-08-15 11:58:04
SIM_START	Examples_FS/FS_Competition_Germany_2006	2017-03-28 12:39:41
TIME	0.001
WARNING		PowerTrain OpenXWD: No selected PowerTrainXWD model; calculation using DVA is possible, but without 'integration substepping'
TIME	0.000
SIMULATE	Examples_FS/FS_Competition_Germany_2006

TIME	60.004
SIM_END		Examples_FS/FS_Competition_Germany_2006	60s	389.145m
APPLICATION	CarMaker 5.1.2 - Car_Generic #644 (5.1.2)
COMPILED	fh@daniel.ipg 2016-08-15 11:58:04
SIM_START	Examples_FS/FS_Competition_Germany_2006	2017-03-28 12:41:22
TIME	0.001
WARNING		PowerTrain OpenXWD: No selected PowerTrainXWD model; calculation using DVA is possible, but without 'integration substepping'
TIME	0.000
SIMULATE	Examples_FS/FS_Competition_Germany_2006

TIME	60.004
SIM_END		Examples_FS/FS_Competition_Germany_2006	60s	448.892m
APPLICATION	CarMaker 5.1.2 - Car_Generic #644 (5.1.2)
COMPILED	fh@daniel.ipg 2016-08-15 11:58:04
SIM_START	Examples_FS/FS_Competition_Germany_2006	2017-03-28 13:11:42
TIME	0.001
WARNING		PowerTrain OpenXWD: No selected PowerTrainXWD model; calculation using DVA is possible, but without 'integration substepping'
TIME	0.000
SIMULATE	Examples_FS/FS_Competition_Germany_2006

TIME	60.004
SIM_END		Examples_FS/FS_Competition_Germany_2006	60s	479.3m
APPLICATION	CarMaker 5.1.2 - Car_Generic #644 (5.1.2)
COMPILED	fh@daniel.ipg 2016-08-15 11:58:04
SIM_START	Examples_FS/FS_Competition_Germany_2006	2017-03-28 13:13:07
TIME	0.001
WARNING		PowerTrain OpenXWD: No selected PowerTrainXWD model; calculation using DVA is possible, but without 'integration substepping'
TIME	0.000
SIMULATE	Examples_FS/FS_Competition_Germany_2006

TIME	62.660
SIM_END		Examples_FS/FS_Competition_Germany_2006	62.656s	505.952m
APPLICATION	CarMaker 5.1.2 - Car_Generic #644 (5.1.2)
COMPILED	fh@daniel.ipg 2016-08-15 11:58:04
SIM_START	Examples_FS/FS_Competition_Germany_2006	2017-03-28 13:14:31
TIME	0.001
WARNING		PowerTrain OpenXWD: No selected PowerTrainXWD model; calculation using DVA is possible, but without 'integration substepping'
TIME	0.000
SIMULATE	Examples_FS/FS_Competition_Germany_2006

TIME	95.865
SIM_END		Examples_FS/FS_Competition_Germany_2006	95.861s	701.199m
APPLICATION	CarMaker 5.1.2 - Car_Generic #644 (5.1.2)
COMPILED	fh@daniel.ipg 2016-08-15 11:58:04
SIM_START	Examples_FS/FS_Competition_Germany_2006	2017-03-28 13:16:42
TIME	0.001
WARNING		PowerTrain OpenXWD: No selected PowerTrainXWD model; calculation using DVA is possible, but without 'integration substepping'
TIME	0.000
SIMULATE	Examples_FS/FS_Competition_Germany_2006

TIME	59.330
SIM_END		Examples_FS/FS_Competition_Germany_2006	59.326s	469.483m
APPLICATION	CarMaker 5.1.2 - Car_Generic #644 (5.1.2)
COMPILED	fh@daniel.ipg 2016-08-15 11:58:04
SIM_START	Examples_FS/FS_Competition_Germany_2006	2017-03-28 13:26:36
TIME	0.001
WARNING		PowerTrain OpenXWD: No selected PowerTrainXWD model; calculation using DVA is possible, but without 'integration substepping'
TIME	0.000
SIMULATE	Examples_FS/FS_Competition_Germany_2006

TIME	101.481
		Lap   1: t= 101.480s	Dist=774.3176m	sRoad=1.0733m
TIME	166.658
SIM_END		Examples_FS/FS_Competition_Germany_2006	166.654s	1016.7m
APPLICATION	CarMaker 5.1.2 - Car_Generic #644 (5.1.2)
COMPILED	fh@daniel.ipg 2016-08-15 11:58:04
SIM_START	Examples_FS/FS_Competition_Germany_2006	2017-03-28 13:54:42
TIME	0.001
WARNING		PowerTrain OpenXWD: No selected PowerTrainXWD model; calculation using DVA is possible, but without 'integration substepping'
TIME	0.000
SIMULATE	Examples_FS/FS_Competition_Germany_2006

TIME	93.561
		Lap   1: t=  93.560s	Dist=776.5976m	sRoad=1.0817m
TIME	165.314
SIM_END		Examples_FS/FS_Competition_Germany_2006	165.31s	1275.6m
APPLICATION	CarMaker 5.1.2 - Car_Generic #644 (5.1.2)
COMPILED	fh@daniel.ipg 2016-08-15 11:58:04
SIM_START	Examples_FS/FS_Competition_Germany_2006	2017-03-28 14:38:35
TIME	0.001
WARNING		PowerTrain OpenXWD: No selected PowerTrainXWD model; calculation using DVA is possible, but without 'integration substepping'
TIME	0.000
SIMULATE	Examples_FS/FS_Competition_Germany_2006

TIME	91.886
		Lap   1: t=  91.885s	Dist=774.8346m	sRoad=1.0788m
TIME	158.531
		Lap   2: t=  66.645s	Dist=776.9335m	sRoad=1.0804m
TIME	180.004
SIM_END		Examples_FS/FS_Competition_Germany_2006	180s	1828.29m
APPLICATION	CarMaker 5.1.2 - Car_Generic #644 (5.1.2)
COMPILED	fh@daniel.ipg 2016-08-15 11:58:04
SIM_START	Examples_FS/FS_Competition_Germany_2006	2017-03-28 15:21:18
TIME	0.001
WARNING		PowerTrain OpenXWD: No selected PowerTrainXWD model; calculation using DVA is possible, but without 'integration substepping'
TIME	0.000
SIMULATE	Examples_FS/FS_Competition_Germany_2006

TIME	80.205
		Lap   1: t=  80.204s	Dist=774.8311m	sRoad=1.0778m
TIME	146.854
		Lap   2: t=  66.649s	Dist=776.9318m	sRoad=1.0741m
TIME	180.004
SIM_END		Examples_FS/FS_Competition_Germany_2006	180s	1939.71m
APPLICATION	CarMaker 5.1.2 - Car_Generic #644 (5.1.2)
COMPILED	fh@daniel.ipg 2016-08-15 11:58:04
SIM_START	Examples_FS/FS_Competition_Germany_2006	2017-03-28 16:15:45
TIME	0.001
WARNING		PowerTrain OpenXWD: No selected PowerTrainXWD model; calculation using DVA is possible, but without 'integration substepping'
TIME	0.000
SIMULATE	Examples_FS/FS_Competition_Germany_2006

TIME	116.867
		Lap   1: t= 116.866s	Dist=774.9900m	sRoad=1.0715m
TIME	185.396
		Lap   2: t=  68.529s	Dist=775.9728m	sRoad=1.0727m
TIME	253.858
		Lap   3: t=  68.462s	Dist=775.8803m	sRoad=1.0764m
TIME	300.004
SIM_END		Examples_FS/FS_Competition_Germany_2006	300s	2844.16m
APPLICATION	CarMaker 5.1.2 - Car_Generic #644 (5.1.2)
COMPILED	fh@daniel.ipg 2016-08-15 11:58:04
SIM_START	Examples_FS/FS_Competition_Germany_2006	2017-03-28 16:50:03
TIME	0.001
WARNING		PowerTrain OpenXWD: No selected PowerTrainXWD model; calculation using DVA is possible, but without 'integration substepping'
TIME	0.000
SIMULATE	Examples_FS/FS_Competition_Germany_2006

TIME	105.945
		Lap   1: t= 105.944s	Dist=774.8441m	sRoad=1.0757m
TIME	177.618
		Lap   2: t=  71.673s	Dist=777.3429m	sRoad=1.0800m
TIME	300.004
SIM_END		Examples_FS/FS_Competition_Germany_2006	300s	2170.86m
APPLICATION	CarMaker 5.1.2 - Car_Generic #644 (5.1.2)
COMPILED	fh@daniel.ipg 2016-08-15 11:58:04
SIM_START	Examples_FS/FS_Competition_Germany_2006	2017-03-28 17:18:51
TIME	0.001
WARNING		PowerTrain OpenXWD: No selected PowerTrainXWD model; calculation using DVA is possible, but without 'integration substepping'
TIME	0.000
SIMULATE	Examples_FS/FS_Competition_Germany_2006

TIME	150.318
		Lap   1: t= 150.317s	Dist=779.0989m	sRoad=1.0781m
TIME	176.412
SIM_END		Examples_FS/FS_Competition_Germany_2006	176.408s	888.431m
APPLICATION	CarMaker 5.1.2 - Car_Generic #644 (5.1.2)
COMPILED	fh@daniel.ipg 2016-08-15 11:58:04
SIM_START	Examples_FS/FS_Competition_Germany_2006	2017-03-28 17:40:22
TIME	0.001
WARNING		PowerTrain OpenXWD: No selected PowerTrainXWD model; calculation using DVA is possible, but without 'integration substepping'
TIME	0.000
SIMULATE	Examples_FS/FS_Competition_Germany_2006

TIME	131.423
		Lap   1: t= 131.422s	Dist=777.2703m	sRoad=1.0743m
TIME	300.004
SIM_END		Examples_FS/FS_Competition_Germany_2006	300s	1276.75m
APPLICATION	CarMaker 5.1.2 - Car_Generic #644 (5.1.2)
COMPILED	fh@daniel.ipg 2016-08-15 11:58:04
SIM_START	Examples_FS/FS_Competition_Germany_2006	2017-03-28 17:46:04
TIME	0.001
WARNING		PowerTrain OpenXWD: No selected PowerTrainXWD model; calculation using DVA is possible, but without 'integration substepping'
TIME	0.000
SIMULATE	Examples_FS/FS_Competition_Germany_2006

TIME	300.004
SIM_END		Examples_FS/FS_Competition_Germany_2006	300s	222.102m
APPLICATION	CarMaker 5.1.2 - Car_Generic #644 (5.1.2)
COMPILED	fh@daniel.ipg 2016-08-15 11:58:04
SIM_START	Examples_FS/FS_Competition_Germany_2006	2017-03-28 18:34:01
TIME	0.001
WARNING		PowerTrain OpenXWD: No selected PowerTrainXWD model; calculation using DVA is possible, but without 'integration substepping'
TIME	0.000
SIMULATE	Examples_FS/FS_Competition_Germany_2006

TIME	226.260
		Lap   1: t= 226.259s	Dist=778.2375m	sRoad=1.0791m
TIME	300.004
SIM_END		Examples_FS/FS_Competition_Germany_2006	300s	887.591m
APPLICATION	CarMaker 5.1.2 - Car_Generic #644 (5.1.2)
COMPILED	fh@daniel.ipg 2016-08-15 11:58:04
SIM_START	Examples_FS/FS_Competition_Germany_2006	2017-03-28 20:14:08
TIME	0.001
WARNING		PowerTrain OpenXWD: No selected PowerTrainXWD model; calculation using DVA is possible, but without 'integration substepping'
TIME	0.000
SIMULATE	Examples_FS/FS_Competition_Germany_2006

TIME	158.151
		Lap   1: t= 158.150s	Dist=774.9550m	sRoad=1.0726m
TIME	226.591
		Lap   2: t=  68.440s	Dist=776.1053m	sRoad=1.0739m
TIME	294.979
		Lap   3: t=  68.388s	Dist=776.0300m	sRoad=1.0727m
TIME	300.004
SIM_END		Examples_FS/FS_Competition_Germany_2006	300s	2394.01m
APPLICATION	CarMaker 5.1.2 - Car_Generic #644 (5.1.2)
COMPILED	fh@daniel.ipg 2016-08-15 11:58:04
SIM_START	Examples_FS/FS_Competition_Germany_2006	2017-03-29 13:12:14
TIME	0.001
WARNING		PowerTrain OpenXWD: No selected PowerTrainXWD model; calculation using DVA is possible, but without 'integration substepping'
TIME	0.000
SIMULATE	Examples_FS/FS_Competition_Germany_2006

TIME	230.700
		Lap   1: t= 230.699s	Dist=775.0735m	sRoad=1.0736m
TIME	299.455
		Lap   2: t=  68.755s	Dist=776.9863m	sRoad=1.0789m
SIM_END		Examples_FS/FS_Competition_Germany_2006	300s	1559.17m
APPLICATION	CarMaker 5.1.2 - Car_Generic #644 (5.1.2)
COMPILED	fh@daniel.ipg 2016-08-15 11:58:04
SIM_START	Examples_FS/FS_Competition_Germany_2006	2017-03-29 13:17:27
TIME	0.001
WARNING		PowerTrain OpenXWD: No selected PowerTrainXWD model; calculation using DVA is possible, but without 'integration substepping'
TIME	0.000
SIMULATE	Examples_FS/FS_Competition_Germany_2006

TIME	173.529
		Lap   1: t= 173.528s	Dist=776.6834m	sRoad=1.0790m
TIME	239.608
		Lap   2: t=  66.079s	Dist=776.8288m	sRoad=1.0724m
TIME	300.004
SIM_END		Examples_FS/FS_Competition_Germany_2006	300s	2268.02m
APPLICATION	CarMaker 5.1.2 - Car_Generic #644 (5.1.2)
COMPILED	fh@daniel.ipg 2016-08-15 11:58:04
SIM_START	Examples_FS/FS_Competition_Germany_2006	2017-03-29 13:47:46
TIME	0.001
WARNING		PowerTrain OpenXWD: No selected PowerTrainXWD model; calculation using DVA is possible, but without 'integration substepping'
TIME	0.000
SIMULATE	Examples_FS/FS_Competition_Germany_2006

TIME	121.010
		Lap   1: t= 121.009s	Dist=774.9524m	sRoad=1.0767m
TIME	187.497
		Lap   2: t=  66.487s	Dist=776.6951m	sRoad=1.0818m
TIME	254.222
		Lap   3: t=  66.725s	Dist=776.9838m	sRoad=1.0755m
TIME	300.004
SIM_END		Examples_FS/FS_Competition_Germany_2006	300s	2851.67m
APPLICATION	CarMaker 5.1.2 - Car_Generic #644 (5.1.2)
COMPILED	fh@daniel.ipg 2016-08-15 11:58:04
SIM_START	Examples_FS/FS_Competition_Germany_2006	2017-03-29 14:24:22
TIME	0.001
WARNING		PowerTrain OpenXWD: No selected PowerTrainXWD model; calculation using DVA is possible, but without 'integration substepping'
TIME	0.000
SIMULATE	Examples_FS/FS_Competition_Germany_2006

TIME	69.613
		Lap   1: t=  69.612s	Dist=774.8817m	sRoad=1.0800m
TIME	136.004
		Lap   2: t=  66.391s	Dist=776.6359m	sRoad=1.0741m
TIME	202.267
		Lap   3: t=  66.263s	Dist=776.6276m	sRoad=1.0792m
TIME	204.524
SIM_END		Examples_FS/FS_Competition_Germany_2006	204.52s	2357.05m
