APPLICATION	CarMaker 5.1.2 - Car_Generic #644 (5.1.2)
COMPILED	fh@daniel.ipg 2016-08-15 11:58:04
SIM_START	FS_Competition_Germany_2006_ELD	2017-06-15 00:31:41
TIME	0.001
WARNING		PowerTrain OpenXWD: No selected PowerTrainXWD model; calculation using DVA is possible, but without 'integration substepping'
TIME	0.000
SIMULATE	FS_Competition_Germany_2006_ELD

TIME	407.754
SIM_END		FS_Competition_Germany_2006_ELD	407.75s	5277.46m
APPLICATION	CarMaker 5.1.2 - Car_Generic #644 (5.1.2)
COMPILED	fh@daniel.ipg 2016-08-15 11:58:04
SIM_START	FS_Competition_Germany_2006_ELD	2017-06-15 01:02:30
TIME	0.001
WARNING		PowerTrain OpenXWD: No selected PowerTrainXWD model; calculation using DVA is possible, but without 'integration substepping'
TIME	0.000
SIMULATE	FS_Competition_Germany_2006_ELD

TIME	8.514
SIM_END		FS_Competition_Germany_2006_ELD	8.51s	93.1894m
APPLICATION	CarMaker 5.1.2 - Car_Generic #644 (5.1.2)
COMPILED	fh@daniel.ipg 2016-08-15 11:58:04
SIM_START	FS_Competition_Germany_2006_ELD	2017-06-15 01:19:41
TIME	0.001
WARNING		PowerTrain OpenXWD: No selected PowerTrainXWD model; calculation using DVA is possible, but without 'integration substepping'
TIME	0.000
SIMULATE	FS_Competition_Germany_2006_ELD

TIME	8.504
SIM_END		FS_Competition_Germany_2006_ELD	8.5s	93.0267m
APPLICATION	CarMaker 5.1.2 - Car_Generic #644 (5.1.2)
COMPILED	fh@daniel.ipg 2016-08-15 11:58:04
SIM_START	FS_Competition_Germany_2006_ELD	2017-06-15 01:22:05
TIME	0.001
WARNING		PowerTrain OpenXWD: No selected PowerTrainXWD model; calculation using DVA is possible, but without 'integration substepping'
TIME	0.000
SIMULATE	FS_Competition_Germany_2006_ELD

TIME	198.954
SIM_END		FS_Competition_Germany_2006_ELD	198.95s	2601.14m
APPLICATION	CarMaker 5.1.2 - Car_Generic #644 (5.1.2)
COMPILED	fh@daniel.ipg 2016-08-15 11:58:04
SIM_START	FS_Competition_Germany_2006_ELD	2017-06-15 01:27:24
TIME	0.001
WARNING		PowerTrain OpenXWD: No selected PowerTrainXWD model; calculation using DVA is possible, but without 'integration substepping'
TIME	0.000
SIMULATE	FS_Competition_Germany_2006_ELD

TIME	207.617
SIM_END		FS_Competition_Germany_2006_ELD	207.613s	2691.64m
APPLICATION	CarMaker 5.1.2 - Car_Generic #644 (5.1.2)
COMPILED	fh@daniel.ipg 2016-08-15 11:58:04
SIM_START	FS_Competition_Germany_2006_ELD	2017-06-15 01:32:01
TIME	0.001
WARNING		PowerTrain OpenXWD: No selected PowerTrainXWD model; calculation using DVA is possible, but without 'integration substepping'
TIME	0.000
SIMULATE	FS_Competition_Germany_2006_ELD

TIME	2.450
SIM_END		FS_Competition_Germany_2006_ELD	2.446s	17.2444m
APPLICATION	CarMaker 5.1.2 - Car_Generic #644 (5.1.2)
COMPILED	fh@daniel.ipg 2016-08-15 11:58:04
SIM_START	FS_Competition_Germany_2006_ELD	2017-06-15 01:32:14
TIME	0.001
WARNING		PowerTrain OpenXWD: No selected PowerTrainXWD model; calculation using DVA is possible, but without 'integration substepping'
TIME	0.000
SIMULATE	FS_Competition_Germany_2006_ELD

TIME	188.101
SIM_END		FS_Competition_Germany_2006_ELD	188.097s	2386.1m
APPLICATION	CarMaker 5.1.2 - Car_Generic #644 (5.1.2)
COMPILED	fh@daniel.ipg 2016-08-15 11:58:04
SIM_START	FS_Competition_Germany_2006_ELD	2017-06-15 01:39:50
TIME	0.001
WARNING		PowerTrain OpenXWD: No selected PowerTrainXWD model; calculation using DVA is possible, but without 'integration substepping'
TIME	0.000
SIMULATE	FS_Competition_Germany_2006_ELD

TIME	17.184
SIM_END		FS_Competition_Germany_2006_ELD	17.18s	219.392m
APPLICATION	CarMaker 5.1.2 - Car_Generic #644 (5.1.2)
COMPILED	fh@daniel.ipg 2016-08-15 11:58:04
SIM_START	FS_Competition_Germany_2006_ELD	2017-06-15 01:40:39
TIME	0.001
WARNING		PowerTrain OpenXWD: No selected PowerTrainXWD model; calculation using DVA is possible, but without 'integration substepping'
TIME	0.000
SIMULATE	FS_Competition_Germany_2006_ELD

TIME	64.772
SIM_END		FS_Competition_Germany_2006_ELD	64.768s	805.033m
APPLICATION	CarMaker 5.1.2 - Car_Generic #644 (5.1.2)
COMPILED	fh@daniel.ipg 2016-08-15 11:58:04
SIM_START	FS_Competition_Germany_2006_ELD	2017-06-15 02:14:55
TIME	0.001
WARNING		PowerTrain OpenXWD: No selected PowerTrainXWD model; calculation using DVA is possible, but without 'integration substepping'
TIME	0.000
SIMULATE	FS_Competition_Germany_2006_ELD

TIME	600.005
SIM_END		FS_Competition_Germany_2006_ELD	600.004s	7655.08m
APPLICATION	CarMaker 5.1.2 - Car_Generic #644 (5.1.2)
COMPILED	fh@daniel.ipg 2016-08-15 11:58:04
SIM_START	FS_Competition_Germany_2006_ELD	2017-06-15 14:55:29
TIME	0.001
WARNING		PowerTrain OpenXWD: No selected PowerTrainXWD model; calculation using DVA is possible, but without 'integration substepping'
TIME	0.000
SIMULATE	FS_Competition_Germany_2006_ELD

TIME	326.973
SIM_END		FS_Competition_Germany_2006_ELD	326.969s	0.333684m
APPLICATION	CarMaker 5.1.2 - Car_Generic #644 (5.1.2)
COMPILED	fh@daniel.ipg 2016-08-15 11:58:04
SIM_START	FS_Competition_Germany_2006_ELD	2017-06-15 15:01:38
TIME	0.001
WARNING		PowerTrain OpenXWD: No selected PowerTrainXWD model; calculation using DVA is possible, but without 'integration substepping'
TIME	0.000
SIMULATE	FS_Competition_Germany_2006_ELD

TIME	35.375
SIM_END		FS_Competition_Germany_2006_ELD	35.371s	0.0358874m
APPLICATION	CarMaker 5.1.2 - Car_Generic #644 (5.1.2)
COMPILED	fh@daniel.ipg 2016-08-15 11:58:04
SIM_START	FS_Competition_Germany_2006_ELD	2017-06-15 15:02:37
TIME	0.001
WARNING		PowerTrain OpenXWD: No selected PowerTrainXWD model; calculation using DVA is possible, but without 'integration substepping'
TIME	0.000
SIMULATE	FS_Competition_Germany_2006_ELD

TIME	80.195
SIM_END		FS_Competition_Germany_2006_ELD	80.191s	6.57257m
APPLICATION	CarMaker 5.1.2 - Car_Generic #644 (5.1.2)
COMPILED	fh@daniel.ipg 2016-08-15 11:58:04
SIM_START	FS_Competition_Germany_2006_ELD	2017-06-15 15:04:36
TIME	0.001
WARNING		PowerTrain OpenXWD: No selected PowerTrainXWD model; calculation using DVA is possible, but without 'integration substepping'
TIME	0.000
SIMULATE	FS_Competition_Germany_2006_ELD

TIME	8.664
SIM_END		FS_Competition_Germany_2006_ELD	8.66s	37.0979m
APPLICATION	CarMaker 5.1.2 - Car_Generic #644 (5.1.2)
COMPILED	fh@daniel.ipg 2016-08-15 11:58:04
SIM_START	FS_Competition_Germany_2006_ELD	2017-06-15 15:05:23
TIME	0.001
WARNING		PowerTrain OpenXWD: No selected PowerTrainXWD model; calculation using DVA is possible, but without 'integration substepping'
TIME	0.000
SIMULATE	FS_Competition_Germany_2006_ELD

TIME	17.524
SIM_END		FS_Competition_Germany_2006_ELD	17.52s	161.613m
APPLICATION	CarMaker 5.1.2 - Car_Generic #644 (5.1.2)
COMPILED	fh@daniel.ipg 2016-08-15 11:58:04
SIM_START	FS_Competition_Germany_2006_ELD	2017-06-15 15:06:14
TIME	0.001
WARNING		PowerTrain OpenXWD: No selected PowerTrainXWD model; calculation using DVA is possible, but without 'integration substepping'
TIME	0.000
SIMULATE	FS_Competition_Germany_2006_ELD

TIME	163.920
SIM_END		FS_Competition_Germany_2006_ELD	163.916s	1637.79m
APPLICATION	CarMaker 5.1.2 - Car_Generic #644 (5.1.2)
COMPILED	fh@daniel.ipg 2016-08-15 11:58:04
SIM_START	FS_Competition_Germany_2006_ELD	2017-06-15 15:16:48
TIME	0.001
WARNING		PowerTrain OpenXWD: No selected PowerTrainXWD model; calculation using DVA is possible, but without 'integration substepping'
TIME	0.000
SIMULATE	FS_Competition_Germany_2006_ELD

TIME	19.718
SIM_END		FS_Competition_Germany_2006_ELD	19.714s	0.0199019m
APPLICATION	CarMaker 5.1.2 - Car_Generic #644 (5.1.2)
COMPILED	fh@daniel.ipg 2016-08-15 11:58:04
SIM_START	FS_Competition_Germany_2006_ELD	2017-06-15 15:17:55
TIME	0.001
WARNING		PowerTrain OpenXWD: No selected PowerTrainXWD model; calculation using DVA is possible, but without 'integration substepping'
TIME	0.000
SIMULATE	FS_Competition_Germany_2006_ELD

TIME	4.964
SIM_END		FS_Competition_Germany_2006_ELD	4.96s	0.00482592m
APPLICATION	CarMaker 5.1.2 - Car_Generic #644 (5.1.2)
COMPILED	fh@daniel.ipg 2016-08-15 11:58:04
SIM_START	FS_Competition_Germany_2006_ELD	2017-06-15 15:18:29
TIME	0.001
WARNING		PowerTrain OpenXWD: No selected PowerTrainXWD model; calculation using DVA is possible, but without 'integration substepping'
TIME	0.000
SIMULATE	FS_Competition_Germany_2006_ELD

TIME	41.725
SIM_END		FS_Competition_Germany_2006_ELD	41.721s	0.0423707m
APPLICATION	CarMaker 5.1.2 - Car_Generic #644 (5.1.2)
COMPILED	fh@daniel.ipg 2016-08-15 11:58:04
SIM_START	FS_Competition_Germany_2006_ELD	2017-06-15 15:20:25
TIME	0.001
WARNING		PowerTrain OpenXWD: No selected PowerTrainXWD model; calculation using DVA is possible, but without 'integration substepping'
TIME	0.000
SIMULATE	FS_Competition_Germany_2006_ELD

TIME	10.012
SIM_END		FS_Competition_Germany_2006_ELD	10.008s	0.00999217m
APPLICATION	CarMaker 5.1.2 - Car_Generic #644 (5.1.2)
COMPILED	fh@daniel.ipg 2016-08-15 11:58:04
SIM_START	FS_Competition_Germany_2006_ELD	2017-06-15 15:21:04
TIME	0.001
WARNING		PowerTrain OpenXWD: No selected PowerTrainXWD model; calculation using DVA is possible, but without 'integration substepping'
TIME	0.000
SIMULATE	FS_Competition_Germany_2006_ELD

TIME	5.479
SIM_END		FS_Competition_Germany_2006_ELD	5.475s	0.00535543m
APPLICATION	CarMaker 5.1.2 - Car_Generic #644 (5.1.2)
COMPILED	fh@daniel.ipg 2016-08-15 11:58:04
SIM_START	FS_Competition_Germany_2006_ELD	2017-06-15 15:21:40
TIME	0.001
WARNING		PowerTrain OpenXWD: No selected PowerTrainXWD model; calculation using DVA is possible, but without 'integration substepping'
TIME	0.000
SIMULATE	FS_Competition_Germany_2006_ELD

TIME	5.786
SIM_END		FS_Competition_Germany_2006_ELD	5.782s	0.00567056m
APPLICATION	CarMaker 5.1.2 - Car_Generic #644 (5.1.2)
COMPILED	fh@daniel.ipg 2016-08-15 11:58:04
SIM_START	FS_Competition_Germany_2006_ELD	2017-06-15 15:22:14
TIME	0.001
WARNING		PowerTrain OpenXWD: No selected PowerTrainXWD model; calculation using DVA is possible, but without 'integration substepping'
TIME	0.000
SIMULATE	FS_Competition_Germany_2006_ELD

TIME	93.509
SIM_END		FS_Competition_Germany_2006_ELD	93.505s	0.0952449m
APPLICATION	CarMaker 5.1.2 - Car_Generic #644 (5.1.2)
COMPILED	fh@daniel.ipg 2016-08-15 11:58:04
SIM_START	FS_Competition_Germany_2006_ELD	2017-06-15 16:03:11
TIME	0.001
WARNING		PowerTrain OpenXWD: No selected PowerTrainXWD model; calculation using DVA is possible, but without 'integration substepping'
TIME	0.000
SIMULATE	FS_Competition_Germany_2006_ELD

TIME	600.004
SIM_END		FS_Competition_Germany_2006_ELD	600s	488.37m
APPLICATION	CarMaker 5.1.2 - Car_Generic #644 (5.1.2)
COMPILED	fh@daniel.ipg 2016-08-15 11:58:04
SIM_START	FS_Competition_Germany_2006_ELD	2017-06-15 16:17:54
TIME	0.001
WARNING		PowerTrain OpenXWD: No selected PowerTrainXWD model; calculation using DVA is possible, but without 'integration substepping'
TIME	0.000
SIMULATE	FS_Competition_Germany_2006_ELD

TIME	65.820
SIM_END		FS_Competition_Germany_2006_ELD	65.816s	0.0669724m
APPLICATION	CarMaker 5.1.2 - Car_Generic #644 (5.1.2)
COMPILED	fh@daniel.ipg 2016-08-15 11:58:04
SIM_START	FS_Competition_Germany_2006_ELD	2017-06-15 16:25:04
TIME	0.001
WARNING		PowerTrain OpenXWD: No selected PowerTrainXWD model; calculation using DVA is possible, but without 'integration substepping'
TIME	0.000
SIMULATE	FS_Competition_Germany_2006_ELD

TIME	598.078
SIM_END		FS_Competition_Germany_2006_ELD	598.074s	0.610691m
APPLICATION	CarMaker 5.1.2 - Car_Generic #644 (5.1.2)
COMPILED	fh@daniel.ipg 2016-08-15 11:58:04
SIM_START	FS_Competition_Germany_2006_ELD	2017-06-15 16:41:43
TIME	0.001
WARNING		PowerTrain OpenXWD: No selected PowerTrainXWD model; calculation using DVA is possible, but without 'integration substepping'
TIME	0.000
SIMULATE	FS_Competition_Germany_2006_ELD

TIME	124.785
SIM_END		FS_Competition_Germany_2006_ELD	124.781s	0.127182m
APPLICATION	CarMaker 5.1.2 - Car_Generic #644 (5.1.2)
COMPILED	fh@daniel.ipg 2016-08-15 11:58:04
SIM_START	FS_Competition_Germany_2006_ELD	2017-06-15 16:44:55
TIME	0.001
WARNING		PowerTrain OpenXWD: No selected PowerTrainXWD model; calculation using DVA is possible, but without 'integration substepping'
TIME	0.000
SIMULATE	FS_Competition_Germany_2006_ELD

TIME	596.975
SIM_END		FS_Competition_Germany_2006_ELD	596.971s	0.609564m
APPLICATION	CarMaker 5.1.2 - Car_Generic #644 (5.1.2)
COMPILED	fh@daniel.ipg 2016-08-15 11:58:04
SIM_START	FS_Competition_Germany_2006_ELD	2017-06-15 16:55:02
TIME	0.001
WARNING		PowerTrain OpenXWD: No selected PowerTrainXWD model; calculation using DVA is possible, but without 'integration substepping'
TIME	0.000
SIMULATE	FS_Competition_Germany_2006_ELD

TIME	600.004
SIM_END		FS_Competition_Germany_2006_ELD	600s	0.612659m
APPLICATION	CarMaker 5.1.2 - Car_Generic #644 (5.1.2)
COMPILED	fh@daniel.ipg 2016-08-15 11:58:04
SIM_START	FS_Competition_Germany_2006_ELD	2017-06-16 15:29:23
TIME	0.001
WARNING		PowerTrain OpenXWD: No selected PowerTrainXWD model; calculation using DVA is possible, but without 'integration substepping'
TIME	0.000
SIMULATE	FS_Competition_Germany_2006_ELD

TIME	186.264
SIM_END		FS_Competition_Germany_2006_ELD	186.26s	2364m
APPLICATION	CarMaker 5.1.2 - Car_Generic #644 (5.1.2)
COMPILED	fh@daniel.ipg 2016-08-15 11:58:04
SIM_START	Examples_FS/FS_Acceleration	2017-06-16 15:33:13
TIME	0.001
WARNING		PowerTrain OpenXWD: No selected PowerTrainXWD model; calculation using DVA is possible, but without 'integration substepping'
TIME	0.000
SIMULATE	Examples_FS/FS_Acceleration

TIME	6.409
SIM_END		Examples_FS/FS_Acceleration	6.408s	75.0298m
APPLICATION	CarMaker 5.1.2 - Car_Generic #644 (5.1.2)
COMPILED	fh@daniel.ipg 2016-08-15 11:58:04
SIM_START	Examples_FS/FS_Acceleration	2017-06-16 15:36:24
TIME	0.001
WARNING		PowerTrain OpenXWD: No selected PowerTrainXWD model; calculation using DVA is possible, but without 'integration substepping'
TIME	0.000
SIMULATE	Examples_FS/FS_Acceleration

TIME	4.482
SIM_END		Examples_FS/FS_Acceleration	4.481s	75.0271m
APPLICATION	CarMaker 5.1.2 - Car_Generic #644 (5.1.2)
COMPILED	fh@daniel.ipg 2016-08-15 11:58:04
SIM_START	Examples_FS/FS_Acceleration	2017-06-16 16:02:52
TIME	0.001
WARNING		PowerTrain OpenXWD: No selected PowerTrainXWD model; calculation using DVA is possible, but without 'integration substepping'
TIME	0.000
SIMULATE	Examples_FS/FS_Acceleration

TIME	4.482
SIM_END		Examples_FS/FS_Acceleration	4.481s	75.0271m
APPLICATION	CarMaker 5.1.2 - Car_Generic #644 (5.1.2)
COMPILED	fh@daniel.ipg 2016-08-15 11:58:04
SIM_START	Examples_FS/FS_Acceleration	2017-06-16 16:04:00
TIME	0.001
WARNING		PowerTrain OpenXWD: No selected PowerTrainXWD model; calculation using DVA is possible, but without 'integration substepping'
TIME	0.000
SIMULATE	Examples_FS/FS_Acceleration

TIME	4.244
SIM_END		Examples_FS/FS_Acceleration	4.243s	75.0342m
APPLICATION	CarMaker 5.1.2 - Car_Generic #644 (5.1.2)
COMPILED	fh@daniel.ipg 2016-08-15 11:58:04
SIM_START	Examples_FS/FS_Acceleration	2017-06-16 16:04:34
TIME	0.001
WARNING		PowerTrain OpenXWD: No selected PowerTrainXWD model; calculation using DVA is possible, but without 'integration substepping'
TIME	0.000
SIMULATE	Examples_FS/FS_Acceleration

TIME	4.244
SIM_END		Examples_FS/FS_Acceleration	4.243s	75.0342m
APPLICATION	CarMaker 5.1.2 - Car_Generic #644 (5.1.2)
COMPILED	fh@daniel.ipg 2016-08-15 11:58:04
SIM_START	Examples_FS/FS_Acceleration	2017-06-16 16:26:05
TIME	0.001
WARNING		PowerTrain OpenXWD: No selected PowerTrainXWD model; calculation using DVA is possible, but without 'integration substepping'
TIME	0.000
SIMULATE	Examples_FS/FS_Acceleration

TIME	4.244
SIM_END		Examples_FS/FS_Acceleration	4.243s	75.0342m
APPLICATION	CarMaker 5.1.2 - Car_Generic #644 (5.1.2)
COMPILED	fh@daniel.ipg 2016-08-15 11:58:04
SIM_START	Examples_FS/FS_Acceleration	2017-06-16 16:26:54
TIME	0.001
WARNING		PowerTrain OpenXWD: No selected PowerTrainXWD model; calculation using DVA is possible, but without 'integration substepping'
TIME	0.000
SIMULATE	Examples_FS/FS_Acceleration

TIME	4.244
SIM_END		Examples_FS/FS_Acceleration	4.243s	75.0342m
APPLICATION	CarMaker 5.1.2 - Car_Generic #644 (5.1.2)
COMPILED	fh@daniel.ipg 2016-08-15 11:58:04
SIM_START	Examples_FS/FS_Acceleration	2017-06-16 16:46:05
TIME	0.001
WARNING		PowerTrain OpenXWD: No selected PowerTrainXWD model; calculation using DVA is possible, but without 'integration substepping'
TIME	0.000
SIMULATE	Examples_FS/FS_Acceleration

TIME	4.244
SIM_END		Examples_FS/FS_Acceleration	4.243s	75.0342m
APPLICATION	CarMaker 5.1.2 - Car_Generic #644 (5.1.2)
COMPILED	fh@daniel.ipg 2016-08-15 11:58:04
SIM_START	Examples_FS/FS_Acceleration	2017-06-16 16:46:33
TIME	0.001
WARNING		PowerTrain OpenXWD: No selected PowerTrainXWD model; calculation using DVA is possible, but without 'integration substepping'
TIME	0.000
SIMULATE	Examples_FS/FS_Acceleration

TIME	4.244
SIM_END		Examples_FS/FS_Acceleration	4.243s	75.0342m
APPLICATION	CarMaker 5.1.2 - Car_Generic #644 (5.1.2)
COMPILED	fh@daniel.ipg 2016-08-15 11:58:04
SIM_START	Examples_FS/FS_Acceleration	2017-06-16 19:44:11
TIME	0.001
WARNING		PowerTrain OpenXWD: No selected PowerTrainXWD model; calculation using DVA is possible, but without 'integration substepping'
TIME	0.000
SIMULATE	Examples_FS/FS_Acceleration

TIME	4.244
SIM_END		Examples_FS/FS_Acceleration	4.243s	75.0342m
APPLICATION	CarMaker 5.1.2 - Car_Generic #644 (5.1.2)
COMPILED	fh@daniel.ipg 2016-08-15 11:58:04
SIM_START	Examples_FS/FS_Acceleration	2017-06-16 19:44:47
TIME	0.001
WARNING		PowerTrain OpenXWD: No selected PowerTrainXWD model; calculation using DVA is possible, but without 'integration substepping'
TIME	0.000
SIMULATE	Examples_FS/FS_Acceleration

TIME	4.244
SIM_END		Examples_FS/FS_Acceleration	4.243s	75.0342m
APPLICATION	CarMaker 5.1.2 - Car_Generic #644 (5.1.2)
COMPILED	fh@daniel.ipg 2016-08-15 11:58:04
SIM_START	Examples_FS/FS_Acceleration	2017-06-16 19:48:27
TIME	0.001
WARNING		PowerTrain OpenXWD: No selected PowerTrainXWD model; calculation using DVA is possible, but without 'integration substepping'
TIME	0.000
SIMULATE	Examples_FS/FS_Acceleration

TIME	4.244
SIM_END		Examples_FS/FS_Acceleration	4.243s	75.0342m
APPLICATION	CarMaker 5.1.2 - Car_Generic #644 (5.1.2)
COMPILED	fh@daniel.ipg 2016-08-15 11:58:04
SIM_START	FS_Competition_Germany_2006_ELD	2017-06-17 00:05:05
TIME	0.001
WARNING		PowerTrain OpenXWD: No selected PowerTrainXWD model; calculation using DVA is possible, but without 'integration substepping'
TIME	0.000
SIMULATE	FS_Competition_Germany_2006_ELD

TIME	23.852
SIM_END		FS_Competition_Germany_2006_ELD	23.848s	316.908m
APPLICATION	CarMaker 5.1.2 - Car_Generic #644 (5.1.2)
COMPILED	fh@daniel.ipg 2016-08-15 11:58:04
SIM_START	FS_Competition_Germany_2006_ELD	2017-06-17 00:05:41
TIME	0.001
WARNING		PowerTrain OpenXWD: No selected PowerTrainXWD model; calculation using DVA is possible, but without 'integration substepping'
TIME	0.000
SIMULATE	FS_Competition_Germany_2006_ELD

TIME	11.467
SIM_END		FS_Competition_Germany_2006_ELD	11.463s	151.45m
APPLICATION	CarMaker 5.1.2 - Car_Generic #644 (5.1.2)
COMPILED	fh@daniel.ipg 2016-08-15 11:58:04
SIM_START	FS_Competition_Germany_2006_ELD	2017-06-17 00:07:53
TIME	0.001
WARNING		PowerTrain OpenXWD: No selected PowerTrainXWD model; calculation using DVA is possible, but without 'integration substepping'
TIME	0.000
SIMULATE	FS_Competition_Germany_2006_ELD

TIME	600.005
SIM_END		FS_Competition_Germany_2006_ELD	600.004s	7857.22m
APPLICATION	CarMaker 5.1.2 - Car_Generic #644 (5.1.2)
COMPILED	fh@daniel.ipg 2016-08-15 11:58:04
SIM_START	FS_Competition_Germany_2006_ELD	2017-06-17 11:40:00
TIME	0.001
WARNING		PowerTrain OpenXWD: No selected PowerTrainXWD model; calculation using DVA is possible, but without 'integration substepping'
TIME	0.000
SIMULATE	FS_Competition_Germany_2006_ELD

TIME	160.853
SIM_END		FS_Competition_Germany_2006_ELD	160.849s	2072.19m
APPLICATION	CarMaker 5.1.2 - Car_Generic #644 (5.1.2)
COMPILED	fh@daniel.ipg 2016-08-15 11:58:04
SIM_START	FS_Competition_Germany_2006_ELD	2017-06-17 11:46:39
TIME	0.001
WARNING		PowerTrain OpenXWD: No selected PowerTrainXWD model; calculation using DVA is possible, but without 'integration substepping'
TIME	0.000
SIMULATE	FS_Competition_Germany_2006_ELD

TIME	71.253
SIM_END		FS_Competition_Germany_2006_ELD	71.249s	936.152m
APPLICATION	CarMaker 5.1.2 - Car_Generic #644 (5.1.2)
COMPILED	fh@daniel.ipg 2016-08-15 11:58:04
SIM_START	FS_Competition_Germany_2006_ELD	2017-06-17 11:48:13
TIME	0.001
WARNING		PowerTrain OpenXWD: No selected PowerTrainXWD model; calculation using DVA is possible, but without 'integration substepping'
TIME	0.000
SIMULATE	FS_Competition_Germany_2006_ELD

TIME	66.404
SIM_END		FS_Competition_Germany_2006_ELD	66.4s	852.289m
APPLICATION	CarMaker 5.1.2 - Car_Generic #644 (5.1.2)
COMPILED	fh@daniel.ipg 2016-08-15 11:58:04
SIM_START	FS_Competition_Germany_2006_ELD	2017-06-17 11:49:48
TIME	0.001
WARNING		PowerTrain OpenXWD: No selected PowerTrainXWD model; calculation using DVA is possible, but without 'integration substepping'
TIME	0.000
SIMULATE	FS_Competition_Germany_2006_ELD

TIME	69.274
SIM_END		FS_Competition_Germany_2006_ELD	69.27s	903.773m
APPLICATION	CarMaker 5.1.2 - Car_Generic #644 (5.1.2)
COMPILED	fh@daniel.ipg 2016-08-15 11:58:04
SIM_START	FS_Competition_Germany_2006_ELD	2017-06-17 11:51:58
TIME	0.001
WARNING		PowerTrain OpenXWD: No selected PowerTrainXWD model; calculation using DVA is possible, but without 'integration substepping'
TIME	0.000
SIMULATE	FS_Competition_Germany_2006_ELD

TIME	168.940
SIM_END		FS_Competition_Germany_2006_ELD	168.936s	2189.59m
APPLICATION	CarMaker 5.1.2 - Car_Generic #644 (5.1.2)
COMPILED	fh@daniel.ipg 2016-08-15 11:58:04
SIM_START	FS_Competition_Germany_2006_ELD	2017-06-17 11:55:36
TIME	0.001
WARNING		PowerTrain OpenXWD: No selected PowerTrainXWD model; calculation using DVA is possible, but without 'integration substepping'
TIME	0.000
SIMULATE	FS_Competition_Germany_2006_ELD

TIME	511.301
SIM_END		FS_Competition_Germany_2006_ELD	511.297s	6662.63m
APPLICATION	CarMaker 5.1.2 - Car_Generic #644 (5.1.2)
COMPILED	fh@daniel.ipg 2016-08-15 11:58:04
SIM_START	FS_Competition_Germany_2006_ELD	2017-06-17 12:06:34
TIME	0.001
WARNING		PowerTrain OpenXWD: No selected PowerTrainXWD model; calculation using DVA is possible, but without 'integration substepping'
TIME	0.000
SIMULATE	FS_Competition_Germany_2006_ELD

TIME	600.005
SIM_END		FS_Competition_Germany_2006_ELD	600.004s	7857.22m
APPLICATION	CarMaker 5.1.2 - Car_Generic #644 (5.1.2)
COMPILED	fh@daniel.ipg 2016-08-15 11:58:04
SIM_START	FS_Competition_Germany_2006_ELD	2017-06-17 23:52:13
TIME	0.001
WARNING		PowerTrain OpenXWD: No selected PowerTrainXWD model; calculation using DVA is possible, but without 'integration substepping'
TIME	0.000
SIMULATE	FS_Competition_Germany_2006_ELD

TIME	238.137
SIM_END		FS_Competition_Germany_2006_ELD	238.133s	3103.41m
APPLICATION	CarMaker 5.1.2 - Car_Generic #644 (5.1.2)
COMPILED	fh@daniel.ipg 2016-08-15 11:58:04
SIM_START	FS_Competition_Germany_2006_ELD	2017-06-17 23:57:33
TIME	0.001
WARNING		PowerTrain OpenXWD: No selected PowerTrainXWD model; calculation using DVA is possible, but without 'integration substepping'
TIME	0.000
SIMULATE	FS_Competition_Germany_2006_ELD

TIME	8.344
SIM_END		FS_Competition_Germany_2006_ELD	8.34s	84.96m
APPLICATION	CarMaker 5.1.2 - Car_Generic #644 (5.1.2)
COMPILED	fh@daniel.ipg 2016-08-15 11:58:04
SIM_START	FS_Competition_Germany_2006_ELD	2017-06-17 23:59:15
TIME	0.001
WARNING		PowerTrain OpenXWD: No selected PowerTrainXWD model; calculation using DVA is possible, but without 'integration substepping'
TIME	0.000
SIMULATE	FS_Competition_Germany_2006_ELD

TIME	5.436
ERROR		Vehicle leaves road at about x=25.7516, y=7.20307 TireNo=3
SIM_ABORT	FS_Competition_Germany_2006_ELD	5.438s	26.0373m
APPLICATION	CarMaker 5.1.2 - Car_Generic #644 (5.1.2)
COMPILED	fh@daniel.ipg 2016-08-15 11:58:04
SIM_START	FS_Competition_Germany_2006_ELD	2017-06-17 23:59:50
TIME	0.001
WARNING		PowerTrain OpenXWD: No selected PowerTrainXWD model; calculation using DVA is possible, but without 'integration substepping'
TIME	0.000
SIMULATE	FS_Competition_Germany_2006_ELD

TIME	21.794
SIM_END		FS_Competition_Germany_2006_ELD	21.79s	282.885m
APPLICATION	CarMaker 5.1.2 - Car_Generic #644 (5.1.2)
COMPILED	fh@daniel.ipg 2016-08-15 11:58:04
SIM_START	FS_Competition_Germany_2006_ELD	2017-06-18 00:00:31
TIME	0.001
WARNING		PowerTrain OpenXWD: No selected PowerTrainXWD model; calculation using DVA is possible, but without 'integration substepping'
TIME	0.000
SIMULATE	FS_Competition_Germany_2006_ELD

TIME	10.199
ERROR		Vehicle leaves road at about x=76.6366, y=8.53418 TireNo=0
SIM_ABORT	FS_Competition_Germany_2006_ELD	10.201s	90.6079m
APPLICATION	CarMaker 5.1.2 - Car_Generic #644 (5.1.2)
COMPILED	fh@daniel.ipg 2016-08-15 11:58:04
SIM_START	FS_Competition_Germany_2006_ELD	2017-06-18 00:01:11
TIME	0.001
WARNING		PowerTrain OpenXWD: No selected PowerTrainXWD model; calculation using DVA is possible, but without 'integration substepping'
TIME	0.000
SIMULATE	FS_Competition_Germany_2006_ELD

TIME	77.126
SIM_END		FS_Competition_Germany_2006_ELD	77.122s	980.969m
APPLICATION	CarMaker 5.1.2 - Car_Generic #644 (5.1.2)
COMPILED	fh@daniel.ipg 2016-08-15 11:58:04
SIM_START	FS_Competition_Germany_2006_ELD	2017-06-18 00:02:50
TIME	0.001
WARNING		PowerTrain OpenXWD: No selected PowerTrainXWD model; calculation using DVA is possible, but without 'integration substepping'
TIME	0.000
SIMULATE	FS_Competition_Germany_2006_ELD

TIME	98.445
SIM_END		FS_Competition_Germany_2006_ELD	98.441s	1233.44m
APPLICATION	CarMaker 5.1.2 - Car_Generic #644 (5.1.2)
COMPILED	fh@daniel.ipg 2016-08-15 11:58:04
SIM_START	FS_Competition_Germany_2006_ELD	2017-06-18 00:05:00
TIME	0.001
WARNING		PowerTrain OpenXWD: No selected PowerTrainXWD model; calculation using DVA is possible, but without 'integration substepping'
TIME	0.000
SIMULATE	FS_Competition_Germany_2006_ELD

SIM_END		FS_Competition_Germany_2006_ELD	0.81s	0.000435195m
APPLICATION	CarMaker 5.1.2 - Car_Generic #644 (5.1.2)
COMPILED	fh@daniel.ipg 2016-08-15 11:58:04
SIM_START	FS_Competition_Germany_2006_ELD	2017-06-18 00:16:53
TIME	0.001
WARNING		PowerTrain OpenXWD: No selected PowerTrainXWD model; calculation using DVA is possible, but without 'integration substepping'
TIME	0.000
SIMULATE	FS_Competition_Germany_2006_ELD

SIM_END		FS_Competition_Germany_2006_ELD	0.81s	0.000435195m
APPLICATION	CarMaker 5.1.2 - Car_Generic #644 (5.1.2)
COMPILED	fh@daniel.ipg 2016-08-15 11:58:04
SIM_START	FS_Competition_Germany_2006_ELD	2017-06-18 00:17:38
TIME	0.001
WARNING		PowerTrain OpenXWD: No selected PowerTrainXWD model; calculation using DVA is possible, but without 'integration substepping'
TIME	0.000
SIMULATE	FS_Competition_Germany_2006_ELD

SIM_END		FS_Competition_Germany_2006_ELD	0.56s	0.000250876m
APPLICATION	CarMaker 5.1.2 - Car_Generic #644 (5.1.2)
COMPILED	fh@daniel.ipg 2016-08-15 11:58:04
SIM_START	FS_Competition_Germany_2006_ELD	2017-06-18 01:21:12
TIME	0.001
WARNING		PowerTrain OpenXWD: No selected PowerTrainXWD model; calculation using DVA is possible, but without 'integration substepping'
TIME	0.000
SIMULATE	FS_Competition_Germany_2006_ELD

TIME	88.944
SIM_END		FS_Competition_Germany_2006_ELD	88.94s	1.07659m
APPLICATION	CarMaker 5.1.2 - Car_Generic #644 (5.1.2)
COMPILED	fh@daniel.ipg 2016-08-15 11:58:04
SIM_START	FS_Competition_Germany_2006_ELD	2017-06-18 01:31:43
TIME	0.001
WARNING		PowerTrain OpenXWD: No selected PowerTrainXWD model; calculation using DVA is possible, but without 'integration substepping'
TIME	0.000
SIMULATE	FS_Competition_Germany_2006_ELD

TIME	38.501
SIM_END		FS_Competition_Germany_2006_ELD	38.497s	0.146447m
APPLICATION	CarMaker 5.1.2 - Car_Generic #644 (5.1.2)
COMPILED	fh@daniel.ipg 2016-08-15 11:58:04
SIM_START	FS_Competition_Germany_2006_ELD	2017-06-18 01:32:57
TIME	0.001
WARNING		PowerTrain OpenXWD: No selected PowerTrainXWD model; calculation using DVA is possible, but without 'integration substepping'
TIME	0.000
SIMULATE	FS_Competition_Germany_2006_ELD

TIME	25.172
SIM_END		FS_Competition_Germany_2006_ELD	25.168s	0.0194484m
APPLICATION	CarMaker 5.1.2 - Car_Generic #644 (5.1.2)
COMPILED	fh@daniel.ipg 2016-08-15 11:58:04
SIM_START	FS_Competition_Germany_2006_ELD	2017-06-18 01:33:37
TIME	0.001
WARNING		PowerTrain OpenXWD: No selected PowerTrainXWD model; calculation using DVA is possible, but without 'integration substepping'
TIME	0.000
SIMULATE	FS_Competition_Germany_2006_ELD

TIME	71.013
SIM_END		FS_Competition_Germany_2006_ELD	71.009s	0.925759m
APPLICATION	CarMaker 5.1.2 - Car_Generic #644 (5.1.2)
COMPILED	fh@daniel.ipg 2016-08-15 11:58:04
SIM_START	FS_Competition_Germany_2006_ELD	2017-06-18 01:36:42
TIME	0.001
WARNING		PowerTrain OpenXWD: No selected PowerTrainXWD model; calculation using DVA is possible, but without 'integration substepping'
TIME	0.000
SIMULATE	FS_Competition_Germany_2006_ELD

TIME	14.355
SIM_END		FS_Competition_Germany_2006_ELD	14.351s	0.00278001m
APPLICATION	CarMaker 5.1.2 - Car_Generic #644 (5.1.2)
COMPILED	fh@daniel.ipg 2016-08-15 11:58:04
SIM_START	FS_Competition_Germany_2006_ELD	2017-06-18 01:38:08
TIME	0.001
WARNING		PowerTrain OpenXWD: No selected PowerTrainXWD model; calculation using DVA is possible, but without 'integration substepping'
TIME	0.000
SIMULATE	FS_Competition_Germany_2006_ELD

TIME	21.380
SIM_END		FS_Competition_Germany_2006_ELD	21.376s	0.0035045m
APPLICATION	CarMaker 5.1.2 - Car_Generic #644 (5.1.2)
COMPILED	fh@daniel.ipg 2016-08-15 11:58:04
SIM_START	FS_Competition_Germany_2006_ELD	2017-06-18 01:39:50
TIME	0.001
WARNING		PowerTrain OpenXWD: No selected PowerTrainXWD model; calculation using DVA is possible, but without 'integration substepping'
TIME	0.000
SIMULATE	FS_Competition_Germany_2006_ELD

TIME	30.209
SIM_END		FS_Competition_Germany_2006_ELD	30.205s	0.158738m
APPLICATION	CarMaker 5.1.2 - Car_Generic #644 (5.1.2)
COMPILED	fh@daniel.ipg 2016-08-15 11:58:04
SIM_START	FS_Competition_Germany_2006_ELD	2017-06-18 01:40:41
TIME	0.001
WARNING		PowerTrain OpenXWD: No selected PowerTrainXWD model; calculation using DVA is possible, but without 'integration substepping'
TIME	0.000
SIMULATE	FS_Competition_Germany_2006_ELD

TIME	10.041
ERROR		Vehicle leaves road at about x=45.692, y=-11.1374 TireNo=1
SIM_ABORT	FS_Competition_Germany_2006_ELD	10.043s	82.0412m
APPLICATION	CarMaker 5.1.2 - Car_Generic #644 (5.1.2)
COMPILED	fh@daniel.ipg 2016-08-15 11:58:04
SIM_START	FS_Competition_Germany_2006_ELD	2017-06-18 01:45:20
TIME	0.001
WARNING		PowerTrain OpenXWD: No selected PowerTrainXWD model; calculation using DVA is possible, but without 'integration substepping'
TIME	0.000
SIMULATE	FS_Competition_Germany_2006_ELD

TIME	10.182
ERROR		Vehicle leaves road at about x=44.6329, y=-10.3434 TireNo=1
SIM_ABORT	FS_Competition_Germany_2006_ELD	10.184s	82.5309m
APPLICATION	CarMaker 5.1.2 - Car_Generic #644 (5.1.2)
COMPILED	fh@daniel.ipg 2016-08-15 11:58:04
SIM_START	FS_Competition_Germany_2006_ELD	2017-06-18 01:46:05
TIME	0.001
WARNING		PowerTrain OpenXWD: No selected PowerTrainXWD model; calculation using DVA is possible, but without 'integration substepping'
TIME	0.000
SIMULATE	FS_Competition_Germany_2006_ELD

TIME	31.096
ERROR		Vehicle leaves road at about x=54.3064, y=-49.871 TireNo=0
SIM_ABORT	FS_Competition_Germany_2006_ELD	31.098s	361.02m
APPLICATION	CarMaker 5.1.2 - Car_Generic #644 (5.1.2)
COMPILED	fh@daniel.ipg 2016-08-15 11:58:04
SIM_START	FS_Competition_Germany_2006_ELD	2017-06-18 01:46:56
TIME	0.001
WARNING		PowerTrain OpenXWD: No selected PowerTrainXWD model; calculation using DVA is possible, but without 'integration substepping'
TIME	0.000
SIMULATE	FS_Competition_Germany_2006_ELD

TIME	31.096
ERROR		Vehicle leaves road at about x=54.3064, y=-49.871 TireNo=0
SIM_ABORT	FS_Competition_Germany_2006_ELD	31.098s	361.02m
APPLICATION	CarMaker 5.1.2 - Car_Generic #644 (5.1.2)
COMPILED	fh@daniel.ipg 2016-08-15 11:58:04
SIM_START	FS_Competition_Germany_2006_ELD	2017-06-18 01:48:25
TIME	0.001
WARNING		PowerTrain OpenXWD: No selected PowerTrainXWD model; calculation using DVA is possible, but without 'integration substepping'
TIME	0.000
SIMULATE	FS_Competition_Germany_2006_ELD

TIME	3.994
SIM_END		FS_Competition_Germany_2006_ELD	3.99s	39.3033m
APPLICATION	CarMaker 5.1.2 - Car_Generic #644 (5.1.2)
COMPILED	fh@daniel.ipg 2016-08-15 11:58:04
SIM_START	FS_Competition_Germany_2006_ELD	2017-06-18 02:09:04
TIME	0.001
WARNING		PowerTrain OpenXWD: No selected PowerTrainXWD model; calculation using DVA is possible, but without 'integration substepping'
TIME	0.000
SIMULATE	FS_Competition_Germany_2006_ELD

TIME	19.587
ERROR		Vehicle leaves road at about x=160.505, y=-58.5578 TireNo=0
SIM_ABORT	FS_Competition_Germany_2006_ELD	19.589s	222.793m
APPLICATION	CarMaker 5.1.2 - Car_Generic #644 (5.1.2)
COMPILED	fh@daniel.ipg 2016-08-15 11:58:04
SIM_START	FS_Competition_Germany_2006_ELD	2017-06-18 02:10:29
TIME	0.001
WARNING		PowerTrain OpenXWD: No selected PowerTrainXWD model; calculation using DVA is possible, but without 'integration substepping'
TIME	0.000
SIMULATE	FS_Competition_Germany_2006_ELD

TIME	19.587
ERROR		Vehicle leaves road at about x=160.505, y=-58.5578 TireNo=0
SIM_ABORT	FS_Competition_Germany_2006_ELD	19.589s	222.793m
APPLICATION	CarMaker 5.1.2 - Car_Generic #644 (5.1.2)
COMPILED	fh@daniel.ipg 2016-08-15 11:58:04
SIM_START	FS_Competition_Germany_2006_ELD	2017-06-18 02:11:15
TIME	0.001
WARNING		PowerTrain OpenXWD: No selected PowerTrainXWD model; calculation using DVA is possible, but without 'integration substepping'
TIME	0.000
SIMULATE	FS_Competition_Germany_2006_ELD

TIME	19.587
ERROR		Vehicle leaves road at about x=160.505, y=-58.5578 TireNo=0
SIM_ABORT	FS_Competition_Germany_2006_ELD	19.589s	222.793m
APPLICATION	CarMaker 5.1.2 - Car_Generic #644 (5.1.2)
COMPILED	fh@daniel.ipg 2016-08-15 11:58:04
SIM_START	FS_Competition_Germany_2006_ELD	2017-06-18 02:12:02
TIME	0.001
WARNING		PowerTrain OpenXWD: No selected PowerTrainXWD model; calculation using DVA is possible, but without 'integration substepping'
TIME	0.000
SIMULATE	FS_Competition_Germany_2006_ELD

TIME	19.587
ERROR		Vehicle leaves road at about x=160.505, y=-58.5578 TireNo=0
SIM_ABORT	FS_Competition_Germany_2006_ELD	19.589s	222.793m
APPLICATION	CarMaker 5.1.2 - Car_Generic #644 (5.1.2)
COMPILED	fh@daniel.ipg 2016-08-15 11:58:04
SIM_START	FS_Competition_Germany_2006_ELD	2017-06-18 02:12:39
TIME	0.001
WARNING		PowerTrain OpenXWD: No selected PowerTrainXWD model; calculation using DVA is possible, but without 'integration substepping'
TIME	0.000
SIMULATE	FS_Competition_Germany_2006_ELD

TIME	19.587
ERROR		Vehicle leaves road at about x=160.505, y=-58.5578 TireNo=0
SIM_ABORT	FS_Competition_Germany_2006_ELD	19.589s	222.793m
APPLICATION	CarMaker 5.1.2 - Car_Generic #644 (5.1.2)
COMPILED	fh@daniel.ipg 2016-08-15 11:58:04
SIM_START	FS_Competition_Germany_2006_ELD	2017-06-18 02:17:13
TIME	0.001
WARNING		PowerTrain OpenXWD: No selected PowerTrainXWD model; calculation using DVA is possible, but without 'integration substepping'
TIME	0.000
SIMULATE	FS_Competition_Germany_2006_ELD

TIME	114.024
SIM_END		FS_Competition_Germany_2006_ELD	114.02s	1419.34m
APPLICATION	CarMaker 5.1.2 - Car_Generic #644 (5.1.2)
COMPILED	fh@daniel.ipg 2016-08-15 11:58:04
SIM_START	FS_Competition_Germany_2006_ELD	2017-06-18 03:28:20
TIME	0.001
WARNING		PowerTrain OpenXWD: No selected PowerTrainXWD model; calculation using DVA is possible, but without 'integration substepping'
TIME	0.000
SIMULATE	FS_Competition_Germany_2006_ELD

TIME	114.024
SIM_END		FS_Competition_Germany_2006_ELD	114.02s	1419.34m
APPLICATION	CarMaker 5.1.2 - Car_Generic #644 (5.1.2)
COMPILED	fh@daniel.ipg 2016-08-15 11:58:04
SIM_START	FS_Competition_Germany_2006_ELD	2017-06-18 03:35:26
TIME	0.001
WARNING		PowerTrain OpenXWD: No selected PowerTrainXWD model; calculation using DVA is possible, but without 'integration substepping'
TIME	0.000
SIMULATE	FS_Competition_Germany_2006_ELD

TIME	542.954
SIM_END		FS_Competition_Germany_2006_ELD	542.95s	6860.03m
APPLICATION	CarMaker 5.1.2 - Car_Generic #644 (5.1.2)
COMPILED	fh@daniel.ipg 2016-08-15 11:58:04
SIM_START	FS_Competition_Germany_2006_ELD	2017-06-18 03:55:43
TIME	0.001
WARNING		PowerTrain OpenXWD: No selected PowerTrainXWD model; calculation using DVA is possible, but without 'integration substepping'
TIME	0.000
SIMULATE	FS_Competition_Germany_2006_ELD

TIME	6.324
SIM_END		FS_Competition_Germany_2006_ELD	6.32s	161.811m
APPLICATION	CarMaker 5.1.2 - Car_Generic #644 (5.1.2)
COMPILED	fh@daniel.ipg 2016-08-15 11:58:04
SIM_START	FS_Competition_Germany_2006_ELD	2017-06-18 03:56:24
TIME	0.001
WARNING		PowerTrain OpenXWD: No selected PowerTrainXWD model; calculation using DVA is possible, but without 'integration substepping'
TIME	0.000
SIMULATE	FS_Competition_Germany_2006_ELD

TIME	9.717
SIM_END		FS_Competition_Germany_2006_ELD	9.713s	290.573m
APPLICATION	CarMaker 5.1.2 - Car_Generic #644 (5.1.2)
COMPILED	fh@daniel.ipg 2016-08-15 11:58:04
SIM_START	FS_Competition_Germany_2006_ELD	2017-06-18 03:57:09
TIME	0.001
WARNING		PowerTrain OpenXWD: No selected PowerTrainXWD model; calculation using DVA is possible, but without 'integration substepping'
TIME	0.000
SIMULATE	FS_Competition_Germany_2006_ELD

TIME	21.346
SIM_END		FS_Competition_Germany_2006_ELD	21.342s	622.138m
APPLICATION	CarMaker 5.1.2 - Car_Generic #644 (5.1.2)
COMPILED	fh@daniel.ipg 2016-08-15 11:58:04
SIM_START	FS_Competition_Germany_2006_ELD	2017-06-18 04:12:59
TIME	0.001
WARNING		PowerTrain OpenXWD: No selected PowerTrainXWD model; calculation using DVA is possible, but without 'integration substepping'
TIME	0.000
SIMULATE	FS_Competition_Germany_2006_ELD

TIME	22.667
SIM_END		FS_Competition_Germany_2006_ELD	22.663s	661.081m
APPLICATION	CarMaker 5.1.2 - Car_Generic #644 (5.1.2)
COMPILED	fh@daniel.ipg 2016-08-15 11:58:04
SIM_START	FS_Competition_Germany_2006_ELD	2017-06-18 04:25:47
TIME	0.001
WARNING		PowerTrain OpenXWD: No selected PowerTrainXWD model; calculation using DVA is possible, but without 'integration substepping'
TIME	0.000
SIMULATE	FS_Competition_Germany_2006_ELD

TIME	10.889
SIM_END		FS_Competition_Germany_2006_ELD	10.885s	297.245m
APPLICATION	CarMaker 5.1.2 - Car_Generic #644 (5.1.2)
COMPILED	fh@daniel.ipg 2016-08-15 11:58:04
SIM_START	FS_Competition_Germany_2006_ELD	2017-06-18 04:57:40
TIME	0.001
WARNING		PowerTrain OpenXWD: No selected PowerTrainXWD model; calculation using DVA is possible, but without 'integration substepping'
TIME	0.000
SIMULATE	FS_Competition_Germany_2006_ELD

TIME	5.874
SIM_END		FS_Competition_Germany_2006_ELD	5.87s	0.000346848m
APPLICATION	CarMaker 5.1.2 - Car_Generic #644 (5.1.2)
COMPILED	fh@daniel.ipg 2016-08-15 11:58:04
SIM_START	FS_Competition_Germany_2006_ELD	2017-06-18 05:03:38
TIME	0.001
WARNING		PowerTrain OpenXWD: No selected PowerTrainXWD model; calculation using DVA is possible, but without 'integration substepping'
TIME	0.000
SIMULATE	FS_Competition_Germany_2006_ELD

TIME	15.955
SIM_END		FS_Competition_Germany_2006_ELD	15.951s	0.00242467m
APPLICATION	CarMaker 5.1.2 - Car_Generic #644 (5.1.2)
COMPILED	fh@daniel.ipg 2016-08-15 11:58:04
SIM_START	FS_Competition_Germany_2006_ELD	2017-06-18 05:04:26
TIME	0.001
WARNING		PowerTrain OpenXWD: No selected PowerTrainXWD model; calculation using DVA is possible, but without 'integration substepping'
TIME	0.000
SIMULATE	FS_Competition_Germany_2006_ELD

SIM_END		FS_Competition_Germany_2006_ELD	0s	0m
APPLICATION	CarMaker 5.1.2 - Car_Generic #644 (5.1.2)
COMPILED	fh@daniel.ipg 2016-08-15 11:58:04
SIM_START	FS_Competition_Germany_2006_ELD	2017-06-18 05:05:00
TIME	0.001
WARNING		PowerTrain OpenXWD: No selected PowerTrainXWD model; calculation using DVA is possible, but without 'integration substepping'
TIME	0.000
SIMULATE	FS_Competition_Germany_2006_ELD

TIME	25.394
SIM_END		FS_Competition_Germany_2006_ELD	25.39s	31.8453m
APPLICATION	CarMaker 5.1.2 - Car_Generic #644 (5.1.2)
COMPILED	fh@daniel.ipg 2016-08-15 11:58:04
SIM_START	FS_Competition_Germany_2006_ELD	2017-06-18 05:06:03
TIME	0.001
WARNING		PowerTrain OpenXWD: No selected PowerTrainXWD model; calculation using DVA is possible, but without 'integration substepping'
TIME	0.000
SIMULATE	FS_Competition_Germany_2006_ELD

TIME	27.295
SIM_END		FS_Competition_Germany_2006_ELD	27.291s	34.1597m
APPLICATION	CarMaker 5.1.2 - Car_Generic #644 (5.1.2)
COMPILED	fh@daniel.ipg 2016-08-15 11:58:04
SIM_START	FS_Competition_Germany_2006_ELD	2017-06-18 05:07:36
TIME	0.001
WARNING		PowerTrain OpenXWD: No selected PowerTrainXWD model; calculation using DVA is possible, but without 'integration substepping'
TIME	0.000
SIMULATE	FS_Competition_Germany_2006_ELD

TIME	106.231
SIM_END		FS_Competition_Germany_2006_ELD	106.227s	412.484m
APPLICATION	CarMaker 5.1.2 - Car_Generic #644 (5.1.2)
COMPILED	fh@daniel.ipg 2016-08-15 11:58:04
SIM_START	FS_Competition_Germany_2006_ELD	2017-06-18 05:12:52
TIME	0.001
WARNING		PowerTrain OpenXWD: No selected PowerTrainXWD model; calculation using DVA is possible, but without 'integration substepping'
TIME	0.000
SIMULATE	FS_Competition_Germany_2006_ELD

TIME	10.054
SIM_END		FS_Competition_Germany_2006_ELD	10.05s	271.469m
APPLICATION	CarMaker 5.1.2 - Car_Generic #644 (5.1.2)
COMPILED	fh@daniel.ipg 2016-08-15 11:58:04
SIM_START	FS_Competition_Germany_2006_ELD	2017-06-18 05:18:50
TIME	0.001
WARNING		PowerTrain OpenXWD: No selected PowerTrainXWD model; calculation using DVA is possible, but without 'integration substepping'
TIME	0.000
SIMULATE	FS_Competition_Germany_2006_ELD

TIME	24.143
SIM_END		FS_Competition_Germany_2006_ELD	24.139s	706.695m
APPLICATION	CarMaker 5.1.2 - Car_Generic #644 (5.1.2)
COMPILED	fh@daniel.ipg 2016-08-15 11:58:04
SIM_START	FS_Competition_Germany_2006_ELD	2017-06-18 05:19:50
TIME	0.001
WARNING		PowerTrain OpenXWD: No selected PowerTrainXWD model; calculation using DVA is possible, but without 'integration substepping'
TIME	0.000
SIMULATE	FS_Competition_Germany_2006_ELD

TIME	8.712
SIM_END		FS_Competition_Germany_2006_ELD	8.708s	230.013m
APPLICATION	CarMaker 5.1.2 - Car_Generic #644 (5.1.2)
COMPILED	fh@daniel.ipg 2016-08-15 11:58:04
SIM_START	FS_Competition_Germany_2006_ELD	2017-06-18 05:26:57
TIME	0.001
WARNING		PowerTrain OpenXWD: No selected PowerTrainXWD model; calculation using DVA is possible, but without 'integration substepping'
TIME	0.000
SIMULATE	FS_Competition_Germany_2006_ELD

SIM_END		FS_Competition_Germany_2006_ELD	0s	0m
APPLICATION	CarMaker 5.1.2 - Car_Generic #644 (5.1.2)
COMPILED	fh@daniel.ipg 2016-08-15 11:58:04
SIM_START	FS_Competition_Germany_2006_ELD	2017-06-18 05:28:03
TIME	0.001
WARNING		PowerTrain OpenXWD: No selected PowerTrainXWD model; calculation using DVA is possible, but without 'integration substepping'
TIME	0.000
SIMULATE	FS_Competition_Germany_2006_ELD

TIME	9.114
SIM_END		FS_Competition_Germany_2006_ELD	9.11s	242.432m
APPLICATION	CarMaker 5.1.2 - Car_Generic #644 (5.1.2)
COMPILED	fh@daniel.ipg 2016-08-15 11:58:04
SIM_START	FS_Competition_Germany_2006_ELD	2017-06-18 05:30:29
TIME	0.001
WARNING		PowerTrain OpenXWD: No selected PowerTrainXWD model; calculation using DVA is possible, but without 'integration substepping'
TIME	0.000
SIMULATE	FS_Competition_Germany_2006_ELD

SIM_END		FS_Competition_Germany_2006_ELD	0.53s	0.928974m
APPLICATION	CarMaker 5.1.2 - Car_Generic #644 (5.1.2)
COMPILED	fh@daniel.ipg 2016-08-15 11:58:04
SIM_START	FS_Competition_Germany_2006_ELD	2017-06-18 06:45:17
TIME	0.001
WARNING		PowerTrain OpenXWD: No selected PowerTrainXWD model; calculation using DVA is possible, but without 'integration substepping'
TIME	0.000
SIMULATE	FS_Competition_Germany_2006_ELD

TIME	27.001
SIM_END		FS_Competition_Germany_2006_ELD	26.997s	347.079m
APPLICATION	CarMaker 5.1.2 - Car_Generic #644 (5.1.2)
COMPILED	fh@daniel.ipg 2016-08-15 11:58:04
SIM_START	FS_Competition_Germany_2006_ELD	2017-06-18 06:53:23
TIME	0.001
WARNING		PowerTrain OpenXWD: No selected PowerTrainXWD model; calculation using DVA is possible, but without 'integration substepping'
TIME	0.000
SIMULATE	FS_Competition_Germany_2006_ELD

TIME	3.138
SIM_END		FS_Competition_Germany_2006_ELD	3.134s	26.7637m
APPLICATION	CarMaker 5.1.2 - Car_Generic #644 (5.1.2)
COMPILED	fh@daniel.ipg 2016-08-15 11:58:04
SIM_START	FS_Competition_Germany_2006_ELD	2017-06-18 06:54:10
TIME	0.001
WARNING		PowerTrain OpenXWD: No selected PowerTrainXWD model; calculation using DVA is possible, but without 'integration substepping'
TIME	0.000
SIMULATE	FS_Competition_Germany_2006_ELD

TIME	112.674
SIM_END		FS_Competition_Germany_2006_ELD	112.67s	1470.26m
APPLICATION	CarMaker 5.1.2 - Car_Generic #644 (5.1.2)
COMPILED	fh@daniel.ipg 2016-08-15 11:58:04
SIM_START	FS_Competition_Germany_2006_ELD	2017-06-18 06:58:24
TIME	0.001
WARNING		PowerTrain OpenXWD: No selected PowerTrainXWD model; calculation using DVA is possible, but without 'integration substepping'
TIME	0.000
SIMULATE	FS_Competition_Germany_2006_ELD

TIME	25.864
SIM_END		FS_Competition_Germany_2006_ELD	25.86s	329.416m
APPLICATION	CarMaker 5.1.2 - Car_Generic #644 (5.1.2)
COMPILED	fh@daniel.ipg 2016-08-15 11:58:04
SIM_START	FS_Competition_Germany_2006_ELD	2017-06-18 06:59:44
TIME	0.001
WARNING		PowerTrain OpenXWD: No selected PowerTrainXWD model; calculation using DVA is possible, but without 'integration substepping'
TIME	0.000
SIMULATE	FS_Competition_Germany_2006_ELD

TIME	13.874
SIM_END		FS_Competition_Germany_2006_ELD	13.87s	178.014m
APPLICATION	CarMaker 5.1.2 - Car_Generic #644 (5.1.2)
COMPILED	fh@daniel.ipg 2016-08-15 11:58:04
SIM_START	FS_Competition_Germany_2006_ELD	2017-06-18 07:00:30
TIME	0.001
WARNING		PowerTrain OpenXWD: No selected PowerTrainXWD model; calculation using DVA is possible, but without 'integration substepping'
TIME	0.000
SIMULATE	FS_Competition_Germany_2006_ELD

TIME	17.788
SIM_END		FS_Competition_Germany_2006_ELD	17.784s	235.097m
