APPLICATION	CarMaker 5.1.2 - Car_Generic #644 (5.1.2)
COMPILED	fh@daniel.ipg 2016-08-15 11:58:04
SIM_START	FS_Competition_Germany_2006_ELD	2017-05-20 15:34:04
TIME	0.001
WARNING		PowerTrain OpenXWD: No selected PowerTrainXWD model; calculation using DVA is possible, but without 'integration substepping'
TIME	0.000
SIMULATE	FS_Competition_Germany_2006_ELD

TIME	600.004
SIM_END		FS_Competition_Germany_2006_ELD	600s	6059.12m
APPLICATION	CarMaker 5.1.2 - Car_Generic #644 (5.1.2)
COMPILED	fh@daniel.ipg 2016-08-15 11:58:04
SIM_START	FS_Competition_Germany_2006_ELD	2017-05-20 16:00:16
TIME	0.001
WARNING		PowerTrain OpenXWD: No selected PowerTrainXWD model; calculation using DVA is possible, but without 'integration substepping'
TIME	0.000
SIMULATE	FS_Competition_Germany_2006_ELD

TIME	36.954
SIM_END		FS_Competition_Germany_2006_ELD	36.95s	0.0374996m
APPLICATION	CarMaker 5.1.2 - Car_Generic #644 (5.1.2)
COMPILED	fh@daniel.ipg 2016-08-15 11:58:04
SIM_START	FS_Competition_Germany_2006_ELD	2017-05-20 16:01:41
TIME	0.001
WARNING		PowerTrain OpenXWD: No selected PowerTrainXWD model; calculation using DVA is possible, but without 'integration substepping'
TIME	0.000
SIMULATE	FS_Competition_Germany_2006_ELD

TIME	11.943
SIM_END		FS_Competition_Germany_2006_ELD	11.939s	0.0119639m
APPLICATION	CarMaker 5.1.2 - Car_Generic #644 (5.1.2)
COMPILED	fh@daniel.ipg 2016-08-15 11:58:04
SIM_START	FS_Competition_Germany_2006_ELD	2017-05-20 16:02:54
TIME	0.001
WARNING		PowerTrain OpenXWD: No selected PowerTrainXWD model; calculation using DVA is possible, but without 'integration substepping'
TIME	0.000
SIMULATE	FS_Competition_Germany_2006_ELD

TIME	65.791
SIM_END		FS_Competition_Germany_2006_ELD	65.787s	0.0669428m
APPLICATION	CarMaker 5.1.2 - Car_Generic #644 (5.1.2)
COMPILED	fh@daniel.ipg 2016-08-15 11:58:04
SIM_START	FS_Competition_Germany_2006_ELD	2017-05-20 16:05:03
TIME	0.001
WARNING		PowerTrain OpenXWD: No selected PowerTrainXWD model; calculation using DVA is possible, but without 'integration substepping'
TIME	0.000
SIMULATE	FS_Competition_Germany_2006_ELD

TIME	26.240
SIM_END		FS_Competition_Germany_2006_ELD	26.236s	0.0265607m
APPLICATION	CarMaker 5.1.2 - Car_Generic #644 (5.1.2)
COMPILED	fh@daniel.ipg 2016-08-15 11:58:04
SIM_START	FS_Competition_Germany_2006_ELD	2017-05-20 16:06:15
TIME	0.001
WARNING		PowerTrain OpenXWD: No selected PowerTrainXWD model; calculation using DVA is possible, but without 'integration substepping'
TIME	0.000
SIMULATE	FS_Competition_Germany_2006_ELD

TIME	29.458
SIM_END		FS_Competition_Germany_2006_ELD	29.454s	0.0298462m
APPLICATION	CarMaker 5.1.2 - Car_Generic #644 (5.1.2)
COMPILED	fh@daniel.ipg 2016-08-15 11:58:04
SIM_START	FS_Competition_Germany_2006_ELD	2017-05-21 12:33:48
TIME	0.001
WARNING		PowerTrain OpenXWD: No selected PowerTrainXWD model; calculation using DVA is possible, but without 'integration substepping'
TIME	0.000
SIMULATE	FS_Competition_Germany_2006_ELD

TIME	600.004
SIM_END		FS_Competition_Germany_2006_ELD	600s	0.612659m
APPLICATION	CarMaker 5.1.2 - Car_Generic #644 (5.1.2)
COMPILED	fh@daniel.ipg 2016-08-15 11:58:04
SIM_START	FS_Competition_Germany_2006_ELD	2017-05-21 12:44:15
TIME	0.001
WARNING		PowerTrain OpenXWD: No selected PowerTrainXWD model; calculation using DVA is possible, but without 'integration substepping'
TIME	0.000
SIMULATE	FS_Competition_Germany_2006_ELD

TIME	600.004
SIM_END		FS_Competition_Germany_2006_ELD	600s	0.612659m
APPLICATION	CarMaker 5.1.2 - Car_Generic #644 (5.1.2)
COMPILED	fh@daniel.ipg 2016-08-15 11:58:04
SIM_START	FS_Competition_Germany_2006_ELD	2017-05-21 12:55:40
TIME	0.001
WARNING		PowerTrain OpenXWD: No selected PowerTrainXWD model; calculation using DVA is possible, but without 'integration substepping'
TIME	0.000
SIMULATE	FS_Competition_Germany_2006_ELD

TIME	600.004
SIM_END		FS_Competition_Germany_2006_ELD	600s	0.612659m
APPLICATION	CarMaker 5.1.2 - Car_Generic #644 (5.1.2)
COMPILED	fh@daniel.ipg 2016-08-15 11:58:04
SIM_START	FS_Competition_Germany_2006_ELD	2017-05-21 13:07:50
TIME	0.001
WARNING		PowerTrain OpenXWD: No selected PowerTrainXWD model; calculation using DVA is possible, but without 'integration substepping'
TIME	0.000
SIMULATE	FS_Competition_Germany_2006_ELD

TIME	330.086
SIM_END		FS_Competition_Germany_2006_ELD	330.082s	1881.54m
APPLICATION	CarMaker 5.1.2 - Car_Generic #644 (5.1.2)
COMPILED	fh@daniel.ipg 2016-08-15 11:58:04
SIM_START	FS_Competition_Germany_2006_ELD	2017-05-21 13:13:38
TIME	0.001
WARNING		PowerTrain OpenXWD: No selected PowerTrainXWD model; calculation using DVA is possible, but without 'integration substepping'
TIME	0.000
SIMULATE	FS_Competition_Germany_2006_ELD

TIME	111.191
SIM_END		FS_Competition_Germany_2006_ELD	111.187s	615.172m
APPLICATION	CarMaker 5.1.2 - Car_Generic #644 (5.1.2)
COMPILED	fh@daniel.ipg 2016-08-15 11:58:04
SIM_START	FS_Competition_Germany_2006_ELD	2017-05-21 18:13:15
TIME	0.001
WARNING		PowerTrain OpenXWD: No selected PowerTrainXWD model; calculation using DVA is possible, but without 'integration substepping'
TIME	0.000
SIMULATE	FS_Competition_Germany_2006_ELD

TIME	600.004
SIM_END		FS_Competition_Germany_2006_ELD	600s	7000.66m
APPLICATION	CarMaker 5.1.2 - Car_Generic #644 (5.1.2)
COMPILED	fh@daniel.ipg 2016-08-15 11:58:04
SIM_START	FS_Competition_Germany_2006_ELD	2017-05-21 19:03:14
TIME	0.001
WARNING		PowerTrain OpenXWD: No selected PowerTrainXWD model; calculation using DVA is possible, but without 'integration substepping'
TIME	0.000
SIMULATE	FS_Competition_Germany_2006_ELD

TIME	600.004
SIM_END		FS_Competition_Germany_2006_ELD	600s	6988.44m
APPLICATION	CarMaker 5.1.2 - Car_Generic #644 (5.1.2)
COMPILED	fh@daniel.ipg 2016-08-15 11:58:04
SIM_START	FS_Competition_Germany_2006_ELD	2017-05-21 19:29:04
TIME	0.001
WARNING		PowerTrain OpenXWD: No selected PowerTrainXWD model; calculation using DVA is possible, but without 'integration substepping'
TIME	0.000
SIMULATE	FS_Competition_Germany_2006_ELD

TIME	600.004
SIM_END		FS_Competition_Germany_2006_ELD	600s	0.612659m
APPLICATION	CarMaker 5.1.2 - Car_Generic #644 (5.1.2)
COMPILED	fh@daniel.ipg 2016-08-15 11:58:04
SIM_START	FS_Competition_Germany_2006_ELD	2017-05-22 12:42:37
TIME	0.001
WARNING		PowerTrain OpenXWD: No selected PowerTrainXWD model; calculation using DVA is possible, but without 'integration substepping'
TIME	0.000
SIMULATE	FS_Competition_Germany_2006_ELD

TIME	600.004
SIM_END		FS_Competition_Germany_2006_ELD	600s	0.612659m
