APPLICATION	CarMaker 6.0.3 - Car_Generic #36 (6.0.3)
COMPILED	pt@pluto.ipg 2017-09-27 12:36:15
SIM_START	skidpad_ELD	2018-01-12 15:31:07
TIME	0.001
WARNING		PowerTrain OpenXWD: No selected PowerTrainXWD model; calculation using DVA is possible, but without 'integration substepping'
TIME	0.000
SIMULATE	skidpad_ELD

TIME	21.839
SIM_END		skidpad_ELD	21.838s	262.245m
APPLICATION	CarMaker 6.0.3 - Car_Generic #36 (6.0.3)
COMPILED	pt@pluto.ipg 2017-09-27 12:36:15
SIM_START	skidpad_ELD	2018-01-12 15:32:29
TIME	0.001
WARNING		PowerTrain OpenXWD: No selected PowerTrainXWD model; calculation using DVA is possible, but without 'integration substepping'
TIME	0.000
SIMULATE	skidpad_ELD

TIME	21.830
SIM_END		skidpad_ELD	21.829s	262.082m
APPLICATION	CarMaker 6.0.3 - Car_Generic #36 (6.0.3)
COMPILED	pt@pluto.ipg 2017-09-27 12:36:15
SIM_START	skidpad_ELD	2018-01-12 15:33:19
TIME	0.001
WARNING		PowerTrain OpenXWD: No selected PowerTrainXWD model; calculation using DVA is possible, but without 'integration substepping'
TIME	0.000
SIMULATE	skidpad_ELD

TIME	21.839
SIM_END		skidpad_ELD	21.838s	262.245m
APPLICATION	CarMaker 6.0.3 - Car_Generic #36 (6.0.3)
COMPILED	pt@pluto.ipg 2017-09-27 12:36:15
SIM_START	skidpad_ELD	2018-01-12 15:34:38
TIME	0.001
WARNING		PowerTrain OpenXWD: No selected PowerTrainXWD model; calculation using DVA is possible, but without 'integration substepping'
TIME	0.000
SIMULATE	skidpad_ELD

TIME	21.839
SIM_END		skidpad_ELD	21.838s	262.245m
APPLICATION	CarMaker 6.0.3 - Car_Generic #36 (6.0.3)
COMPILED	pt@pluto.ipg 2017-09-27 12:36:15
SIM_START	skidpad_ELD	2018-01-12 15:35:35
TIME	0.001
WARNING		PowerTrain OpenXWD: No selected PowerTrainXWD model; calculation using DVA is possible, but without 'integration substepping'
TIME	0.000
SIMULATE	skidpad_ELD

TIME	21.971
SIM_END		skidpad_ELD	21.97s	261.079m
APPLICATION	CarMaker 6.0.3 - Car_Generic #36 (6.0.3)
COMPILED	pt@pluto.ipg 2017-09-27 12:36:15
SIM_START	skidpad_ELD	2018-01-12 15:36:24
TIME	0.001
WARNING		PowerTrain OpenXWD: No selected PowerTrainXWD model; calculation using DVA is possible, but without 'integration substepping'
TIME	0.000
SIMULATE	skidpad_ELD

TIME	21.830
SIM_END		skidpad_ELD	21.829s	262.082m
APPLICATION	CarMaker 6.0.3 - Car_Generic #36 (6.0.3)
COMPILED	pt@pluto.ipg 2017-09-27 12:36:15
SIM_START	skidpad_ELD	2018-01-12 15:37:27
TIME	0.001
WARNING		PowerTrain OpenXWD: No selected PowerTrainXWD model; calculation using DVA is possible, but without 'integration substepping'
TIME	0.000
SIMULATE	skidpad_ELD

TIME	21.972
SIM_END		skidpad_ELD	21.971s	261.068m
APPLICATION	CarMaker 6.0.3 - Car_Generic #36 (6.0.3)
COMPILED	pt@pluto.ipg 2017-09-27 12:36:15
SIM_START	skid	2018-01-12 15:39:37
TIME	0.001
WARNING		PowerTrain OpenXWD: No selected PowerTrainXWD model; calculation using DVA is possible, but without 'integration substepping'
TIME	0.000
SIMULATE	skid

TIME	26.626
SIM_END		skid	26.625s	593.457m
APPLICATION	CarMaker 6.0.3 - Car_Generic #36 (6.0.3)
COMPILED	pt@pluto.ipg 2017-09-27 12:36:15
SIM_START	skid	2018-01-12 15:41:56
TIME	0.001
WARNING		PowerTrain OpenXWD: No selected PowerTrainXWD model; calculation using DVA is possible, but without 'integration substepping'
TIME	0.000
SIMULATE	skid

TIME	26.600
SIM_END		skid	26.599s	593.439m
APPLICATION	CarMaker 6.0.3 - Car_Generic #36 (6.0.3)
COMPILED	pt@pluto.ipg 2017-09-27 12:36:15
SIM_START	skid	2018-01-12 15:43:27
TIME	0.001
WARNING		PowerTrain OpenXWD: No selected PowerTrainXWD model; calculation using DVA is possible, but without 'integration substepping'
TIME	0.000
SIMULATE	skid

TIME	26.625
SIM_END		skid	26.624s	593.458m
APPLICATION	CarMaker 6.0.3 - Car_Generic #36 (6.0.3)
COMPILED	pt@pluto.ipg 2017-09-27 12:36:15
SIM_START	skid	2018-01-12 15:57:43
TIME	0.001
WARNING		PowerTrain OpenXWD: No selected PowerTrainXWD model; calculation using DVA is possible, but without 'integration substepping'
TIME	0.000
SIMULATE	skid

TIME	26.625
SIM_END		skid	26.624s	593.458m
APPLICATION	CarMaker 6.0.3 - Car_Generic #36 (6.0.3)
COMPILED	pt@pluto.ipg 2017-09-27 12:36:15
SIM_START	skid	2018-01-12 16:04:16
TIME	0.001
WARNING		PowerTrain OpenXWD: No selected PowerTrainXWD model; calculation using DVA is possible, but without 'integration substepping'
TIME	0.000
SIMULATE	skid

TIME	26.625
SIM_END		skid	26.624s	593.458m
APPLICATION	CarMaker 6.0.3 - Car_Generic #36 (6.0.3)
COMPILED	pt@pluto.ipg 2017-09-27 12:36:15
SIM_START	skid	2018-01-12 16:11:32
TIME	0.001
WARNING		PowerTrain OpenXWD: No selected PowerTrainXWD model; calculation using DVA is possible, but without 'integration substepping'
TIME	0.000
SIMULATE	skid

TIME	26.600
SIM_END		skid	26.599s	593.439m
APPLICATION	CarMaker 6.0.3 - Car_Generic #36 (6.0.3)
COMPILED	pt@pluto.ipg 2017-09-27 12:36:15
SIM_START	skid	2018-01-12 16:25:34
TIME	0.001
WARNING		PowerTrain OpenXWD: No selected PowerTrainXWD model; calculation using DVA is possible, but without 'integration substepping'
TIME	0.000
SIMULATE	skid

TIME	26.600
SIM_END		skid	26.599s	593.439m
APPLICATION	CarMaker 6.0.3 - Car_Generic #36 (6.0.3)
COMPILED	pt@pluto.ipg 2017-09-27 12:36:15
SIM_START	skid	2018-01-12 16:27:07
TIME	0.001
WARNING		PowerTrain OpenXWD: No selected PowerTrainXWD model; calculation using DVA is possible, but without 'integration substepping'
TIME	0.000
SIMULATE	skid

TIME	26.600
SIM_END		skid	26.599s	593.439m
APPLICATION	CarMaker 6.0.3 - Car_Generic #36 (6.0.3)
COMPILED	pt@pluto.ipg 2017-09-27 12:36:15
SIM_START	skid	2018-01-12 16:29:09
TIME	0.001
WARNING		PowerTrain OpenXWD: No selected PowerTrainXWD model; calculation using DVA is possible, but without 'integration substepping'
TIME	0.000
SIMULATE	skid

TIME	26.599
SIM_END		skid	26.598s	593.439m
APPLICATION	CarMaker 6.0.3 - Car_Generic #36 (6.0.3)
COMPILED	pt@pluto.ipg 2017-09-27 12:36:15
SIM_START	skid	2018-01-12 16:30:57
TIME	0.001
WARNING		PowerTrain OpenXWD: No selected PowerTrainXWD model; calculation using DVA is possible, but without 'integration substepping'
TIME	0.000
SIMULATE	skid

TIME	26.599
SIM_END		skid	26.598s	593.434m
APPLICATION	CarMaker 6.0.3 - Car_Generic #36 (6.0.3)
COMPILED	pt@pluto.ipg 2017-09-27 12:36:15
SIM_START	skidpad_ELD	2018-01-12 16:31:57
TIME	0.001
WARNING		PowerTrain OpenXWD: No selected PowerTrainXWD model; calculation using DVA is possible, but without 'integration substepping'
TIME	0.000
SIMULATE	skidpad_ELD

TIME	21.802
SIM_END		skidpad_ELD	21.801s	261.96m
APPLICATION	CarMaker 6.0.3 - Car_Generic #36 (6.0.3)
COMPILED	pt@pluto.ipg 2017-09-27 12:36:15
SIM_START	skidpad_ELD	2018-01-12 16:32:58
TIME	0.001
WARNING		PowerTrain OpenXWD: No selected PowerTrainXWD model; calculation using DVA is possible, but without 'integration substepping'
TIME	0.000
SIMULATE	skidpad_ELD

TIME	21.904
SIM_END		skidpad_ELD	21.903s	263.069m
APPLICATION	CarMaker 6.0.3 - Car_Generic #36 (6.0.3)
COMPILED	pt@pluto.ipg 2017-09-27 12:36:15
SIM_START	skidpad_ELD	2018-01-12 16:33:53
TIME	0.001
WARNING		PowerTrain OpenXWD: No selected PowerTrainXWD model; calculation using DVA is possible, but without 'integration substepping'
TIME	0.000
SIMULATE	skidpad_ELD

TIME	21.836
SIM_END		skidpad_ELD	21.835s	262.185m
APPLICATION	CarMaker 6.0.3 - Car_Generic #36 (6.0.3)
COMPILED	pt@pluto.ipg 2017-09-27 12:36:15
SIM_START	skidpad_ELD	2018-01-12 16:37:42
TIME	0.001
WARNING		PowerTrain OpenXWD: No selected PowerTrainXWD model; calculation using DVA is possible, but without 'integration substepping'
TIME	0.000
SIMULATE	skidpad_ELD

TIME	21.838
SIM_END		skidpad_ELD	21.837s	262.292m
APPLICATION	CarMaker 6.0.3 - Car_Generic #36 (6.0.3)
COMPILED	pt@pluto.ipg 2017-09-27 12:36:15
SIM_START	skidpad_ELD	2018-01-12 16:46:15
TIME	0.001
WARNING		PowerTrain OpenXWD: No selected PowerTrainXWD model; calculation using DVA is possible, but without 'integration substepping'
TIME	0.000
SIMULATE	skidpad_ELD

TIME	21.836
SIM_END		skidpad_ELD	21.835s	262.185m
APPLICATION	CarMaker 6.0.3 - Car_Generic #36 (6.0.3)
COMPILED	pt@pluto.ipg 2017-09-27 12:36:15
SIM_START	skidpad_ELD	2018-01-12 16:48:54
TIME	0.001
WARNING		PowerTrain OpenXWD: No selected PowerTrainXWD model; calculation using DVA is possible, but without 'integration substepping'
TIME	0.000
SIMULATE	skidpad_ELD

TIME	22.057
SIM_END		skidpad_ELD	22.056s	264.837m
APPLICATION	CarMaker 6.0.3 - Car_Generic #36 (6.0.3)
COMPILED	pt@pluto.ipg 2017-09-27 12:36:15
SIM_START	skidpad_ELD	2018-01-12 16:51:26
TIME	0.001
WARNING		PowerTrain OpenXWD: No selected PowerTrainXWD model; calculation using DVA is possible, but without 'integration substepping'
TIME	0.000
SIMULATE	skidpad_ELD

TIME	22.057
SIM_END		skidpad_ELD	22.056s	264.837m
APPLICATION	CarMaker 6.0.3 - Car_Generic #36 (6.0.3)
COMPILED	pt@pluto.ipg 2017-09-27 12:36:15
SIM_START	skidpad_ELD	2018-01-12 16:52:52
TIME	0.001
WARNING		PowerTrain OpenXWD: No selected PowerTrainXWD model; calculation using DVA is possible, but without 'integration substepping'
TIME	0.000
SIMULATE	skidpad_ELD

TIME	22.057
SIM_END		skidpad_ELD	22.056s	264.837m
APPLICATION	CarMaker 6.0.3 - Car_Generic #36 (6.0.3)
COMPILED	pt@pluto.ipg 2017-09-27 12:36:15
SIM_START	skidpad_ELD	2018-01-12 16:55:26
TIME	0.001
WARNING		PowerTrain OpenXWD: No selected PowerTrainXWD model; calculation using DVA is possible, but without 'integration substepping'
TIME	0.000
SIMULATE	skidpad_ELD

TIME	21.836
SIM_END		skidpad_ELD	21.835s	262.185m
APPLICATION	CarMaker 6.0.3 - Car_Generic #36 (6.0.3)
COMPILED	pt@pluto.ipg 2017-09-27 12:36:15
SIM_START	skidpad_ELD	2018-01-12 20:16:47
TIME	0.001
WARNING		PowerTrain OpenXWD: No selected PowerTrainXWD model; calculation using DVA is possible, but without 'integration substepping'
TIME	0.000
SIMULATE	skidpad_ELD

TIME	21.839
SIM_END		skidpad_ELD	21.838s	262.245m
APPLICATION	CarMaker 6.0.3 - Car_Generic #36 (6.0.3)
COMPILED	pt@pluto.ipg 2017-09-27 12:36:15
SIM_START	skidpad_ELD	2018-01-12 20:23:05
TIME	0.001
WARNING		PowerTrain OpenXWD: No selected PowerTrainXWD model; calculation using DVA is possible, but without 'integration substepping'
TIME	0.000
SIMULATE	skidpad_ELD

TIME	21.839
SIM_END		skidpad_ELD	21.838s	262.245m
APPLICATION	CarMaker 6.0.3 - Car_Generic #36 (6.0.3)
COMPILED	pt@pluto.ipg 2017-09-27 12:36:15
SIM_START	skidpad_ELD	2018-01-12 20:29:36
TIME	0.001
WARNING		PowerTrain OpenXWD: No selected PowerTrainXWD model; calculation using DVA is possible, but without 'integration substepping'
TIME	0.000
SIMULATE	skidpad_ELD

TIME	21.839
SIM_END		skidpad_ELD	21.838s	262.245m
APPLICATION	CarMaker 6.0.3 - Car_Generic #36 (6.0.3)
COMPILED	pt@pluto.ipg 2017-09-27 12:36:15
SIM_START	skidpad_ELD	2018-01-12 20:30:55
TIME	0.001
WARNING		PowerTrain OpenXWD: No selected PowerTrainXWD model; calculation using DVA is possible, but without 'integration substepping'
TIME	0.000
SIMULATE	skidpad_ELD

TIME	21.839
SIM_END		skidpad_ELD	21.838s	262.245m
APPLICATION	CarMaker 6.0.3 - Car_Generic #36 (6.0.3)
COMPILED	pt@pluto.ipg 2017-09-27 12:36:15
SIM_START	skidpad_ELD	2018-01-12 21:03:47
TIME	0.001
WARNING		PowerTrain OpenXWD: No selected PowerTrainXWD model; calculation using DVA is possible, but without 'integration substepping'
TIME	0.000
SIMULATE	skidpad_ELD

TIME	21.850
SIM_END		skidpad_ELD	21.849s	262.403m
APPLICATION	CarMaker 6.0.3 - Car_Generic #36 (6.0.3)
COMPILED	pt@pluto.ipg 2017-09-27 12:36:15
SIM_START	skidpad_ELD	2018-01-12 21:07:45
TIME	0.001
WARNING		PowerTrain OpenXWD: No selected PowerTrainXWD model; calculation using DVA is possible, but without 'integration substepping'
TIME	0.000
SIMULATE	skidpad_ELD

TIME	21.867
SIM_END		skidpad_ELD	21.866s	262.564m
APPLICATION	CarMaker 6.0.3 - Car_Generic #36 (6.0.3)
COMPILED	pt@pluto.ipg 2017-09-27 12:36:15
SIM_START	skidpad_ELD	2018-01-12 21:15:22
TIME	0.001
WARNING		PowerTrain OpenXWD: No selected PowerTrainXWD model; calculation using DVA is possible, but without 'integration substepping'
TIME	0.000
SIMULATE	skidpad_ELD

TIME	22.052
SIM_END		skidpad_ELD	22.051s	264.804m
APPLICATION	CarMaker 6.0.3 - Car_Generic #36 (6.0.3)
COMPILED	pt@pluto.ipg 2017-09-27 12:36:15
SIM_START	skidpad_ELD	2018-01-12 21:20:42
TIME	0.001
WARNING		PowerTrain OpenXWD: No selected PowerTrainXWD model; calculation using DVA is possible, but without 'integration substepping'
TIME	0.000
SIMULATE	skidpad_ELD

TIME	22.053
SIM_END		skidpad_ELD	22.052s	264.796m
APPLICATION	CarMaker 6.0.3 - Car_Generic #36 (6.0.3)
COMPILED	pt@pluto.ipg 2017-09-27 12:36:15
SIM_START	skidpad_ELD	2018-01-12 21:22:20
TIME	0.001
WARNING		PowerTrain OpenXWD: No selected PowerTrainXWD model; calculation using DVA is possible, but without 'integration substepping'
TIME	0.000
SIMULATE	skidpad_ELD

TIME	21.811
SIM_END		skidpad_ELD	21.81s	261.987m
APPLICATION	CarMaker 6.0.3 - Car_Generic #36 (6.0.3)
COMPILED	pt@pluto.ipg 2017-09-27 12:36:15
SIM_START	skidpad_ELD	2018-01-12 21:24:09
TIME	0.001
WARNING		PowerTrain OpenXWD: No selected PowerTrainXWD model; calculation using DVA is possible, but without 'integration substepping'
TIME	0.000
SIMULATE	skidpad_ELD

TIME	21.811
SIM_END		skidpad_ELD	21.81s	261.987m
APPLICATION	CarMaker 6.0.3 - Car_Generic #36 (6.0.3)
COMPILED	pt@pluto.ipg 2017-09-27 12:36:15
SIM_START	skidpad_ELD	2018-01-12 21:25:23
TIME	0.001
WARNING		PowerTrain OpenXWD: No selected PowerTrainXWD model; calculation using DVA is possible, but without 'integration substepping'
TIME	0.000
SIMULATE	skidpad_ELD

TIME	7.395
ERROR		Roll angle too high (-80.19 deg)
SIM_ABORT	skidpad_ELD	7.397s	80.7843m
APPLICATION	CarMaker 6.0.3 - Car_Generic #36 (6.0.3)
COMPILED	pt@pluto.ipg 2017-09-27 12:36:15
SIM_START	skidpad_ELD	2018-01-12 21:27:18
TIME	0.001
WARNING		PowerTrain OpenXWD: No selected PowerTrainXWD model; calculation using DVA is possible, but without 'integration substepping'
TIME	0.000
SIMULATE	skidpad_ELD

TIME	21.284
SIM_END		skidpad_ELD	21.283s	261.881m
APPLICATION	CarMaker 6.0.3 - Car_Generic #36 (6.0.3)
COMPILED	pt@pluto.ipg 2017-09-27 12:36:15
SIM_START	skidpad_ELD	2018-01-12 21:30:24
TIME	0.001
WARNING		PowerTrain OpenXWD: No selected PowerTrainXWD model; calculation using DVA is possible, but without 'integration substepping'
TIME	0.000
SIMULATE	skidpad_ELD

TIME	21.194
SIM_END		skidpad_ELD	21.193s	261.885m
APPLICATION	CarMaker 6.0.3 - Car_Generic #36 (6.0.3)
COMPILED	pt@pluto.ipg 2017-09-27 12:36:15
SIM_START	skidpad_ELD	2018-01-12 21:59:38
TIME	0.001
WARNING		PowerTrain OpenXWD: No selected PowerTrainXWD model; calculation using DVA is possible, but without 'integration substepping'
TIME	0.000
SIMULATE	skidpad_ELD

TIME	21.133
SIM_END		skidpad_ELD	21.132s	261.893m
APPLICATION	CarMaker 6.0.3 - Car_Generic #36 (6.0.3)
COMPILED	pt@pluto.ipg 2017-09-27 12:36:15
SIM_START	skidpad_ELD	2018-01-12 22:02:04
TIME	0.001
WARNING		PowerTrain OpenXWD: No selected PowerTrainXWD model; calculation using DVA is possible, but without 'integration substepping'
TIME	0.000
SIMULATE	skidpad_ELD

TIME	15.111
ERROR		Vehicle leaves road at about x=2.2555, y=11.163 TireNo=1
SIM_ABORT	skidpad_ELD	15.113s	168.018m
APPLICATION	CarMaker 6.0.3 - Car_Generic #36 (6.0.3)
COMPILED	pt@pluto.ipg 2017-09-27 12:36:15
SIM_START	skidpad_ELD	2018-01-12 22:06:33
TIME	0.001
WARNING		PowerTrain OpenXWD: No selected PowerTrainXWD model; calculation using DVA is possible, but without 'integration substepping'
TIME	0.000
SIMULATE	skidpad_ELD

TIME	14.647
ERROR		Roll angle too high (80.23 deg)
SIM_ABORT	skidpad_ELD	14.649s	168.509m
APPLICATION	CarMaker 6.0.3 - Car_Generic #36 (6.0.3)
COMPILED	pt@pluto.ipg 2017-09-27 12:36:15
SIM_START	skidpad_ELD	2018-01-12 22:07:15
TIME	0.001
WARNING		PowerTrain OpenXWD: No selected PowerTrainXWD model; calculation using DVA is possible, but without 'integration substepping'
TIME	0.000
SIMULATE	skidpad_ELD

TIME	21.133
SIM_END		skidpad_ELD	21.132s	261.893m
APPLICATION	CarMaker 6.0.3 - Car_Generic #36 (6.0.3)
COMPILED	pt@pluto.ipg 2017-09-27 12:36:15
SIM_START	FS_Competition_Germany_2006_ELD	2018-01-12 22:09:31
TIME	0.001
WARNING		PowerTrain OpenXWD: No selected PowerTrainXWD model; calculation using DVA is possible, but without 'integration substepping'
TIME	0.000
SIMULATE	FS_Competition_Germany_2006_ELD

TIME	71.367
SIM_END		FS_Competition_Germany_2006_ELD	71.366s	775.421m
APPLICATION	CarMaker 6.0.3 - Car_Generic #36 (6.0.3)
COMPILED	pt@pluto.ipg 2017-09-27 12:36:15
SIM_START	FS_Competition_Germany_2006_ELD_racedriver_maby	2018-01-12 22:12:22
TIME	0.001
WARNING		PowerTrain OpenXWD: No selected PowerTrainXWD model; calculation using DVA is possible, but without 'integration substepping'
TIME	0.000
SIMULATE	FS_Competition_Germany_2006_ELD_racedriver_maby

TIME	52.092
SIM_END		FS_Competition_Germany_2006_ELD_racedriver_maby	52.091s	773.43m
APPLICATION	CarMaker 6.0.3 - Car_Generic #36 (6.0.3)
COMPILED	pt@pluto.ipg 2017-09-27 12:36:15
SIM_START	FS_Competition_Germany_2006_ELD_racedriver_maby	2018-01-12 22:17:09
TIME	0.001
WARNING		PowerTrain OpenXWD: No selected PowerTrainXWD model; calculation using DVA is possible, but without 'integration substepping'
TIME	0.000
SIMULATE	FS_Competition_Germany_2006_ELD_racedriver_maby

TIME	52.070
SIM_END		FS_Competition_Germany_2006_ELD_racedriver_maby	52.069s	773.654m
APPLICATION	CarMaker 6.0.3 - Car_Generic #36 (6.0.3)
COMPILED	pt@pluto.ipg 2017-09-27 12:36:15
SIM_START	FS_Competition_Germany_2006_ELD_racedriver_maby	2018-01-12 22:29:02
TIME	0.001
WARNING		PowerTrain OpenXWD: No selected PowerTrainXWD model; calculation using DVA is possible, but without 'integration substepping'
TIME	0.000
SIMULATE	FS_Competition_Germany_2006_ELD_racedriver_maby

TIME	52.070
SIM_END		FS_Competition_Germany_2006_ELD_racedriver_maby	52.069s	773.654m
APPLICATION	CarMaker 6.0.3 - Car_Generic #36 (6.0.3)
COMPILED	pt@pluto.ipg 2017-09-27 12:36:15
SIM_START	FS_Competition_Germany_2006_ELD_racedriver_maby	2018-01-12 22:31:04
TIME	0.001
WARNING		PowerTrain OpenXWD: No selected PowerTrainXWD model; calculation using DVA is possible, but without 'integration substepping'
TIME	0.000
SIMULATE	FS_Competition_Germany_2006_ELD_racedriver_maby

TIME	52.161
SIM_END		FS_Competition_Germany_2006_ELD_racedriver_maby	52.16s	774.022m
