APPLICATION	CarMaker 6.0.3 - Car_Generic #36 (6.0.3)
COMPILED	pt@pluto.ipg 2017-09-27 12:36:15
SIM_START	skidpad_ELD	2017-11-28 17:02:24
TIME	0.001
WARNING		PowerTrain OpenXWD: No selected PowerTrainXWD model; calculation using DVA is possible, but without 'integration substepping'
TIME	0.000
SIMULATE	skidpad_ELD

TIME	22.627
SIM_END		skidpad_ELD	22.626s	263.076m
APPLICATION	CarMaker 6.0.3 - Car_Generic #36 (6.0.3)
COMPILED	pt@pluto.ipg 2017-09-27 12:36:15
SIM_START	r25m_circle_ELD_slowAcc	2017-11-28 17:06:39
TIME	0.001
WARNING		PowerTrain OpenXWD: No selected PowerTrainXWD model; calculation using DVA is possible, but without 'integration substepping'
TIME	0.000
SIMULATE	r25m_circle_ELD_slowAcc

TIME	3.178
SIM_END		r25m_circle_ELD_slowAcc	3.174s	0.367378m
APPLICATION	CarMaker 6.0.3 - Car_Generic #36 (6.0.3)
COMPILED	pt@pluto.ipg 2017-09-27 12:36:15
SIM_START	r25m_circle_ELD_slowAcc	2017-11-28 17:06:57
TIME	0.001
WARNING		PowerTrain OpenXWD: No selected PowerTrainXWD model; calculation using DVA is possible, but without 'integration substepping'
TIME	0.000
SIMULATE	r25m_circle_ELD_slowAcc

TIME	213.633
ERROR		RoadSensor Geo:  xyz (-20.09 46.53 0.04) not found on Road
SIM_ABORT	r25m_circle_ELD_slowAcc	213.635s	2287.05m
APPLICATION	CarMaker 6.0.3 - Car_Generic #36 (6.0.3)
COMPILED	pt@pluto.ipg 2017-09-27 12:36:15
SIM_START	r25m_circle_ELD_slowAcc	2017-11-28 17:12:07
TIME	0.001
WARNING		PowerTrain OpenXWD: No selected PowerTrainXWD model; calculation using DVA is possible, but without 'integration substepping'
TIME	0.000
SIMULATE	r25m_circle_ELD_slowAcc

TIME	213.633
ERROR		RoadSensor Geo:  xyz (-20.09 46.53 0.04) not found on Road
SIM_ABORT	r25m_circle_ELD_slowAcc	213.635s	2287.05m
APPLICATION	CarMaker 6.0.3 - Car_Generic #36 (6.0.3)
COMPILED	pt@pluto.ipg 2017-09-27 12:36:15
SIM_START	r25m_circle_ELD_slowAcc	2017-11-28 17:15:20
TIME	0.001
WARNING		PowerTrain OpenXWD: No selected PowerTrainXWD model; calculation using DVA is possible, but without 'integration substepping'
TIME	0.000
SIMULATE	r25m_circle_ELD_slowAcc

TIME	213.633
ERROR		RoadSensor Geo:  xyz (-20.09 46.53 0.04) not found on Road
SIM_ABORT	r25m_circle_ELD_slowAcc	213.635s	2287.05m
APPLICATION	CarMaker 6.0.3 - Car_Generic #36 (6.0.3)
COMPILED	pt@pluto.ipg 2017-09-27 12:36:15
SIM_START	r25m_circle_ELD_slowAcc	2017-11-28 17:27:14
TIME	0.001
WARNING		PowerTrain OpenXWD: No selected PowerTrainXWD model; calculation using DVA is possible, but without 'integration substepping'
TIME	0.000
SIMULATE	r25m_circle_ELD_slowAcc

WARNING		IPGDriver: Problems for driver: I'm stopping my activities (time = 0.300000, ErrInd = 102). (id=200)
TIME	8.049
ERROR		Vehicle leaves road at about x=-6.98704, y=-2.76661 TireNo=3
SIM_ABORT	r25m_circle_ELD_slowAcc	8.051s	18.4655m
APPLICATION	CarMaker 6.0.3 - Car_Generic #36 (6.0.3)
COMPILED	pt@pluto.ipg 2017-09-27 12:36:15
SIM_START	r25m_circle_ELD_slowAcc	2017-11-28 17:28:12
TIME	0.001
WARNING		PowerTrain OpenXWD: No selected PowerTrainXWD model; calculation using DVA is possible, but without 'integration substepping'
TIME	0.000
SIMULATE	r25m_circle_ELD_slowAcc

TIME	84.882
SIM_END		r25m_circle_ELD_slowAcc	84.878s	356.614m
APPLICATION	CarMaker 6.0.3 - Car_Generic #36 (6.0.3)
COMPILED	pt@pluto.ipg 2017-09-27 12:36:15
SIM_START	r25m_circle_ELD_slowAcc	2017-11-28 17:29:48
TIME	0.001
WARNING		PowerTrain OpenXWD: No selected PowerTrainXWD model; calculation using DVA is possible, but without 'integration substepping'
TIME	0.000
SIMULATE	r25m_circle_ELD_slowAcc

TIME	214.175
ERROR		RoadSensor Geo:  xyz (-27.99 35.89 0.03) not found on Road
SIM_ABORT	r25m_circle_ELD_slowAcc	214.177s	2299.09m
APPLICATION	CarMaker 6.0.3 - Car_Generic #36 (6.0.3)
COMPILED	pt@pluto.ipg 2017-09-27 12:36:15
SIM_START	r25m_circle_ELD_slowAcc	2017-11-29 10:17:45
TIME	0.001
WARNING		PowerTrain OpenXWD: No selected PowerTrainXWD model; calculation using DVA is possible, but without 'integration substepping'
TIME	0.000
SIMULATE	r25m_circle_ELD_slowAcc

TIME	217.778
ERROR		Vehicle leaves road at about x=21.62, y=9.87226 TireNo=3
SIM_ABORT	r25m_circle_ELD_slowAcc	217.78s	2374.54m
APPLICATION	CarMaker 6.0.3 - Car_Generic #36 (6.0.3)
COMPILED	pt@pluto.ipg 2017-09-27 12:36:15
SIM_START	ModelCheck	2017-11-29 10:29:06
TIME	0.001
WARNING		PowerTrain OpenXWD: No selected PowerTrainXWD model; calculation using DVA is possible, but without 'integration substepping'
SIM_END		ModelCheck	0.002s	0m
APPLICATION	CarMaker 6.0.3 - Car_Generic #36 (6.0.3)
COMPILED	pt@pluto.ipg 2017-09-27 12:36:15
SIM_START	r25m_circle_ELD_slowAcc	2017-11-29 10:45:42
TIME	0.001
WARNING		PowerTrain OpenXWD: No selected PowerTrainXWD model; calculation using DVA is possible, but without 'integration substepping'
TIME	0.000
SIMULATE	r25m_circle_ELD_slowAcc

TIME	217.778
ERROR		Vehicle leaves road at about x=21.62, y=9.87226 TireNo=3
SIM_ABORT	r25m_circle_ELD_slowAcc	217.78s	2374.54m
APPLICATION	CarMaker 6.0.3 - Car_Generic #36 (6.0.3)
COMPILED	pt@pluto.ipg 2017-09-27 12:36:15
SIM_START	r25m_circle_ELD_slowAcc	2017-11-29 10:48:43
TIME	0.001
WARNING		PowerTrain OpenXWD: No selected PowerTrainXWD model; calculation using DVA is possible, but without 'integration substepping'
TIME	0.000
SIMULATE	r25m_circle_ELD_slowAcc

TIME	29.441
SIM_END		r25m_circle_ELD_slowAcc	29.437s	42.0303m
APPLICATION	CarMaker 6.0.3 - Car_Generic #36 (6.0.3)
COMPILED	pt@pluto.ipg 2017-09-27 12:36:15
SIM_START	r25m_circle_ELD_slowAcc	2017-11-29 11:12:30
TIME	0.001
WARNING		PowerTrain OpenXWD: No selected PowerTrainXWD model; calculation using DVA is possible, but without 'integration substepping'
TIME	0.000
SIMULATE	r25m_circle_ELD_slowAcc

TIME	49.493
SIM_END		r25m_circle_ELD_slowAcc	49.489s	120.286m
APPLICATION	CarMaker 6.0.3 - Car_Generic #36 (6.0.3)
COMPILED	pt@pluto.ipg 2017-09-27 12:36:15
SIM_START	r25m_circle_ELD_slowAcc	2017-11-29 11:23:54
TIME	0.001
WARNING		PowerTrain OpenXWD: No selected PowerTrainXWD model; calculation using DVA is possible, but without 'integration substepping'
TIME	0.000
SIMULATE	r25m_circle_ELD_slowAcc

TIME	32.224
SIM_END		r25m_circle_ELD_slowAcc	32.22s	50.4884m
APPLICATION	CarMaker 6.0.3 - Car_Generic #36 (6.0.3)
COMPILED	pt@pluto.ipg 2017-09-27 12:36:15
SIM_START	r25m_circle_ELD_slowAcc	2017-11-29 11:24:43
TIME	0.001
WARNING		PowerTrain OpenXWD: No selected PowerTrainXWD model; calculation using DVA is possible, but without 'integration substepping'
TIME	0.000
SIMULATE	r25m_circle_ELD_slowAcc

TIME	40.895
SIM_END		r25m_circle_ELD_slowAcc	40.891s	81.803m
APPLICATION	CarMaker 6.0.3 - Car_Generic #36 (6.0.3)
COMPILED	pt@pluto.ipg 2017-09-27 12:36:15
SIM_START	r25m_circle_ELD_slowAcc	2017-11-29 11:26:07
TIME	0.001
WARNING		PowerTrain OpenXWD: No selected PowerTrainXWD model; calculation using DVA is possible, but without 'integration substepping'
TIME	0.000
SIMULATE	r25m_circle_ELD_slowAcc

TIME	37.541
SIM_END		r25m_circle_ELD_slowAcc	37.537s	68.8005m
APPLICATION	CarMaker 6.0.3 - Car_Generic #36 (6.0.3)
COMPILED	pt@pluto.ipg 2017-09-27 12:36:15
SIM_START	r25m_circle_ELD_slowAcc	2017-11-29 11:29:25
TIME	0.001
WARNING		PowerTrain OpenXWD: No selected PowerTrainXWD model; calculation using DVA is possible, but without 'integration substepping'
TIME	0.000
SIMULATE	r25m_circle_ELD_slowAcc

SIM_END		r25m_circle_ELD_slowAcc	1.39s	0.0430458m
APPLICATION	CarMaker 6.0.3 - Car_Generic #36 (6.0.3)
COMPILED	pt@pluto.ipg 2017-09-27 12:36:15
SIM_START	Equilibrium/Standstill/Loading	2017-11-29 11:31:16
TIME	0.001
WARNING		PowerTrain OpenXWD: No selected PowerTrainXWD model; calculation using DVA is possible, but without 'integration substepping'
TIME	6785.146
ERROR		Start hasn't finished within 240 seconds. Testrun aborted.
ERROR		CM_Main.c: Initialization failed (CM_Main_Begin()=-3)
SIM_ABORT	Equilibrium/Standstill/Loading	0s	0m
APPLICATION	CarMaker 6.0.3 - Car_Generic #36 (6.0.3)
COMPILED	pt@pluto.ipg 2017-09-27 12:36:15
SIM_START	Equilibrium/Standstill/Loading	2017-11-29 11:36:15
TIME	0.001
WARNING		PowerTrain OpenXWD: No selected PowerTrainXWD model; calculation using DVA is possible, but without 'integration substepping'
TIME	6836.665
ERROR		Start hasn't finished within 240 seconds. Testrun aborted.
ERROR		CM_Main.c: Initialization failed (CM_Main_Begin()=-3)
SIM_ABORT	Equilibrium/Standstill/Loading	0s	0m
APPLICATION	CarMaker 6.0.3 - Car_Generic #36 (6.0.3)
COMPILED	pt@pluto.ipg 2017-09-27 12:36:15
SIM_START	lane_change_ELD	2017-11-29 11:54:19
TIME	0.001
WARNING		PowerTrain OpenXWD: No selected PowerTrainXWD model; calculation using DVA is possible, but without 'integration substepping'
TIME	0.000
SIMULATE	lane_change_ELD

TIME	22.974
SIM_END		lane_change_ELD	22.973s	642.315m
APPLICATION	CarMaker 6.0.3 - Car_Generic #36 (6.0.3)
COMPILED	pt@pluto.ipg 2017-09-27 12:36:15
SIM_START	lane_change_ELD	2017-11-29 11:55:33
TIME	0.001
WARNING		PowerTrain OpenXWD: No selected PowerTrainXWD model; calculation using DVA is possible, but without 'integration substepping'
TIME	0.000
SIMULATE	lane_change_ELD

TIME	7.054
SIM_END		lane_change_ELD	7.05s	155.713m
APPLICATION	CarMaker 6.0.3 - Car_Generic #36 (6.0.3)
COMPILED	pt@pluto.ipg 2017-09-27 12:36:15
SIM_START	lane_change_ELD	2017-11-29 12:40:52
TIME	0.001
WARNING		PowerTrain OpenXWD: No selected PowerTrainXWD model; calculation using DVA is possible, but without 'integration substepping'
TIME	0.000
SIMULATE	lane_change_ELD

TIME	16.896
SIM_END		lane_change_ELD	16.892s	457.583m
APPLICATION	CarMaker 6.0.3 - Car_Generic #36 (6.0.3)
COMPILED	pt@pluto.ipg 2017-09-27 12:36:15
SIM_START	lane_change_ELD	2017-11-29 12:41:43
TIME	0.001
WARNING		PowerTrain OpenXWD: No selected PowerTrainXWD model; calculation using DVA is possible, but without 'integration substepping'
TIME	0.000
SIMULATE	lane_change_ELD

TIME	22.925
SIM_END		lane_change_ELD	22.921s	641.958m
APPLICATION	CarMaker 6.0.3 - Car_Generic #36 (6.0.3)
COMPILED	pt@pluto.ipg 2017-09-27 12:36:15
SIM_START	lane_change_ELD	2017-11-29 12:42:58
TIME	0.001
WARNING		PowerTrain OpenXWD: No selected PowerTrainXWD model; calculation using DVA is possible, but without 'integration substepping'
TIME	0.000
SIMULATE	lane_change_ELD

TIME	8.318
SIM_END		lane_change_ELD	8.314s	195.459m
APPLICATION	CarMaker 6.0.3 - Car_Generic #36 (6.0.3)
COMPILED	pt@pluto.ipg 2017-09-27 12:36:15
SIM_START	lane_change_ELD	2017-11-29 12:43:35
TIME	0.001
WARNING		PowerTrain OpenXWD: No selected PowerTrainXWD model; calculation using DVA is possible, but without 'integration substepping'
TIME	0.000
SIMULATE	lane_change_ELD

TIME	4.834
SIM_END		lane_change_ELD	4.83s	88.9825m
APPLICATION	CarMaker 6.0.3 - Car_Generic #36 (6.0.3)
COMPILED	pt@pluto.ipg 2017-09-27 12:36:15
SIM_START	lane_change_ELD	2017-11-29 12:44:14
TIME	0.001
WARNING		PowerTrain OpenXWD: No selected PowerTrainXWD model; calculation using DVA is possible, but without 'integration substepping'
TIME	0.000
SIMULATE	lane_change_ELD

TIME	7.181
SIM_END		lane_change_ELD	7.177s	160.692m
APPLICATION	CarMaker 6.0.3 - Car_Generic #36 (6.0.3)
COMPILED	pt@pluto.ipg 2017-09-27 12:36:15
SIM_START	lane_change_ELD	2017-11-29 12:45:05
TIME	0.001
WARNING		PowerTrain OpenXWD: No selected PowerTrainXWD model; calculation using DVA is possible, but without 'integration substepping'
TIME	0.000
SIMULATE	lane_change_ELD

TIME	3.950
SIM_END		lane_change_ELD	3.946s	61.835m
APPLICATION	CarMaker 6.0.3 - Car_Generic #36 (6.0.3)
COMPILED	pt@pluto.ipg 2017-09-27 12:36:15
SIM_START	lane_change_ELD	2017-11-29 12:45:47
TIME	0.001
WARNING		PowerTrain OpenXWD: No selected PowerTrainXWD model; calculation using DVA is possible, but without 'integration substepping'
TIME	0.000
SIMULATE	lane_change_ELD

TIME	9.046
SIM_END		lane_change_ELD	9.042s	217.742m
APPLICATION	CarMaker 6.0.3 - Car_Generic #36 (6.0.3)
COMPILED	pt@pluto.ipg 2017-09-27 12:36:15
SIM_START	lane_change_ELD	2017-11-29 12:46:38
TIME	0.001
WARNING		PowerTrain OpenXWD: No selected PowerTrainXWD model; calculation using DVA is possible, but without 'integration substepping'
TIME	0.000
SIMULATE	lane_change_ELD

TIME	22.935
SIM_END		lane_change_ELD	22.934s	642.316m
APPLICATION	CarMaker 6.0.3 - Car_Generic #36 (6.0.3)
COMPILED	pt@pluto.ipg 2017-09-27 12:36:15
SIM_START	lane_change_ELD	2017-11-29 12:47:35
TIME	0.001
WARNING		PowerTrain OpenXWD: No selected PowerTrainXWD model; calculation using DVA is possible, but without 'integration substepping'
TIME	0.000
SIMULATE	lane_change_ELD

TIME	3.300
SIM_END		lane_change_ELD	3.296s	42.6496m
APPLICATION	CarMaker 6.0.3 - Car_Generic #36 (6.0.3)
COMPILED	pt@pluto.ipg 2017-09-27 12:36:15
SIM_START	lane_change_ELD	2017-11-29 12:50:09
TIME	0.001
WARNING		PowerTrain OpenXWD: No selected PowerTrainXWD model; calculation using DVA is possible, but without 'integration substepping'
TIME	0.000
SIMULATE	lane_change_ELD

TIME	6.168
SIM_END		lane_change_ELD	6.164s	140.916m
APPLICATION	CarMaker 6.0.3 - Car_Generic #36 (6.0.3)
COMPILED	pt@pluto.ipg 2017-09-27 12:36:15
SIM_START	lane_change_ELD	2017-11-29 12:50:46
TIME	0.001
WARNING		PowerTrain OpenXWD: No selected PowerTrainXWD model; calculation using DVA is possible, but without 'integration substepping'
TIME	0.000
SIMULATE	lane_change_ELD

TIME	4.127
SIM_END		lane_change_ELD	4.123s	70.5221m
APPLICATION	CarMaker 6.0.3 - Car_Generic #36 (6.0.3)
COMPILED	pt@pluto.ipg 2017-09-27 12:36:15
SIM_START	lane_change_ELD	2017-11-29 12:56:25
TIME	0.001
WARNING		PowerTrain OpenXWD: No selected PowerTrainXWD model; calculation using DVA is possible, but without 'integration substepping'
TIME	0.000
SIMULATE	lane_change_ELD

TIME	10.288
SIM_END		lane_change_ELD	10.284s	255.604m
APPLICATION	CarMaker 6.0.3 - Car_Generic #36 (6.0.3)
COMPILED	pt@pluto.ipg 2017-09-27 12:36:15
SIM_START	lane_change_ELD	2017-11-29 12:56:53
TIME	0.001
WARNING		PowerTrain OpenXWD: No selected PowerTrainXWD model; calculation using DVA is possible, but without 'integration substepping'
TIME	0.000
SIMULATE	lane_change_ELD

TIME	7.180
SIM_END		lane_change_ELD	7.176s	160.651m
APPLICATION	CarMaker 6.0.3 - Car_Generic #36 (6.0.3)
COMPILED	pt@pluto.ipg 2017-09-27 12:36:15
SIM_START	lane_change_ELD	2017-11-29 12:58:06
TIME	0.001
WARNING		PowerTrain OpenXWD: No selected PowerTrainXWD model; calculation using DVA is possible, but without 'integration substepping'
TIME	0.000
SIMULATE	lane_change_ELD

TIME	22.936
SIM_END		lane_change_ELD	22.935s	642.273m
APPLICATION	CarMaker 6.0.3 - Car_Generic #36 (6.0.3)
COMPILED	pt@pluto.ipg 2017-09-27 12:36:15
SIM_START	lane_change_ELD	2017-11-29 12:59:18
TIME	0.001
WARNING		PowerTrain OpenXWD: No selected PowerTrainXWD model; calculation using DVA is possible, but without 'integration substepping'
TIME	0.000
SIMULATE	lane_change_ELD

TIME	4.972
SIM_END		lane_change_ELD	4.968s	93.1819m
APPLICATION	CarMaker 6.0.3 - Car_Generic #36 (6.0.3)
COMPILED	pt@pluto.ipg 2017-09-27 12:36:15
SIM_START	lane_change_ELD	2017-11-29 14:30:39
TIME	0.001
WARNING		PowerTrain OpenXWD: No selected PowerTrainXWD model; calculation using DVA is possible, but without 'integration substepping'
TIME	0.000
SIMULATE	lane_change_ELD

TIME	7.334
SIM_END		lane_change_ELD	7.33s	165.354m
APPLICATION	CarMaker 6.0.3 - Car_Generic #36 (6.0.3)
COMPILED	pt@pluto.ipg 2017-09-27 12:36:15
SIM_START	lane_change_ELD	2017-11-29 14:34:00
TIME	0.001
WARNING		PowerTrain OpenXWD: No selected PowerTrainXWD model; calculation using DVA is possible, but without 'integration substepping'
TIME	0.000
SIMULATE	lane_change_ELD

TIME	22.940
SIM_END		lane_change_ELD	22.939s	642.301m
APPLICATION	CarMaker 6.0.3 - Car_Generic #36 (6.0.3)
COMPILED	pt@pluto.ipg 2017-09-27 12:36:15
SIM_START	lane_change_ELD	2017-11-29 14:35:35
TIME	0.001
WARNING		PowerTrain OpenXWD: No selected PowerTrainXWD model; calculation using DVA is possible, but without 'integration substepping'
TIME	0.000
SIMULATE	lane_change_ELD

TIME	22.935
SIM_END		lane_change_ELD	22.934s	642.28m
APPLICATION	CarMaker 6.0.3 - Car_Generic #36 (6.0.3)
COMPILED	pt@pluto.ipg 2017-09-27 12:36:15
SIM_START	lane_change_ELD	2017-11-29 14:38:07
TIME	0.001
WARNING		PowerTrain OpenXWD: No selected PowerTrainXWD model; calculation using DVA is possible, but without 'integration substepping'
TIME	0.000
SIMULATE	lane_change_ELD

TIME	7.125
SIM_END		lane_change_ELD	7.121s	159.016m
APPLICATION	CarMaker 6.0.3 - Car_Generic #36 (6.0.3)
COMPILED	pt@pluto.ipg 2017-09-27 12:36:15
SIM_START	lane_change_ELD	2017-11-29 14:41:54
TIME	0.001
WARNING		PowerTrain OpenXWD: No selected PowerTrainXWD model; calculation using DVA is possible, but without 'integration substepping'
TIME	0.000
SIMULATE	lane_change_ELD

TIME	6.457
SIM_END		lane_change_ELD	6.453s	138.639m
APPLICATION	CarMaker 6.0.3 - Car_Generic #36 (6.0.3)
COMPILED	pt@pluto.ipg 2017-09-27 12:36:15
SIM_START	lane_change_ELD	2017-11-29 14:45:56
TIME	0.001
WARNING		PowerTrain OpenXWD: No selected PowerTrainXWD model; calculation using DVA is possible, but without 'integration substepping'
TIME	0.000
SIMULATE	lane_change_ELD

TIME	4.969
SIM_END		lane_change_ELD	4.965s	93.1594m
APPLICATION	CarMaker 6.0.3 - Car_Generic #36 (6.0.3)
COMPILED	pt@pluto.ipg 2017-09-27 12:36:15
SIM_START	lane_change_ELD	2017-11-29 14:47:15
TIME	0.001
WARNING		PowerTrain OpenXWD: No selected PowerTrainXWD model; calculation using DVA is possible, but without 'integration substepping'
TIME	0.000
SIMULATE	lane_change_ELD

TIME	22.935
SIM_END		lane_change_ELD	22.934s	642.269m
APPLICATION	CarMaker 6.0.3 - Car_Generic #36 (6.0.3)
COMPILED	pt@pluto.ipg 2017-09-27 12:36:15
SIM_START	lane_change_ELD	2017-11-29 14:47:55
TIME	0.001
WARNING		PowerTrain OpenXWD: No selected PowerTrainXWD model; calculation using DVA is possible, but without 'integration substepping'
TIME	0.000
SIMULATE	lane_change_ELD

TIME	19.593
SIM_END		lane_change_ELD	19.589s	540.028m
APPLICATION	CarMaker 6.0.3 - Car_Generic #36 (6.0.3)
COMPILED	pt@pluto.ipg 2017-09-27 12:36:15
SIM_START	skidpad_ELD	2017-11-29 14:52:07
TIME	0.001
WARNING		PowerTrain OpenXWD: No selected PowerTrainXWD model; calculation using DVA is possible, but without 'integration substepping'
TIME	0.000
SIMULATE	skidpad_ELD

TIME	22.493
SIM_END		skidpad_ELD	22.492s	262.364m
APPLICATION	CarMaker 6.0.3 - Car_Generic #36 (6.0.3)
COMPILED	pt@pluto.ipg 2017-09-27 12:36:15
SIM_START	skidpad_ELD	2017-11-29 14:52:59
TIME	0.001
WARNING		PowerTrain OpenXWD: No selected PowerTrainXWD model; calculation using DVA is possible, but without 'integration substepping'
TIME	0.000
SIMULATE	skidpad_ELD

TIME	22.647
SIM_END		skidpad_ELD	22.646s	262.879m
APPLICATION	CarMaker 6.0.3 - Car_Generic #36 (6.0.3)
COMPILED	pt@pluto.ipg 2017-09-27 12:36:15
SIM_START	skidpad_ELD	2017-11-29 14:54:08
TIME	0.001
WARNING		PowerTrain OpenXWD: No selected PowerTrainXWD model; calculation using DVA is possible, but without 'integration substepping'
TIME	0.000
SIMULATE	skidpad_ELD

TIME	22.838
SIM_END		skidpad_ELD	22.837s	265.156m
APPLICATION	CarMaker 6.0.3 - Car_Generic #36 (6.0.3)
COMPILED	pt@pluto.ipg 2017-09-27 12:36:15
SIM_START	skidpad_ELD	2017-11-29 14:55:03
TIME	0.001
WARNING		PowerTrain OpenXWD: No selected PowerTrainXWD model; calculation using DVA is possible, but without 'integration substepping'
TIME	0.000
SIMULATE	skidpad_ELD

TIME	22.258
SIM_END		skidpad_ELD	22.257s	260.25m
APPLICATION	CarMaker 6.0.3 - Car_Generic #36 (6.0.3)
COMPILED	pt@pluto.ipg 2017-09-27 12:36:15
SIM_START	skidpad_ELD	2017-11-29 14:55:55
TIME	0.001
WARNING		PowerTrain OpenXWD: No selected PowerTrainXWD model; calculation using DVA is possible, but without 'integration substepping'
TIME	0.000
SIMULATE	skidpad_ELD

TIME	22.683
SIM_END		skidpad_ELD	22.682s	263.422m
APPLICATION	CarMaker 6.0.3 - Car_Generic #36 (6.0.3)
COMPILED	pt@pluto.ipg 2017-09-27 12:36:15
SIM_START	skidpad_ELD	2017-11-29 14:58:10
TIME	0.001
WARNING		PowerTrain OpenXWD: No selected PowerTrainXWD model; calculation using DVA is possible, but without 'integration substepping'
TIME	0.000
SIMULATE	skidpad_ELD

TIME	23.048
SIM_END		skidpad_ELD	23.047s	266.54m
APPLICATION	CarMaker 6.0.3 - Car_Generic #36 (6.0.3)
COMPILED	pt@pluto.ipg 2017-09-27 12:36:15
SIM_START	skidpad_ELD	2017-11-29 14:58:48
TIME	0.001
WARNING		PowerTrain OpenXWD: No selected PowerTrainXWD model; calculation using DVA is possible, but without 'integration substepping'
TIME	0.000
SIMULATE	skidpad_ELD

TIME	22.327
SIM_END		skidpad_ELD	22.326s	261.209m
APPLICATION	CarMaker 6.0.3 - Car_Generic #36 (6.0.3)
COMPILED	pt@pluto.ipg 2017-09-27 12:36:15
SIM_START	skidpad_ELD	2017-11-29 14:59:49
TIME	0.001
WARNING		PowerTrain OpenXWD: No selected PowerTrainXWD model; calculation using DVA is possible, but without 'integration substepping'
TIME	0.000
SIMULATE	skidpad_ELD

TIME	22.477
SIM_END		skidpad_ELD	22.476s	262.412m
APPLICATION	CarMaker 6.0.3 - Car_Generic #36 (6.0.3)
COMPILED	pt@pluto.ipg 2017-09-27 12:36:15
SIM_START	skidpad_ELD	2017-11-29 15:00:22
TIME	0.001
WARNING		PowerTrain OpenXWD: No selected PowerTrainXWD model; calculation using DVA is possible, but without 'integration substepping'
TIME	0.000
SIMULATE	skidpad_ELD

TIME	6.064
SIM_END		skidpad_ELD	6.06s	60.6183m
APPLICATION	CarMaker 6.0.3 - Car_Generic #36 (6.0.3)
COMPILED	pt@pluto.ipg 2017-09-27 12:36:15
SIM_START	skidpad_ELD	2017-11-29 15:01:28
TIME	0.001
WARNING		PowerTrain OpenXWD: No selected PowerTrainXWD model; calculation using DVA is possible, but without 'integration substepping'
TIME	0.000
SIMULATE	skidpad_ELD

TIME	22.427
SIM_END		skidpad_ELD	22.426s	261.759m
APPLICATION	CarMaker 6.0.3 - Car_Generic #36 (6.0.3)
COMPILED	pt@pluto.ipg 2017-09-27 12:36:15
SIM_START	axxx	2017-11-29 15:03:12
TIME	0.001
WARNING		PowerTrain OpenXWD: No selected PowerTrainXWD model; calculation using DVA is possible, but without 'integration substepping'
TIME	0.000
SIMULATE	axxx

TIME	4.503
SIM_END		axxx	4.502s	78.881m
APPLICATION	CarMaker 6.0.3 - Car_Generic #36 (6.0.3)
COMPILED	pt@pluto.ipg 2017-09-27 12:36:15
SIM_START	axxx	2017-11-29 15:53:09
TIME	0.001
WARNING		PowerTrain OpenXWD: No selected PowerTrainXWD model; calculation using DVA is possible, but without 'integration substepping'
TIME	0.000
SIMULATE	axxx

TIME	4.503
SIM_END		axxx	4.502s	78.881m
APPLICATION	CarMaker 6.0.3 - Car_Generic #36 (6.0.3)
COMPILED	pt@pluto.ipg 2017-09-27 12:36:15
SIM_START	axxx	2017-11-29 15:53:45
TIME	0.001
WARNING		PowerTrain OpenXWD: No selected PowerTrainXWD model; calculation using DVA is possible, but without 'integration substepping'
TIME	0.000
SIMULATE	axxx

TIME	9.954
ERROR		Vehicle leaves road at about x=245.159, y=-3.00121 TireNo=1
SIM_ABORT	axxx	9.956s	245.543m
APPLICATION	CarMaker 6.0.3 - Car_Generic #36 (6.0.3)
COMPILED	pt@pluto.ipg 2017-09-27 12:36:15
SIM_START	axxx	2017-11-29 15:54:19
TIME	0.001
WARNING		PowerTrain OpenXWD: No selected PowerTrainXWD model; calculation using DVA is possible, but without 'integration substepping'
TIME	0.000
SIMULATE	axxx

TIME	6.209
SIM_END		axxx	6.205s	130.999m
APPLICATION	CarMaker 6.0.3 - Car_Generic #36 (6.0.3)
COMPILED	pt@pluto.ipg 2017-09-27 12:36:15
SIM_START	axxx	2017-11-29 16:04:16
TIME	0.001
WARNING		PowerTrain OpenXWD: No selected PowerTrainXWD model; calculation using DVA is possible, but without 'integration substepping'
TIME	0.000
SIMULATE	axxx

TIME	9.954
ERROR		Vehicle leaves road at about x=245.159, y=-3.00121 TireNo=1
SIM_ABORT	axxx	9.956s	245.543m
APPLICATION	CarMaker 6.0.3 - Car_Generic #36 (6.0.3)
COMPILED	pt@pluto.ipg 2017-09-27 12:36:15
SIM_START	axxx	2017-11-29 16:05:23
TIME	0.001
WARNING		PowerTrain OpenXWD: No selected PowerTrainXWD model; calculation using DVA is possible, but without 'integration substepping'
TIME	0.000
SIMULATE	axxx

TIME	9.954
ERROR		Vehicle leaves road at about x=245.159, y=-3.00121 TireNo=1
SIM_ABORT	axxx	9.956s	245.543m
APPLICATION	CarMaker 6.0.3 - Car_Generic #36 (6.0.3)
COMPILED	pt@pluto.ipg 2017-09-27 12:36:15
SIM_START	axxx	2017-11-29 16:06:47
TIME	0.001
WARNING		PowerTrain OpenXWD: No selected PowerTrainXWD model; calculation using DVA is possible, but without 'integration substepping'
TIME	0.000
SIMULATE	axxx

TIME	4.785
SIM_END		axxx	4.781s	87.4797m
