APPLICATION	CarMaker 6.0.3 - Car_Generic #36 (6.0.3)
COMPILED	pt@pluto.ipg 2017-09-27 12:36:15
SIM_START	FS_Competition_Germany_2006_ELD_racedriver_maby2	2018-02-05 14:00:09
TIME	0.001
WARNING		PowerTrain OpenXWD: No selected PowerTrainXWD model; calculation using DVA is possible, but without 'integration substepping'
TIME	0.000
SIMULATE	FS_Competition_Germany_2006_ELD_racedriver_maby2

TIME	49.036
SIM_END		FS_Competition_Germany_2006_ELD_racedriver_maby2	49.035s	772.422m
APPLICATION	CarMaker 6.0.3 - Car_Generic #36 (6.0.3)
COMPILED	pt@pluto.ipg 2017-09-27 12:36:15
SIM_START	FS_Competition_Germany_2006_ELD_racedriver_maby2	2018-02-05 14:01:45
TIME	0.001
WARNING		PowerTrain OpenXWD: No selected PowerTrainXWD model; calculation using DVA is possible, but without 'integration substepping'
TIME	0.000
SIMULATE	FS_Competition_Germany_2006_ELD_racedriver_maby2

TIME	48.775
SIM_END		FS_Competition_Germany_2006_ELD_racedriver_maby2	48.774s	772.689m
APPLICATION	CarMaker 6.0.3 - Car_Generic #36 (6.0.3)
COMPILED	pt@pluto.ipg 2017-09-27 12:36:15
SIM_START	FS_Competition_Germany_2006_ELD_racedriver_maby2	2018-02-05 14:03:02
TIME	0.001
WARNING		PowerTrain OpenXWD: No selected PowerTrainXWD model; calculation using DVA is possible, but without 'integration substepping'
TIME	0.000
SIMULATE	FS_Competition_Germany_2006_ELD_racedriver_maby2

TIME	49.036
SIM_END		FS_Competition_Germany_2006_ELD_racedriver_maby2	49.035s	772.422m
APPLICATION	CarMaker 6.0.3 - Car_Generic #36 (6.0.3)
COMPILED	pt@pluto.ipg 2017-09-27 12:36:15
SIM_START	FS_Competition_Germany_2006_ELD_racedriver_maby2	2018-02-05 14:06:15
TIME	0.001
WARNING		PowerTrain OpenXWD: No selected PowerTrainXWD model; calculation using DVA is possible, but without 'integration substepping'
TIME	0.000
SIMULATE	FS_Competition_Germany_2006_ELD_racedriver_maby2

TIME	48.775
SIM_END		FS_Competition_Germany_2006_ELD_racedriver_maby2	48.774s	772.689m
APPLICATION	CarMaker 6.0.3 - Car_Generic #36 (6.0.3)
COMPILED	pt@pluto.ipg 2017-09-27 12:36:15
SIM_START	FS_Competition_Germany_2006_ELD_racedriver_maby2	2018-02-05 14:31:49
TIME	0.001
WARNING		PowerTrain OpenXWD: No selected PowerTrainXWD model; calculation using DVA is possible, but without 'integration substepping'
TIME	0.000
SIMULATE	FS_Competition_Germany_2006_ELD_racedriver_maby2

TIME	49.036
SIM_END		FS_Competition_Germany_2006_ELD_racedriver_maby2	49.035s	772.422m
APPLICATION	CarMaker 6.0.3 - Car_Generic #36 (6.0.3)
COMPILED	pt@pluto.ipg 2017-09-27 12:36:15
SIM_START	FS_Competition_Germany_2006_ELD_racedriver_maby2	2018-02-05 14:33:02
TIME	0.001
WARNING		PowerTrain OpenXWD: No selected PowerTrainXWD model; calculation using DVA is possible, but without 'integration substepping'
TIME	0.000
SIMULATE	FS_Competition_Germany_2006_ELD_racedriver_maby2

TIME	2.994
SIM_END		FS_Competition_Germany_2006_ELD_racedriver_maby2	2.99s	29.1577m
APPLICATION	CarMaker 6.0.3 - Car_Generic #36 (6.0.3)
COMPILED	pt@pluto.ipg 2017-09-27 12:36:15
SIM_START	FS_Competition_Germany_2006_ELD_racedriver_maby2	2018-02-05 14:33:22
TIME	0.001
WARNING		PowerTrain OpenXWD: No selected PowerTrainXWD model; calculation using DVA is possible, but without 'integration substepping'
TIME	0.000
SIMULATE	FS_Competition_Germany_2006_ELD_racedriver_maby2

TIME	49.036
SIM_END		FS_Competition_Germany_2006_ELD_racedriver_maby2	49.035s	772.422m
APPLICATION	CarMaker 6.0.3 - Car_Generic #36 (6.0.3)
COMPILED	pt@pluto.ipg 2017-09-27 12:36:15
SIM_START	FS_Competition_Germany_2006_ELD_racedriver_maby2	2018-02-05 14:34:41
TIME	0.001
WARNING		PowerTrain OpenXWD: No selected PowerTrainXWD model; calculation using DVA is possible, but without 'integration substepping'
TIME	0.000
SIMULATE	FS_Competition_Germany_2006_ELD_racedriver_maby2

TIME	49.044
SIM_END		FS_Competition_Germany_2006_ELD_racedriver_maby2	49.043s	772.723m
APPLICATION	CarMaker 6.0.3 - Car_Generic #36 (6.0.3)
COMPILED	pt@pluto.ipg 2017-09-27 12:36:15
SIM_START	FS_Competition_Germany_2006_ELD_racedriver_maby2	2018-02-05 14:36:02
TIME	0.001
WARNING		PowerTrain OpenXWD: No selected PowerTrainXWD model; calculation using DVA is possible, but without 'integration substepping'
TIME	0.000
SIMULATE	FS_Competition_Germany_2006_ELD_racedriver_maby2

TIME	48.775
SIM_END		FS_Competition_Germany_2006_ELD_racedriver_maby2	48.774s	772.689m
APPLICATION	CarMaker 6.0.3 - Car_Generic #36 (6.0.3)
COMPILED	pt@pluto.ipg 2017-09-27 12:36:15
SIM_START	FS_Competition_Germany_2006_ELD_racedriver_maby2	2018-02-05 14:38:16
TIME	0.001
WARNING		PowerTrain OpenXWD: No selected PowerTrainXWD model; calculation using DVA is possible, but without 'integration substepping'
TIME	0.000
SIMULATE	FS_Competition_Germany_2006_ELD_racedriver_maby2

TIME	48.775
SIM_END		FS_Competition_Germany_2006_ELD_racedriver_maby2	48.774s	772.689m
APPLICATION	CarMaker 6.0.3 - Car_Generic #36 (6.0.3)
COMPILED	pt@pluto.ipg 2017-09-27 12:36:15
SIM_START	FS_Competition_Germany_2006_ELD_racedriver_maby2	2018-02-05 14:39:44
TIME	0.001
WARNING		PowerTrain OpenXWD: No selected PowerTrainXWD model; calculation using DVA is possible, but without 'integration substepping'
TIME	0.000
SIMULATE	FS_Competition_Germany_2006_ELD_racedriver_maby2

TIME	48.819
SIM_END		FS_Competition_Germany_2006_ELD_racedriver_maby2	48.818s	772.06m
APPLICATION	CarMaker 6.0.3 - Car_Generic #36 (6.0.3)
COMPILED	pt@pluto.ipg 2017-09-27 12:36:15
SIM_START	FS_Competition_Germany_2006_ELD_racedriver_maby2	2018-02-05 14:41:50
TIME	0.001
WARNING		PowerTrain OpenXWD: No selected PowerTrainXWD model; calculation using DVA is possible, but without 'integration substepping'
TIME	0.000
SIMULATE	FS_Competition_Germany_2006_ELD_racedriver_maby2

TIME	48.780
SIM_END		FS_Competition_Germany_2006_ELD_racedriver_maby2	48.779s	772.114m
APPLICATION	CarMaker 6.0.3 - Car_Generic #36 (6.0.3)
COMPILED	pt@pluto.ipg 2017-09-27 12:36:15
SIM_START	FS_Competition_Germany_2006_ELD_racedriver_maby2	2018-02-05 14:43:06
TIME	0.001
WARNING		PowerTrain OpenXWD: No selected PowerTrainXWD model; calculation using DVA is possible, but without 'integration substepping'
TIME	0.000
SIMULATE	FS_Competition_Germany_2006_ELD_racedriver_maby2

TIME	48.780
SIM_END		FS_Competition_Germany_2006_ELD_racedriver_maby2	48.779s	772.114m
APPLICATION	CarMaker 6.0.3 - Car_Generic #36 (6.0.3)
COMPILED	pt@pluto.ipg 2017-09-27 12:36:15
SIM_START	FS_Competition_Germany_2006_ELD_racedriver_maby2	2018-02-05 14:44:26
TIME	0.001
WARNING		PowerTrain OpenXWD: No selected PowerTrainXWD model; calculation using DVA is possible, but without 'integration substepping'
TIME	0.000
SIMULATE	FS_Competition_Germany_2006_ELD_racedriver_maby2

TIME	48.844
SIM_END		FS_Competition_Germany_2006_ELD_racedriver_maby2	48.843s	772.219m
APPLICATION	CarMaker 6.0.3 - Car_Generic #36 (6.0.3)
COMPILED	pt@pluto.ipg 2017-09-27 12:36:15
SIM_START	FS_Competition_Germany_2006_ELD_racedriver_maby2	2018-02-05 14:45:43
TIME	0.001
WARNING		PowerTrain OpenXWD: No selected PowerTrainXWD model; calculation using DVA is possible, but without 'integration substepping'
TIME	0.000
SIMULATE	FS_Competition_Germany_2006_ELD_racedriver_maby2

TIME	2.548
ERROR		Vehicle leaves road at about x=25.5969, y=7.21494 TireNo=0
SIM_ABORT	FS_Competition_Germany_2006_ELD_racedriver_maby2	2.55s	24.8989m
APPLICATION	CarMaker 6.0.3 - Car_Generic #36 (6.0.3)
COMPILED	pt@pluto.ipg 2017-09-27 12:36:15
SIM_START	FS_Competition_Germany_2006_ELD_racedriver_maby2	2018-02-05 14:46:09
TIME	0.001
WARNING		PowerTrain OpenXWD: No selected PowerTrainXWD model; calculation using DVA is possible, but without 'integration substepping'
TIME	0.000
SIMULATE	FS_Competition_Germany_2006_ELD_racedriver_maby2

TIME	2.548
ERROR		Vehicle leaves road at about x=25.5969, y=7.21494 TireNo=0
SIM_ABORT	FS_Competition_Germany_2006_ELD_racedriver_maby2	2.55s	24.8989m
APPLICATION	CarMaker 6.0.3 - Car_Generic #36 (6.0.3)
COMPILED	pt@pluto.ipg 2017-09-27 12:36:15
SIM_START	FS_Competition_Germany_2006_ELD_racedriver_maby2	2018-02-05 14:46:33
TIME	0.001
WARNING		PowerTrain OpenXWD: No selected PowerTrainXWD model; calculation using DVA is possible, but without 'integration substepping'
TIME	0.000
SIMULATE	FS_Competition_Germany_2006_ELD_racedriver_maby2

TIME	3.568
ERROR		Vehicle leaves road at about x=46.0171, y=0.551362 TireNo=0
SIM_ABORT	FS_Competition_Germany_2006_ELD_racedriver_maby2	3.57s	45.1782m
APPLICATION	CarMaker 6.0.3 - Car_Generic #36 (6.0.3)
COMPILED	pt@pluto.ipg 2017-09-27 12:36:15
SIM_START	FS_Competition_Germany_2006_ELD_racedriver_maby2	2018-02-05 14:46:55
TIME	0.001
WARNING		PowerTrain OpenXWD: No selected PowerTrainXWD model; calculation using DVA is possible, but without 'integration substepping'
TIME	0.000
SIMULATE	FS_Competition_Germany_2006_ELD_racedriver_maby2

TIME	48.844
SIM_END		FS_Competition_Germany_2006_ELD_racedriver_maby2	48.843s	772.219m
APPLICATION	CarMaker 6.0.3 - Car_Generic #36 (6.0.3)
COMPILED	pt@pluto.ipg 2017-09-27 12:36:15
SIM_START	FS_Competition_Germany_2006_ELD_racedriver_maby2	2018-02-05 14:48:25
TIME	0.001
WARNING		PowerTrain OpenXWD: No selected PowerTrainXWD model; calculation using DVA is possible, but without 'integration substepping'
TIME	0.000
SIMULATE	FS_Competition_Germany_2006_ELD_racedriver_maby2

TIME	48.886
SIM_END		FS_Competition_Germany_2006_ELD_racedriver_maby2	48.885s	772.301m
APPLICATION	CarMaker 6.0.3 - Car_Generic #36 (6.0.3)
COMPILED	pt@pluto.ipg 2017-09-27 12:36:15
SIM_START	FS_Competition_Germany_2006_ELD_racedriver_maby2	2018-02-05 14:50:27
TIME	0.001
WARNING		PowerTrain OpenXWD: No selected PowerTrainXWD model; calculation using DVA is possible, but without 'integration substepping'
TIME	0.000
SIMULATE	FS_Competition_Germany_2006_ELD_racedriver_maby2

TIME	48.827
SIM_END		FS_Competition_Germany_2006_ELD_racedriver_maby2	48.826s	772.326m
APPLICATION	CarMaker 6.0.3 - Car_Generic #36 (6.0.3)
COMPILED	pt@pluto.ipg 2017-09-27 12:36:15
SIM_START	FS_Competition_Germany_2006_ELD_racedriver_maby2	2018-02-05 14:51:50
TIME	0.001
WARNING		PowerTrain OpenXWD: No selected PowerTrainXWD model; calculation using DVA is possible, but without 'integration substepping'
TIME	0.000
SIMULATE	FS_Competition_Germany_2006_ELD_racedriver_maby2

TIME	48.839
SIM_END		FS_Competition_Germany_2006_ELD_racedriver_maby2	48.838s	772.114m
APPLICATION	CarMaker 6.0.3 - Car_Generic #36 (6.0.3)
COMPILED	pt@pluto.ipg 2017-09-27 12:36:15
SIM_START	FS_Competition_Germany_2006_ELD_racedriver_maby2	2018-02-05 14:54:27
TIME	0.001
WARNING		PowerTrain OpenXWD: No selected PowerTrainXWD model; calculation using DVA is possible, but without 'integration substepping'
TIME	0.000
SIMULATE	FS_Competition_Germany_2006_ELD_racedriver_maby2

TIME	48.940
SIM_END		FS_Competition_Germany_2006_ELD_racedriver_maby2	48.939s	771.862m
APPLICATION	CarMaker 6.0.3 - Car_Generic #36 (6.0.3)
COMPILED	pt@pluto.ipg 2017-09-27 12:36:15
SIM_START	FS_Competition_Germany_2006_ELD_racedriver_maby2	2018-02-05 14:55:40
TIME	0.001
WARNING		PowerTrain OpenXWD: No selected PowerTrainXWD model; calculation using DVA is possible, but without 'integration substepping'
TIME	0.000
SIMULATE	FS_Competition_Germany_2006_ELD_racedriver_maby2

TIME	48.827
SIM_END		FS_Competition_Germany_2006_ELD_racedriver_maby2	48.826s	772.326m
APPLICATION	CarMaker 6.0.3 - Car_Generic #36 (6.0.3)
COMPILED	pt@pluto.ipg 2017-09-27 12:36:15
SIM_START	FS_Competition_Germany_2006_ELD_racedriver_maby2	2018-02-05 14:56:58
TIME	0.001
WARNING		PowerTrain OpenXWD: No selected PowerTrainXWD model; calculation using DVA is possible, but without 'integration substepping'
TIME	0.000
SIMULATE	FS_Competition_Germany_2006_ELD_racedriver_maby2

TIME	48.796
SIM_END		FS_Competition_Germany_2006_ELD_racedriver_maby2	48.795s	772.221m
APPLICATION	CarMaker 6.0.3 - Car_Generic #36 (6.0.3)
COMPILED	pt@pluto.ipg 2017-09-27 12:36:15
SIM_START	FS_Competition_Germany_2006_ELD_racedriver_maby2	2018-02-05 14:58:20
TIME	0.001
WARNING		PowerTrain OpenXWD: No selected PowerTrainXWD model; calculation using DVA is possible, but without 'integration substepping'
TIME	0.000
SIMULATE	FS_Competition_Germany_2006_ELD_racedriver_maby2

TIME	48.816
SIM_END		FS_Competition_Germany_2006_ELD_racedriver_maby2	48.815s	772.82m
APPLICATION	CarMaker 6.0.3 - Car_Generic #36 (6.0.3)
COMPILED	pt@pluto.ipg 2017-09-27 12:36:15
SIM_START	FS_Competition_Germany_2006_ELD_racedriver_maby2	2018-02-05 15:00:33
TIME	0.001
WARNING		PowerTrain OpenXWD: No selected PowerTrainXWD model; calculation using DVA is possible, but without 'integration substepping'
TIME	0.000
SIMULATE	FS_Competition_Germany_2006_ELD_racedriver_maby2

TIME	48.802
SIM_END		FS_Competition_Germany_2006_ELD_racedriver_maby2	48.801s	771.363m
APPLICATION	CarMaker 6.0.3 - Car_Generic #36 (6.0.3)
COMPILED	pt@pluto.ipg 2017-09-27 12:36:15
SIM_START	FS_Competition_Germany_2006_ELD_racedriver_maby2	2018-02-05 15:01:54
TIME	0.001
WARNING		PowerTrain OpenXWD: No selected PowerTrainXWD model; calculation using DVA is possible, but without 'integration substepping'
TIME	0.000
SIMULATE	FS_Competition_Germany_2006_ELD_racedriver_maby2

TIME	48.863
SIM_END		FS_Competition_Germany_2006_ELD_racedriver_maby2	48.862s	772.519m
APPLICATION	CarMaker 6.0.3 - Car_Generic #36 (6.0.3)
COMPILED	pt@pluto.ipg 2017-09-27 12:36:15
SIM_START	FS_Competition_Germany_2006_ELD_racedriver_maby2	2018-02-05 15:29:18
TIME	0.001
WARNING		PowerTrain OpenXWD: No selected PowerTrainXWD model; calculation using DVA is possible, but without 'integration substepping'
TIME	0.000
SIMULATE	FS_Competition_Germany_2006_ELD_racedriver_maby2

TIME	48.863
SIM_END		FS_Competition_Germany_2006_ELD_racedriver_maby2	48.862s	772.519m
APPLICATION	CarMaker 6.0.3 - Car_Generic #36 (6.0.3)
COMPILED	pt@pluto.ipg 2017-09-27 12:36:15
SIM_START	FS_Competition_Germany_2006_ELD_racedriver_maby2	2018-02-05 15:30:30
TIME	0.001
WARNING		PowerTrain OpenXWD: No selected PowerTrainXWD model; calculation using DVA is possible, but without 'integration substepping'
TIME	0.000
SIMULATE	FS_Competition_Germany_2006_ELD_racedriver_maby2

TIME	48.774
SIM_END		FS_Competition_Germany_2006_ELD_racedriver_maby2	48.773s	771.358m
APPLICATION	CarMaker 6.0.3 - Car_Generic #36 (6.0.3)
COMPILED	pt@pluto.ipg 2017-09-27 12:36:15
SIM_START	FS_Competition_Germany_2006_ELD_racedriver_maby2	2018-02-05 16:25:53
TIME	0.001
WARNING		PowerTrain OpenXWD: No selected PowerTrainXWD model; calculation using DVA is possible, but without 'integration substepping'
TIME	0.000
SIMULATE	FS_Competition_Germany_2006_ELD_racedriver_maby2

TIME	48.774
SIM_END		FS_Competition_Germany_2006_ELD_racedriver_maby2	48.773s	771.358m
APPLICATION	CarMaker 6.0.3 - Car_Generic #36 (6.0.3)
COMPILED	pt@pluto.ipg 2017-09-27 12:36:15
SIM_START	FS_Competition_Germany_2006_ELD_racedriver_maby2	2018-02-05 16:56:42
TIME	0.001
WARNING		PowerTrain OpenXWD: No selected PowerTrainXWD model; calculation using DVA is possible, but without 'integration substepping'
TIME	0.000
SIMULATE	FS_Competition_Germany_2006_ELD_racedriver_maby2

TIME	48.774
SIM_END		FS_Competition_Germany_2006_ELD_racedriver_maby2	48.773s	771.358m
APPLICATION	CarMaker 6.0.3 - Car_Generic #36 (6.0.3)
COMPILED	pt@pluto.ipg 2017-09-27 12:36:15
SIM_START	FS_Competition_Germany_2006_ELD_racedriver_maby2	2018-02-05 16:58:02
TIME	0.001
WARNING		PowerTrain OpenXWD: No selected PowerTrainXWD model; calculation using DVA is possible, but without 'integration substepping'
TIME	0.000
SIMULATE	FS_Competition_Germany_2006_ELD_racedriver_maby2

TIME	48.774
SIM_END		FS_Competition_Germany_2006_ELD_racedriver_maby2	48.773s	771.358m
APPLICATION	CarMaker 6.0.3 - Car_Generic #36 (6.0.3)
COMPILED	pt@pluto.ipg 2017-09-27 12:36:15
SIM_START	FS_Competition_Germany_2006_ELD_racedriver_maby2	2018-02-05 17:03:42
TIME	0.001
WARNING		PowerTrain OpenXWD: No selected PowerTrainXWD model; calculation using DVA is possible, but without 'integration substepping'
TIME	0.000
SIMULATE	FS_Competition_Germany_2006_ELD_racedriver_maby2

TIME	48.927
SIM_END		FS_Competition_Germany_2006_ELD_racedriver_maby2	48.926s	771.892m
APPLICATION	CarMaker 6.0.3 - Car_Generic #36 (6.0.3)
COMPILED	pt@pluto.ipg 2017-09-27 12:36:15
SIM_START	FS_Competition_Germany_2006_ELD_racedriver_maby2	2018-02-05 17:05:20
TIME	0.001
WARNING		PowerTrain OpenXWD: No selected PowerTrainXWD model; calculation using DVA is possible, but without 'integration substepping'
TIME	0.000
SIMULATE	FS_Competition_Germany_2006_ELD_racedriver_maby2

TIME	48.774
SIM_END		FS_Competition_Germany_2006_ELD_racedriver_maby2	48.773s	771.358m
APPLICATION	CarMaker 6.0.3 - Car_Generic #36 (6.0.3)
COMPILED	pt@pluto.ipg 2017-09-27 12:36:15
SIM_START	FS_Competition_Germany_2006_ELD_racedriver_maby2	2018-02-05 17:07:01
TIME	0.001
WARNING		PowerTrain OpenXWD: No selected PowerTrainXWD model; calculation using DVA is possible, but without 'integration substepping'
TIME	0.000
SIMULATE	FS_Competition_Germany_2006_ELD_racedriver_maby2

TIME	48.774
SIM_END		FS_Competition_Germany_2006_ELD_racedriver_maby2	48.773s	771.358m
APPLICATION	CarMaker 6.0.3 - Car_Generic #36 (6.0.3)
COMPILED	pt@pluto.ipg 2017-09-27 12:36:15
SIM_START	FS_Competition_Germany_2006_ELD_racedriver_maby2	2018-02-05 17:09:08
TIME	0.001
WARNING		PowerTrain OpenXWD: No selected PowerTrainXWD model; calculation using DVA is possible, but without 'integration substepping'
TIME	0.000
SIMULATE	FS_Competition_Germany_2006_ELD_racedriver_maby2

TIME	48.847
SIM_END		FS_Competition_Germany_2006_ELD_racedriver_maby2	48.846s	772.71m
APPLICATION	CarMaker 6.0.3 - Car_Generic #36 (6.0.3)
COMPILED	pt@pluto.ipg 2017-09-27 12:36:15
SIM_START	FS_Competition_Germany_2006_ELD_racedriver_maby2	2018-02-05 17:17:48
TIME	0.001
WARNING		PowerTrain OpenXWD: No selected PowerTrainXWD model; calculation using DVA is possible, but without 'integration substepping'
TIME	0.000
SIMULATE	FS_Competition_Germany_2006_ELD_racedriver_maby2

TIME	48.847
SIM_END		FS_Competition_Germany_2006_ELD_racedriver_maby2	48.846s	772.71m
APPLICATION	CarMaker 6.0.3 - Car_Generic #36 (6.0.3)
COMPILED	pt@pluto.ipg 2017-09-27 12:36:15
SIM_START	FS_Competition_Germany_2006_ELD_racedriver_maby2	2018-02-05 17:18:38
TIME	0.001
WARNING		PowerTrain OpenXWD: No selected PowerTrainXWD model; calculation using DVA is possible, but without 'integration substepping'
TIME	0.000
SIMULATE	FS_Competition_Germany_2006_ELD_racedriver_maby2

TIME	48.774
SIM_END		FS_Competition_Germany_2006_ELD_racedriver_maby2	48.773s	771.358m
APPLICATION	CarMaker 6.0.3 - Car_Generic #36 (6.0.3)
COMPILED	pt@pluto.ipg 2017-09-27 12:36:15
SIM_START	FS_Competition_Germany_2006_ELD_racedriver_maby2	2018-02-05 17:21:05
TIME	0.001
WARNING		PowerTrain OpenXWD: No selected PowerTrainXWD model; calculation using DVA is possible, but without 'integration substepping'
TIME	0.000
SIMULATE	FS_Competition_Germany_2006_ELD_racedriver_maby2

TIME	23.590
SIM_END		FS_Competition_Germany_2006_ELD_racedriver_maby2	23.586s	366.039m
