APPLICATION	CarMaker 6.0.3 - Car_Generic #36 (6.0.3)
COMPILED	pt@pluto.ipg 2017-09-27 12:36:15
SIM_START	skidpad_ELD	2018-01-13 15:47:38
TIME	0.001
WARNING		PowerTrain OpenXWD: No selected PowerTrainXWD model; calculation using DVA is possible, but without 'integration substepping'
TIME	0.000
SIMULATE	skidpad_ELD

TIME	21.812
SIM_END		skidpad_ELD	21.811s	261.957m
APPLICATION	CarMaker 6.0.3 - Car_Generic #36 (6.0.3)
COMPILED	pt@pluto.ipg 2017-09-27 12:36:15
SIM_START	skidpad_ELD	2018-01-13 15:49:23
TIME	0.001
WARNING		PowerTrain OpenXWD: No selected PowerTrainXWD model; calculation using DVA is possible, but without 'integration substepping'
TIME	0.000
SIMULATE	skidpad_ELD

TIME	21.830
SIM_END		skidpad_ELD	21.829s	262.082m
APPLICATION	CarMaker 6.0.3 - Car_Generic #36 (6.0.3)
COMPILED	pt@pluto.ipg 2017-09-27 12:36:15
SIM_START	skidpad_ELD	2018-01-13 15:59:44
TIME	0.001
WARNING		PowerTrain OpenXWD: No selected PowerTrainXWD model; calculation using DVA is possible, but without 'integration substepping'
TIME	0.000
SIMULATE	skidpad_ELD

TIME	21.830
SIM_END		skidpad_ELD	21.829s	262.082m
APPLICATION	CarMaker 6.0.3 - Car_Generic #36 (6.0.3)
COMPILED	pt@pluto.ipg 2017-09-27 12:36:15
SIM_START	skidpad_ELD	2018-01-13 16:00:51
TIME	0.001
WARNING		PowerTrain OpenXWD: No selected PowerTrainXWD model; calculation using DVA is possible, but without 'integration substepping'
TIME	0.000
SIMULATE	skidpad_ELD

TIME	21.898
SIM_END		skidpad_ELD	21.897s	262.687m
APPLICATION	CarMaker 6.0.3 - Car_Generic #36 (6.0.3)
COMPILED	pt@pluto.ipg 2017-09-27 12:36:15
SIM_START	skidpad_ELD	2018-01-13 16:04:37
TIME	0.001
WARNING		PowerTrain OpenXWD: No selected PowerTrainXWD model; calculation using DVA is possible, but without 'integration substepping'
TIME	0.000
SIMULATE	skidpad_ELD

TIME	21.812
SIM_END		skidpad_ELD	21.811s	261.967m
APPLICATION	CarMaker 6.0.3 - Car_Generic #36 (6.0.3)
COMPILED	pt@pluto.ipg 2017-09-27 12:36:15
SIM_START	skidpad_ELD	2018-01-13 16:05:37
TIME	0.001
WARNING		PowerTrain OpenXWD: No selected PowerTrainXWD model; calculation using DVA is possible, but without 'integration substepping'
TIME	0.000
SIMULATE	skidpad_ELD

TIME	21.811
SIM_END		skidpad_ELD	21.81s	261.917m
APPLICATION	CarMaker 6.0.3 - Car_Generic #36 (6.0.3)
COMPILED	pt@pluto.ipg 2017-09-27 12:36:15
SIM_START	skidpad_ELD	2018-01-13 16:22:08
TIME	0.001
WARNING		PowerTrain OpenXWD: No selected PowerTrainXWD model; calculation using DVA is possible, but without 'integration substepping'
TIME	0.000
SIMULATE	skidpad_ELD

TIME	21.805
SIM_END		skidpad_ELD	21.804s	261.806m
APPLICATION	CarMaker 6.0.3 - Car_Generic #36 (6.0.3)
COMPILED	pt@pluto.ipg 2017-09-27 12:36:15
SIM_START	skidpad_ELD	2018-01-13 16:23:14
TIME	0.001
WARNING		PowerTrain OpenXWD: No selected PowerTrainXWD model; calculation using DVA is possible, but without 'integration substepping'
TIME	0.000
SIMULATE	skidpad_ELD

TIME	21.812
SIM_END		skidpad_ELD	21.811s	261.961m
APPLICATION	CarMaker 6.0.3 - Car_Generic #36 (6.0.3)
COMPILED	pt@pluto.ipg 2017-09-27 12:36:15
SIM_START	skidpad_ELD	2018-01-13 16:26:08
TIME	0.001
WARNING		PowerTrain OpenXWD: No selected PowerTrainXWD model; calculation using DVA is possible, but without 'integration substepping'
TIME	0.000
SIMULATE	skidpad_ELD

TIME	21.810
SIM_END		skidpad_ELD	21.809s	261.926m
APPLICATION	CarMaker 6.0.3 - Car_Generic #36 (6.0.3)
COMPILED	pt@pluto.ipg 2017-09-27 12:36:15
SIM_START	skidpad_ELD	2018-01-13 16:45:15
TIME	0.001
WARNING		PowerTrain OpenXWD: No selected PowerTrainXWD model; calculation using DVA is possible, but without 'integration substepping'
TIME	0.000
SIMULATE	skidpad_ELD

TIME	14.840
ERROR		Roll angle too high (80.06 deg)
SIM_ABORT	skidpad_ELD	14.842s	164.081m
APPLICATION	CarMaker 6.0.3 - Car_Generic #36 (6.0.3)
COMPILED	pt@pluto.ipg 2017-09-27 12:36:15
SIM_START	skidpad_ELD	2018-01-13 16:52:40
TIME	0.001
WARNING		PowerTrain OpenXWD: No selected PowerTrainXWD model; calculation using DVA is possible, but without 'integration substepping'
TIME	0.000
SIMULATE	skidpad_ELD

TIME	21.810
SIM_END		skidpad_ELD	21.809s	261.926m
APPLICATION	CarMaker 6.0.3 - Car_Generic #36 (6.0.3)
COMPILED	pt@pluto.ipg 2017-09-27 12:36:15
SIM_START	skidpad_ELD	2018-01-13 16:59:12
TIME	0.001
WARNING		PowerTrain OpenXWD: No selected PowerTrainXWD model; calculation using DVA is possible, but without 'integration substepping'
TIME	0.000
SIMULATE	skidpad_ELD

TIME	21.858
SIM_END		skidpad_ELD	21.857s	262.2m
