APPLICATION	CarMaker 6.0.3 - Car_Generic #36 (6.0.3)
COMPILED	pt@pluto.ipg 2017-09-27 12:36:15
SIM_START	FS_Competition_Germany_2006_ELD	2017-12-15 20:54:22
TIME	0.001
WARNING		PowerTrain OpenXWD: No selected PowerTrainXWD model; calculation using DVA is possible, but without 'integration substepping'
TIME	0.000
SIMULATE	FS_Competition_Germany_2006_ELD

TIME	31.562
SIM_END		FS_Competition_Germany_2006_ELD	31.558s	343.311m
APPLICATION	CarMaker 6.0.3 - Car_Generic #36 (6.0.3)
COMPILED	pt@pluto.ipg 2017-09-27 12:36:15
SIM_START	FS_Competition_Germany_2006_ELD	2017-12-15 21:15:20
TIME	0.001
WARNING		PowerTrain OpenXWD: No selected PowerTrainXWD model; calculation using DVA is possible, but without 'integration substepping'
TIME	0.000
SIMULATE	FS_Competition_Germany_2006_ELD

TIME	24.673
SIM_END		FS_Competition_Germany_2006_ELD	24.669s	256.625m
APPLICATION	CarMaker 6.0.3 - Car_Generic #36 (6.0.3)
COMPILED	pt@pluto.ipg 2017-09-27 12:36:15
SIM_START	FS_Competition_Germany_2006_ELD	2017-12-15 21:17:14
TIME	0.001
WARNING		PowerTrain OpenXWD: No selected PowerTrainXWD model; calculation using DVA is possible, but without 'integration substepping'
TIME	0.000
SIMULATE	FS_Competition_Germany_2006_ELD

TIME	73.533
SIM_END		FS_Competition_Germany_2006_ELD	73.532s	774.952m
APPLICATION	CarMaker 6.0.3 - Car_Generic #36 (6.0.3)
COMPILED	pt@pluto.ipg 2017-09-27 12:36:15
SIM_START	FS_Competition_Germany_2006_ELD	2017-12-15 21:22:04
TIME	0.001
WARNING		PowerTrain OpenXWD: No selected PowerTrainXWD model; calculation using DVA is possible, but without 'integration substepping'
TIME	0.000
SIMULATE	FS_Competition_Germany_2006_ELD

TIME	18.014
SIM_END		FS_Competition_Germany_2006_ELD	18.01s	170.083m
APPLICATION	CarMaker 6.0.3 - Car_Generic #36 (6.0.3)
COMPILED	pt@pluto.ipg 2017-09-27 12:36:15
SIM_START	FS_Competition_Germany_2006_ELD	2017-12-15 21:23:16
TIME	0.001
WARNING		PowerTrain OpenXWD: No selected PowerTrainXWD model; calculation using DVA is possible, but without 'integration substepping'
TIME	0.000
SIMULATE	FS_Competition_Germany_2006_ELD

TIME	13.456
SIM_END		FS_Competition_Germany_2006_ELD	13.452s	102.774m
APPLICATION	CarMaker 6.0.3 - Car_Generic #36 (6.0.3)
COMPILED	pt@pluto.ipg 2017-09-27 12:36:15
SIM_START	FS_Competition_Germany_2006_ELD	2017-12-15 21:24:19
TIME	0.001
WARNING		PowerTrain OpenXWD: No selected PowerTrainXWD model; calculation using DVA is possible, but without 'integration substepping'
TIME	0.000
SIMULATE	FS_Competition_Germany_2006_ELD

TIME	14.405
SIM_END		FS_Competition_Germany_2006_ELD	14.401s	118.026m
APPLICATION	CarMaker 6.0.3 - Car_Generic #36 (6.0.3)
COMPILED	pt@pluto.ipg 2017-09-27 12:36:15
SIM_START	FS_Competition_Germany_2006_ELD	2017-12-15 21:25:03
TIME	0.001
WARNING		PowerTrain OpenXWD: No selected PowerTrainXWD model; calculation using DVA is possible, but without 'integration substepping'
TIME	0.000
SIMULATE	FS_Competition_Germany_2006_ELD

TIME	10.508
SIM_END		FS_Competition_Germany_2006_ELD	10.504s	96.6903m
APPLICATION	CarMaker 6.0.3 - Car_Generic #36 (6.0.3)
COMPILED	pt@pluto.ipg 2017-09-27 12:36:15
SIM_START	FS_Competition_Germany_2006_ELD	2017-12-15 21:25:25
TIME	0.001
WARNING		PowerTrain OpenXWD: No selected PowerTrainXWD model; calculation using DVA is possible, but without 'integration substepping'
TIME	0.000
SIMULATE	FS_Competition_Germany_2006_ELD

TIME	6.513
SIM_END		FS_Competition_Germany_2006_ELD	6.509s	62.8267m
APPLICATION	CarMaker 6.0.3 - Car_Generic #36 (6.0.3)
COMPILED	pt@pluto.ipg 2017-09-27 12:36:15
SIM_START	FS_Competition_Germany_2006_ELD	2017-12-15 21:26:23
TIME	0.001
WARNING		PowerTrain OpenXWD: No selected PowerTrainXWD model; calculation using DVA is possible, but without 'integration substepping'
TIME	0.000
SIMULATE	FS_Competition_Germany_2006_ELD

TIME	71.114
SIM_END		FS_Competition_Germany_2006_ELD	71.113s	775.399m
APPLICATION	CarMaker 6.0.3 - Car_Generic #36 (6.0.3)
COMPILED	pt@pluto.ipg 2017-09-27 12:36:15
SIM_START	FS_Competition_Germany_2006_ELD	2017-12-15 21:27:36
TIME	0.001
WARNING		PowerTrain OpenXWD: No selected PowerTrainXWD model; calculation using DVA is possible, but without 'integration substepping'
TIME	0.000
SIMULATE	FS_Competition_Germany_2006_ELD

TIME	71.114
SIM_END		FS_Competition_Germany_2006_ELD	71.113s	775.399m
APPLICATION	CarMaker 6.0.3 - Car_Generic #36 (6.0.3)
COMPILED	pt@pluto.ipg 2017-09-27 12:36:15
SIM_START	FS_Competition_Germany_2006_ELD	2017-12-15 21:30:49
TIME	0.001
WARNING		PowerTrain OpenXWD: No selected PowerTrainXWD model; calculation using DVA is possible, but without 'integration substepping'
TIME	0.000
SIMULATE	FS_Competition_Germany_2006_ELD

TIME	3.714
SIM_END		FS_Competition_Germany_2006_ELD	3.71s	31.1081m
APPLICATION	CarMaker 6.0.3 - Car_Generic #36 (6.0.3)
COMPILED	pt@pluto.ipg 2017-09-27 12:36:15
SIM_START	FS_Competition_Germany_2006_ELD	2017-12-15 21:33:12
TIME	0.001
WARNING		PowerTrain OpenXWD: No selected PowerTrainXWD model; calculation using DVA is possible, but without 'integration substepping'
TIME	0.000
SIMULATE	FS_Competition_Germany_2006_ELD

TIME	71.114
SIM_END		FS_Competition_Germany_2006_ELD	71.113s	775.399m
APPLICATION	CarMaker 6.0.3 - Car_Generic #36 (6.0.3)
COMPILED	pt@pluto.ipg 2017-09-27 12:36:15
SIM_START	FS_Competition_Germany_2006_ELD	2017-12-15 21:35:22
TIME	0.001
WARNING		PowerTrain OpenXWD: No selected PowerTrainXWD model; calculation using DVA is possible, but without 'integration substepping'
TIME	0.000
SIMULATE	FS_Competition_Germany_2006_ELD

TIME	71.114
SIM_END		FS_Competition_Germany_2006_ELD	71.113s	775.399m
APPLICATION	CarMaker 6.0.3 - Car_Generic #36 (6.0.3)
COMPILED	pt@pluto.ipg 2017-09-27 12:36:15
SIM_START	FS_Competition_Germany_2006_ELD	2017-12-15 21:36:43
TIME	0.001
WARNING		PowerTrain OpenXWD: No selected PowerTrainXWD model; calculation using DVA is possible, but without 'integration substepping'
TIME	0.000
SIMULATE	FS_Competition_Germany_2006_ELD

TIME	3.404
SIM_END		FS_Competition_Germany_2006_ELD	3.4s	27.1492m
APPLICATION	CarMaker 6.0.3 - Car_Generic #36 (6.0.3)
COMPILED	pt@pluto.ipg 2017-09-27 12:36:15
SIM_START	FS_Competition_Germany_2006_ELD	2017-12-15 21:37:17
TIME	0.001
WARNING		PowerTrain OpenXWD: No selected PowerTrainXWD model; calculation using DVA is possible, but without 'integration substepping'
TIME	0.000
SIMULATE	FS_Competition_Germany_2006_ELD

TIME	2.919
SIM_END		FS_Competition_Germany_2006_ELD	2.915s	21.2788m
APPLICATION	CarMaker 6.0.3 - Car_Generic #36 (6.0.3)
COMPILED	pt@pluto.ipg 2017-09-27 12:36:15
SIM_START	FS_Competition_Germany_2006_ELD	2017-12-15 21:39:10
TIME	0.001
WARNING		PowerTrain OpenXWD: No selected PowerTrainXWD model; calculation using DVA is possible, but without 'integration substepping'
TIME	0.000
SIMULATE	FS_Competition_Germany_2006_ELD

TIME	5.600
SIM_END		FS_Competition_Germany_2006_ELD	5.596s	23.8871m
APPLICATION	CarMaker 6.0.3 - Car_Generic #36 (6.0.3)
COMPILED	pt@pluto.ipg 2017-09-27 12:36:15
SIM_START	FS_Competition_Germany_2006_ELD	2017-12-15 21:40:53
TIME	0.001
WARNING		PowerTrain OpenXWD: No selected PowerTrainXWD model; calculation using DVA is possible, but without 'integration substepping'
TIME	0.000
SIMULATE	FS_Competition_Germany_2006_ELD

TIME	6.989
SIM_END		FS_Competition_Germany_2006_ELD	6.985s	41.6791m
APPLICATION	CarMaker 6.0.3 - Car_Generic #36 (6.0.3)
COMPILED	pt@pluto.ipg 2017-09-27 12:36:15
SIM_START	FS_Competition_Germany_2006_ELD	2017-12-15 21:41:31
TIME	0.001
WARNING		PowerTrain OpenXWD: No selected PowerTrainXWD model; calculation using DVA is possible, but without 'integration substepping'
TIME	0.000
SIMULATE	FS_Competition_Germany_2006_ELD

TIME	3.914
SIM_END		FS_Competition_Germany_2006_ELD	3.91s	33.7256m
APPLICATION	CarMaker 6.0.3 - Car_Generic #36 (6.0.3)
COMPILED	pt@pluto.ipg 2017-09-27 12:36:15
SIM_START	FS_Competition_Germany_2006_ELD	2017-12-15 21:41:56
TIME	0.001
WARNING		PowerTrain OpenXWD: No selected PowerTrainXWD model; calculation using DVA is possible, but without 'integration substepping'
TIME	0.000
SIMULATE	FS_Competition_Germany_2006_ELD

TIME	4.973
SIM_END		FS_Competition_Germany_2006_ELD	4.969s	46.939m
APPLICATION	CarMaker 6.0.3 - Car_Generic #36 (6.0.3)
COMPILED	pt@pluto.ipg 2017-09-27 12:36:15
SIM_START	FS_Competition_Germany_2006_ELD	2017-12-15 21:42:11
TIME	0.001
WARNING		PowerTrain OpenXWD: No selected PowerTrainXWD model; calculation using DVA is possible, but without 'integration substepping'
TIME	0.000
SIMULATE	FS_Competition_Germany_2006_ELD

SIM_END		FS_Competition_Germany_2006_ELD	1.76s	8.85427m
APPLICATION	CarMaker 6.0.3 - Car_Generic #36 (6.0.3)
COMPILED	pt@pluto.ipg 2017-09-27 12:36:15
SIM_START	FS_Competition_Germany_2006_ELD	2017-12-15 21:42:27
TIME	0.001
WARNING		PowerTrain OpenXWD: No selected PowerTrainXWD model; calculation using DVA is possible, but without 'integration substepping'
TIME	0.000
SIMULATE	FS_Competition_Germany_2006_ELD

TIME	2.054
SIM_END		FS_Competition_Germany_2006_ELD	2.05s	11.7985m
APPLICATION	CarMaker 6.0.3 - Car_Generic #36 (6.0.3)
COMPILED	pt@pluto.ipg 2017-09-27 12:36:15
SIM_START	FS_Competition_Germany_2006_ELD	2017-12-15 21:43:27
TIME	0.001
WARNING		PowerTrain OpenXWD: No selected PowerTrainXWD model; calculation using DVA is possible, but without 'integration substepping'
TIME	0.000
SIMULATE	FS_Competition_Germany_2006_ELD

TIME	3.664
SIM_END		FS_Competition_Germany_2006_ELD	3.66s	30.4606m
APPLICATION	CarMaker 6.0.3 - Car_Generic #36 (6.0.3)
COMPILED	pt@pluto.ipg 2017-09-27 12:36:15
SIM_START	FS_Competition_Germany_2006_ELD	2017-12-15 21:44:08
TIME	0.001
WARNING		PowerTrain OpenXWD: No selected PowerTrainXWD model; calculation using DVA is possible, but without 'integration substepping'
TIME	0.000
SIMULATE	FS_Competition_Germany_2006_ELD

TIME	2.665
SIM_END		FS_Competition_Germany_2006_ELD	2.661s	18.392m
APPLICATION	CarMaker 6.0.3 - Car_Generic #36 (6.0.3)
COMPILED	pt@pluto.ipg 2017-09-27 12:36:15
SIM_START	FS_Competition_Germany_2006_ELD	2017-12-15 21:57:55
TIME	0.001
WARNING		PowerTrain OpenXWD: No selected PowerTrainXWD model; calculation using DVA is possible, but without 'integration substepping'
TIME	0.000
SIMULATE	FS_Competition_Germany_2006_ELD

TIME	10.294
SIM_END		FS_Competition_Germany_2006_ELD	10.29s	94.4735m
APPLICATION	CarMaker 6.0.3 - Car_Generic #36 (6.0.3)
COMPILED	pt@pluto.ipg 2017-09-27 12:36:15
SIM_START	FS_Competition_Germany_2006_ELD	2017-12-15 22:00:12
TIME	0.001
WARNING		PowerTrain OpenXWD: No selected PowerTrainXWD model; calculation using DVA is possible, but without 'integration substepping'
TIME	0.000
SIMULATE	FS_Competition_Germany_2006_ELD

SIM_END		FS_Competition_Germany_2006_ELD	0s	0m
APPLICATION	CarMaker 6.0.3 - Car_Generic #36 (6.0.3)
COMPILED	pt@pluto.ipg 2017-09-27 12:36:15
SIM_START	FS_Competition_Germany_2006_ELD	2017-12-15 22:00:57
TIME	0.001
WARNING		PowerTrain OpenXWD: No selected PowerTrainXWD model; calculation using DVA is possible, but without 'integration substepping'
TIME	0.000
SIMULATE	FS_Competition_Germany_2006_ELD

TIME	3.117
SIM_END		FS_Competition_Germany_2006_ELD	3.113s	23.6212m
APPLICATION	CarMaker 6.0.3 - Car_Generic #36 (6.0.3)
COMPILED	pt@pluto.ipg 2017-09-27 12:36:15
SIM_START	FS_Competition_Germany_2006_ELD	2017-12-15 22:01:59
TIME	0.001
WARNING		PowerTrain OpenXWD: No selected PowerTrainXWD model; calculation using DVA is possible, but without 'integration substepping'
TIME	0.000
SIMULATE	FS_Competition_Germany_2006_ELD

TIME	2.632
SIM_END		FS_Competition_Germany_2006_ELD	2.628s	18.025m
APPLICATION	CarMaker 6.0.3 - Car_Generic #36 (6.0.3)
COMPILED	pt@pluto.ipg 2017-09-27 12:36:15
SIM_START	FS_Competition_Germany_2006_ELD	2017-12-15 22:14:18
TIME	0.001
WARNING		PowerTrain OpenXWD: No selected PowerTrainXWD model; calculation using DVA is possible, but without 'integration substepping'
TIME	0.000
SIMULATE	FS_Competition_Germany_2006_ELD

TIME	21.264
SIM_END		FS_Competition_Germany_2006_ELD	21.26s	244.424m
APPLICATION	CarMaker 6.0.3 - Car_Generic #36 (6.0.3)
COMPILED	pt@pluto.ipg 2017-09-27 12:36:15
SIM_START	FS_Competition_Germany_2006_ELD	2017-12-15 22:16:55
TIME	0.001
WARNING		PowerTrain OpenXWD: No selected PowerTrainXWD model; calculation using DVA is possible, but without 'integration substepping'
TIME	0.000
SIMULATE	FS_Competition_Germany_2006_ELD

TIME	14.450
SIM_END		FS_Competition_Germany_2006_ELD	14.446s	137.665m
APPLICATION	CarMaker 6.0.3 - Car_Generic #36 (6.0.3)
COMPILED	pt@pluto.ipg 2017-09-27 12:36:15
SIM_START	FS_Competition_Germany_2006_ELD	2017-12-15 22:18:50
TIME	0.001
WARNING		PowerTrain OpenXWD: No selected PowerTrainXWD model; calculation using DVA is possible, but without 'integration substepping'
TIME	0.000
SIMULATE	FS_Competition_Germany_2006_ELD

TIME	25.534
SIM_END		FS_Competition_Germany_2006_ELD	25.53s	291.666m
APPLICATION	CarMaker 6.0.3 - Car_Generic #36 (6.0.3)
COMPILED	pt@pluto.ipg 2017-09-27 12:36:15
SIM_START	FS_Competition_Germany_2006_ELD	2017-12-15 22:22:28
TIME	0.001
WARNING		PowerTrain OpenXWD: No selected PowerTrainXWD model; calculation using DVA is possible, but without 'integration substepping'
TIME	0.000
SIMULATE	FS_Competition_Germany_2006_ELD

TIME	6.265
SIM_END		FS_Competition_Germany_2006_ELD	6.261s	60.4673m
APPLICATION	CarMaker 6.0.3 - Car_Generic #36 (6.0.3)
COMPILED	pt@pluto.ipg 2017-09-27 12:36:15
SIM_START	FS_Competition_Germany_2006_ELD	2017-12-15 22:29:55
TIME	0.001
WARNING		PowerTrain OpenXWD: No selected PowerTrainXWD model; calculation using DVA is possible, but without 'integration substepping'
TIME	0.000
SIMULATE	FS_Competition_Germany_2006_ELD

SIM_END		FS_Competition_Germany_2006_ELD	0.827s	1.4163m
APPLICATION	CarMaker 6.0.3 - Car_Generic #36 (6.0.3)
COMPILED	pt@pluto.ipg 2017-09-27 12:36:15
SIM_START	FS_Competition_Germany_2006_ELD	2017-12-15 22:44:02
TIME	0.001
WARNING		PowerTrain OpenXWD: No selected PowerTrainXWD model; calculation using DVA is possible, but without 'integration substepping'
TIME	0.000
SIMULATE	FS_Competition_Germany_2006_ELD

TIME	3.024
SIM_END		FS_Competition_Germany_2006_ELD	3.02s	22.5108m
APPLICATION	CarMaker 6.0.3 - Car_Generic #36 (6.0.3)
COMPILED	pt@pluto.ipg 2017-09-27 12:36:15
SIM_START	FS_Competition_Germany_2006_ELD	2017-12-15 22:46:49
TIME	0.001
WARNING		PowerTrain OpenXWD: No selected PowerTrainXWD model; calculation using DVA is possible, but without 'integration substepping'
TIME	0.000
SIMULATE	FS_Competition_Germany_2006_ELD

TIME	2.172
SIM_END		FS_Competition_Germany_2006_ELD	2.168s	13.0376m
APPLICATION	CarMaker 6.0.3 - Car_Generic #36 (6.0.3)
COMPILED	pt@pluto.ipg 2017-09-27 12:36:15
SIM_START	FS_Competition_Germany_2006_ELD	2017-12-15 22:47:41
TIME	0.001
WARNING		PowerTrain OpenXWD: No selected PowerTrainXWD model; calculation using DVA is possible, but without 'integration substepping'
TIME	0.000
SIMULATE	FS_Competition_Germany_2006_ELD

SIM_END		FS_Competition_Germany_2006_ELD	1.65s	7.78515m
APPLICATION	CarMaker 6.0.3 - Car_Generic #36 (6.0.3)
COMPILED	pt@pluto.ipg 2017-09-27 12:36:15
SIM_START	FS_Competition_Germany_2006_ELD	2017-12-15 22:49:30
TIME	0.001
WARNING		PowerTrain OpenXWD: No selected PowerTrainXWD model; calculation using DVA is possible, but without 'integration substepping'
TIME	0.000
SIMULATE	FS_Competition_Germany_2006_ELD

TIME	24.886
SIM_END		FS_Competition_Germany_2006_ELD	24.882s	285.2m
APPLICATION	CarMaker 6.0.3 - Car_Generic #36 (6.0.3)
COMPILED	pt@pluto.ipg 2017-09-27 12:36:15
SIM_START	FS_Competition_Germany_2006_ELD	2017-12-15 22:51:59
TIME	0.001
WARNING		PowerTrain OpenXWD: No selected PowerTrainXWD model; calculation using DVA is possible, but without 'integration substepping'
TIME	0.000
SIMULATE	FS_Competition_Germany_2006_ELD

TIME	3.284
SIM_END		FS_Competition_Germany_2006_ELD	3.28s	25.6566m
APPLICATION	CarMaker 6.0.3 - Car_Generic #36 (6.0.3)
COMPILED	pt@pluto.ipg 2017-09-27 12:36:15
SIM_START	FS_Competition_Germany_2006_ELD	2017-12-15 22:52:28
TIME	0.001
WARNING		PowerTrain OpenXWD: No selected PowerTrainXWD model; calculation using DVA is possible, but without 'integration substepping'
TIME	0.000
SIMULATE	FS_Competition_Germany_2006_ELD

TIME	16.750
SIM_END		FS_Competition_Germany_2006_ELD	16.746s	184.617m
APPLICATION	CarMaker 6.0.3 - Car_Generic #36 (6.0.3)
COMPILED	pt@pluto.ipg 2017-09-27 12:36:15
SIM_START	FS_Competition_Germany_2006_ELD	2017-12-15 22:53:11
TIME	0.001
WARNING		PowerTrain OpenXWD: No selected PowerTrainXWD model; calculation using DVA is possible, but without 'integration substepping'
TIME	0.000
SIMULATE	FS_Competition_Germany_2006_ELD

TIME	14.162
SIM_END		FS_Competition_Germany_2006_ELD	14.158s	151.843m
