APPLICATION	CarMaker 6.0.3 - Car_Generic #36 (6.0.3)
COMPILED	pt@pluto.ipg 2017-09-27 12:36:15
SIM_START	axxx	2017-12-01 13:05:12
TIME	0.001
WARNING		PowerTrain OpenXWD: No selected PowerTrainXWD model; calculation using DVA is possible, but without 'integration substepping'
TIME	0.000
SIMULATE	axxx

TIME	4.503
SIM_END		axxx	4.502s	78.881m
APPLICATION	CarMaker 6.0.3 - Car_Generic #36 (6.0.3)
COMPILED	pt@pluto.ipg 2017-09-27 12:36:15
SIM_START	axxx	2017-12-01 13:08:12
TIME	0.001
WARNING		PowerTrain OpenXWD: No selected PowerTrainXWD model; calculation using DVA is possible, but without 'integration substepping'
TIME	0.000
SIMULATE	axxx

TIME	4.503
SIM_END		axxx	4.502s	78.881m
APPLICATION	CarMaker 6.0.3 - Car_Generic #36 (6.0.3)
COMPILED	pt@pluto.ipg 2017-09-27 12:36:15
SIM_START	axxx	2017-12-01 13:09:58
TIME	0.001
WARNING		PowerTrain OpenXWD: No selected PowerTrainXWD model; calculation using DVA is possible, but without 'integration substepping'
TIME	0.000
SIMULATE	axxx

TIME	4.503
SIM_END		axxx	4.502s	78.881m
APPLICATION	CarMaker 6.0.3 - Car_Generic #36 (6.0.3)
COMPILED	pt@pluto.ipg 2017-09-27 12:36:15
SIM_START	axxx	2017-12-01 13:15:42
TIME	0.001
WARNING		PowerTrain OpenXWD: No selected PowerTrainXWD model; calculation using DVA is possible, but without 'integration substepping'
TIME	0.000
SIMULATE	axxx

TIME	4.503
SIM_END		axxx	4.502s	78.881m
APPLICATION	CarMaker 6.0.3 - Car_Generic #36 (6.0.3)
COMPILED	pt@pluto.ipg 2017-09-27 12:36:15
SIM_START	axxx	2017-12-01 13:23:48
TIME	0.001
WARNING		PowerTrain OpenXWD: No selected PowerTrainXWD model; calculation using DVA is possible, but without 'integration substepping'
TIME	0.000
SIMULATE	axxx

TIME	4.503
SIM_END		axxx	4.502s	78.881m
APPLICATION	CarMaker 6.0.3 - Car_Generic #36 (6.0.3)
COMPILED	pt@pluto.ipg 2017-09-27 12:36:15
SIM_START	axxx	2017-12-01 13:25:02
TIME	0.001
WARNING		PowerTrain OpenXWD: No selected PowerTrainXWD model; calculation using DVA is possible, but without 'integration substepping'
TIME	0.000
SIMULATE	axxx

TIME	4.503
SIM_END		axxx	4.502s	78.881m
APPLICATION	CarMaker 6.0.3 - Car_Generic #36 (6.0.3)
COMPILED	pt@pluto.ipg 2017-09-27 12:36:15
SIM_START	axxx	2017-12-01 13:30:12
TIME	0.001
WARNING		PowerTrain OpenXWD: No selected PowerTrainXWD model; calculation using DVA is possible, but without 'integration substepping'
TIME	0.000
SIMULATE	axxx

TIME	4.503
SIM_END		axxx	4.502s	78.881m
APPLICATION	CarMaker 6.0.3 - Car_Generic #36 (6.0.3)
COMPILED	pt@pluto.ipg 2017-09-27 12:36:15
SIM_START	axxx	2017-12-01 13:36:29
TIME	0.001
WARNING		PowerTrain OpenXWD: No selected PowerTrainXWD model; calculation using DVA is possible, but without 'integration substepping'
TIME	0.000
SIMULATE	axxx

TIME	4.503
SIM_END		axxx	4.502s	78.881m
APPLICATION	CarMaker 6.0.3 - Car_Generic #36 (6.0.3)
COMPILED	pt@pluto.ipg 2017-09-27 12:36:15
SIM_START	axxx	2017-12-01 13:37:33
TIME	0.001
WARNING		PowerTrain OpenXWD: No selected PowerTrainXWD model; calculation using DVA is possible, but without 'integration substepping'
TIME	0.000
SIMULATE	axxx

TIME	4.503
SIM_END		axxx	4.502s	78.881m
APPLICATION	CarMaker 6.0.3 - Car_Generic #36 (6.0.3)
COMPILED	pt@pluto.ipg 2017-09-27 12:36:15
SIM_START	axxx	2017-12-01 13:37:56
TIME	0.001
WARNING		PowerTrain OpenXWD: No selected PowerTrainXWD model; calculation using DVA is possible, but without 'integration substepping'
TIME	0.000
SIMULATE	axxx

TIME	4.503
SIM_END		axxx	4.502s	78.881m
APPLICATION	CarMaker 6.0.3 - Car_Generic #36 (6.0.3)
COMPILED	pt@pluto.ipg 2017-09-27 12:36:15
SIM_START	axxx	2017-12-01 13:38:40
TIME	0.001
WARNING		PowerTrain OpenXWD: No selected PowerTrainXWD model; calculation using DVA is possible, but without 'integration substepping'
TIME	0.000
SIMULATE	axxx

TIME	4.503
SIM_END		axxx	4.502s	78.881m
APPLICATION	CarMaker 6.0.3 - Car_Generic #36 (6.0.3)
COMPILED	pt@pluto.ipg 2017-09-27 12:36:15
SIM_START	axxx	2017-12-01 13:42:01
TIME	0.001
WARNING		PowerTrain OpenXWD: No selected PowerTrainXWD model; calculation using DVA is possible, but without 'integration substepping'
TIME	0.000
SIMULATE	axxx

TIME	4.503
SIM_END		axxx	4.502s	78.881m
APPLICATION	CarMaker 6.0.3 - Car_Generic #36 (6.0.3)
COMPILED	pt@pluto.ipg 2017-09-27 12:36:15
SIM_START	axxx	2017-12-01 13:42:31
TIME	0.001
WARNING		PowerTrain OpenXWD: No selected PowerTrainXWD model; calculation using DVA is possible, but without 'integration substepping'
TIME	0.000
SIMULATE	axxx

TIME	4.503
SIM_END		axxx	4.502s	78.881m
APPLICATION	CarMaker 6.0.3 - Car_Generic #36 (6.0.3)
COMPILED	pt@pluto.ipg 2017-09-27 12:36:15
SIM_START	axxx	2017-12-01 13:44:04
TIME	0.001
WARNING		PowerTrain OpenXWD: No selected PowerTrainXWD model; calculation using DVA is possible, but without 'integration substepping'
TIME	0.000
SIMULATE	axxx

TIME	4.503
SIM_END		axxx	4.502s	78.881m
APPLICATION	CarMaker 6.0.3 - Car_Generic #36 (6.0.3)
COMPILED	pt@pluto.ipg 2017-09-27 12:36:15
SIM_START	axxx	2017-12-01 13:45:14
TIME	0.001
WARNING		PowerTrain OpenXWD: No selected PowerTrainXWD model; calculation using DVA is possible, but without 'integration substepping'
TIME	0.000
SIMULATE	axxx

TIME	4.503
SIM_END		axxx	4.502s	78.881m
APPLICATION	CarMaker 6.0.3 - Car_Generic #36 (6.0.3)
COMPILED	pt@pluto.ipg 2017-09-27 12:36:15
SIM_START	axxx	2017-12-01 13:46:48
TIME	0.001
WARNING		PowerTrain OpenXWD: No selected PowerTrainXWD model; calculation using DVA is possible, but without 'integration substepping'
TIME	0.000
SIMULATE	axxx

TIME	4.503
SIM_END		axxx	4.502s	78.881m
APPLICATION	CarMaker 6.0.3 - Car_Generic #36 (6.0.3)
COMPILED	pt@pluto.ipg 2017-09-27 12:36:15
SIM_START	lane_change_ELD	2017-12-01 13:50:39
TIME	0.001
WARNING		PowerTrain OpenXWD: No selected PowerTrainXWD model; calculation using DVA is possible, but without 'integration substepping'
TIME	0.000
SIMULATE	lane_change_ELD

TIME	22.935
SIM_END		lane_change_ELD	22.934s	642.352m
APPLICATION	CarMaker 6.0.3 - Car_Generic #36 (6.0.3)
COMPILED	pt@pluto.ipg 2017-09-27 12:36:15
SIM_START	lane_change_ELD	2017-12-01 13:51:14
TIME	0.001
WARNING		PowerTrain OpenXWD: No selected PowerTrainXWD model; calculation using DVA is possible, but without 'integration substepping'
TIME	0.000
SIMULATE	lane_change_ELD

TIME	22.935
SIM_END		lane_change_ELD	22.934s	642.352m
APPLICATION	CarMaker 6.0.3 - Car_Generic #36 (6.0.3)
COMPILED	pt@pluto.ipg 2017-09-27 12:36:15
SIM_START	lane_change_ELD	2017-12-01 13:54:07
TIME	0.001
WARNING		PowerTrain OpenXWD: No selected PowerTrainXWD model; calculation using DVA is possible, but without 'integration substepping'
TIME	0.000
SIMULATE	lane_change_ELD

TIME	22.935
SIM_END		lane_change_ELD	22.934s	642.352m
APPLICATION	CarMaker 6.0.3 - Car_Generic #36 (6.0.3)
COMPILED	pt@pluto.ipg 2017-09-27 12:36:15
SIM_START	lane_change_ELD	2017-12-01 14:16:03
TIME	0.001
WARNING		PowerTrain OpenXWD: No selected PowerTrainXWD model; calculation using DVA is possible, but without 'integration substepping'
TIME	0.000
SIMULATE	lane_change_ELD

TIME	22.935
SIM_END		lane_change_ELD	22.934s	642.352m
APPLICATION	CarMaker 6.0.3 - Car_Generic #36 (6.0.3)
COMPILED	pt@pluto.ipg 2017-09-27 12:36:15
SIM_START	lane_change_ELD	2017-12-01 14:16:42
TIME	0.001
WARNING		PowerTrain OpenXWD: No selected PowerTrainXWD model; calculation using DVA is possible, but without 'integration substepping'
TIME	0.000
SIMULATE	lane_change_ELD

TIME	22.935
SIM_END		lane_change_ELD	22.934s	642.352m
APPLICATION	CarMaker 6.0.3 - Car_Generic #36 (6.0.3)
COMPILED	pt@pluto.ipg 2017-09-27 12:36:15
SIM_START	lane_change_ELD	2017-12-01 15:03:18
TIME	0.001
WARNING		PowerTrain OpenXWD: No selected PowerTrainXWD model; calculation using DVA is possible, but without 'integration substepping'
TIME	0.000
SIMULATE	lane_change_ELD

TIME	22.935
SIM_END		lane_change_ELD	22.934s	642.352m
APPLICATION	CarMaker 6.0.3 - Car_Generic #36 (6.0.3)
COMPILED	pt@pluto.ipg 2017-09-27 12:36:15
SIM_START	lane_change_ELD	2017-12-01 15:03:56
TIME	0.001
WARNING		PowerTrain OpenXWD: No selected PowerTrainXWD model; calculation using DVA is possible, but without 'integration substepping'
TIME	0.000
SIMULATE	lane_change_ELD

TIME	16.152
SIM_END		lane_change_ELD	16.148s	434.91m
APPLICATION	CarMaker 6.0.3 - Car_Generic #36 (6.0.3)
COMPILED	pt@pluto.ipg 2017-09-27 12:36:15
SIM_START	FS_Competition_Germany_2006_ELD	2017-12-01 15:07:28
TIME	0.001
WARNING		PowerTrain OpenXWD: No selected PowerTrainXWD model; calculation using DVA is possible, but without 'integration substepping'
TIME	0.000
SIMULATE	FS_Competition_Germany_2006_ELD

TIME	72.036
SIM_END		FS_Competition_Germany_2006_ELD	72.035s	775.069m
APPLICATION	CarMaker 6.0.3 - Car_Generic #36 (6.0.3)
COMPILED	pt@pluto.ipg 2017-09-27 12:36:15
SIM_START	FS_Competition_Germany_2006_ELD	2017-12-01 15:09:12
TIME	0.001
WARNING		PowerTrain OpenXWD: No selected PowerTrainXWD model; calculation using DVA is possible, but without 'integration substepping'
TIME	0.000
SIMULATE	FS_Competition_Germany_2006_ELD

TIME	72.036
SIM_END		FS_Competition_Germany_2006_ELD	72.035s	775.069m
APPLICATION	CarMaker 6.0.3 - Car_Generic #36 (6.0.3)
COMPILED	pt@pluto.ipg 2017-09-27 12:36:15
SIM_START	FS_Competition_Germany_2006_ELD	2017-12-01 15:10:13
TIME	0.001
WARNING		PowerTrain OpenXWD: No selected PowerTrainXWD model; calculation using DVA is possible, but without 'integration substepping'
TIME	0.000
SIMULATE	FS_Competition_Germany_2006_ELD

TIME	7.443
SIM_END		FS_Competition_Germany_2006_ELD	7.439s	62.6812m
APPLICATION	CarMaker 6.0.3 - Car_Generic #36 (6.0.3)
COMPILED	pt@pluto.ipg 2017-09-27 12:36:15
SIM_START	FS_Competition_Germany_2006_ELD	2017-12-01 15:13:27
TIME	0.001
WARNING		PowerTrain OpenXWD: No selected PowerTrainXWD model; calculation using DVA is possible, but without 'integration substepping'
TIME	0.000
SIMULATE	FS_Competition_Germany_2006_ELD

TIME	6.594
SIM_END		FS_Competition_Germany_2006_ELD	6.59s	54.3449m
APPLICATION	CarMaker 6.0.3 - Car_Generic #36 (6.0.3)
COMPILED	pt@pluto.ipg 2017-09-27 12:36:15
SIM_START	FS_Competition_Germany_2006_ELD	2017-12-01 15:18:14
TIME	0.001
WARNING		PowerTrain OpenXWD: No selected PowerTrainXWD model; calculation using DVA is possible, but without 'integration substepping'
TIME	0.000
SIMULATE	FS_Competition_Germany_2006_ELD

TIME	8.416
SIM_END		FS_Competition_Germany_2006_ELD	8.412s	71.37m
APPLICATION	CarMaker 6.0.3 - Car_Generic #36 (6.0.3)
COMPILED	pt@pluto.ipg 2017-09-27 12:36:15
SIM_START	FS_Competition_Germany_2006_ELD	2017-12-01 15:28:25
TIME	0.001
WARNING		PowerTrain OpenXWD: No selected PowerTrainXWD model; calculation using DVA is possible, but without 'integration substepping'
TIME	0.000
SIMULATE	FS_Competition_Germany_2006_ELD

TIME	6.935
SIM_END		FS_Competition_Germany_2006_ELD	6.931s	57.7916m
APPLICATION	CarMaker 6.0.3 - Car_Generic #36 (6.0.3)
COMPILED	pt@pluto.ipg 2017-09-27 12:36:15
SIM_START	FS_Competition_Germany_2006_ELD	2017-12-01 15:34:43
TIME	0.001
WARNING		PowerTrain OpenXWD: No selected PowerTrainXWD model; calculation using DVA is possible, but without 'integration substepping'
TIME	0.000
SIMULATE	FS_Competition_Germany_2006_ELD

TIME	5.424
SIM_END		FS_Competition_Germany_2006_ELD	5.42s	41.1214m
APPLICATION	CarMaker 6.0.3 - Car_Generic #36 (6.0.3)
COMPILED	pt@pluto.ipg 2017-09-27 12:36:15
SIM_START	FS_Competition_Germany_2006_ELD	2017-12-01 17:20:46
TIME	0.001
WARNING		PowerTrain OpenXWD: No selected PowerTrainXWD model; calculation using DVA is possible, but without 'integration substepping'
TIME	0.000
SIMULATE	FS_Competition_Germany_2006_ELD

TIME	9.970
SIM_END		FS_Competition_Germany_2006_ELD	9.966s	83.7291m
APPLICATION	CarMaker 6.0.3 - Car_Generic #36 (6.0.3)
COMPILED	pt@pluto.ipg 2017-09-27 12:36:15
SIM_START	FS_Competition_Germany_2006_ELD	2017-12-01 17:22:54
TIME	0.001
WARNING		PowerTrain OpenXWD: No selected PowerTrainXWD model; calculation using DVA is possible, but without 'integration substepping'
TIME	0.000
SIMULATE	FS_Competition_Germany_2006_ELD

TIME	72.036
SIM_END		FS_Competition_Germany_2006_ELD	72.035s	775.069m
APPLICATION	CarMaker 6.0.3 - Car_Generic #36 (6.0.3)
COMPILED	pt@pluto.ipg 2017-09-27 12:36:15
SIM_START	FS_Competition_Germany_2006_ELD	2017-12-01 17:28:19
TIME	0.001
WARNING		PowerTrain OpenXWD: No selected PowerTrainXWD model; calculation using DVA is possible, but without 'integration substepping'
TIME	0.000
SIMULATE	FS_Competition_Germany_2006_ELD

TIME	72.036
SIM_END		FS_Competition_Germany_2006_ELD	72.035s	775.069m
APPLICATION	CarMaker 6.0.3 - Car_Generic #36 (6.0.3)
COMPILED	pt@pluto.ipg 2017-09-27 12:36:15
SIM_START	FS_Competition_Germany_2006_ELD	2017-12-01 17:29:42
TIME	0.001
WARNING		PowerTrain OpenXWD: No selected PowerTrainXWD model; calculation using DVA is possible, but without 'integration substepping'
TIME	0.000
SIMULATE	FS_Competition_Germany_2006_ELD

TIME	5.473
SIM_END		FS_Competition_Germany_2006_ELD	5.469s	41.7239m
APPLICATION	CarMaker 6.0.3 - Car_Generic #36 (6.0.3)
COMPILED	pt@pluto.ipg 2017-09-27 12:36:15
SIM_START	FS_Competition_Germany_2006_ELD	2017-12-01 17:37:34
TIME	0.001
WARNING		PowerTrain OpenXWD: No selected PowerTrainXWD model; calculation using DVA is possible, but without 'integration substepping'
TIME	0.000
SIMULATE	FS_Competition_Germany_2006_ELD

TIME	52.269
SIM_END		FS_Competition_Germany_2006_ELD	52.265s	536.52m
APPLICATION	CarMaker 6.0.3 - Car_Generic #36 (6.0.3)
COMPILED	pt@pluto.ipg 2017-09-27 12:36:15
SIM_START	FS_Competition_Germany_2006_ELD	2017-12-01 17:44:01
TIME	0.001
WARNING		PowerTrain OpenXWD: No selected PowerTrainXWD model; calculation using DVA is possible, but without 'integration substepping'
TIME	0.000
SIMULATE	FS_Competition_Germany_2006_ELD

TIME	31.335
SIM_END		FS_Competition_Germany_2006_ELD	31.331s	332.593m
APPLICATION	CarMaker 6.0.3 - Car_Generic #36 (6.0.3)
COMPILED	pt@pluto.ipg 2017-09-27 12:36:15
SIM_START	FS_Competition_Germany_2006_ELD	2017-12-01 17:46:46
TIME	0.001
WARNING		PowerTrain OpenXWD: No selected PowerTrainXWD model; calculation using DVA is possible, but without 'integration substepping'
TIME	0.000
SIMULATE	FS_Competition_Germany_2006_ELD

TIME	45.024
SIM_END		FS_Competition_Germany_2006_ELD	45.02s	469.245m
APPLICATION	CarMaker 6.0.3 - Car_Generic #36 (6.0.3)
COMPILED	pt@pluto.ipg 2017-09-27 12:36:15
SIM_START	FS_Competition_Germany_2006_ELD	2017-12-01 18:07:47
TIME	0.001
WARNING		PowerTrain OpenXWD: No selected PowerTrainXWD model; calculation using DVA is possible, but without 'integration substepping'
TIME	0.000
SIMULATE	FS_Competition_Germany_2006_ELD

TIME	32.334
SIM_END		FS_Competition_Germany_2006_ELD	32.33s	332.169m
APPLICATION	CarMaker 6.0.3 - Car_Generic #36 (6.0.3)
COMPILED	pt@pluto.ipg 2017-09-27 12:36:15
SIM_START	FS_Competition_Germany_2006_ELD	2017-12-01 18:11:32
TIME	0.001
WARNING		PowerTrain OpenXWD: No selected PowerTrainXWD model; calculation using DVA is possible, but without 'integration substepping'
TIME	0.000
SIMULATE	FS_Competition_Germany_2006_ELD

TIME	34.382
SIM_END		FS_Competition_Germany_2006_ELD	34.378s	370.837m
APPLICATION	CarMaker 6.0.3 - Car_Generic #36 (6.0.3)
COMPILED	pt@pluto.ipg 2017-09-27 12:36:15
SIM_START	FS_Competition_Germany_2006_ELD	2017-12-01 18:13:30
TIME	0.001
WARNING		PowerTrain OpenXWD: No selected PowerTrainXWD model; calculation using DVA is possible, but without 'integration substepping'
TIME	0.000
SIMULATE	FS_Competition_Germany_2006_ELD

TIME	21.896
SIM_END		FS_Competition_Germany_2006_ELD	21.892s	240.406m
APPLICATION	CarMaker 6.0.3 - Car_Generic #36 (6.0.3)
COMPILED	pt@pluto.ipg 2017-09-27 12:36:15
SIM_START	FS_Competition_Germany_2006_ELD	2017-12-01 18:25:47
TIME	0.001
WARNING		PowerTrain OpenXWD: No selected PowerTrainXWD model; calculation using DVA is possible, but without 'integration substepping'
TIME	0.000
SIMULATE	FS_Competition_Germany_2006_ELD

TIME	26.274
SIM_END		FS_Competition_Germany_2006_ELD	26.27s	289.663m
APPLICATION	CarMaker 6.0.3 - Car_Generic #36 (6.0.3)
COMPILED	pt@pluto.ipg 2017-09-27 12:36:15
SIM_START	FS_Competition_Germany_2006_ELD	2017-12-01 18:29:06
TIME	0.001
WARNING		PowerTrain OpenXWD: No selected PowerTrainXWD model; calculation using DVA is possible, but without 'integration substepping'
TIME	0.000
SIMULATE	FS_Competition_Germany_2006_ELD

TIME	21.469
SIM_END		FS_Competition_Germany_2006_ELD	21.465s	234.511m
