APPLICATION	CarMaker 6.0.3 - Car_Generic #36 (6.0.3)
COMPILED	pt@pluto.ipg 2017-09-27 12:36:15
SIM_START	FS_Competition_Germany_2006_ELD_racedriver_maby2	2018-02-05 17:41:07
TIME	0.001
WARNING		PowerTrain OpenXWD: No selected PowerTrainXWD model; calculation using DVA is possible, but without 'integration substepping'
TIME	0.000
SIMULATE	FS_Competition_Germany_2006_ELD_racedriver_maby2

TIME	48.774
SIM_END		FS_Competition_Germany_2006_ELD_racedriver_maby2	48.773s	771.358m
APPLICATION	CarMaker 6.0.3 - Car_Generic #36 (6.0.3)
COMPILED	pt@pluto.ipg 2017-09-27 12:36:15
SIM_START	FS_Competition_Germany_2006_ELD_racedriver_maby2	2018-02-05 17:44:15
TIME	0.001
WARNING		PowerTrain OpenXWD: No selected PowerTrainXWD model; calculation using DVA is possible, but without 'integration substepping'
TIME	0.000
SIMULATE	FS_Competition_Germany_2006_ELD_racedriver_maby2

TIME	48.847
SIM_END		FS_Competition_Germany_2006_ELD_racedriver_maby2	48.846s	772.71m
APPLICATION	CarMaker 6.0.3 - Car_Generic #36 (6.0.3)
COMPILED	pt@pluto.ipg 2017-09-27 12:36:15
SIM_START	FS_Competition_Germany_2006_ELD_racedriver_maby2	2018-02-05 17:46:04
TIME	0.001
WARNING		PowerTrain OpenXWD: No selected PowerTrainXWD model; calculation using DVA is possible, but without 'integration substepping'
TIME	0.000
SIMULATE	FS_Competition_Germany_2006_ELD_racedriver_maby2

TIME	48.774
SIM_END		FS_Competition_Germany_2006_ELD_racedriver_maby2	48.773s	771.358m
APPLICATION	CarMaker 6.0.3 - Car_Generic #36 (6.0.3)
COMPILED	pt@pluto.ipg 2017-09-27 12:36:15
SIM_START	FS_Competition_Germany_2006_ELD_racedriver_maby2	2018-02-05 19:45:51
TIME	0.001
WARNING		PowerTrain OpenXWD: No selected PowerTrainXWD model; calculation using DVA is possible, but without 'integration substepping'
TIME	0.000
SIMULATE	FS_Competition_Germany_2006_ELD_racedriver_maby2

TIME	4.000
ERROR		Vehicle leaves road at about x=46.7628, y=-0.147312 TireNo=0
SIM_ABORT	FS_Competition_Germany_2006_ELD_racedriver_maby2	4.002s	46.1063m
APPLICATION	CarMaker 6.0.3 - Car_Generic #36 (6.0.3)
COMPILED	pt@pluto.ipg 2017-09-27 12:36:15
SIM_START	FS_Competition_Germany_2006_ELD_racedriver_maby2	2018-02-05 19:46:08
TIME	0.001
WARNING		PowerTrain OpenXWD: No selected PowerTrainXWD model; calculation using DVA is possible, but without 'integration substepping'
TIME	0.000
SIMULATE	FS_Competition_Germany_2006_ELD_racedriver_maby2

TIME	49.139
SIM_END		FS_Competition_Germany_2006_ELD_racedriver_maby2	49.138s	772.207m
APPLICATION	CarMaker 6.0.3 - Car_Generic #36 (6.0.3)
COMPILED	pt@pluto.ipg 2017-09-27 12:36:15
SIM_START	FS_Competition_Germany_2006_ELD_racedriver_maby2	2018-02-05 19:47:03
TIME	0.001
WARNING		PowerTrain OpenXWD: No selected PowerTrainXWD model; calculation using DVA is possible, but without 'integration substepping'
TIME	0.000
SIMULATE	FS_Competition_Germany_2006_ELD_racedriver_maby2

TIME	3.781
ERROR		Vehicle leaves road at about x=45.1587, y=1.27938 TireNo=0
SIM_ABORT	FS_Competition_Germany_2006_ELD_racedriver_maby2	3.783s	44.2471m
APPLICATION	CarMaker 6.0.3 - Car_Generic #36 (6.0.3)
COMPILED	pt@pluto.ipg 2017-09-27 12:36:15
SIM_START	FS_Competition_Germany_2006_ELD_racedriver_maby2	2018-02-05 19:47:19
TIME	0.001
WARNING		PowerTrain OpenXWD: No selected PowerTrainXWD model; calculation using DVA is possible, but without 'integration substepping'
TIME	0.000
SIMULATE	FS_Competition_Germany_2006_ELD_racedriver_maby2

TIME	49.101
SIM_END		FS_Competition_Germany_2006_ELD_racedriver_maby2	49.1s	772.4m
APPLICATION	CarMaker 6.0.3 - Car_Generic #36 (6.0.3)
COMPILED	pt@pluto.ipg 2017-09-27 12:36:15
SIM_START	FS_Competition_Germany_2006_ELD_racedriver_maby2	2018-02-05 19:48:17
TIME	0.001
WARNING		PowerTrain OpenXWD: No selected PowerTrainXWD model; calculation using DVA is possible, but without 'integration substepping'
TIME	0.000
SIMULATE	FS_Competition_Germany_2006_ELD_racedriver_maby2

TIME	49.062
SIM_END		FS_Competition_Germany_2006_ELD_racedriver_maby2	49.061s	771.494m
APPLICATION	CarMaker 6.0.3 - Car_Generic #36 (6.0.3)
COMPILED	pt@pluto.ipg 2017-09-27 12:36:15
SIM_START	FS_Competition_Germany_2006_ELD_racedriver_maby2	2018-02-05 19:49:15
TIME	0.001
WARNING		PowerTrain OpenXWD: No selected PowerTrainXWD model; calculation using DVA is possible, but without 'integration substepping'
TIME	0.000
SIMULATE	FS_Competition_Germany_2006_ELD_racedriver_maby2

TIME	49.078
SIM_END		FS_Competition_Germany_2006_ELD_racedriver_maby2	49.077s	771.99m
APPLICATION	CarMaker 6.0.3 - Car_Generic #36 (6.0.3)
COMPILED	pt@pluto.ipg 2017-09-27 12:36:15
SIM_START	FS_Competition_Germany_2006_ELD_racedriver_maby2	2018-02-05 19:50:13
TIME	0.001
WARNING		PowerTrain OpenXWD: No selected PowerTrainXWD model; calculation using DVA is possible, but without 'integration substepping'
TIME	0.000
SIMULATE	FS_Competition_Germany_2006_ELD_racedriver_maby2

TIME	4.118
ERROR		Vehicle leaves road at about x=48.5275, y=-1.84916 TireNo=0
SIM_ABORT	FS_Competition_Germany_2006_ELD_racedriver_maby2	4.12s	48.2046m
APPLICATION	CarMaker 6.0.3 - Car_Generic #36 (6.0.3)
COMPILED	pt@pluto.ipg 2017-09-27 12:36:15
SIM_START	FS_Competition_Germany_2006_ELD_racedriver_maby2	2018-02-05 19:50:29
TIME	0.001
WARNING		PowerTrain OpenXWD: No selected PowerTrainXWD model; calculation using DVA is possible, but without 'integration substepping'
TIME	0.000
SIMULATE	FS_Competition_Germany_2006_ELD_racedriver_maby2

TIME	48.977
SIM_END		FS_Competition_Germany_2006_ELD_racedriver_maby2	48.976s	771.384m
APPLICATION	CarMaker 6.0.3 - Car_Generic #36 (6.0.3)
COMPILED	pt@pluto.ipg 2017-09-27 12:36:15
SIM_START	FS_Competition_Germany_2006_ELD_racedriver_maby2	2018-02-05 19:51:25
TIME	0.001
WARNING		PowerTrain OpenXWD: No selected PowerTrainXWD model; calculation using DVA is possible, but without 'integration substepping'
TIME	0.000
SIMULATE	FS_Competition_Germany_2006_ELD_racedriver_maby2

TIME	49.109
SIM_END		FS_Competition_Germany_2006_ELD_racedriver_maby2	49.108s	771.693m
APPLICATION	CarMaker 6.0.3 - Car_Generic #36 (6.0.3)
COMPILED	pt@pluto.ipg 2017-09-27 12:36:15
SIM_START	FS_Competition_Germany_2006_ELD_racedriver_maby2	2018-02-05 19:52:20
TIME	0.001
WARNING		PowerTrain OpenXWD: No selected PowerTrainXWD model; calculation using DVA is possible, but without 'integration substepping'
TIME	0.000
SIMULATE	FS_Competition_Germany_2006_ELD_racedriver_maby2

TIME	49.324
SIM_END		FS_Competition_Germany_2006_ELD_racedriver_maby2	49.323s	772.339m
APPLICATION	CarMaker 6.0.3 - Car_Generic #36 (6.0.3)
COMPILED	pt@pluto.ipg 2017-09-27 12:36:15
SIM_START	FS_Competition_Germany_2006_ELD_racedriver_maby2	2018-02-05 19:53:20
TIME	0.001
WARNING		PowerTrain OpenXWD: No selected PowerTrainXWD model; calculation using DVA is possible, but without 'integration substepping'
TIME	0.000
SIMULATE	FS_Competition_Germany_2006_ELD_racedriver_maby2

TIME	4.081
ERROR		Vehicle leaves road at about x=46.8665, y=-0.250007 TireNo=0
SIM_ABORT	FS_Competition_Germany_2006_ELD_racedriver_maby2	4.083s	46.3028m
APPLICATION	CarMaker 6.0.3 - Car_Generic #36 (6.0.3)
COMPILED	pt@pluto.ipg 2017-09-27 12:36:15
SIM_START	FS_Competition_Germany_2006_ELD_racedriver_maby2	2018-02-05 19:53:36
TIME	0.001
WARNING		PowerTrain OpenXWD: No selected PowerTrainXWD model; calculation using DVA is possible, but without 'integration substepping'
TIME	0.000
SIMULATE	FS_Competition_Germany_2006_ELD_racedriver_maby2

TIME	48.907
SIM_END		FS_Competition_Germany_2006_ELD_racedriver_maby2	48.906s	771.696m
APPLICATION	CarMaker 6.0.3 - Car_Generic #36 (6.0.3)
COMPILED	pt@pluto.ipg 2017-09-27 12:36:15
SIM_START	FS_Competition_Germany_2006_ELD_racedriver_maby2	2018-02-05 19:54:32
TIME	0.001
WARNING		PowerTrain OpenXWD: No selected PowerTrainXWD model; calculation using DVA is possible, but without 'integration substepping'
TIME	0.000
SIMULATE	FS_Competition_Germany_2006_ELD_racedriver_maby2

TIME	48.989
SIM_END		FS_Competition_Germany_2006_ELD_racedriver_maby2	48.988s	772.453m
APPLICATION	CarMaker 6.0.3 - Car_Generic #36 (6.0.3)
COMPILED	pt@pluto.ipg 2017-09-27 12:36:15
SIM_START	FS_Competition_Germany_2006_ELD_racedriver_maby2	2018-02-05 19:55:28
TIME	0.001
WARNING		PowerTrain OpenXWD: No selected PowerTrainXWD model; calculation using DVA is possible, but without 'integration substepping'
TIME	0.000
SIMULATE	FS_Competition_Germany_2006_ELD_racedriver_maby2

TIME	49.112
SIM_END		FS_Competition_Germany_2006_ELD_racedriver_maby2	49.111s	772.334m
APPLICATION	CarMaker 6.0.3 - Car_Generic #36 (6.0.3)
COMPILED	pt@pluto.ipg 2017-09-27 12:36:15
SIM_START	FS_Competition_Germany_2006_ELD_racedriver_maby2	2018-02-05 19:56:25
TIME	0.001
WARNING		PowerTrain OpenXWD: No selected PowerTrainXWD model; calculation using DVA is possible, but without 'integration substepping'
TIME	0.000
SIMULATE	FS_Competition_Germany_2006_ELD_racedriver_maby2

TIME	48.954
SIM_END		FS_Competition_Germany_2006_ELD_racedriver_maby2	48.953s	772.342m
APPLICATION	CarMaker 6.0.3 - Car_Generic #36 (6.0.3)
COMPILED	pt@pluto.ipg 2017-09-27 12:36:15
SIM_START	FS_Competition_Germany_2006_ELD_racedriver_maby2	2018-02-05 19:57:21
TIME	0.001
WARNING		PowerTrain OpenXWD: No selected PowerTrainXWD model; calculation using DVA is possible, but without 'integration substepping'
TIME	0.000
SIMULATE	FS_Competition_Germany_2006_ELD_racedriver_maby2

TIME	48.853
SIM_END		FS_Competition_Germany_2006_ELD_racedriver_maby2	48.852s	772.729m
APPLICATION	CarMaker 6.0.3 - Car_Generic #36 (6.0.3)
COMPILED	pt@pluto.ipg 2017-09-27 12:36:15
SIM_START	FS_Competition_Germany_2006_ELD_racedriver_maby2	2018-02-05 19:58:18
TIME	0.001
WARNING		PowerTrain OpenXWD: No selected PowerTrainXWD model; calculation using DVA is possible, but without 'integration substepping'
TIME	0.000
SIMULATE	FS_Competition_Germany_2006_ELD_racedriver_maby2

TIME	3.688
ERROR		Vehicle leaves road at about x=46.0641, y=0.506055 TireNo=0
SIM_ABORT	FS_Competition_Germany_2006_ELD_racedriver_maby2	3.69s	45.294m
APPLICATION	CarMaker 6.0.3 - Car_Generic #36 (6.0.3)
COMPILED	pt@pluto.ipg 2017-09-27 12:36:15
SIM_START	FS_Competition_Germany_2006_ELD_racedriver_maby2	2018-02-05 19:58:35
TIME	0.001
WARNING		PowerTrain OpenXWD: No selected PowerTrainXWD model; calculation using DVA is possible, but without 'integration substepping'
TIME	0.000
SIMULATE	FS_Competition_Germany_2006_ELD_racedriver_maby2

TIME	48.998
SIM_END		FS_Competition_Germany_2006_ELD_racedriver_maby2	48.997s	771.929m
APPLICATION	CarMaker 6.0.3 - Car_Generic #36 (6.0.3)
COMPILED	pt@pluto.ipg 2017-09-27 12:36:15
SIM_START	FS_Competition_Germany_2006_ELD_racedriver_maby2	2018-02-05 19:59:35
TIME	0.001
WARNING		PowerTrain OpenXWD: No selected PowerTrainXWD model; calculation using DVA is possible, but without 'integration substepping'
TIME	0.000
SIMULATE	FS_Competition_Germany_2006_ELD_racedriver_maby2

TIME	49.030
SIM_END		FS_Competition_Germany_2006_ELD_racedriver_maby2	49.029s	772.194m
APPLICATION	CarMaker 6.0.3 - Car_Generic #36 (6.0.3)
COMPILED	pt@pluto.ipg 2017-09-27 12:36:15
SIM_START	FS_Competition_Germany_2006_ELD_racedriver_maby2	2018-02-05 20:00:33
TIME	0.001
WARNING		PowerTrain OpenXWD: No selected PowerTrainXWD model; calculation using DVA is possible, but without 'integration substepping'
TIME	0.000
SIMULATE	FS_Competition_Germany_2006_ELD_racedriver_maby2

TIME	3.973
ERROR		Vehicle leaves road at about x=47.1382, y=-0.520158 TireNo=0
SIM_ABORT	FS_Competition_Germany_2006_ELD_racedriver_maby2	3.975s	46.6946m
APPLICATION	CarMaker 6.0.3 - Car_Generic #36 (6.0.3)
COMPILED	pt@pluto.ipg 2017-09-27 12:36:15
SIM_START	FS_Competition_Germany_2006_ELD_racedriver_maby2	2018-02-05 20:00:50
TIME	0.001
WARNING		PowerTrain OpenXWD: No selected PowerTrainXWD model; calculation using DVA is possible, but without 'integration substepping'
TIME	0.000
SIMULATE	FS_Competition_Germany_2006_ELD_racedriver_maby2

TIME	48.954
SIM_END		FS_Competition_Germany_2006_ELD_racedriver_maby2	48.953s	772.134m
APPLICATION	CarMaker 6.0.3 - Car_Generic #36 (6.0.3)
COMPILED	pt@pluto.ipg 2017-09-27 12:36:15
SIM_START	FS_Competition_Germany_2006_ELD_racedriver_maby2	2018-02-05 20:01:48
TIME	0.001
WARNING		PowerTrain OpenXWD: No selected PowerTrainXWD model; calculation using DVA is possible, but without 'integration substepping'
TIME	0.000
SIMULATE	FS_Competition_Germany_2006_ELD_racedriver_maby2

TIME	49.000
SIM_END		FS_Competition_Germany_2006_ELD_racedriver_maby2	48.999s	772.369m
APPLICATION	CarMaker 6.0.3 - Car_Generic #36 (6.0.3)
COMPILED	pt@pluto.ipg 2017-09-27 12:36:15
SIM_START	FS_Competition_Germany_2006_ELD_racedriver_maby2	2018-02-05 20:02:46
TIME	0.001
WARNING		PowerTrain OpenXWD: No selected PowerTrainXWD model; calculation using DVA is possible, but without 'integration substepping'
TIME	0.000
SIMULATE	FS_Competition_Germany_2006_ELD_racedriver_maby2

TIME	48.847
SIM_END		FS_Competition_Germany_2006_ELD_racedriver_maby2	48.846s	772.738m
APPLICATION	CarMaker 6.0.3 - Car_Generic #36 (6.0.3)
COMPILED	pt@pluto.ipg 2017-09-27 12:36:15
SIM_START	FS_Competition_Germany_2006_ELD_racedriver_maby2	2018-02-05 20:03:44
TIME	0.001
WARNING		PowerTrain OpenXWD: No selected PowerTrainXWD model; calculation using DVA is possible, but without 'integration substepping'
TIME	0.000
SIMULATE	FS_Competition_Germany_2006_ELD_racedriver_maby2

TIME	49.012
SIM_END		FS_Competition_Germany_2006_ELD_racedriver_maby2	49.011s	771.982m
APPLICATION	CarMaker 6.0.3 - Car_Generic #36 (6.0.3)
COMPILED	pt@pluto.ipg 2017-09-27 12:36:15
SIM_START	FS_Competition_Germany_2006_ELD_racedriver_maby2	2018-02-05 20:04:42
TIME	0.001
WARNING		PowerTrain OpenXWD: No selected PowerTrainXWD model; calculation using DVA is possible, but without 'integration substepping'
TIME	0.000
SIMULATE	FS_Competition_Germany_2006_ELD_racedriver_maby2

TIME	49.009
SIM_END		FS_Competition_Germany_2006_ELD_racedriver_maby2	49.008s	772.038m
APPLICATION	CarMaker 6.0.3 - Car_Generic #36 (6.0.3)
COMPILED	pt@pluto.ipg 2017-09-27 12:36:15
SIM_START	FS_Competition_Germany_2006_ELD_racedriver_maby2	2018-02-05 20:05:40
TIME	0.001
WARNING		PowerTrain OpenXWD: No selected PowerTrainXWD model; calculation using DVA is possible, but without 'integration substepping'
TIME	0.000
SIMULATE	FS_Competition_Germany_2006_ELD_racedriver_maby2

TIME	49.015
SIM_END		FS_Competition_Germany_2006_ELD_racedriver_maby2	49.014s	772.107m
APPLICATION	CarMaker 6.0.3 - Car_Generic #36 (6.0.3)
COMPILED	pt@pluto.ipg 2017-09-27 12:36:15
SIM_START	FS_Competition_Germany_2006_ELD_racedriver_maby2	2018-02-05 20:06:39
TIME	0.001
WARNING		PowerTrain OpenXWD: No selected PowerTrainXWD model; calculation using DVA is possible, but without 'integration substepping'
TIME	0.000
SIMULATE	FS_Competition_Germany_2006_ELD_racedriver_maby2

TIME	48.949
SIM_END		FS_Competition_Germany_2006_ELD_racedriver_maby2	48.948s	772.279m
APPLICATION	CarMaker 6.0.3 - Car_Generic #36 (6.0.3)
COMPILED	pt@pluto.ipg 2017-09-27 12:36:15
SIM_START	FS_Competition_Germany_2006_ELD_racedriver_maby2	2018-02-05 20:07:37
TIME	0.001
WARNING		PowerTrain OpenXWD: No selected PowerTrainXWD model; calculation using DVA is possible, but without 'integration substepping'
TIME	0.000
SIMULATE	FS_Competition_Germany_2006_ELD_racedriver_maby2

TIME	3.832
ERROR		Vehicle leaves road at about x=48.7991, y=-2.09271 TireNo=0
SIM_ABORT	FS_Competition_Germany_2006_ELD_racedriver_maby2	3.834s	48.8126m
APPLICATION	CarMaker 6.0.3 - Car_Generic #36 (6.0.3)
COMPILED	pt@pluto.ipg 2017-09-27 12:36:15
SIM_START	FS_Competition_Germany_2006_ELD_racedriver_maby2	2018-02-05 20:07:54
TIME	0.001
WARNING		PowerTrain OpenXWD: No selected PowerTrainXWD model; calculation using DVA is possible, but without 'integration substepping'
TIME	0.000
SIMULATE	FS_Competition_Germany_2006_ELD_racedriver_maby2

TIME	48.969
SIM_END		FS_Competition_Germany_2006_ELD_racedriver_maby2	48.968s	772.026m
APPLICATION	CarMaker 6.0.3 - Car_Generic #36 (6.0.3)
COMPILED	pt@pluto.ipg 2017-09-27 12:36:15
SIM_START	FS_Competition_Germany_2006_ELD_racedriver_maby2	2018-02-05 20:08:53
TIME	0.001
WARNING		PowerTrain OpenXWD: No selected PowerTrainXWD model; calculation using DVA is possible, but without 'integration substepping'
TIME	0.000
SIMULATE	FS_Competition_Germany_2006_ELD_racedriver_maby2

TIME	48.839
SIM_END		FS_Competition_Germany_2006_ELD_racedriver_maby2	48.838s	772.547m
APPLICATION	CarMaker 6.0.3 - Car_Generic #36 (6.0.3)
COMPILED	pt@pluto.ipg 2017-09-27 12:36:15
SIM_START	FS_Competition_Germany_2006_ELD_racedriver_maby2	2018-02-05 20:09:52
TIME	0.001
WARNING		PowerTrain OpenXWD: No selected PowerTrainXWD model; calculation using DVA is possible, but without 'integration substepping'
TIME	0.000
SIMULATE	FS_Competition_Germany_2006_ELD_racedriver_maby2

TIME	49.010
SIM_END		FS_Competition_Germany_2006_ELD_racedriver_maby2	49.009s	772.368m
APPLICATION	CarMaker 6.0.3 - Car_Generic #36 (6.0.3)
COMPILED	pt@pluto.ipg 2017-09-27 12:36:15
SIM_START	FS_Competition_Germany_2006_ELD_racedriver_maby2	2018-02-05 20:10:51
TIME	0.001
WARNING		PowerTrain OpenXWD: No selected PowerTrainXWD model; calculation using DVA is possible, but without 'integration substepping'
TIME	0.000
SIMULATE	FS_Competition_Germany_2006_ELD_racedriver_maby2

TIME	48.924
SIM_END		FS_Competition_Germany_2006_ELD_racedriver_maby2	48.923s	771.909m
APPLICATION	CarMaker 6.0.3 - Car_Generic #36 (6.0.3)
COMPILED	pt@pluto.ipg 2017-09-27 12:36:15
SIM_START	FS_Competition_Germany_2006_ELD_racedriver_maby2	2018-02-05 20:11:50
TIME	0.001
WARNING		PowerTrain OpenXWD: No selected PowerTrainXWD model; calculation using DVA is possible, but without 'integration substepping'
TIME	0.000
SIMULATE	FS_Competition_Germany_2006_ELD_racedriver_maby2

TIME	48.994
SIM_END		FS_Competition_Germany_2006_ELD_racedriver_maby2	48.993s	772.196m
APPLICATION	CarMaker 6.0.3 - Car_Generic #36 (6.0.3)
COMPILED	pt@pluto.ipg 2017-09-27 12:36:15
SIM_START	FS_Competition_Germany_2006_ELD_racedriver_maby2	2018-02-05 20:12:48
TIME	0.001
WARNING		PowerTrain OpenXWD: No selected PowerTrainXWD model; calculation using DVA is possible, but without 'integration substepping'
TIME	0.000
SIMULATE	FS_Competition_Germany_2006_ELD_racedriver_maby2

TIME	3.616
ERROR		Vehicle leaves road at about x=44.773, y=1.5873 TireNo=0
SIM_ABORT	FS_Competition_Germany_2006_ELD_racedriver_maby2	3.618s	43.7952m
APPLICATION	CarMaker 6.0.3 - Car_Generic #36 (6.0.3)
COMPILED	pt@pluto.ipg 2017-09-27 12:36:15
SIM_START	FS_Competition_Germany_2006_ELD_racedriver_maby2	2018-02-05 20:13:06
TIME	0.001
WARNING		PowerTrain OpenXWD: No selected PowerTrainXWD model; calculation using DVA is possible, but without 'integration substepping'
TIME	0.000
SIMULATE	FS_Competition_Germany_2006_ELD_racedriver_maby2

TIME	48.829
SIM_END		FS_Competition_Germany_2006_ELD_racedriver_maby2	48.828s	772.707m
APPLICATION	CarMaker 6.0.3 - Car_Generic #36 (6.0.3)
COMPILED	pt@pluto.ipg 2017-09-27 12:36:15
SIM_START	FS_Competition_Germany_2006_ELD_racedriver_maby2	2018-02-05 20:14:06
TIME	0.001
WARNING		PowerTrain OpenXWD: No selected PowerTrainXWD model; calculation using DVA is possible, but without 'integration substepping'
TIME	0.000
SIMULATE	FS_Competition_Germany_2006_ELD_racedriver_maby2

TIME	48.821
SIM_END		FS_Competition_Germany_2006_ELD_racedriver_maby2	48.82s	772.375m
APPLICATION	CarMaker 6.0.3 - Car_Generic #36 (6.0.3)
COMPILED	pt@pluto.ipg 2017-09-27 12:36:15
SIM_START	FS_Competition_Germany_2006_ELD_racedriver_maby2	2018-02-05 20:15:05
TIME	0.001
WARNING		PowerTrain OpenXWD: No selected PowerTrainXWD model; calculation using DVA is possible, but without 'integration substepping'
TIME	0.000
SIMULATE	FS_Competition_Germany_2006_ELD_racedriver_maby2

TIME	3.742
ERROR		Vehicle leaves road at about x=46.6086, y=0.00109002 TireNo=0
SIM_ABORT	FS_Competition_Germany_2006_ELD_racedriver_maby2	3.744s	45.9346m
APPLICATION	CarMaker 6.0.3 - Car_Generic #36 (6.0.3)
COMPILED	pt@pluto.ipg 2017-09-27 12:36:15
SIM_START	FS_Competition_Germany_2006_ELD_racedriver_maby2	2018-02-05 20:15:23
TIME	0.001
WARNING		PowerTrain OpenXWD: No selected PowerTrainXWD model; calculation using DVA is possible, but without 'integration substepping'
TIME	0.000
SIMULATE	FS_Competition_Germany_2006_ELD_racedriver_maby2

TIME	48.972
SIM_END		FS_Competition_Germany_2006_ELD_racedriver_maby2	48.971s	772.048m
APPLICATION	CarMaker 6.0.3 - Car_Generic #36 (6.0.3)
COMPILED	pt@pluto.ipg 2017-09-27 12:36:15
SIM_START	FS_Competition_Germany_2006_ELD_racedriver_maby2	2018-02-05 20:16:23
TIME	0.001
WARNING		PowerTrain OpenXWD: No selected PowerTrainXWD model; calculation using DVA is possible, but without 'integration substepping'
TIME	0.000
SIMULATE	FS_Competition_Germany_2006_ELD_racedriver_maby2

TIME	48.988
SIM_END		FS_Competition_Germany_2006_ELD_racedriver_maby2	48.987s	772.053m
APPLICATION	CarMaker 6.0.3 - Car_Generic #36 (6.0.3)
COMPILED	pt@pluto.ipg 2017-09-27 12:36:15
SIM_START	FS_Competition_Germany_2006_ELD_racedriver_maby2	2018-02-05 20:17:23
TIME	0.001
WARNING		PowerTrain OpenXWD: No selected PowerTrainXWD model; calculation using DVA is possible, but without 'integration substepping'
TIME	0.000
SIMULATE	FS_Competition_Germany_2006_ELD_racedriver_maby2

TIME	48.805
SIM_END		FS_Competition_Germany_2006_ELD_racedriver_maby2	48.804s	772.552m
APPLICATION	CarMaker 6.0.3 - Car_Generic #36 (6.0.3)
COMPILED	pt@pluto.ipg 2017-09-27 12:36:15
SIM_START	FS_Competition_Germany_2006_ELD_racedriver_maby2	2018-02-05 20:18:23
TIME	0.001
WARNING		PowerTrain OpenXWD: No selected PowerTrainXWD model; calculation using DVA is possible, but without 'integration substepping'
TIME	0.000
SIMULATE	FS_Competition_Germany_2006_ELD_racedriver_maby2

TIME	48.847
SIM_END		FS_Competition_Germany_2006_ELD_racedriver_maby2	48.846s	772.724m
APPLICATION	CarMaker 6.0.3 - Car_Generic #36 (6.0.3)
COMPILED	pt@pluto.ipg 2017-09-27 12:36:15
SIM_START	FS_Competition_Germany_2006_ELD_racedriver_maby2	2018-02-05 20:19:23
TIME	0.001
WARNING		PowerTrain OpenXWD: No selected PowerTrainXWD model; calculation using DVA is possible, but without 'integration substepping'
TIME	0.000
SIMULATE	FS_Competition_Germany_2006_ELD_racedriver_maby2

TIME	3.542
ERROR		Vehicle leaves road at about x=43.9193, y=2.22173 TireNo=0
SIM_ABORT	FS_Competition_Germany_2006_ELD_racedriver_maby2	3.544s	42.8696m
APPLICATION	CarMaker 6.0.3 - Car_Generic #36 (6.0.3)
COMPILED	pt@pluto.ipg 2017-09-27 12:36:15
SIM_START	FS_Competition_Germany_2006_ELD_racedriver_maby2	2018-02-05 20:19:42
TIME	0.001
WARNING		PowerTrain OpenXWD: No selected PowerTrainXWD model; calculation using DVA is possible, but without 'integration substepping'
TIME	0.000
SIMULATE	FS_Competition_Germany_2006_ELD_racedriver_maby2

TIME	48.926
SIM_END		FS_Competition_Germany_2006_ELD_racedriver_maby2	48.925s	772.345m
APPLICATION	CarMaker 6.0.3 - Car_Generic #36 (6.0.3)
COMPILED	pt@pluto.ipg 2017-09-27 12:36:15
SIM_START	FS_Competition_Germany_2006_ELD_racedriver_maby2	2018-02-05 20:20:42
TIME	0.001
WARNING		PowerTrain OpenXWD: No selected PowerTrainXWD model; calculation using DVA is possible, but without 'integration substepping'
TIME	0.000
SIMULATE	FS_Competition_Germany_2006_ELD_racedriver_maby2

TIME	48.940
SIM_END		FS_Competition_Germany_2006_ELD_racedriver_maby2	48.939s	772.05m
APPLICATION	CarMaker 6.0.3 - Car_Generic #36 (6.0.3)
COMPILED	pt@pluto.ipg 2017-09-27 12:36:15
SIM_START	FS_Competition_Germany_2006_ELD_racedriver_maby2	2018-02-05 20:21:43
TIME	0.001
WARNING		PowerTrain OpenXWD: No selected PowerTrainXWD model; calculation using DVA is possible, but without 'integration substepping'
TIME	0.000
SIMULATE	FS_Competition_Germany_2006_ELD_racedriver_maby2

TIME	48.846
SIM_END		FS_Competition_Germany_2006_ELD_racedriver_maby2	48.845s	772.592m
APPLICATION	CarMaker 6.0.3 - Car_Generic #36 (6.0.3)
COMPILED	pt@pluto.ipg 2017-09-27 12:36:15
SIM_START	FS_Competition_Germany_2006_ELD_racedriver_maby2	2018-02-05 20:22:44
TIME	0.001
WARNING		PowerTrain OpenXWD: No selected PowerTrainXWD model; calculation using DVA is possible, but without 'integration substepping'
TIME	0.000
SIMULATE	FS_Competition_Germany_2006_ELD_racedriver_maby2

TIME	48.873
SIM_END		FS_Competition_Germany_2006_ELD_racedriver_maby2	48.872s	772.522m
APPLICATION	CarMaker 6.0.3 - Car_Generic #36 (6.0.3)
COMPILED	pt@pluto.ipg 2017-09-27 12:36:15
SIM_START	FS_Competition_Germany_2006_ELD_racedriver_maby2	2018-02-05 20:23:45
TIME	0.001
WARNING		PowerTrain OpenXWD: No selected PowerTrainXWD model; calculation using DVA is possible, but without 'integration substepping'
TIME	0.000
SIMULATE	FS_Competition_Germany_2006_ELD_racedriver_maby2

TIME	48.863
SIM_END		FS_Competition_Germany_2006_ELD_racedriver_maby2	48.862s	772.519m
APPLICATION	CarMaker 6.0.3 - Car_Generic #36 (6.0.3)
COMPILED	pt@pluto.ipg 2017-09-27 12:36:15
SIM_START	FS_Competition_Germany_2006_ELD_racedriver_maby2	2018-02-05 20:24:46
TIME	0.001
WARNING		PowerTrain OpenXWD: No selected PowerTrainXWD model; calculation using DVA is possible, but without 'integration substepping'
TIME	0.000
SIMULATE	FS_Competition_Germany_2006_ELD_racedriver_maby2

TIME	3.608
ERROR		Vehicle leaves road at about x=44.2847, y=1.95656 TireNo=0
SIM_ABORT	FS_Competition_Germany_2006_ELD_racedriver_maby2	3.61s	43.2448m
APPLICATION	CarMaker 6.0.3 - Car_Generic #36 (6.0.3)
COMPILED	pt@pluto.ipg 2017-09-27 12:36:15
SIM_START	FS_Competition_Germany_2006_ELD_racedriver_maby2	2018-02-05 20:25:04
TIME	0.001
WARNING		PowerTrain OpenXWD: No selected PowerTrainXWD model; calculation using DVA is possible, but without 'integration substepping'
TIME	0.000
SIMULATE	FS_Competition_Germany_2006_ELD_racedriver_maby2

TIME	3.497
ERROR		Vehicle leaves road at about x=42.8653, y=2.93243 TireNo=0
SIM_ABORT	FS_Competition_Germany_2006_ELD_racedriver_maby2	3.499s	41.7454m
APPLICATION	CarMaker 6.0.3 - Car_Generic #36 (6.0.3)
COMPILED	pt@pluto.ipg 2017-09-27 12:36:15
SIM_START	FS_Competition_Germany_2006_ELD_racedriver_maby2	2018-02-05 20:25:23
TIME	0.001
WARNING		PowerTrain OpenXWD: No selected PowerTrainXWD model; calculation using DVA is possible, but without 'integration substepping'
TIME	0.000
SIMULATE	FS_Competition_Germany_2006_ELD_racedriver_maby2

TIME	48.802
SIM_END		FS_Competition_Germany_2006_ELD_racedriver_maby2	48.801s	771.363m
APPLICATION	CarMaker 6.0.3 - Car_Generic #36 (6.0.3)
COMPILED	pt@pluto.ipg 2017-09-27 12:36:15
SIM_START	FS_Competition_Germany_2006_ELD_racedriver_maby2	2018-02-05 20:26:25
TIME	0.001
WARNING		PowerTrain OpenXWD: No selected PowerTrainXWD model; calculation using DVA is possible, but without 'integration substepping'
TIME	0.000
SIMULATE	FS_Competition_Germany_2006_ELD_racedriver_maby2

TIME	48.847
SIM_END		FS_Competition_Germany_2006_ELD_racedriver_maby2	48.846s	772.71m
APPLICATION	CarMaker 6.0.3 - Car_Generic #36 (6.0.3)
COMPILED	pt@pluto.ipg 2017-09-27 12:36:15
SIM_START	FS_Competition_Germany_2006_ELD_racedriver_maby2	2018-02-05 20:27:28
TIME	0.001
WARNING		PowerTrain OpenXWD: No selected PowerTrainXWD model; calculation using DVA is possible, but without 'integration substepping'
TIME	0.000
SIMULATE	FS_Competition_Germany_2006_ELD_racedriver_maby2

TIME	48.774
SIM_END		FS_Competition_Germany_2006_ELD_racedriver_maby2	48.773s	771.358m
APPLICATION	CarMaker 6.0.3 - Car_Generic #36 (6.0.3)
COMPILED	pt@pluto.ipg 2017-09-27 12:36:15
SIM_START	FS_Competition_Germany_2006_ELD_racedriver_maby2	2018-02-05 20:28:30
TIME	0.001
WARNING		PowerTrain OpenXWD: No selected PowerTrainXWD model; calculation using DVA is possible, but without 'integration substepping'
TIME	0.000
SIMULATE	FS_Competition_Germany_2006_ELD_racedriver_maby2

TIME	48.837
SIM_END		FS_Competition_Germany_2006_ELD_racedriver_maby2	48.836s	772.645m
APPLICATION	CarMaker 6.0.3 - Car_Generic #36 (6.0.3)
COMPILED	pt@pluto.ipg 2017-09-27 12:36:15
SIM_START	FS_Competition_Germany_2006_ELD_racedriver_maby2	2018-02-05 20:29:32
TIME	0.001
WARNING		PowerTrain OpenXWD: No selected PowerTrainXWD model; calculation using DVA is possible, but without 'integration substepping'
TIME	0.000
SIMULATE	FS_Competition_Germany_2006_ELD_racedriver_maby2

TIME	48.871
SIM_END		FS_Competition_Germany_2006_ELD_racedriver_maby2	48.87s	772.907m
APPLICATION	CarMaker 6.0.3 - Car_Generic #36 (6.0.3)
COMPILED	pt@pluto.ipg 2017-09-27 12:36:15
SIM_START	FS_Competition_Germany_2006_ELD_racedriver_maby2	2018-02-05 20:30:33
TIME	0.001
WARNING		PowerTrain OpenXWD: No selected PowerTrainXWD model; calculation using DVA is possible, but without 'integration substepping'
TIME	0.000
SIMULATE	FS_Competition_Germany_2006_ELD_racedriver_maby2

TIME	3.716
ERROR		Vehicle leaves road at about x=47.3105, y=-0.690873 TireNo=0
SIM_ABORT	FS_Competition_Germany_2006_ELD_racedriver_maby2	3.718s	46.8589m
APPLICATION	CarMaker 6.0.3 - Car_Generic #36 (6.0.3)
COMPILED	pt@pluto.ipg 2017-09-27 12:36:15
SIM_START	FS_Competition_Germany_2006_ELD_racedriver_maby2	2018-02-05 20:30:53
TIME	0.001
WARNING		PowerTrain OpenXWD: No selected PowerTrainXWD model; calculation using DVA is possible, but without 'integration substepping'
TIME	0.000
SIMULATE	FS_Competition_Germany_2006_ELD_racedriver_maby2

TIME	48.819
SIM_END		FS_Competition_Germany_2006_ELD_racedriver_maby2	48.818s	772.478m
APPLICATION	CarMaker 6.0.3 - Car_Generic #36 (6.0.3)
COMPILED	pt@pluto.ipg 2017-09-27 12:36:15
SIM_START	FS_Competition_Germany_2006_ELD_racedriver_maby2	2018-02-05 20:31:55
TIME	0.001
WARNING		PowerTrain OpenXWD: No selected PowerTrainXWD model; calculation using DVA is possible, but without 'integration substepping'
TIME	0.000
SIMULATE	FS_Competition_Germany_2006_ELD_racedriver_maby2

TIME	48.877
SIM_END		FS_Competition_Germany_2006_ELD_racedriver_maby2	48.876s	772.026m
APPLICATION	CarMaker 6.0.3 - Car_Generic #36 (6.0.3)
COMPILED	pt@pluto.ipg 2017-09-27 12:36:15
SIM_START	FS_Competition_Germany_2006_ELD_racedriver_maby2	2018-02-05 20:32:57
TIME	0.001
WARNING		PowerTrain OpenXWD: No selected PowerTrainXWD model; calculation using DVA is possible, but without 'integration substepping'
TIME	0.000
SIMULATE	FS_Competition_Germany_2006_ELD_racedriver_maby2

TIME	3.598
ERROR		Vehicle leaves road at about x=44.9247, y=1.46578 TireNo=0
SIM_ABORT	FS_Competition_Germany_2006_ELD_racedriver_maby2	3.6s	43.9274m
APPLICATION	CarMaker 6.0.3 - Car_Generic #36 (6.0.3)
COMPILED	pt@pluto.ipg 2017-09-27 12:36:15
SIM_START	FS_Competition_Germany_2006_ELD_racedriver_maby2	2018-02-05 20:33:16
TIME	0.001
WARNING		PowerTrain OpenXWD: No selected PowerTrainXWD model; calculation using DVA is possible, but without 'integration substepping'
TIME	0.000
SIMULATE	FS_Competition_Germany_2006_ELD_racedriver_maby2

TIME	48.797
SIM_END		FS_Competition_Germany_2006_ELD_racedriver_maby2	48.796s	772.401m
APPLICATION	CarMaker 6.0.3 - Car_Generic #36 (6.0.3)
COMPILED	pt@pluto.ipg 2017-09-27 12:36:15
SIM_START	FS_Competition_Germany_2006_ELD_racedriver_maby2	2018-02-05 20:34:21
TIME	0.001
WARNING		PowerTrain OpenXWD: No selected PowerTrainXWD model; calculation using DVA is possible, but without 'integration substepping'
TIME	0.000
SIMULATE	FS_Competition_Germany_2006_ELD_racedriver_maby2

TIME	48.827
SIM_END		FS_Competition_Germany_2006_ELD_racedriver_maby2	48.826s	772.522m
APPLICATION	CarMaker 6.0.3 - Car_Generic #36 (6.0.3)
COMPILED	pt@pluto.ipg 2017-09-27 12:36:15
SIM_START	FS_Competition_Germany_2006_ELD_racedriver_maby2	2018-02-05 20:35:23
TIME	0.001
WARNING		PowerTrain OpenXWD: No selected PowerTrainXWD model; calculation using DVA is possible, but without 'integration substepping'
TIME	0.000
SIMULATE	FS_Competition_Germany_2006_ELD_racedriver_maby2

TIME	48.787
SIM_END		FS_Competition_Germany_2006_ELD_racedriver_maby2	48.786s	772.692m
APPLICATION	CarMaker 6.0.3 - Car_Generic #36 (6.0.3)
COMPILED	pt@pluto.ipg 2017-09-27 12:36:15
SIM_START	FS_Competition_Germany_2006_ELD_racedriver_maby2	2018-02-05 20:36:26
TIME	0.001
WARNING		PowerTrain OpenXWD: No selected PowerTrainXWD model; calculation using DVA is possible, but without 'integration substepping'
TIME	0.000
SIMULATE	FS_Competition_Germany_2006_ELD_racedriver_maby2

TIME	48.805
SIM_END		FS_Competition_Germany_2006_ELD_racedriver_maby2	48.804s	772.423m
APPLICATION	CarMaker 6.0.3 - Car_Generic #36 (6.0.3)
COMPILED	pt@pluto.ipg 2017-09-27 12:36:15
SIM_START	FS_Competition_Germany_2006_ELD_racedriver_maby2	2018-02-05 20:37:30
TIME	0.001
WARNING		PowerTrain OpenXWD: No selected PowerTrainXWD model; calculation using DVA is possible, but without 'integration substepping'
TIME	0.000
SIMULATE	FS_Competition_Germany_2006_ELD_racedriver_maby2

TIME	48.740
SIM_END		FS_Competition_Germany_2006_ELD_racedriver_maby2	48.739s	771.704m
APPLICATION	CarMaker 6.0.3 - Car_Generic #36 (6.0.3)
COMPILED	pt@pluto.ipg 2017-09-27 12:36:15
SIM_START	FS_Competition_Germany_2006_ELD_racedriver_maby2	2018-02-05 20:38:33
TIME	0.001
WARNING		PowerTrain OpenXWD: No selected PowerTrainXWD model; calculation using DVA is possible, but without 'integration substepping'
TIME	0.000
SIMULATE	FS_Competition_Germany_2006_ELD_racedriver_maby2

TIME	48.812
SIM_END		FS_Competition_Germany_2006_ELD_racedriver_maby2	48.811s	772.436m
APPLICATION	CarMaker 6.0.3 - Car_Generic #36 (6.0.3)
COMPILED	pt@pluto.ipg 2017-09-27 12:36:15
SIM_START	FS_Competition_Germany_2006_ELD_racedriver_maby2	2018-02-05 20:39:36
TIME	0.001
WARNING		PowerTrain OpenXWD: No selected PowerTrainXWD model; calculation using DVA is possible, but without 'integration substepping'
TIME	0.000
SIMULATE	FS_Competition_Germany_2006_ELD_racedriver_maby2

TIME	48.816
SIM_END		FS_Competition_Germany_2006_ELD_racedriver_maby2	48.815s	772.486m
APPLICATION	CarMaker 6.0.3 - Car_Generic #36 (6.0.3)
COMPILED	pt@pluto.ipg 2017-09-27 12:36:15
SIM_START	FS_Competition_Germany_2006_ELD_racedriver_maby2	2018-02-05 20:40:40
TIME	0.001
WARNING		PowerTrain OpenXWD: No selected PowerTrainXWD model; calculation using DVA is possible, but without 'integration substepping'
TIME	0.000
SIMULATE	FS_Competition_Germany_2006_ELD_racedriver_maby2

TIME	48.825
SIM_END		FS_Competition_Germany_2006_ELD_racedriver_maby2	48.824s	772.454m
APPLICATION	CarMaker 6.0.3 - Car_Generic #36 (6.0.3)
COMPILED	pt@pluto.ipg 2017-09-27 12:36:15
SIM_START	FS_Competition_Germany_2006_ELD_racedriver_maby2	2018-02-05 20:41:43
TIME	0.001
WARNING		PowerTrain OpenXWD: No selected PowerTrainXWD model; calculation using DVA is possible, but without 'integration substepping'
TIME	0.000
SIMULATE	FS_Competition_Germany_2006_ELD_racedriver_maby2

TIME	48.800
SIM_END		FS_Competition_Germany_2006_ELD_racedriver_maby2	48.799s	772.75m
APPLICATION	CarMaker 6.0.3 - Car_Generic #36 (6.0.3)
COMPILED	pt@pluto.ipg 2017-09-27 12:36:15
SIM_START	FS_Competition_Germany_2006_ELD_racedriver_maby2	2018-02-05 20:42:47
TIME	0.001
WARNING		PowerTrain OpenXWD: No selected PowerTrainXWD model; calculation using DVA is possible, but without 'integration substepping'
TIME	0.000
SIMULATE	FS_Competition_Germany_2006_ELD_racedriver_maby2

TIME	48.797
SIM_END		FS_Competition_Germany_2006_ELD_racedriver_maby2	48.796s	772.362m
APPLICATION	CarMaker 6.0.3 - Car_Generic #36 (6.0.3)
COMPILED	pt@pluto.ipg 2017-09-27 12:36:15
SIM_START	FS_Competition_Germany_2006_ELD_racedriver_maby2	2018-02-05 20:43:51
TIME	0.001
WARNING		PowerTrain OpenXWD: No selected PowerTrainXWD model; calculation using DVA is possible, but without 'integration substepping'
TIME	0.000
SIMULATE	FS_Competition_Germany_2006_ELD_racedriver_maby2

TIME	48.830
SIM_END		FS_Competition_Germany_2006_ELD_racedriver_maby2	48.829s	772.573m
APPLICATION	CarMaker 6.0.3 - Car_Generic #36 (6.0.3)
COMPILED	pt@pluto.ipg 2017-09-27 12:36:15
SIM_START	FS_Competition_Germany_2006_ELD_racedriver_maby2	2018-02-05 20:44:55
TIME	0.001
WARNING		PowerTrain OpenXWD: No selected PowerTrainXWD model; calculation using DVA is possible, but without 'integration substepping'
TIME	0.000
SIMULATE	FS_Competition_Germany_2006_ELD_racedriver_maby2

TIME	48.777
SIM_END		FS_Competition_Germany_2006_ELD_racedriver_maby2	48.776s	771.471m
APPLICATION	CarMaker 6.0.3 - Car_Generic #36 (6.0.3)
COMPILED	pt@pluto.ipg 2017-09-27 12:36:15
SIM_START	FS_Competition_Germany_2006_ELD_racedriver_maby2	2018-02-05 20:45:59
TIME	0.001
WARNING		PowerTrain OpenXWD: No selected PowerTrainXWD model; calculation using DVA is possible, but without 'integration substepping'
TIME	0.000
SIMULATE	FS_Competition_Germany_2006_ELD_racedriver_maby2

TIME	48.858
SIM_END		FS_Competition_Germany_2006_ELD_racedriver_maby2	48.857s	772.086m
APPLICATION	CarMaker 6.0.3 - Car_Generic #36 (6.0.3)
COMPILED	pt@pluto.ipg 2017-09-27 12:36:15
SIM_START	FS_Competition_Germany_2006_ELD_racedriver_maby2	2018-02-05 20:47:03
TIME	0.001
WARNING		PowerTrain OpenXWD: No selected PowerTrainXWD model; calculation using DVA is possible, but without 'integration substepping'
TIME	0.000
SIMULATE	FS_Competition_Germany_2006_ELD_racedriver_maby2

TIME	48.816
SIM_END		FS_Competition_Germany_2006_ELD_racedriver_maby2	48.815s	772.82m
APPLICATION	CarMaker 6.0.3 - Car_Generic #36 (6.0.3)
COMPILED	pt@pluto.ipg 2017-09-27 12:36:15
SIM_START	FS_Competition_Germany_2006_ELD_racedriver_maby2	2018-02-05 20:48:08
TIME	0.001
WARNING		PowerTrain OpenXWD: No selected PowerTrainXWD model; calculation using DVA is possible, but without 'integration substepping'
TIME	0.000
SIMULATE	FS_Competition_Germany_2006_ELD_racedriver_maby2

TIME	48.792
SIM_END		FS_Competition_Germany_2006_ELD_racedriver_maby2	48.791s	772.8m
APPLICATION	CarMaker 6.0.3 - Car_Generic #36 (6.0.3)
COMPILED	pt@pluto.ipg 2017-09-27 12:36:15
SIM_START	FS_Competition_Germany_2006_ELD_racedriver_maby2	2018-02-05 20:49:13
TIME	0.001
WARNING		PowerTrain OpenXWD: No selected PowerTrainXWD model; calculation using DVA is possible, but without 'integration substepping'
TIME	0.000
SIMULATE	FS_Competition_Germany_2006_ELD_racedriver_maby2

TIME	48.860
SIM_END		FS_Competition_Germany_2006_ELD_racedriver_maby2	48.859s	772.36m
APPLICATION	CarMaker 6.0.3 - Car_Generic #36 (6.0.3)
COMPILED	pt@pluto.ipg 2017-09-27 12:36:15
SIM_START	FS_Competition_Germany_2006_ELD_racedriver_maby2	2018-02-05 20:50:18
TIME	0.001
WARNING		PowerTrain OpenXWD: No selected PowerTrainXWD model; calculation using DVA is possible, but without 'integration substepping'
TIME	0.000
SIMULATE	FS_Competition_Germany_2006_ELD_racedriver_maby2

TIME	48.833
SIM_END		FS_Competition_Germany_2006_ELD_racedriver_maby2	48.832s	772.227m
APPLICATION	CarMaker 6.0.3 - Car_Generic #36 (6.0.3)
COMPILED	pt@pluto.ipg 2017-09-27 12:36:15
SIM_START	FS_Competition_Germany_2006_ELD_racedriver_maby2	2018-02-05 20:51:22
TIME	0.001
WARNING		PowerTrain OpenXWD: No selected PowerTrainXWD model; calculation using DVA is possible, but without 'integration substepping'
TIME	0.000
SIMULATE	FS_Competition_Germany_2006_ELD_racedriver_maby2

TIME	48.818
SIM_END		FS_Competition_Germany_2006_ELD_racedriver_maby2	48.817s	772.489m
APPLICATION	CarMaker 6.0.3 - Car_Generic #36 (6.0.3)
COMPILED	pt@pluto.ipg 2017-09-27 12:36:15
SIM_START	FS_Competition_Germany_2006_ELD_racedriver_maby2	2018-02-05 20:52:28
TIME	0.001
WARNING		PowerTrain OpenXWD: No selected PowerTrainXWD model; calculation using DVA is possible, but without 'integration substepping'
TIME	0.000
SIMULATE	FS_Competition_Germany_2006_ELD_racedriver_maby2

TIME	48.857
SIM_END		FS_Competition_Germany_2006_ELD_racedriver_maby2	48.856s	772.027m
APPLICATION	CarMaker 6.0.3 - Car_Generic #36 (6.0.3)
COMPILED	pt@pluto.ipg 2017-09-27 12:36:15
SIM_START	FS_Competition_Germany_2006_ELD_racedriver_maby2	2018-02-05 20:53:37
TIME	0.001
WARNING		PowerTrain OpenXWD: No selected PowerTrainXWD model; calculation using DVA is possible, but without 'integration substepping'
TIME	0.000
SIMULATE	FS_Competition_Germany_2006_ELD_racedriver_maby2

TIME	48.822
SIM_END		FS_Competition_Germany_2006_ELD_racedriver_maby2	48.821s	772.392m
APPLICATION	CarMaker 6.0.3 - Car_Generic #36 (6.0.3)
COMPILED	pt@pluto.ipg 2017-09-27 12:36:15
SIM_START	FS_Competition_Germany_2006_ELD_racedriver_maby2	2018-02-05 20:54:48
TIME	0.001
WARNING		PowerTrain OpenXWD: No selected PowerTrainXWD model; calculation using DVA is possible, but without 'integration substepping'
TIME	0.000
SIMULATE	FS_Competition_Germany_2006_ELD_racedriver_maby2

TIME	48.823
SIM_END		FS_Competition_Germany_2006_ELD_racedriver_maby2	48.822s	771.397m
APPLICATION	CarMaker 6.0.3 - Car_Generic #36 (6.0.3)
COMPILED	pt@pluto.ipg 2017-09-27 12:36:15
SIM_START	FS_Competition_Germany_2006_ELD_racedriver_maby2	2018-02-05 20:55:58
TIME	0.001
WARNING		PowerTrain OpenXWD: No selected PowerTrainXWD model; calculation using DVA is possible, but without 'integration substepping'
TIME	0.000
SIMULATE	FS_Competition_Germany_2006_ELD_racedriver_maby2

TIME	48.801
SIM_END		FS_Competition_Germany_2006_ELD_racedriver_maby2	48.8s	772.324m
APPLICATION	CarMaker 6.0.3 - Car_Generic #36 (6.0.3)
COMPILED	pt@pluto.ipg 2017-09-27 12:36:15
SIM_START	FS_Competition_Germany_2006_ELD_racedriver_maby2	2018-02-05 20:57:07
TIME	0.001
WARNING		PowerTrain OpenXWD: No selected PowerTrainXWD model; calculation using DVA is possible, but without 'integration substepping'
TIME	0.000
SIMULATE	FS_Competition_Germany_2006_ELD_racedriver_maby2

TIME	48.819
SIM_END		FS_Competition_Germany_2006_ELD_racedriver_maby2	48.818s	772.015m
APPLICATION	CarMaker 6.0.3 - Car_Generic #36 (6.0.3)
COMPILED	pt@pluto.ipg 2017-09-27 12:36:15
SIM_START	FS_Competition_Germany_2006_ELD_racedriver_maby2	2018-02-05 20:58:15
TIME	0.001
WARNING		PowerTrain OpenXWD: No selected PowerTrainXWD model; calculation using DVA is possible, but without 'integration substepping'
TIME	0.000
SIMULATE	FS_Competition_Germany_2006_ELD_racedriver_maby2

TIME	48.840
SIM_END		FS_Competition_Germany_2006_ELD_racedriver_maby2	48.839s	772.457m
APPLICATION	CarMaker 6.0.3 - Car_Generic #36 (6.0.3)
COMPILED	pt@pluto.ipg 2017-09-27 12:36:15
SIM_START	FS_Competition_Germany_2006_ELD_racedriver_maby2	2018-02-05 20:59:25
TIME	0.001
WARNING		PowerTrain OpenXWD: No selected PowerTrainXWD model; calculation using DVA is possible, but without 'integration substepping'
TIME	0.000
SIMULATE	FS_Competition_Germany_2006_ELD_racedriver_maby2

TIME	48.801
SIM_END		FS_Competition_Germany_2006_ELD_racedriver_maby2	48.8s	772.803m
APPLICATION	CarMaker 6.0.3 - Car_Generic #36 (6.0.3)
COMPILED	pt@pluto.ipg 2017-09-27 12:36:15
SIM_START	FS_Competition_Germany_2006_ELD_racedriver_maby2	2018-02-05 21:00:34
TIME	0.001
WARNING		PowerTrain OpenXWD: No selected PowerTrainXWD model; calculation using DVA is possible, but without 'integration substepping'
TIME	0.000
SIMULATE	FS_Competition_Germany_2006_ELD_racedriver_maby2

TIME	48.847
SIM_END		FS_Competition_Germany_2006_ELD_racedriver_maby2	48.846s	772.409m
APPLICATION	CarMaker 6.0.3 - Car_Generic #36 (6.0.3)
COMPILED	pt@pluto.ipg 2017-09-27 12:36:15
SIM_START	FS_Competition_Germany_2006_ELD_racedriver_maby2	2018-02-05 21:01:43
TIME	0.001
WARNING		PowerTrain OpenXWD: No selected PowerTrainXWD model; calculation using DVA is possible, but without 'integration substepping'
TIME	0.000
SIMULATE	FS_Competition_Germany_2006_ELD_racedriver_maby2

TIME	48.815
SIM_END		FS_Competition_Germany_2006_ELD_racedriver_maby2	48.814s	772.072m
APPLICATION	CarMaker 6.0.3 - Car_Generic #36 (6.0.3)
COMPILED	pt@pluto.ipg 2017-09-27 12:36:15
SIM_START	FS_Competition_Germany_2006_ELD_racedriver_maby2	2018-02-05 21:02:52
TIME	0.001
WARNING		PowerTrain OpenXWD: No selected PowerTrainXWD model; calculation using DVA is possible, but without 'integration substepping'
TIME	0.000
SIMULATE	FS_Competition_Germany_2006_ELD_racedriver_maby2

TIME	48.836
SIM_END		FS_Competition_Germany_2006_ELD_racedriver_maby2	48.835s	772.559m
APPLICATION	CarMaker 6.0.3 - Car_Generic #36 (6.0.3)
COMPILED	pt@pluto.ipg 2017-09-27 12:36:15
SIM_START	FS_Competition_Germany_2006_ELD_racedriver_maby2	2018-02-05 21:04:01
TIME	0.001
WARNING		PowerTrain OpenXWD: No selected PowerTrainXWD model; calculation using DVA is possible, but without 'integration substepping'
TIME	0.000
SIMULATE	FS_Competition_Germany_2006_ELD_racedriver_maby2

TIME	48.866
SIM_END		FS_Competition_Germany_2006_ELD_racedriver_maby2	48.865s	772.429m
APPLICATION	CarMaker 6.0.3 - Car_Generic #36 (6.0.3)
COMPILED	pt@pluto.ipg 2017-09-27 12:36:15
SIM_START	FS_Competition_Germany_2006_ELD_racedriver_maby2	2018-02-05 21:05:10
TIME	0.001
WARNING		PowerTrain OpenXWD: No selected PowerTrainXWD model; calculation using DVA is possible, but without 'integration substepping'
TIME	0.000
SIMULATE	FS_Competition_Germany_2006_ELD_racedriver_maby2

TIME	48.803
SIM_END		FS_Competition_Germany_2006_ELD_racedriver_maby2	48.802s	772.215m
APPLICATION	CarMaker 6.0.3 - Car_Generic #36 (6.0.3)
COMPILED	pt@pluto.ipg 2017-09-27 12:36:15
SIM_START	FS_Competition_Germany_2006_ELD_racedriver_maby2	2018-02-05 21:06:21
TIME	0.001
WARNING		PowerTrain OpenXWD: No selected PowerTrainXWD model; calculation using DVA is possible, but without 'integration substepping'
TIME	0.000
SIMULATE	FS_Competition_Germany_2006_ELD_racedriver_maby2

TIME	48.858
SIM_END		FS_Competition_Germany_2006_ELD_racedriver_maby2	48.857s	772.208m
APPLICATION	CarMaker 6.0.3 - Car_Generic #36 (6.0.3)
COMPILED	pt@pluto.ipg 2017-09-27 12:36:15
SIM_START	FS_Competition_Germany_2006_ELD_racedriver_maby2	2018-02-05 21:07:32
TIME	0.001
WARNING		PowerTrain OpenXWD: No selected PowerTrainXWD model; calculation using DVA is possible, but without 'integration substepping'
TIME	0.000
SIMULATE	FS_Competition_Germany_2006_ELD_racedriver_maby2

TIME	48.787
SIM_END		FS_Competition_Germany_2006_ELD_racedriver_maby2	48.786s	772.338m
APPLICATION	CarMaker 6.0.3 - Car_Generic #36 (6.0.3)
COMPILED	pt@pluto.ipg 2017-09-27 12:36:15
SIM_START	FS_Competition_Germany_2006_ELD_racedriver_maby2	2018-02-05 21:08:40
TIME	0.001
WARNING		PowerTrain OpenXWD: No selected PowerTrainXWD model; calculation using DVA is possible, but without 'integration substepping'
TIME	0.000
SIMULATE	FS_Competition_Germany_2006_ELD_racedriver_maby2

TIME	48.817
SIM_END		FS_Competition_Germany_2006_ELD_racedriver_maby2	48.816s	772.651m
APPLICATION	CarMaker 6.0.3 - Car_Generic #36 (6.0.3)
COMPILED	pt@pluto.ipg 2017-09-27 12:36:15
SIM_START	FS_Competition_Germany_2006_ELD_racedriver_maby2	2018-02-05 21:09:48
TIME	0.001
WARNING		PowerTrain OpenXWD: No selected PowerTrainXWD model; calculation using DVA is possible, but without 'integration substepping'
TIME	0.000
SIMULATE	FS_Competition_Germany_2006_ELD_racedriver_maby2

TIME	48.807
SIM_END		FS_Competition_Germany_2006_ELD_racedriver_maby2	48.806s	772.134m
APPLICATION	CarMaker 6.0.3 - Car_Generic #36 (6.0.3)
COMPILED	pt@pluto.ipg 2017-09-27 12:36:15
SIM_START	FS_Competition_Germany_2006_ELD_racedriver_maby2	2018-02-05 21:10:57
TIME	0.001
WARNING		PowerTrain OpenXWD: No selected PowerTrainXWD model; calculation using DVA is possible, but without 'integration substepping'
TIME	0.000
SIMULATE	FS_Competition_Germany_2006_ELD_racedriver_maby2

TIME	48.771
SIM_END		FS_Competition_Germany_2006_ELD_racedriver_maby2	48.77s	772.135m
APPLICATION	CarMaker 6.0.3 - Car_Generic #36 (6.0.3)
COMPILED	pt@pluto.ipg 2017-09-27 12:36:15
SIM_START	FS_Competition_Germany_2006_ELD_racedriver_maby2	2018-02-05 21:12:06
TIME	0.001
WARNING		PowerTrain OpenXWD: No selected PowerTrainXWD model; calculation using DVA is possible, but without 'integration substepping'
TIME	0.000
SIMULATE	FS_Competition_Germany_2006_ELD_racedriver_maby2

TIME	48.796
SIM_END		FS_Competition_Germany_2006_ELD_racedriver_maby2	48.795s	772.221m
APPLICATION	CarMaker 6.0.3 - Car_Generic #36 (6.0.3)
COMPILED	pt@pluto.ipg 2017-09-27 12:36:15
SIM_START	FS_Competition_Germany_2006_ELD_racedriver_maby2	2018-02-05 21:13:16
TIME	0.001
WARNING		PowerTrain OpenXWD: No selected PowerTrainXWD model; calculation using DVA is possible, but without 'integration substepping'
TIME	0.000
SIMULATE	FS_Competition_Germany_2006_ELD_racedriver_maby2

TIME	48.808
SIM_END		FS_Competition_Germany_2006_ELD_racedriver_maby2	48.807s	772.081m
APPLICATION	CarMaker 6.0.3 - Car_Generic #36 (6.0.3)
COMPILED	pt@pluto.ipg 2017-09-27 12:36:15
SIM_START	FS_Competition_Germany_2006_ELD_racedriver_maby2	2018-02-05 21:14:27
TIME	0.001
WARNING		PowerTrain OpenXWD: No selected PowerTrainXWD model; calculation using DVA is possible, but without 'integration substepping'
TIME	0.000
SIMULATE	FS_Competition_Germany_2006_ELD_racedriver_maby2

TIME	48.787
SIM_END		FS_Competition_Germany_2006_ELD_racedriver_maby2	48.786s	772.571m
APPLICATION	CarMaker 6.0.3 - Car_Generic #36 (6.0.3)
COMPILED	pt@pluto.ipg 2017-09-27 12:36:15
SIM_START	FS_Competition_Germany_2006_ELD_racedriver_maby2	2018-02-05 21:15:37
TIME	0.001
WARNING		PowerTrain OpenXWD: No selected PowerTrainXWD model; calculation using DVA is possible, but without 'integration substepping'
TIME	0.000
SIMULATE	FS_Competition_Germany_2006_ELD_racedriver_maby2

TIME	48.803
SIM_END		FS_Competition_Germany_2006_ELD_racedriver_maby2	48.802s	772.405m
APPLICATION	CarMaker 6.0.3 - Car_Generic #36 (6.0.3)
COMPILED	pt@pluto.ipg 2017-09-27 12:36:15
SIM_START	FS_Competition_Germany_2006_ELD_racedriver_maby2	2018-02-05 21:16:48
TIME	0.001
WARNING		PowerTrain OpenXWD: No selected PowerTrainXWD model; calculation using DVA is possible, but without 'integration substepping'
TIME	0.000
SIMULATE	FS_Competition_Germany_2006_ELD_racedriver_maby2

TIME	48.821
SIM_END		FS_Competition_Germany_2006_ELD_racedriver_maby2	48.82s	772.736m
APPLICATION	CarMaker 6.0.3 - Car_Generic #36 (6.0.3)
COMPILED	pt@pluto.ipg 2017-09-27 12:36:15
SIM_START	FS_Competition_Germany_2006_ELD_racedriver_maby2	2018-02-05 21:18:01
TIME	0.001
WARNING		PowerTrain OpenXWD: No selected PowerTrainXWD model; calculation using DVA is possible, but without 'integration substepping'
TIME	0.000
SIMULATE	FS_Competition_Germany_2006_ELD_racedriver_maby2

TIME	48.798
SIM_END		FS_Competition_Germany_2006_ELD_racedriver_maby2	48.797s	772.056m
APPLICATION	CarMaker 6.0.3 - Car_Generic #36 (6.0.3)
COMPILED	pt@pluto.ipg 2017-09-27 12:36:15
SIM_START	FS_Competition_Germany_2006_ELD_racedriver_maby2	2018-02-05 21:19:18
TIME	0.001
WARNING		PowerTrain OpenXWD: No selected PowerTrainXWD model; calculation using DVA is possible, but without 'integration substepping'
TIME	0.000
SIMULATE	FS_Competition_Germany_2006_ELD_racedriver_maby2

TIME	48.856
SIM_END		FS_Competition_Germany_2006_ELD_racedriver_maby2	48.855s	772.109m
APPLICATION	CarMaker 6.0.3 - Car_Generic #36 (6.0.3)
COMPILED	pt@pluto.ipg 2017-09-27 12:36:15
SIM_START	FS_Competition_Germany_2006_ELD_racedriver_maby2	2018-02-05 21:20:30
TIME	0.001
WARNING		PowerTrain OpenXWD: No selected PowerTrainXWD model; calculation using DVA is possible, but without 'integration substepping'
TIME	0.000
SIMULATE	FS_Competition_Germany_2006_ELD_racedriver_maby2

TIME	48.874
SIM_END		FS_Competition_Germany_2006_ELD_racedriver_maby2	48.873s	772.377m
APPLICATION	CarMaker 6.0.3 - Car_Generic #36 (6.0.3)
COMPILED	pt@pluto.ipg 2017-09-27 12:36:15
SIM_START	FS_Competition_Germany_2006_ELD_racedriver_maby2	2018-02-05 21:21:47
TIME	0.001
WARNING		PowerTrain OpenXWD: No selected PowerTrainXWD model; calculation using DVA is possible, but without 'integration substepping'
TIME	0.000
SIMULATE	FS_Competition_Germany_2006_ELD_racedriver_maby2

TIME	48.859
SIM_END		FS_Competition_Germany_2006_ELD_racedriver_maby2	48.858s	772.089m
APPLICATION	CarMaker 6.0.3 - Car_Generic #36 (6.0.3)
COMPILED	pt@pluto.ipg 2017-09-27 12:36:15
SIM_START	FS_Competition_Germany_2006_ELD_racedriver_maby2	2018-02-05 21:23:03
TIME	0.001
WARNING		PowerTrain OpenXWD: No selected PowerTrainXWD model; calculation using DVA is possible, but without 'integration substepping'
TIME	0.000
SIMULATE	FS_Competition_Germany_2006_ELD_racedriver_maby2

TIME	48.851
SIM_END		FS_Competition_Germany_2006_ELD_racedriver_maby2	48.85s	772.629m
APPLICATION	CarMaker 6.0.3 - Car_Generic #36 (6.0.3)
COMPILED	pt@pluto.ipg 2017-09-27 12:36:15
SIM_START	FS_Competition_Germany_2006_ELD_racedriver_maby2	2018-02-05 21:24:18
TIME	0.001
WARNING		PowerTrain OpenXWD: No selected PowerTrainXWD model; calculation using DVA is possible, but without 'integration substepping'
TIME	0.000
SIMULATE	FS_Competition_Germany_2006_ELD_racedriver_maby2

TIME	48.922
SIM_END		FS_Competition_Germany_2006_ELD_racedriver_maby2	48.921s	771.337m
APPLICATION	CarMaker 6.0.3 - Car_Generic #36 (6.0.3)
COMPILED	pt@pluto.ipg 2017-09-27 12:36:15
SIM_START	FS_Competition_Germany_2006_ELD_racedriver_maby2	2018-02-05 21:25:33
TIME	0.001
WARNING		PowerTrain OpenXWD: No selected PowerTrainXWD model; calculation using DVA is possible, but without 'integration substepping'
TIME	0.000
SIMULATE	FS_Competition_Germany_2006_ELD_racedriver_maby2

TIME	48.793
SIM_END		FS_Competition_Germany_2006_ELD_racedriver_maby2	48.792s	772.37m
APPLICATION	CarMaker 6.0.3 - Car_Generic #36 (6.0.3)
COMPILED	pt@pluto.ipg 2017-09-27 12:36:15
SIM_START	FS_Competition_Germany_2006_ELD_racedriver_maby2	2018-02-05 21:26:45
TIME	0.001
WARNING		PowerTrain OpenXWD: No selected PowerTrainXWD model; calculation using DVA is possible, but without 'integration substepping'
TIME	0.000
SIMULATE	FS_Competition_Germany_2006_ELD_racedriver_maby2

TIME	48.809
SIM_END		FS_Competition_Germany_2006_ELD_racedriver_maby2	48.808s	772.368m
APPLICATION	CarMaker 6.0.3 - Car_Generic #36 (6.0.3)
COMPILED	pt@pluto.ipg 2017-09-27 12:36:15
SIM_START	FS_Competition_Germany_2006_ELD_racedriver_maby2	2018-02-05 21:27:58
TIME	0.001
WARNING		PowerTrain OpenXWD: No selected PowerTrainXWD model; calculation using DVA is possible, but without 'integration substepping'
TIME	0.000
SIMULATE	FS_Competition_Germany_2006_ELD_racedriver_maby2

TIME	48.821
SIM_END		FS_Competition_Germany_2006_ELD_racedriver_maby2	48.82s	772.418m
APPLICATION	CarMaker 6.0.3 - Car_Generic #36 (6.0.3)
COMPILED	pt@pluto.ipg 2017-09-27 12:36:15
SIM_START	FS_Competition_Germany_2006_ELD_racedriver_maby2	2018-02-05 21:29:13
TIME	0.001
WARNING		PowerTrain OpenXWD: No selected PowerTrainXWD model; calculation using DVA is possible, but without 'integration substepping'
TIME	0.000
SIMULATE	FS_Competition_Germany_2006_ELD_racedriver_maby2

TIME	48.799
SIM_END		FS_Competition_Germany_2006_ELD_racedriver_maby2	48.798s	772.383m
APPLICATION	CarMaker 6.0.3 - Car_Generic #36 (6.0.3)
COMPILED	pt@pluto.ipg 2017-09-27 12:36:15
SIM_START	FS_Competition_Germany_2006_ELD_racedriver_maby2	2018-02-05 21:30:26
TIME	0.001
WARNING		PowerTrain OpenXWD: No selected PowerTrainXWD model; calculation using DVA is possible, but without 'integration substepping'
TIME	0.000
SIMULATE	FS_Competition_Germany_2006_ELD_racedriver_maby2

TIME	48.834
SIM_END		FS_Competition_Germany_2006_ELD_racedriver_maby2	48.833s	772.075m
APPLICATION	CarMaker 6.0.3 - Car_Generic #36 (6.0.3)
COMPILED	pt@pluto.ipg 2017-09-27 12:36:15
SIM_START	FS_Competition_Germany_2006_ELD_racedriver_maby2	2018-02-05 21:31:39
TIME	0.001
WARNING		PowerTrain OpenXWD: No selected PowerTrainXWD model; calculation using DVA is possible, but without 'integration substepping'
TIME	0.000
SIMULATE	FS_Competition_Germany_2006_ELD_racedriver_maby2

TIME	48.826
SIM_END		FS_Competition_Germany_2006_ELD_racedriver_maby2	48.825s	771.977m
APPLICATION	CarMaker 6.0.3 - Car_Generic #36 (6.0.3)
COMPILED	pt@pluto.ipg 2017-09-27 12:36:15
SIM_START	FS_Competition_Germany_2006_ELD_racedriver_maby2	2018-02-05 21:32:54
TIME	0.001
WARNING		PowerTrain OpenXWD: No selected PowerTrainXWD model; calculation using DVA is possible, but without 'integration substepping'
TIME	0.000
SIMULATE	FS_Competition_Germany_2006_ELD_racedriver_maby2

TIME	48.775
SIM_END		FS_Competition_Germany_2006_ELD_racedriver_maby2	48.774s	772.689m
APPLICATION	CarMaker 6.0.3 - Car_Generic #36 (6.0.3)
COMPILED	pt@pluto.ipg 2017-09-27 12:36:15
SIM_START	FS_Competition_Germany_2006_ELD_racedriver_maby2	2018-02-05 21:34:07
TIME	0.001
WARNING		PowerTrain OpenXWD: No selected PowerTrainXWD model; calculation using DVA is possible, but without 'integration substepping'
TIME	0.000
SIMULATE	FS_Competition_Germany_2006_ELD_racedriver_maby2

TIME	48.775
SIM_END		FS_Competition_Germany_2006_ELD_racedriver_maby2	48.774s	772.689m
APPLICATION	CarMaker 6.0.3 - Car_Generic #36 (6.0.3)
COMPILED	pt@pluto.ipg 2017-09-27 12:36:15
SIM_START	FS_Competition_Germany_2006_ELD_racedriver_maby2	2018-02-05 21:35:21
TIME	0.001
WARNING		PowerTrain OpenXWD: No selected PowerTrainXWD model; calculation using DVA is possible, but without 'integration substepping'
TIME	0.000
SIMULATE	FS_Competition_Germany_2006_ELD_racedriver_maby2

TIME	48.775
SIM_END		FS_Competition_Germany_2006_ELD_racedriver_maby2	48.774s	772.689m
APPLICATION	CarMaker 6.0.3 - Car_Generic #36 (6.0.3)
COMPILED	pt@pluto.ipg 2017-09-27 12:36:15
SIM_START	FS_Competition_Germany_2006_ELD_racedriver_maby2	2018-02-05 21:36:35
TIME	0.001
WARNING		PowerTrain OpenXWD: No selected PowerTrainXWD model; calculation using DVA is possible, but without 'integration substepping'
TIME	0.000
SIMULATE	FS_Competition_Germany_2006_ELD_racedriver_maby2

TIME	48.775
SIM_END		FS_Competition_Germany_2006_ELD_racedriver_maby2	48.774s	772.689m
APPLICATION	CarMaker 6.0.3 - Car_Generic #36 (6.0.3)
COMPILED	pt@pluto.ipg 2017-09-27 12:36:15
SIM_START	FS_Competition_Germany_2006_ELD_racedriver_maby2	2018-02-05 21:37:49
TIME	0.001
WARNING		PowerTrain OpenXWD: No selected PowerTrainXWD model; calculation using DVA is possible, but without 'integration substepping'
TIME	0.000
SIMULATE	FS_Competition_Germany_2006_ELD_racedriver_maby2

TIME	48.775
SIM_END		FS_Competition_Germany_2006_ELD_racedriver_maby2	48.774s	772.689m
APPLICATION	CarMaker 6.0.3 - Car_Generic #36 (6.0.3)
COMPILED	pt@pluto.ipg 2017-09-27 12:36:15
SIM_START	FS_Competition_Germany_2006_ELD_racedriver_maby2	2018-02-05 21:39:04
TIME	0.001
WARNING		PowerTrain OpenXWD: No selected PowerTrainXWD model; calculation using DVA is possible, but without 'integration substepping'
TIME	0.000
SIMULATE	FS_Competition_Germany_2006_ELD_racedriver_maby2

TIME	48.775
SIM_END		FS_Competition_Germany_2006_ELD_racedriver_maby2	48.774s	772.689m
APPLICATION	CarMaker 6.0.3 - Car_Generic #36 (6.0.3)
COMPILED	pt@pluto.ipg 2017-09-27 12:36:15
SIM_START	FS_Competition_Germany_2006_ELD_racedriver_maby2	2018-02-05 21:40:18
TIME	0.001
WARNING		PowerTrain OpenXWD: No selected PowerTrainXWD model; calculation using DVA is possible, but without 'integration substepping'
TIME	0.000
SIMULATE	FS_Competition_Germany_2006_ELD_racedriver_maby2

TIME	48.775
SIM_END		FS_Competition_Germany_2006_ELD_racedriver_maby2	48.774s	772.689m
APPLICATION	CarMaker 6.0.3 - Car_Generic #36 (6.0.3)
COMPILED	pt@pluto.ipg 2017-09-27 12:36:15
SIM_START	FS_Competition_Germany_2006_ELD_racedriver_maby2	2018-02-05 21:41:33
TIME	0.001
WARNING		PowerTrain OpenXWD: No selected PowerTrainXWD model; calculation using DVA is possible, but without 'integration substepping'
TIME	0.000
SIMULATE	FS_Competition_Germany_2006_ELD_racedriver_maby2

TIME	48.775
SIM_END		FS_Competition_Germany_2006_ELD_racedriver_maby2	48.774s	772.689m
APPLICATION	CarMaker 6.0.3 - Car_Generic #36 (6.0.3)
COMPILED	pt@pluto.ipg 2017-09-27 12:36:15
SIM_START	FS_Competition_Germany_2006_ELD_racedriver_maby2	2018-02-05 21:42:48
TIME	0.001
WARNING		PowerTrain OpenXWD: No selected PowerTrainXWD model; calculation using DVA is possible, but without 'integration substepping'
TIME	0.000
SIMULATE	FS_Competition_Germany_2006_ELD_racedriver_maby2

TIME	48.775
SIM_END		FS_Competition_Germany_2006_ELD_racedriver_maby2	48.774s	772.689m
APPLICATION	CarMaker 6.0.3 - Car_Generic #36 (6.0.3)
COMPILED	pt@pluto.ipg 2017-09-27 12:36:15
SIM_START	FS_Competition_Germany_2006_ELD_racedriver_maby2	2018-02-05 21:44:03
TIME	0.001
WARNING		PowerTrain OpenXWD: No selected PowerTrainXWD model; calculation using DVA is possible, but without 'integration substepping'
TIME	0.000
SIMULATE	FS_Competition_Germany_2006_ELD_racedriver_maby2

TIME	48.775
SIM_END		FS_Competition_Germany_2006_ELD_racedriver_maby2	48.774s	772.689m
APPLICATION	CarMaker 6.0.3 - Car_Generic #36 (6.0.3)
COMPILED	pt@pluto.ipg 2017-09-27 12:36:15
SIM_START	FS_Competition_Germany_2006_ELD_racedriver_maby2	2018-02-05 21:45:19
TIME	0.001
WARNING		PowerTrain OpenXWD: No selected PowerTrainXWD model; calculation using DVA is possible, but without 'integration substepping'
TIME	0.000
SIMULATE	FS_Competition_Germany_2006_ELD_racedriver_maby2

TIME	48.775
SIM_END		FS_Competition_Germany_2006_ELD_racedriver_maby2	48.774s	772.689m
