APPLICATION	CarMaker 6.0.3 - Car_Generic #33 (6.0.3)
COMPILED	pt@pluto.ipg 2017-09-27 12:31:10
FIRST_INIT	(internal default used)	2018-01-28 13:52:56
TIME	0.000
SIM_END			0s	0m
IDLE	13:52:56
TIME	19.316
SIM_START	unknown	2018-01-28 13:56:10
TIME	0.010
WARNING		PowerTrain OpenXWD: No selected PowerTrainXWD model; calculation using DVA is possible, but without 'integration substepping'
TIME	0.000
SIMULATE	unknown

TIME	2772.328
WARNING		IPGDriver: Learn procedure not finished, knowledge not complete. (id=202)
SIM_END		unknown	2772.32s	2.15373m
SIM_START	unknown	2018-01-28 14:42:42
TIME	0.002
WARNING		PowerTrain OpenXWD: No selected PowerTrainXWD model; calculation using DVA is possible, but without 'integration substepping'
TIME	0.000
SIMULATE	unknown

TIME	13.698
SIM_END		unknown	13.693s	0.00471646m
TIME	18.872
SHUTDOWN	CarMaker quick shutdown initiated

