APPLICATION	CarMaker 6.0.3 - Car_Generic #36 (6.0.3)
COMPILED	pt@pluto.ipg 2017-09-27 12:36:15
SIM_START	Firgure8_test	2018-01-28 14:46:41
TIME	0.001
WARNING		PowerTrain OpenXWD: No selected PowerTrainXWD model; calculation using DVA is possible, but without 'integration substepping'
TIME	0.000
SIMULATE	Firgure8_test

TIME	4.725
ERROR		Vehicle leaves road at about x=77.0521, y=-0.430013 TireNo=1
SIM_ABORT	Firgure8_test	4.727s	75.066m
APPLICATION	CarMaker 6.0.3 - Car_Generic #36 (6.0.3)
COMPILED	pt@pluto.ipg 2017-09-27 12:36:15
SIM_START	Firgure8_test	2018-01-28 14:48:46
TIME	0.001
WARNING		PowerTrain OpenXWD: No selected PowerTrainXWD model; calculation using DVA is possible, but without 'integration substepping'
TIME	0.000
SIMULATE	Firgure8_test

TIME	4.725
ERROR		Vehicle leaves road at about x=77.0521, y=-0.430013 TireNo=1
SIM_ABORT	Firgure8_test	4.727s	75.066m
APPLICATION	CarMaker 6.0.3 - Car_Generic #36 (6.0.3)
COMPILED	pt@pluto.ipg 2017-09-27 12:36:15
SIM_START	Firgure8_test	2018-01-28 14:49:57
TIME	0.001
WARNING		PowerTrain OpenXWD: No selected PowerTrainXWD model; calculation using DVA is possible, but without 'integration substepping'
TIME	0.000
SIMULATE	Firgure8_test

TIME	6.760
ERROR		Roll angle too high (80.11 deg)
SIM_ABORT	Firgure8_test	6.762s	99.95m
APPLICATION	CarMaker 6.0.3 - Car_Generic #36 (6.0.3)
COMPILED	pt@pluto.ipg 2017-09-27 12:36:15
SIM_START	Firgure8_test	2018-01-28 15:57:47
TIME	0.001
WARNING		PowerTrain OpenXWD: No selected PowerTrainXWD model; calculation using DVA is possible, but without 'integration substepping'
TIME	0.000
SIMULATE	Firgure8_test

TIME	6.760
ERROR		Roll angle too high (80.11 deg)
SIM_ABORT	Firgure8_test	6.762s	99.95m
APPLICATION	CarMaker 6.0.3 - Car_Generic #36 (6.0.3)
COMPILED	pt@pluto.ipg 2017-09-27 12:36:15
SIM_START	Firgure8_test	2018-01-28 16:01:50
TIME	0.001
WARNING		PowerTrain OpenXWD: No selected PowerTrainXWD model; calculation using DVA is possible, but without 'integration substepping'
TIME	0.000
SIMULATE	Firgure8_test

TIME	6.418
ERROR		Roll angle too high (80.14 deg)
SIM_ABORT	Firgure8_test	6.42s	97.6115m
APPLICATION	CarMaker 6.0.3 - Car_Generic #36 (6.0.3)
COMPILED	pt@pluto.ipg 2017-09-27 12:36:15
SIM_START	Firgure8_test	2018-01-28 16:03:39
TIME	0.001
WARNING		PowerTrain OpenXWD: No selected PowerTrainXWD model; calculation using DVA is possible, but without 'integration substepping'
TIME	0.000
SIMULATE	Firgure8_test

TIME	4.244
ERROR		Vehicle leaves road at about x=74.7577, y=-1.38516 TireNo=3
SIM_ABORT	Firgure8_test	4.246s	73.4515m
APPLICATION	CarMaker 6.0.3 - Car_Generic #36 (6.0.3)
COMPILED	pt@pluto.ipg 2017-09-27 12:36:15
SIM_START	Firgure8_test	2018-01-28 16:04:25
TIME	0.001
WARNING		PowerTrain OpenXWD: No selected PowerTrainXWD model; calculation using DVA is possible, but without 'integration substepping'
TIME	0.000
SIMULATE	Firgure8_test

TIME	28.669
SIM_END		Firgure8_test	28.668s	243.951m
APPLICATION	CarMaker 6.0.3 - Car_Generic #36 (6.0.3)
COMPILED	pt@pluto.ipg 2017-09-27 12:36:15
SIM_START	Firgure8_test	2018-01-28 16:05:55
TIME	0.001
WARNING		PowerTrain OpenXWD: No selected PowerTrainXWD model; calculation using DVA is possible, but without 'integration substepping'
TIME	0.000
SIMULATE	Firgure8_test

TIME	4.244
ERROR		Vehicle leaves road at about x=76.3938, y=-0.738486 TireNo=1
SIM_ABORT	Firgure8_test	4.246s	74.2794m
APPLICATION	CarMaker 6.0.3 - Car_Generic #36 (6.0.3)
COMPILED	pt@pluto.ipg 2017-09-27 12:36:15
SIM_START	Firgure8_test	2018-01-28 16:09:27
TIME	0.001
WARNING		PowerTrain OpenXWD: No selected PowerTrainXWD model; calculation using DVA is possible, but without 'integration substepping'
ERROR		Missing entry 'PowerTrain.Motor.Mot.TrqMap', file 'C:/CM_Projects/R18_TV/Data/Vehicle/Revolve2017_aero2'
ERROR		No entry 'PowerTrain.Motor.VoltageLevel', file 'C:/CM_Projects/R18_TV/Data/Vehicle/Revolve2017_aero2'
ERROR		No entry 'PowerTrain.DL.DriveSourcePos', file 'C:/CM_Projects/R18_TV/Data/Vehicle/Revolve2017_aero2'
ERROR		CM_Main.c: Initialization failed (CM_Main_Begin()=-3)
SIM_ABORT	Firgure8_test	0s	0m
APPLICATION	CarMaker 6.0.3 - Car_Generic #36 (6.0.3)
COMPILED	pt@pluto.ipg 2017-09-27 12:36:15
SIM_START	Firgure8_test	2018-01-28 16:09:53
TIME	0.001
WARNING		PowerTrain OpenXWD: No selected PowerTrainXWD model; calculation using DVA is possible, but without 'integration substepping'
TIME	0.000
SIMULATE	Firgure8_test

TIME	4.067
ERROR		Vehicle leaves road at about x=74.1228, y=-1.60391 TireNo=1
SIM_ABORT	Firgure8_test	4.069s	72.3857m
APPLICATION	CarMaker 6.0.3 - Car_Generic #36 (6.0.3)
COMPILED	pt@pluto.ipg 2017-09-27 12:36:15
SIM_START	FS_Competition_Germany_2006_ELD_racedriver_maby	2018-01-28 16:14:27
TIME	0.001
WARNING		PowerTrain OpenXWD: No selected PowerTrainXWD model; calculation using DVA is possible, but without 'integration substepping'
TIME	0.000
SIMULATE	FS_Competition_Germany_2006_ELD_racedriver_maby

TIME	33.684
SIM_END		FS_Competition_Germany_2006_ELD_racedriver_maby	33.68s	485.276m
APPLICATION	CarMaker 6.0.3 - Car_Generic #36 (6.0.3)
COMPILED	pt@pluto.ipg 2017-09-27 12:36:15
SIM_START	FS_Competition_Germany_2006_ELD_racedriver_maby	2018-01-28 16:16:48
TIME	0.001
WARNING		PowerTrain OpenXWD: No selected PowerTrainXWD model; calculation using DVA is possible, but without 'integration substepping'
TIME	0.000
SIMULATE	FS_Competition_Germany_2006_ELD_racedriver_maby

TIME	16.999
ERROR		Roll angle too high (-80.03 deg)
SIM_ABORT	FS_Competition_Germany_2006_ELD_racedriver_maby	17.001s	234.575m
APPLICATION	CarMaker 6.0.3 - Car_Generic #36 (6.0.3)
COMPILED	pt@pluto.ipg 2017-09-27 12:36:15
SIM_START	FS_Competition_Germany_2006_ELD_racedriver_maby	2018-01-28 16:17:48
TIME	0.001
WARNING		PowerTrain OpenXWD: No selected PowerTrainXWD model; calculation using DVA is possible, but without 'integration substepping'
TIME	0.000
SIMULATE	FS_Competition_Germany_2006_ELD_racedriver_maby

TIME	13.510
ERROR		Roll angle too high (-80.12 deg)
SIM_ABORT	FS_Competition_Germany_2006_ELD_racedriver_maby	13.512s	177.436m
APPLICATION	CarMaker 6.0.3 - Car_Generic #36 (6.0.3)
COMPILED	pt@pluto.ipg 2017-09-27 12:36:15
SIM_START	FS_Competition_Germany_2006_ELD_racedriver_maby	2018-01-28 17:04:23
TIME	0.001
WARNING		PowerTrain OpenXWD: No selected PowerTrainXWD model; calculation using DVA is possible, but without 'integration substepping'
TIME	0.000
SIMULATE	FS_Competition_Germany_2006_ELD_racedriver_maby

TIME	18.331
ERROR		Roll angle too high (-80.00 deg)
SIM_ABORT	FS_Competition_Germany_2006_ELD_racedriver_maby	18.333s	254.633m
APPLICATION	CarMaker 6.0.3 - Car_Generic #36 (6.0.3)
COMPILED	pt@pluto.ipg 2017-09-27 12:36:15
SIM_START	FS_Competition_Germany_2006_ELD_racedriver_maby	2018-01-28 17:10:53
TIME	0.001
WARNING		PowerTrain OpenXWD: No selected PowerTrainXWD model; calculation using DVA is possible, but without 'integration substepping'
TIME	0.000
SIMULATE	FS_Competition_Germany_2006_ELD_racedriver_maby

TIME	13.264
ERROR		Vehicle leaves road at about x=142.414, y=-34.1721 TireNo=1
SIM_ABORT	FS_Competition_Germany_2006_ELD_racedriver_maby	13.266s	163.941m
APPLICATION	CarMaker 6.0.3 - Car_Generic #36 (6.0.3)
COMPILED	pt@pluto.ipg 2017-09-27 12:36:15
SIM_START	FS_Competition_Germany_2006_ELD_racedriver_maby	2018-01-28 17:14:24
TIME	0.001
WARNING		PowerTrain OpenXWD: No selected PowerTrainXWD model; calculation using DVA is possible, but without 'integration substepping'
TIME	0.000
SIMULATE	FS_Competition_Germany_2006_ELD_racedriver_maby

TIME	18.037
ERROR		Roll angle too high (-80.20 deg)
SIM_ABORT	FS_Competition_Germany_2006_ELD_racedriver_maby	18.039s	251.663m
APPLICATION	CarMaker 6.0.3 - Car_Generic #36 (6.0.3)
COMPILED	pt@pluto.ipg 2017-09-27 12:36:15
SIM_START	FS_Competition_Germany_2006_ELD_racedriver_maby	2018-01-28 17:15:23
TIME	0.001
WARNING		PowerTrain OpenXWD: No selected PowerTrainXWD model; calculation using DVA is possible, but without 'integration substepping'
TIME	0.000
SIMULATE	FS_Competition_Germany_2006_ELD_racedriver_maby

TIME	12.216
ERROR		Vehicle leaves road at about x=137.999, y=-35.5647 TireNo=2
SIM_ABORT	FS_Competition_Germany_2006_ELD_racedriver_maby	12.218s	159.065m
APPLICATION	CarMaker 6.0.3 - Car_Generic #36 (6.0.3)
COMPILED	pt@pluto.ipg 2017-09-27 12:36:15
SIM_START	FS_Competition_Germany_2006_ELD_racedriver_maby	2018-01-28 17:16:43
TIME	0.001
WARNING		PowerTrain OpenXWD: No selected PowerTrainXWD model; calculation using DVA is possible, but without 'integration substepping'
TIME	0.000
SIMULATE	FS_Competition_Germany_2006_ELD_racedriver_maby

TIME	61.154
SIM_END		FS_Competition_Germany_2006_ELD_racedriver_maby	61.153s	784.719m
APPLICATION	CarMaker 6.0.3 - Car_Generic #36 (6.0.3)
COMPILED	pt@pluto.ipg 2017-09-27 12:36:15
SIM_START	FS_Competition_Germany_2006_ELD_racedriver_maby	2018-01-28 17:21:51
TIME	0.001
WARNING		PowerTrain OpenXWD: No selected PowerTrainXWD model; calculation using DVA is possible, but without 'integration substepping'
TIME	0.000
SIMULATE	FS_Competition_Germany_2006_ELD_racedriver_maby

TIME	10.909
ERROR		Roll angle too high (80.09 deg)
SIM_ABORT	FS_Competition_Germany_2006_ELD_racedriver_maby	10.911s	157.963m
APPLICATION	CarMaker 6.0.3 - Car_Generic #36 (6.0.3)
COMPILED	pt@pluto.ipg 2017-09-27 12:36:15
SIM_START	FS_Competition_Germany_2006_ELD_racedriver_maby	2018-01-28 17:23:10
TIME	0.001
WARNING		PowerTrain OpenXWD: No selected PowerTrainXWD model; calculation using DVA is possible, but without 'integration substepping'
TIME	0.000
SIMULATE	FS_Competition_Germany_2006_ELD_racedriver_maby

TIME	51.832
SIM_END		FS_Competition_Germany_2006_ELD_racedriver_maby	51.831s	772.705m
APPLICATION	CarMaker 6.0.3 - Car_Generic #36 (6.0.3)
COMPILED	pt@pluto.ipg 2017-09-27 12:36:15
SIM_START	FS_Competition_Germany_2006_ELD_racedriver_maby	2018-01-28 17:24:49
TIME	0.001
WARNING		PowerTrain OpenXWD: No selected PowerTrainXWD model; calculation using DVA is possible, but without 'integration substepping'
TIME	0.000
SIMULATE	FS_Competition_Germany_2006_ELD_racedriver_maby

TIME	51.920
SIM_END		FS_Competition_Germany_2006_ELD_racedriver_maby	51.919s	773.087m
APPLICATION	CarMaker 6.0.3 - Car_Generic #36 (6.0.3)
COMPILED	pt@pluto.ipg 2017-09-27 12:36:15
SIM_START	FS_Competition_Germany_2006_ELD_racedriver_maby	2018-01-28 17:32:26
TIME	0.001
WARNING		PowerTrain OpenXWD: No selected PowerTrainXWD model; calculation using DVA is possible, but without 'integration substepping'
TIME	0.000
SIMULATE	FS_Competition_Germany_2006_ELD_racedriver_maby

TIME	51.882
SIM_END		FS_Competition_Germany_2006_ELD_racedriver_maby	51.881s	773.107m
APPLICATION	CarMaker 6.0.3 - Car_Generic #36 (6.0.3)
COMPILED	pt@pluto.ipg 2017-09-27 12:36:15
SIM_START	Firgure8_test	2018-01-28 17:36:53
TIME	0.001
WARNING		PowerTrain OpenXWD: No selected PowerTrainXWD model; calculation using DVA is possible, but without 'integration substepping'
TIME	0.000
SIMULATE	Firgure8_test

TIME	6.627
ERROR		Roll angle too high (80.23 deg)
SIM_ABORT	Firgure8_test	6.629s	98.6184m
APPLICATION	CarMaker 6.0.3 - Car_Generic #36 (6.0.3)
COMPILED	pt@pluto.ipg 2017-09-27 12:36:15
SIM_START	Firgure8_test	2018-01-28 17:37:23
TIME	0.001
WARNING		PowerTrain OpenXWD: No selected PowerTrainXWD model; calculation using DVA is possible, but without 'integration substepping'
TIME	0.000
SIMULATE	Firgure8_test

TIME	13.629
SIM_END		Firgure8_test	13.628s	244.768m
APPLICATION	CarMaker 6.0.3 - Car_Generic #36 (6.0.3)
COMPILED	pt@pluto.ipg 2017-09-27 12:36:15
SIM_START	ModelCheck	2018-01-28 17:43:40
TIME	0.001
WARNING		PowerTrain OpenXWD: No selected PowerTrainXWD model; calculation using DVA is possible, but without 'integration substepping'
SIM_END		ModelCheck	0.002s	0m
APPLICATION	CarMaker 6.0.3 - Car_Generic #36 (6.0.3)
COMPILED	pt@pluto.ipg 2017-09-27 12:36:15
SIM_START	ModelCheck	2018-01-28 17:49:55
TIME	0.001
WARNING		PowerTrain OpenXWD: No selected PowerTrainXWD model; calculation using DVA is possible, but without 'integration substepping'
SIM_END		ModelCheck	0.002s	0m
APPLICATION	CarMaker 6.0.3 - Car_Generic #36 (6.0.3)
COMPILED	pt@pluto.ipg 2017-09-27 12:36:15
SIM_START	ModelCheck	2018-01-28 17:52:12
TIME	0.001
WARNING		PowerTrain OpenXWD: No selected PowerTrainXWD model; calculation using DVA is possible, but without 'integration substepping'
ERROR		ModelCheck PowerTrain failed: PT could not be started
SIM_ABORT	ModelCheck	0.002s	0m
APPLICATION	CarMaker 6.0.3 - Car_Generic #36 (6.0.3)
COMPILED	pt@pluto.ipg 2017-09-27 12:36:15
SIM_START	ModelCheck	2018-01-28 17:52:32
TIME	0.001
WARNING		PowerTrain OpenXWD: No selected PowerTrainXWD model; calculation using DVA is possible, but without 'integration substepping'
ERROR		ModelCheck PowerTrain failed: PT could not be started
SIM_ABORT	ModelCheck	0.002s	0m
APPLICATION	CarMaker 6.0.3 - Car_Generic #36 (6.0.3)
COMPILED	pt@pluto.ipg 2017-09-27 12:36:15
SIM_START	FS_Competition_Germany_2006_ELD_racedriver_maby	2018-01-28 17:57:14
TIME	0.001
WARNING		PowerTrain OpenXWD: No selected PowerTrainXWD model; calculation using DVA is possible, but without 'integration substepping'
WARNING		IPGDriver: Correction of reaction time (lateral controller): For basic learning reaction time is set to zero (id=200)
WARNING		IPGDriver: Correction of max. steering vel. (lateral controller): For basic learning max. steering angle is set to 630 deg (id=200)
TIME	0.000
SIMULATE	FS_Competition_Germany_2006_ELD_racedriver_maby

TIME	37.950
WARNING		IPGDriver: Problems with generating speed profile. Destination speed is too small (-26.6 km/h) -> set to 20 km/h (id=200)
TIME	58.360
WARNING		IPGDriver: Problems with generating speed profile. Destination speed is too small (-12.4 km/h) -> set to 20 km/h (id=200)
TIME	77.186
WARNING		IPGDriver: Problems with generating speed profile. Destination speed is too small (-15.5 km/h) -> set to 20 km/h (id=200)
TIME	94.846
WARNING		IPGDriver: Problems with generating speed profile. Destination speed is too small (-11.9 km/h) -> set to 20 km/h (id=200)
TIME	110.701
WARNING		IPGDriver: Problems with generating speed profile. Destination speed is too small (-7.5 km/h) -> set to 20 km/h (id=200)
TIME	125.031
WARNING		IPGDriver: Problems with generating speed profile. Destination speed is too small (-2.4 km/h) -> set to 20 km/h (id=200)
TIME	138.049
WARNING		IPGDriver: Problems with generating speed profile. Destination speed is too small (2.2 km/h) -> set to 20 km/h (id=200)
TIME	149.885
WARNING		IPGDriver: Problems with generating speed profile. Destination speed is too small (6.4 km/h) -> set to 20 km/h (id=200)
TIME	160.660
WARNING		IPGDriver: Problems with generating speed profile. Destination speed is too small (10.1 km/h) -> set to 20 km/h (id=200)
TIME	170.478
WARNING		IPGDriver: Problems with generating speed profile. Destination speed is too small (13.5 km/h) -> set to 20 km/h (id=200)
TIME	179.434
WARNING		IPGDriver: Problems with generating speed profile. Destination speed is too small (16.5 km/h) -> set to 20 km/h (id=200)
TIME	188.131
WARNING		IPGDriver: Problems with generating speed profile. Destination speed is too small (19.2 km/h) -> set to 20 km/h (id=200)
TIME	196.826
WARNING		IPGDriver: Problems with generating speed profile. Destination speed is too small (19.2 km/h) -> set to 20 km/h (id=200)
TIME	205.519
WARNING		IPGDriver: Problems with generating speed profile. Destination speed is too small (19.2 km/h) -> set to 20 km/h (id=200)
TIME	1789.587
WARNING		IPGDriver: DriverMemoryInUse = -840, should be zero. (id=200)
SIM_END		FS_Competition_Germany_2006_ELD_racedriver_maby	1789.59s	18845.4m
APPLICATION	CarMaker 6.0.3 - Car_Generic #36 (6.0.3)
COMPILED	pt@pluto.ipg 2017-09-27 12:36:15
SIM_START	FS_Competition_Germany_2006_ELD_racedriver_maby2	2018-01-28 18:28:11
TIME	0.001
WARNING		PowerTrain OpenXWD: No selected PowerTrainXWD model; calculation using DVA is possible, but without 'integration substepping'
TIME	0.000
SIMULATE	FS_Competition_Germany_2006_ELD_racedriver_maby2

TIME	49.802
SIM_END		FS_Competition_Germany_2006_ELD_racedriver_maby2	49.801s	772.734m
APPLICATION	CarMaker 6.0.3 - Car_Generic #36 (6.0.3)
COMPILED	pt@pluto.ipg 2017-09-27 12:36:15
SIM_START	FS_Competition_Germany_2006_ELD_racedriver_maby2	2018-01-28 18:31:10
TIME	0.001
WARNING		PowerTrain OpenXWD: No selected PowerTrainXWD model; calculation using DVA is possible, but without 'integration substepping'
TIME	0.000
SIMULATE	FS_Competition_Germany_2006_ELD_racedriver_maby2

TIME	49.802
SIM_END		FS_Competition_Germany_2006_ELD_racedriver_maby2	49.801s	772.734m
APPLICATION	CarMaker 6.0.3 - Car_Generic #36 (6.0.3)
COMPILED	pt@pluto.ipg 2017-09-27 12:36:15
SIM_START	FS_Competition_Germany_2006_ELD_racedriver_maby2	2018-01-28 18:33:07
TIME	0.001
WARNING		PowerTrain OpenXWD: No selected PowerTrainXWD model; calculation using DVA is possible, but without 'integration substepping'
TIME	0.000
SIMULATE	FS_Competition_Germany_2006_ELD_racedriver_maby2

TIME	49.140
SIM_END		FS_Competition_Germany_2006_ELD_racedriver_maby2	49.139s	772.197m
APPLICATION	CarMaker 6.0.3 - Car_Generic #36 (6.0.3)
COMPILED	pt@pluto.ipg 2017-09-27 12:36:15
SIM_START	FS_Competition_Germany_2006_ELD_racedriver_maby2	2018-01-28 18:34:23
TIME	0.001
WARNING		PowerTrain OpenXWD: No selected PowerTrainXWD model; calculation using DVA is possible, but without 'integration substepping'
TIME	0.000
SIMULATE	FS_Competition_Germany_2006_ELD_racedriver_maby2

TIME	48.488
SIM_END		FS_Competition_Germany_2006_ELD_racedriver_maby2	48.487s	771.62m
APPLICATION	CarMaker 6.0.3 - Car_Generic #36 (6.0.3)
COMPILED	pt@pluto.ipg 2017-09-27 12:36:15
SIM_START	FS_Competition_Germany_2006_ELD_racedriver_maby2	2018-01-28 18:42:38
TIME	0.001
WARNING		PowerTrain OpenXWD: No selected PowerTrainXWD model; calculation using DVA is possible, but without 'integration substepping'
TIME	0.000
SIMULATE	FS_Competition_Germany_2006_ELD_racedriver_maby2

TIME	4.964
SIM_END		FS_Competition_Germany_2006_ELD_racedriver_maby2	4.96s	67.9148m
APPLICATION	CarMaker 6.0.3 - Car_Generic #36 (6.0.3)
COMPILED	pt@pluto.ipg 2017-09-27 12:36:15
SIM_START	FS_Competition_Germany_2006_ELD_racedriver_maby2	2018-01-28 18:43:21
TIME	0.001
WARNING		PowerTrain OpenXWD: No selected PowerTrainXWD model; calculation using DVA is possible, but without 'integration substepping'
TIME	0.000
SIMULATE	FS_Competition_Germany_2006_ELD_racedriver_maby2

TIME	48.488
SIM_END		FS_Competition_Germany_2006_ELD_racedriver_maby2	48.487s	771.62m
APPLICATION	CarMaker 6.0.3 - Car_Generic #36 (6.0.3)
COMPILED	pt@pluto.ipg 2017-09-27 12:36:15
SIM_START	FS_Competition_Germany_2006_ELD_racedriver_maby2	2018-01-28 18:46:06
TIME	0.001
WARNING		PowerTrain OpenXWD: No selected PowerTrainXWD model; calculation using DVA is possible, but without 'integration substepping'
TIME	0.000
SIMULATE	FS_Competition_Germany_2006_ELD_racedriver_maby2

TIME	48.488
SIM_END		FS_Competition_Germany_2006_ELD_racedriver_maby2	48.487s	771.62m
APPLICATION	CarMaker 6.0.3 - Car_Generic #36 (6.0.3)
COMPILED	pt@pluto.ipg 2017-09-27 12:36:15
SIM_START	FS_Competition_Germany_2006_ELD_racedriver_maby2	2018-01-28 19:08:26
TIME	0.001
WARNING		PowerTrain OpenXWD: No selected PowerTrainXWD model; calculation using DVA is possible, but without 'integration substepping'
TIME	0.000
SIMULATE	FS_Competition_Germany_2006_ELD_racedriver_maby2

TIME	10.982
ERROR		Vehicle leaves road at about x=158.098, y=-24.1097 TireNo=1
SIM_ABORT	FS_Competition_Germany_2006_ELD_racedriver_maby2	10.984s	178.214m
APPLICATION	CarMaker 6.0.3 - Car_Generic #36 (6.0.3)
COMPILED	pt@pluto.ipg 2017-09-27 12:36:15
SIM_START	FS_Competition_Germany_2006_ELD_racedriver_maby2	2018-01-28 19:09:02
TIME	0.001
WARNING		PowerTrain OpenXWD: No selected PowerTrainXWD model; calculation using DVA is possible, but without 'integration substepping'
TIME	0.000
SIMULATE	FS_Competition_Germany_2006_ELD_racedriver_maby2

TIME	56.519
SIM_END		FS_Competition_Germany_2006_ELD_racedriver_maby2	56.518s	778.518m
APPLICATION	CarMaker 6.0.3 - Car_Generic #36 (6.0.3)
COMPILED	pt@pluto.ipg 2017-09-27 12:36:15
SIM_START	Firgure8_test	2018-01-28 19:11:12
TIME	0.001
WARNING		PowerTrain OpenXWD: No selected PowerTrainXWD model; calculation using DVA is possible, but without 'integration substepping'
TIME	0.000
SIMULATE	Firgure8_test

TIME	6.479
ERROR		Roll angle too high (80.15 deg)
SIM_ABORT	Firgure8_test	6.481s	98.694m
