

SYSTEM_START	-	DESKTOP-E3L8D03	DESKTOP-E3L8D03	2018-01-26 16:06:13


SYSTEM_INFO	CarMaker 6.0.3 - Car_Generic #33	pt@pluto.ipg 2017-09-27 12:31:10	(6.0.3 pt@pluto.ipg 2017-09-27 12:30:44)
SIM	1516979174	DESKTOP-E3L8D03			0	0	0
SIM	1516979369	DESKTOP-E3L8D03	OAR	unknown	1	0	0
SIM	1516979429	DESKTOP-E3L8D03	OAR	unknown	0	4.5	0.00279743
SIM	1516979899	DESKTOP-E3L8D03	OAR	unknown	0	4.5	0.00279743
SIM	1516980073	DESKTOP-E3L8D03	OAR	unknown	0	8.955	0.00697596
SIM	1516980131	DESKTOP-E3L8D03	OAR	unknown	0	57.21	0.0519914
SIM	1516980202	DESKTOP-E3L8D03	OAR	unknown	0	169.878	0.157107


SYSTEM_START	-	DESKTOP-E3L8D03	DESKTOP-E3L8D03	2018-01-26 16:28:15


SYSTEM_INFO	CarMaker 6.0.3 - Car_Generic #36	pt@pluto.ipg 2017-09-27 12:36:15	(6.0.3 pt@pluto.ipg 2017-09-27 12:33:26)
SIM	1516980496	DESKTOP-E3L8D03	OAR	unknown	0	28.63	208.096


SYSTEM_START	-	DESKTOP-E3L8D03	DESKTOP-E3L8D03	2018-01-26 16:29:43


SYSTEM_INFO	CarMaker 6.0.3 - Car_Generic #36	pt@pluto.ipg 2017-09-27 12:36:15	(6.0.3 pt@pluto.ipg 2017-09-27 12:33:26)
SIM	1516980583	DESKTOP-E3L8D03	OAR	unknown	1	11.362	113.385


SYSTEM_START	-	DESKTOP-E3L8D03	DESKTOP-E3L8D03	2018-01-26 16:30:04


SYSTEM_INFO	CarMaker 6.0.3 - Car_Generic #36	pt@pluto.ipg 2017-09-27 12:36:15	(6.0.3 pt@pluto.ipg 2017-09-27 12:33:26)
SIM	1516980604	DESKTOP-E3L8D03	OAR	unknown	1	11.362	113.385


SYSTEM_START	-	DESKTOP-E3L8D03	DESKTOP-E3L8D03	2018-01-26 16:31:12


SYSTEM_INFO	CarMaker 6.0.3 - Car_Generic #36	pt@pluto.ipg 2017-09-27 12:36:15	(6.0.3 pt@pluto.ipg 2017-09-27 12:33:26)
SIM	1516980673	DESKTOP-E3L8D03	OAR	unknown	1	11.362	113.385


SYSTEM_START	-	DESKTOP-E3L8D03	DESKTOP-E3L8D03	2018-01-26 16:31:48


SYSTEM_INFO	CarMaker 6.0.3 - Car_Generic #36	pt@pluto.ipg 2017-09-27 12:36:15	(6.0.3 pt@pluto.ipg 2017-09-27 12:33:26)
SIM	1516980708	DESKTOP-E3L8D03	OAR	unknown	1	11.362	113.385


SYSTEM_START	-	DESKTOP-E3L8D03	DESKTOP-E3L8D03	2018-01-26 16:33:08


SYSTEM_INFO	CarMaker 6.0.3 - Car_Generic #36	pt@pluto.ipg 2017-09-27 12:36:15	(6.0.3 pt@pluto.ipg 2017-09-27 12:33:26)
SIM	1516980788	DESKTOP-E3L8D03	OAR	unknown	0	10.05	104.491


SYSTEM_START	-	DESKTOP-E3L8D03	DESKTOP-E3L8D03	2018-01-26 16:33:47


SYSTEM_INFO	CarMaker 6.0.3 - Car_Generic #36	pt@pluto.ipg 2017-09-27 12:36:15	(6.0.3 pt@pluto.ipg 2017-09-27 12:33:26)
SIM	1516980827	DESKTOP-E3L8D03	OAR	unknown	1	15.776	211.87


SYSTEM_START	-	DESKTOP-E3L8D03	DESKTOP-E3L8D03	2018-01-26 16:39:05


SYSTEM_INFO	CarMaker 6.0.3 - Car_Generic #36	pt@pluto.ipg 2017-09-27 12:36:15	(6.0.3 pt@pluto.ipg 2017-09-27 12:33:26)
SIM	1516981146	DESKTOP-E3L8D03	OAR	unknown	2	0	0


SYSTEM_START	-	DESKTOP-E3L8D03	DESKTOP-E3L8D03	2018-01-26 16:40:26


SYSTEM_INFO	CarMaker 6.0.3 - Car_Generic #36	pt@pluto.ipg 2017-09-27 12:36:15	(6.0.3 pt@pluto.ipg 2017-09-27 12:33:26)
SIM	1516981226	DESKTOP-E3L8D03	OAR	unknown	2	0	0


SYSTEM_START	-	DESKTOP-E3L8D03	DESKTOP-E3L8D03	2018-01-26 16:40:51


SYSTEM_INFO	CarMaker 6.0.3 - Car_Generic #36	pt@pluto.ipg 2017-09-27 12:36:15	(6.0.3 pt@pluto.ipg 2017-09-27 12:33:26)
SIM	1516981251	DESKTOP-E3L8D03	OAR	unknown	0	1696.5	18287.5


SYSTEM_START	-	DESKTOP-E3L8D03	DESKTOP-E3L8D03	2018-01-26 17:19:37


SYSTEM_INFO	CarMaker 6.0.3 - Car_Generic #36	pt@pluto.ipg 2017-09-27 12:36:15	(6.0.3 pt@pluto.ipg 2017-09-27 12:33:26)
SIM	1516983577	DESKTOP-E3L8D03	OAR	unknown	1	52.336	728.105


SYSTEM_START	-	DESKTOP-E3L8D03	DESKTOP-E3L8D03	2018-01-26 17:20:55


SYSTEM_INFO	CarMaker 6.0.3 - Car_Generic #36	pt@pluto.ipg 2017-09-27 12:36:15	(6.0.3 pt@pluto.ipg 2017-09-27 12:33:26)
SIM	1516983656	DESKTOP-E3L8D03	OAR	unknown	0	57.419	777.832


SYSTEM_START	-	DESKTOP-E3L8D03	DESKTOP-E3L8D03	2018-01-26 17:25:05


SYSTEM_INFO	CarMaker 6.0.3 - Car_Generic #36	pt@pluto.ipg 2017-09-27 12:36:15	(6.0.3 pt@pluto.ipg 2017-09-27 12:33:26)
SIM	1516983905	DESKTOP-E3L8D03	OAR	unknown	1	8.24	92.3641


SYSTEM_START	-	DESKTOP-E3L8D03	DESKTOP-E3L8D03	2018-01-26 17:26:17


SYSTEM_INFO	CarMaker 6.0.3 - Car_Generic #36	pt@pluto.ipg 2017-09-27 12:36:15	(6.0.3 pt@pluto.ipg 2017-09-27 12:33:26)
SIM	1516983978	DESKTOP-E3L8D03	OAR	unknown	1	7.897	91.3556


SYSTEM_START	-	DESKTOP-E3L8D03	DESKTOP-E3L8D03	2018-01-26 17:27:24


SYSTEM_INFO	CarMaker 6.0.3 - Car_Generic #36	pt@pluto.ipg 2017-09-27 12:36:15	(6.0.3 pt@pluto.ipg 2017-09-27 12:33:26)
SIM	1516984044	DESKTOP-E3L8D03	OAR	unknown	1	7.897	91.3556


SYSTEM_START	-	DESKTOP-E3L8D03	DESKTOP-E3L8D03	2018-01-26 17:29:18


SYSTEM_INFO	CarMaker 6.0.3 - Car_Generic #36	pt@pluto.ipg 2017-09-27 12:36:15	(6.0.3 pt@pluto.ipg 2017-09-27 12:33:26)
SIM	1516984158	DESKTOP-E3L8D03	OAR	unknown	1	7.897	91.3556


SYSTEM_START	-	DESKTOP-E3L8D03	DESKTOP-E3L8D03	2018-01-26 17:32:23


SYSTEM_INFO	CarMaker 6.0.3 - Car_Generic #36	pt@pluto.ipg 2017-09-27 12:36:15	(6.0.3 pt@pluto.ipg 2017-09-27 12:33:26)
SIM	1516984343	DESKTOP-E3L8D03	OAR	unknown	0	68.025	786.431


SYSTEM_START	-	DESKTOP-E3L8D03	DESKTOP-E3L8D03	2018-01-26 17:34:16


SYSTEM_INFO	CarMaker 6.0.3 - Car_Generic #36	pt@pluto.ipg 2017-09-27 12:36:15	(6.0.3 pt@pluto.ipg 2017-09-27 12:33:26)
SIM	1516984456	DESKTOP-E3L8D03	OAR	unknown	0	68.025	786.431


SYSTEM_START	-	DESKTOP-E3L8D03	DESKTOP-E3L8D03	2018-01-26 17:35:54


SYSTEM_INFO	CarMaker 6.0.3 - Car_Generic #36	pt@pluto.ipg 2017-09-27 12:36:15	(6.0.3 pt@pluto.ipg 2017-09-27 12:33:26)
SIM	1516984554	DESKTOP-E3L8D03	OAR	unknown	0	67.903	785.594


SYSTEM_START	-	DESKTOP-E3L8D03	DESKTOP-E3L8D03	2018-01-26 17:37:56


SYSTEM_INFO	CarMaker 6.0.3 - Car_Generic #36	pt@pluto.ipg 2017-09-27 12:36:15	(6.0.3 pt@pluto.ipg 2017-09-27 12:33:26)
SIM	1516984676	DESKTOP-E3L8D03	OAR	unknown	0	67.421	782.241


SYSTEM_START	-	DESKTOP-E3L8D03	DESKTOP-E3L8D03	2018-01-26 17:43:15


SYSTEM_INFO	CarMaker 6.0.3 - Car_Generic #36	pt@pluto.ipg 2017-09-27 12:36:15	(6.0.3 pt@pluto.ipg 2017-09-27 12:33:26)
SIM	1516984995	DESKTOP-E3L8D03	OAR	unknown	0	52.154	773.941


SYSTEM_START	-	DESKTOP-E3L8D03	DESKTOP-E3L8D03	2018-01-26 17:48:11


SYSTEM_INFO	CarMaker 6.0.3 - Car_Generic #36	pt@pluto.ipg 2017-09-27 12:36:15	(6.0.3 pt@pluto.ipg 2017-09-27 12:33:26)
SIM	1516985291	DESKTOP-E3L8D03	OAR	unknown	1	13.983	206.727


SYSTEM_START	-	DESKTOP-E3L8D03	DESKTOP-E3L8D03	2018-01-26 17:48:54


SYSTEM_INFO	CarMaker 6.0.3 - Car_Generic #36	pt@pluto.ipg 2017-09-27 12:36:15	(6.0.3 pt@pluto.ipg 2017-09-27 12:33:26)
SIM	1516985334	DESKTOP-E3L8D03	OAR	unknown	0	52.154	773.941


SYSTEM_START	-	DESKTOP-E3L8D03	DESKTOP-E3L8D03	2018-01-26 18:02:39


SYSTEM_INFO	CarMaker 6.0.3 - Car_Generic #36	pt@pluto.ipg 2017-09-27 12:36:15	(6.0.3 pt@pluto.ipg 2017-09-27 12:33:26)
SIM	1516986159	DESKTOP-E3L8D03	OAR	unknown	0	52.154	773.941


SYSTEM_START	-	DESKTOP-E3L8D03	DESKTOP-E3L8D03	2018-01-26 18:32:43


SYSTEM_INFO	CarMaker 6.0.3 - Car_Generic #36	pt@pluto.ipg 2017-09-27 12:36:15	(6.0.3 pt@pluto.ipg 2017-09-27 12:33:26)
SIM	1516987963	DESKTOP-E3L8D03	OAR	unknown	0	7.648	96.282


SYSTEM_START	-	DESKTOP-E3L8D03	DESKTOP-E3L8D03	2018-01-26 18:34:13


SYSTEM_INFO	CarMaker 6.0.3 - Car_Generic #36	pt@pluto.ipg 2017-09-27 12:36:15	(6.0.3 pt@pluto.ipg 2017-09-27 12:33:26)
SIM	1516988053	DESKTOP-E3L8D03	OAR	unknown	0	52.154	773.941


SYSTEM_START	-	DESKTOP-E3L8D03	DESKTOP-E3L8D03	2018-01-26 18:36:45


SYSTEM_INFO	CarMaker 6.0.3 - Car_Generic #36	pt@pluto.ipg 2017-09-27 12:36:15	(6.0.3 pt@pluto.ipg 2017-09-27 12:33:26)
SIM	1516988205	DESKTOP-E3L8D03	OAR	unknown	0	2.043	17.9444


SYSTEM_START	-	DESKTOP-E3L8D03	DESKTOP-E3L8D03	2018-01-26 20:54:29


SYSTEM_INFO	CarMaker 6.0.3 - Car_Generic #36	pt@pluto.ipg 2017-09-27 12:36:15	(6.0.3 pt@pluto.ipg 2017-09-27 12:33:26)
SIM	1516996470	DESKTOP-E3L8D03	OAR	unknown	0	1685.44	18138.1


SYSTEM_START	-	DESKTOP-E3L8D03	DESKTOP-E3L8D03	2018-01-26 21:27:05


SYSTEM_INFO	CarMaker 6.0.3 - Car_Generic #36	pt@pluto.ipg 2017-09-27 12:36:15	(6.0.3 pt@pluto.ipg 2017-09-27 12:33:26)
SIM	1516998425	DESKTOP-E3L8D03	OAR	unknown	1	3.663	45.4162


SYSTEM_START	-	DESKTOP-E3L8D03	DESKTOP-E3L8D03	2018-01-26 21:28:32


SYSTEM_INFO	CarMaker 6.0.3 - Car_Generic #36	pt@pluto.ipg 2017-09-27 12:36:15	(6.0.3 pt@pluto.ipg 2017-09-27 12:33:26)
SIM	1516998512	DESKTOP-E3L8D03	OAR	unknown	1	50.648	736.634


SYSTEM_START	-	DESKTOP-E3L8D03	DESKTOP-E3L8D03	2018-01-26 21:30:30


SYSTEM_INFO	CarMaker 6.0.3 - Car_Generic #36	pt@pluto.ipg 2017-09-27 12:36:15	(6.0.3 pt@pluto.ipg 2017-09-27 12:33:26)
SIM	1516998630	DESKTOP-E3L8D03	OAR	unknown	1	49.302	735.869


SYSTEM_START	-	DESKTOP-E3L8D03	DESKTOP-E3L8D03	2018-01-26 21:31:51


SYSTEM_INFO	CarMaker 6.0.3 - Car_Generic #36	pt@pluto.ipg 2017-09-27 12:36:15	(6.0.3 pt@pluto.ipg 2017-09-27 12:33:26)
SIM	1516998711	DESKTOP-E3L8D03	OAR	unknown	0	13.935	215.231


SYSTEM_START	-	DESKTOP-E3L8D03	DESKTOP-E3L8D03	2018-01-26 21:33:13


SYSTEM_INFO	CarMaker 6.0.3 - Car_Generic #36	pt@pluto.ipg 2017-09-27 12:36:15	(6.0.3 pt@pluto.ipg 2017-09-27 12:33:26)
SIM	1516998793	DESKTOP-E3L8D03	OAR	unknown	1	49.302	735.869


SYSTEM_START	-	DESKTOP-E3L8D03	DESKTOP-E3L8D03	2018-01-26 21:38:40


SYSTEM_INFO	CarMaker 6.0.3 - Car_Generic #36	pt@pluto.ipg 2017-09-27 12:36:15	(6.0.3 pt@pluto.ipg 2017-09-27 12:33:26)
SIM	1516999120	DESKTOP-E3L8D03	OAR	Examples/VehicleDynamics/_QuickStartGuide/Step1_Scenario	2	0	0


SYSTEM_START	-	DESKTOP-E3L8D03	DESKTOP-E3L8D03	2018-01-26 21:39:39


SYSTEM_INFO	CarMaker 6.0.3 - Car_Generic #36	pt@pluto.ipg 2017-09-27 12:36:15	(6.0.3 pt@pluto.ipg 2017-09-27 12:33:26)
SIM	1516999179	DESKTOP-E3L8D03	OAR	FS_Competition_Germany_2006_ELD_racedriver_maby2	1	49.302	735.869


SYSTEM_START	-	DESKTOP-E3L8D03	DESKTOP-E3L8D03	2018-01-26 21:42:00


SYSTEM_INFO	CarMaker 6.0.3 - Car_Generic #36	pt@pluto.ipg 2017-09-27 12:36:15	(6.0.3 pt@pluto.ipg 2017-09-27 12:33:26)
SIM	1516999320	DESKTOP-E3L8D03	OAR	FS_Competition_Germany_2006_ELD_racedriver_maby2	0	34.737	499.405


SYSTEM_START	-	DESKTOP-E3L8D03	DESKTOP-E3L8D03	2018-01-27 17:48:29


SYSTEM_INFO	CarMaker 6.0.3 - Car_Generic #36	pt@pluto.ipg 2017-09-27 12:36:15	(6.0.3 pt@pluto.ipg 2017-09-27 12:33:26)
SIM	1517071709	DESKTOP-E3L8D03	OAR	FS_Competition_Germany_2006_ELD_racedriver_maby2	0	52.211	773.457


SYSTEM_START	-	DESKTOP-E3L8D03	DESKTOP-E3L8D03	2018-01-27 17:50:40


SYSTEM_INFO	CarMaker 6.0.3 - Car_Generic #36	pt@pluto.ipg 2017-09-27 12:36:15	(6.0.3 pt@pluto.ipg 2017-09-27 12:33:26)
SIM	1517071840	DESKTOP-E3L8D03	OAR	FS_Competition_Germany_2006_ELD_racedriver_maby2	1	15.345	221.993


SYSTEM_START	-	DESKTOP-E3L8D03	DESKTOP-E3L8D03	2018-01-27 17:51:39


SYSTEM_INFO	CarMaker 6.0.3 - Car_Generic #36	pt@pluto.ipg 2017-09-27 12:36:15	(6.0.3 pt@pluto.ipg 2017-09-27 12:33:26)
SIM	1517071899	DESKTOP-E3L8D03	OAR	FS_Competition_Germany_2006_ELD_racedriver_maby2	1	15.98	225.542


SYSTEM_START	-	DESKTOP-E3L8D03	DESKTOP-E3L8D03	2018-01-27 17:54:45


SYSTEM_INFO	CarMaker 6.0.3 - Car_Generic #36	pt@pluto.ipg 2017-09-27 12:36:15	(6.0.3 pt@pluto.ipg 2017-09-27 12:33:26)
SIM	1517072085	DESKTOP-E3L8D03	OAR	FS_Competition_Germany_2006_ELD_racedriver_maby2	0	52.746	774.604


SYSTEM_START	-	DESKTOP-E3L8D03	DESKTOP-E3L8D03	2018-01-27 18:09:31


SYSTEM_INFO	CarMaker 6.0.3 - Car_Generic #36	pt@pluto.ipg 2017-09-27 12:36:15	(6.0.3 pt@pluto.ipg 2017-09-27 12:33:26)
SIM	1517072971	DESKTOP-E3L8D03	OAR	FS_Competition_Germany_2006_ELD_racedriver_maby2	1	15.373	232.2


SYSTEM_START	-	DESKTOP-E3L8D03	DESKTOP-E3L8D03	2018-01-27 18:10:53


SYSTEM_INFO	CarMaker 6.0.3 - Car_Generic #36	pt@pluto.ipg 2017-09-27 12:36:15	(6.0.3 pt@pluto.ipg 2017-09-27 12:33:26)
SIM	1517073053	DESKTOP-E3L8D03	OAR	FS_Competition_Germany_2006_ELD_racedriver_maby2	0	8.043	103.769


SYSTEM_START	-	DESKTOP-E3L8D03	DESKTOP-E3L8D03	2018-01-27 18:30:54


SYSTEM_INFO	CarMaker 6.0.3 - Car_Generic #36	pt@pluto.ipg 2017-09-27 12:36:15	(6.0.3 pt@pluto.ipg 2017-09-27 12:33:26)
SIM	1517074254	DESKTOP-E3L8D03	OAR	FS_Competition_Germany_2006_ELD_racedriver_maby2	0	0	0


SYSTEM_START	-	DESKTOP-E3L8D03	DESKTOP-E3L8D03	2018-01-27 19:05:22


SYSTEM_INFO	CarMaker 6.0.3 - Car_Generic #36	pt@pluto.ipg 2017-09-27 12:36:15	(6.0.3 pt@pluto.ipg 2017-09-27 12:33:26)
SIM	1517076322	DESKTOP-E3L8D03	OAR	FS_Competition_Germany_2006_ELD_racedriver_maby2	0	0	0


SYSTEM_START	-	DESKTOP-E3L8D03	DESKTOP-E3L8D03	2018-01-27 19:23:20


SYSTEM_INFO	CarMaker 6.0.3 - Car_Generic #36	pt@pluto.ipg 2017-09-27 12:36:15	(6.0.3 pt@pluto.ipg 2017-09-27 12:33:26)
SIM	1517077400	DESKTOP-E3L8D03	OAR	FS_Competition_Germany_2006_ELD_racedriver_maby2	0	0	0


SYSTEM_START	-	DESKTOP-E3L8D03	DESKTOP-E3L8D03	2018-01-27 19:25:36


SYSTEM_INFO	CarMaker 6.0.3 - Car_Generic #36	pt@pluto.ipg 2017-09-27 12:36:15	(6.0.3 pt@pluto.ipg 2017-09-27 12:33:26)
SIM	1517077537	DESKTOP-E3L8D03	OAR	FS_Competition_Germany_2006_ELD_racedriver_maby2	0	0	0


SYSTEM_START	-	DESKTOP-E3L8D03	DESKTOP-E3L8D03	2018-01-27 19:42:07


SYSTEM_INFO	CarMaker 6.0.3 - Car_Generic #36	pt@pluto.ipg 2017-09-27 12:36:15	(6.0.3 pt@pluto.ipg 2017-09-27 12:33:26)
SIM	1517078527	DESKTOP-E3L8D03	OAR	FS_Competition_Germany_2006_ELD_racedriver_maby2	0	0	0


SYSTEM_START	-	DESKTOP-E3L8D03	DESKTOP-E3L8D03	2018-01-27 19:52:35


SYSTEM_INFO	CarMaker 6.0.3 - Car_Generic #36	pt@pluto.ipg 2017-09-27 12:36:15	(6.0.3 pt@pluto.ipg 2017-09-27 12:33:26)
SIM	1517079155	DESKTOP-E3L8D03	OAR	FS_Competition_Germany_2006_ELD_racedriver_maby2	1	15.373	232.2


SYSTEM_START	-	DESKTOP-E3L8D03	DESKTOP-E3L8D03	2018-01-27 19:55:39


SYSTEM_INFO	CarMaker 6.0.3 - Car_Generic #36	pt@pluto.ipg 2017-09-27 12:36:15	(6.0.3 pt@pluto.ipg 2017-09-27 12:33:26)
SIM	1517079339	DESKTOP-E3L8D03	OAR	FS_Competition_Germany_2006_ELD_racedriver_maby2	1	15.373	232.2


SYSTEM_START	-	DESKTOP-E3L8D03	DESKTOP-E3L8D03	2018-01-27 19:56:42


SYSTEM_INFO	CarMaker 6.0.3 - Car_Generic #36	pt@pluto.ipg 2017-09-27 12:36:15	(6.0.3 pt@pluto.ipg 2017-09-27 12:33:26)
SIM	1517079402	DESKTOP-E3L8D03	OAR	FS_Competition_Germany_2006_ELD_racedriver_maby2	0	13.027	197.86


SYSTEM_START	-	DESKTOP-E3L8D03	DESKTOP-E3L8D03	2018-01-28 13:52:56


SYSTEM_INFO	CarMaker 6.0.3 - Car_Generic #33	pt@pluto.ipg 2017-09-27 12:31:10	(6.0.3 pt@pluto.ipg 2017-09-27 12:30:44)
SIM	1517143976	DESKTOP-E3L8D03			0	0	0
SIM	1517144170	DESKTOP-E3L8D03	OAR	unknown	0	2772.32	2.15373
SIM	1517146962	DESKTOP-E3L8D03	OAR	unknown	0	13.693	0.00471646


SYSTEM_START	-	DESKTOP-E3L8D03	DESKTOP-E3L8D03	2018-01-28 14:46:41


SYSTEM_INFO	CarMaker 6.0.3 - Car_Generic #36	pt@pluto.ipg 2017-09-27 12:36:15	(6.0.3 pt@pluto.ipg 2017-09-27 12:33:26)
SIM	1517147201	DESKTOP-E3L8D03	OAR	Firgure8_test	1	4.727	75.066


SYSTEM_START	-	DESKTOP-E3L8D03	DESKTOP-E3L8D03	2018-01-28 14:48:46


SYSTEM_INFO	CarMaker 6.0.3 - Car_Generic #36	pt@pluto.ipg 2017-09-27 12:36:15	(6.0.3 pt@pluto.ipg 2017-09-27 12:33:26)
SIM	1517147326	DESKTOP-E3L8D03	OAR	Firgure8_test	1	4.727	75.066


SYSTEM_START	-	DESKTOP-E3L8D03	DESKTOP-E3L8D03	2018-01-28 14:49:57


SYSTEM_INFO	CarMaker 6.0.3 - Car_Generic #36	pt@pluto.ipg 2017-09-27 12:36:15	(6.0.3 pt@pluto.ipg 2017-09-27 12:33:26)
SIM	1517147397	DESKTOP-E3L8D03	OAR	Firgure8_test	1	6.762	99.95


SYSTEM_START	-	DESKTOP-E3L8D03	DESKTOP-E3L8D03	2018-01-28 15:57:47


SYSTEM_INFO	CarMaker 6.0.3 - Car_Generic #36	pt@pluto.ipg 2017-09-27 12:36:15	(6.0.3 pt@pluto.ipg 2017-09-27 12:33:26)
SIM	1517151467	DESKTOP-E3L8D03	OAR	Firgure8_test	1	6.762	99.95


SYSTEM_START	-	DESKTOP-E3L8D03	DESKTOP-E3L8D03	2018-01-28 16:01:50


SYSTEM_INFO	CarMaker 6.0.3 - Car_Generic #36	pt@pluto.ipg 2017-09-27 12:36:15	(6.0.3 pt@pluto.ipg 2017-09-27 12:33:26)
SIM	1517151710	DESKTOP-E3L8D03	OAR	Firgure8_test	1	6.42	97.6115


SYSTEM_START	-	DESKTOP-E3L8D03	DESKTOP-E3L8D03	2018-01-28 16:03:39


SYSTEM_INFO	CarMaker 6.0.3 - Car_Generic #36	pt@pluto.ipg 2017-09-27 12:36:15	(6.0.3 pt@pluto.ipg 2017-09-27 12:33:26)
SIM	1517151819	DESKTOP-E3L8D03	OAR	Firgure8_test	1	4.246	73.4515


SYSTEM_START	-	DESKTOP-E3L8D03	DESKTOP-E3L8D03	2018-01-28 16:04:25


SYSTEM_INFO	CarMaker 6.0.3 - Car_Generic #36	pt@pluto.ipg 2017-09-27 12:36:15	(6.0.3 pt@pluto.ipg 2017-09-27 12:33:26)
SIM	1517151865	DESKTOP-E3L8D03	OAR	Firgure8_test	0	28.668	243.951


SYSTEM_START	-	DESKTOP-E3L8D03	DESKTOP-E3L8D03	2018-01-28 16:05:55


SYSTEM_INFO	CarMaker 6.0.3 - Car_Generic #36	pt@pluto.ipg 2017-09-27 12:36:15	(6.0.3 pt@pluto.ipg 2017-09-27 12:33:26)
SIM	1517151955	DESKTOP-E3L8D03	OAR	Firgure8_test	1	4.246	74.2794


SYSTEM_START	-	DESKTOP-E3L8D03	DESKTOP-E3L8D03	2018-01-28 16:09:27


SYSTEM_INFO	CarMaker 6.0.3 - Car_Generic #36	pt@pluto.ipg 2017-09-27 12:36:15	(6.0.3 pt@pluto.ipg 2017-09-27 12:33:26)
SIM	1517152167	DESKTOP-E3L8D03	OAR	Firgure8_test	4	0	0


SYSTEM_START	-	DESKTOP-E3L8D03	DESKTOP-E3L8D03	2018-01-28 16:09:53


SYSTEM_INFO	CarMaker 6.0.3 - Car_Generic #36	pt@pluto.ipg 2017-09-27 12:36:15	(6.0.3 pt@pluto.ipg 2017-09-27 12:33:26)
SIM	1517152193	DESKTOP-E3L8D03	OAR	Firgure8_test	1	4.069	72.3857


SYSTEM_START	-	DESKTOP-E3L8D03	DESKTOP-E3L8D03	2018-01-28 16:14:27


SYSTEM_INFO	CarMaker 6.0.3 - Car_Generic #36	pt@pluto.ipg 2017-09-27 12:36:15	(6.0.3 pt@pluto.ipg 2017-09-27 12:33:26)
SIM	1517152467	DESKTOP-E3L8D03	OAR	FS_Competition_Germany_2006_ELD_racedriver_maby	0	33.68	485.276


SYSTEM_START	-	DESKTOP-E3L8D03	DESKTOP-E3L8D03	2018-01-28 16:16:48


SYSTEM_INFO	CarMaker 6.0.3 - Car_Generic #36	pt@pluto.ipg 2017-09-27 12:36:15	(6.0.3 pt@pluto.ipg 2017-09-27 12:33:26)
SIM	1517152608	DESKTOP-E3L8D03	OAR	FS_Competition_Germany_2006_ELD_racedriver_maby	1	17.001	234.575


SYSTEM_START	-	DESKTOP-E3L8D03	DESKTOP-E3L8D03	2018-01-28 16:17:47


SYSTEM_INFO	CarMaker 6.0.3 - Car_Generic #36	pt@pluto.ipg 2017-09-27 12:36:15	(6.0.3 pt@pluto.ipg 2017-09-27 12:33:26)
SIM	1517152668	DESKTOP-E3L8D03	OAR	FS_Competition_Germany_2006_ELD_racedriver_maby	1	13.512	177.436


SYSTEM_START	-	DESKTOP-E3L8D03	DESKTOP-E3L8D03	2018-01-28 17:04:23


SYSTEM_INFO	CarMaker 6.0.3 - Car_Generic #36	pt@pluto.ipg 2017-09-27 12:36:15	(6.0.3 pt@pluto.ipg 2017-09-27 12:33:26)
SIM	1517155463	DESKTOP-E3L8D03	OAR	FS_Competition_Germany_2006_ELD_racedriver_maby	1	18.333	254.633


SYSTEM_START	-	DESKTOP-E3L8D03	DESKTOP-E3L8D03	2018-01-28 17:10:53


SYSTEM_INFO	CarMaker 6.0.3 - Car_Generic #36	pt@pluto.ipg 2017-09-27 12:36:15	(6.0.3 pt@pluto.ipg 2017-09-27 12:33:26)
SIM	1517155853	DESKTOP-E3L8D03	OAR	FS_Competition_Germany_2006_ELD_racedriver_maby	1	13.266	163.941


SYSTEM_START	-	DESKTOP-E3L8D03	DESKTOP-E3L8D03	2018-01-28 17:14:23


SYSTEM_INFO	CarMaker 6.0.3 - Car_Generic #36	pt@pluto.ipg 2017-09-27 12:36:15	(6.0.3 pt@pluto.ipg 2017-09-27 12:33:26)
SIM	1517156064	DESKTOP-E3L8D03	OAR	FS_Competition_Germany_2006_ELD_racedriver_maby	1	18.039	251.663


SYSTEM_START	-	DESKTOP-E3L8D03	DESKTOP-E3L8D03	2018-01-28 17:15:23


SYSTEM_INFO	CarMaker 6.0.3 - Car_Generic #36	pt@pluto.ipg 2017-09-27 12:36:15	(6.0.3 pt@pluto.ipg 2017-09-27 12:33:26)
SIM	1517156123	DESKTOP-E3L8D03	OAR	FS_Competition_Germany_2006_ELD_racedriver_maby	1	12.218	159.065


SYSTEM_START	-	DESKTOP-E3L8D03	DESKTOP-E3L8D03	2018-01-28 17:16:42


SYSTEM_INFO	CarMaker 6.0.3 - Car_Generic #36	pt@pluto.ipg 2017-09-27 12:36:15	(6.0.3 pt@pluto.ipg 2017-09-27 12:33:26)
SIM	1517156203	DESKTOP-E3L8D03	OAR	FS_Competition_Germany_2006_ELD_racedriver_maby	0	61.153	784.719


SYSTEM_START	-	DESKTOP-E3L8D03	DESKTOP-E3L8D03	2018-01-28 17:21:51


SYSTEM_INFO	CarMaker 6.0.3 - Car_Generic #36	pt@pluto.ipg 2017-09-27 12:36:15	(6.0.3 pt@pluto.ipg 2017-09-27 12:33:26)
SIM	1517156511	DESKTOP-E3L8D03	OAR	FS_Competition_Germany_2006_ELD_racedriver_maby	1	10.911	157.963


SYSTEM_START	-	DESKTOP-E3L8D03	DESKTOP-E3L8D03	2018-01-28 17:23:10


SYSTEM_INFO	CarMaker 6.0.3 - Car_Generic #36	pt@pluto.ipg 2017-09-27 12:36:15	(6.0.3 pt@pluto.ipg 2017-09-27 12:33:26)
SIM	1517156590	DESKTOP-E3L8D03	OAR	FS_Competition_Germany_2006_ELD_racedriver_maby	0	51.831	772.705


SYSTEM_START	-	DESKTOP-E3L8D03	DESKTOP-E3L8D03	2018-01-28 17:24:49


SYSTEM_INFO	CarMaker 6.0.3 - Car_Generic #36	pt@pluto.ipg 2017-09-27 12:36:15	(6.0.3 pt@pluto.ipg 2017-09-27 12:33:26)
SIM	1517156689	DESKTOP-E3L8D03	OAR	FS_Competition_Germany_2006_ELD_racedriver_maby	0	51.919	773.087


SYSTEM_START	-	DESKTOP-E3L8D03	DESKTOP-E3L8D03	2018-01-28 17:32:25


SYSTEM_INFO	CarMaker 6.0.3 - Car_Generic #36	pt@pluto.ipg 2017-09-27 12:36:15	(6.0.3 pt@pluto.ipg 2017-09-27 12:33:26)
SIM	1517157146	DESKTOP-E3L8D03	OAR	FS_Competition_Germany_2006_ELD_racedriver_maby	0	51.881	773.107


SYSTEM_START	-	DESKTOP-E3L8D03	DESKTOP-E3L8D03	2018-01-28 17:36:53


SYSTEM_INFO	CarMaker 6.0.3 - Car_Generic #36	pt@pluto.ipg 2017-09-27 12:36:15	(6.0.3 pt@pluto.ipg 2017-09-27 12:33:26)
SIM	1517157413	DESKTOP-E3L8D03	OAR	Firgure8_test	1	6.629	98.6184


SYSTEM_START	-	DESKTOP-E3L8D03	DESKTOP-E3L8D03	2018-01-28 17:37:23


SYSTEM_INFO	CarMaker 6.0.3 - Car_Generic #36	pt@pluto.ipg 2017-09-27 12:36:15	(6.0.3 pt@pluto.ipg 2017-09-27 12:33:26)
SIM	1517157443	DESKTOP-E3L8D03	OAR	Firgure8_test	0	13.628	244.768


SYSTEM_START	-	DESKTOP-E3L8D03	DESKTOP-E3L8D03	2018-01-28 17:43:40


SYSTEM_INFO	CarMaker 6.0.3 - Car_Generic #36	pt@pluto.ipg 2017-09-27 12:36:15	(6.0.3 pt@pluto.ipg 2017-09-27 12:33:26)
SIM	1517157820	DESKTOP-E3L8D03	OAR	ModelCheck	0	0.002	0


SYSTEM_START	-	DESKTOP-E3L8D03	DESKTOP-E3L8D03	2018-01-28 17:49:54


SYSTEM_INFO	CarMaker 6.0.3 - Car_Generic #36	pt@pluto.ipg 2017-09-27 12:36:15	(6.0.3 pt@pluto.ipg 2017-09-27 12:33:26)
SIM	1517158195	DESKTOP-E3L8D03	OAR	ModelCheck	0	0.002	0


SYSTEM_START	-	DESKTOP-E3L8D03	DESKTOP-E3L8D03	2018-01-28 17:52:12


SYSTEM_INFO	CarMaker 6.0.3 - Car_Generic #36	pt@pluto.ipg 2017-09-27 12:36:15	(6.0.3 pt@pluto.ipg 2017-09-27 12:33:26)
SIM	1517158332	DESKTOP-E3L8D03	OAR	ModelCheck	1	0.002	0


SYSTEM_START	-	DESKTOP-E3L8D03	DESKTOP-E3L8D03	2018-01-28 17:52:32


SYSTEM_INFO	CarMaker 6.0.3 - Car_Generic #36	pt@pluto.ipg 2017-09-27 12:36:15	(6.0.3 pt@pluto.ipg 2017-09-27 12:33:26)
SIM	1517158352	DESKTOP-E3L8D03	OAR	ModelCheck	1	0.002	0


SYSTEM_START	-	DESKTOP-E3L8D03	DESKTOP-E3L8D03	2018-01-28 17:57:14


SYSTEM_INFO	CarMaker 6.0.3 - Car_Generic #36	pt@pluto.ipg 2017-09-27 12:36:15	(6.0.3 pt@pluto.ipg 2017-09-27 12:33:26)
SIM	1517158634	DESKTOP-E3L8D03	OAR	FS_Competition_Germany_2006_ELD_racedriver_maby	0	1789.59	18845.4


SYSTEM_START	-	DESKTOP-E3L8D03	DESKTOP-E3L8D03	2018-01-28 18:28:11


SYSTEM_INFO	CarMaker 6.0.3 - Car_Generic #36	pt@pluto.ipg 2017-09-27 12:36:15	(6.0.3 pt@pluto.ipg 2017-09-27 12:33:26)
SIM	1517160491	DESKTOP-E3L8D03	OAR	FS_Competition_Germany_2006_ELD_racedriver_maby2	0	49.801	772.734


SYSTEM_START	-	DESKTOP-E3L8D03	DESKTOP-E3L8D03	2018-01-28 18:31:10


SYSTEM_INFO	CarMaker 6.0.3 - Car_Generic #36	pt@pluto.ipg 2017-09-27 12:36:15	(6.0.3 pt@pluto.ipg 2017-09-27 12:33:26)
SIM	1517160670	DESKTOP-E3L8D03	OAR	FS_Competition_Germany_2006_ELD_racedriver_maby2	0	49.801	772.734


SYSTEM_START	-	DESKTOP-E3L8D03	DESKTOP-E3L8D03	2018-01-28 18:33:07


SYSTEM_INFO	CarMaker 6.0.3 - Car_Generic #36	pt@pluto.ipg 2017-09-27 12:36:15	(6.0.3 pt@pluto.ipg 2017-09-27 12:33:26)
SIM	1517160787	DESKTOP-E3L8D03	OAR	FS_Competition_Germany_2006_ELD_racedriver_maby2	0	49.139	772.197


SYSTEM_START	-	DESKTOP-E3L8D03	DESKTOP-E3L8D03	2018-01-28 18:34:23


SYSTEM_INFO	CarMaker 6.0.3 - Car_Generic #36	pt@pluto.ipg 2017-09-27 12:36:15	(6.0.3 pt@pluto.ipg 2017-09-27 12:33:26)
SIM	1517160863	DESKTOP-E3L8D03	OAR	FS_Competition_Germany_2006_ELD_racedriver_maby2	0	48.487	771.62


SYSTEM_START	-	DESKTOP-E3L8D03	DESKTOP-E3L8D03	2018-01-28 18:42:38


SYSTEM_INFO	CarMaker 6.0.3 - Car_Generic #36	pt@pluto.ipg 2017-09-27 12:36:15	(6.0.3 pt@pluto.ipg 2017-09-27 12:33:26)
SIM	1517161358	DESKTOP-E3L8D03	OAR	FS_Competition_Germany_2006_ELD_racedriver_maby2	0	4.96	67.9148


SYSTEM_START	-	DESKTOP-E3L8D03	DESKTOP-E3L8D03	2018-01-28 18:43:21


SYSTEM_INFO	CarMaker 6.0.3 - Car_Generic #36	pt@pluto.ipg 2017-09-27 12:36:15	(6.0.3 pt@pluto.ipg 2017-09-27 12:33:26)
SIM	1517161401	DESKTOP-E3L8D03	OAR	FS_Competition_Germany_2006_ELD_racedriver_maby2	0	48.487	771.62


SYSTEM_START	-	DESKTOP-E3L8D03	DESKTOP-E3L8D03	2018-01-28 18:46:06


SYSTEM_INFO	CarMaker 6.0.3 - Car_Generic #36	pt@pluto.ipg 2017-09-27 12:36:15	(6.0.3 pt@pluto.ipg 2017-09-27 12:33:26)
SIM	1517161566	DESKTOP-E3L8D03	OAR	FS_Competition_Germany_2006_ELD_racedriver_maby2	0	48.487	771.62


SYSTEM_START	-	DESKTOP-E3L8D03	DESKTOP-E3L8D03	2018-01-28 19:08:25


SYSTEM_INFO	CarMaker 6.0.3 - Car_Generic #36	pt@pluto.ipg 2017-09-27 12:36:15	(6.0.3 pt@pluto.ipg 2017-09-27 12:33:26)
SIM	1517162906	DESKTOP-E3L8D03	OAR	FS_Competition_Germany_2006_ELD_racedriver_maby2	1	10.984	178.214


SYSTEM_START	-	DESKTOP-E3L8D03	DESKTOP-E3L8D03	2018-01-28 19:09:02


SYSTEM_INFO	CarMaker 6.0.3 - Car_Generic #36	pt@pluto.ipg 2017-09-27 12:36:15	(6.0.3 pt@pluto.ipg 2017-09-27 12:33:26)
SIM	1517162942	DESKTOP-E3L8D03	OAR	FS_Competition_Germany_2006_ELD_racedriver_maby2	0	56.518	778.518


SYSTEM_START	-	DESKTOP-E3L8D03	DESKTOP-E3L8D03	2018-01-28 19:11:11


SYSTEM_INFO	CarMaker 6.0.3 - Car_Generic #36	pt@pluto.ipg 2017-09-27 12:36:15	(6.0.3 pt@pluto.ipg 2017-09-27 12:33:26)
SIM	1517163072	DESKTOP-E3L8D03	OAR	Firgure8_test	1	6.481	98.694


SYSTEM_START	-	DESKTOP-E3L8D03	DESKTOP-E3L8D03	2018-01-29 14:55:32


SYSTEM_INFO	CarMaker 6.0.3 - Car_Generic #36	pt@pluto.ipg 2017-09-27 12:36:15	(6.0.3 pt@pluto.ipg 2017-09-27 12:33:26)
SIM	1517234132	DESKTOP-E3L8D03	OAR	FS_Competition_Germany_2006_ELD_racedriver_maby2	0	0	0


SYSTEM_START	-	DESKTOP-E3L8D03	DESKTOP-E3L8D03	2018-01-29 14:56:18


SYSTEM_INFO	CarMaker 6.0.3 - Car_Generic #36	pt@pluto.ipg 2017-09-27 12:36:15	(6.0.3 pt@pluto.ipg 2017-09-27 12:33:26)
SIM	1517234178	DESKTOP-E3L8D03	OAR	FS_Competition_Germany_2006_ELD_racedriver_maby2	0	48.487	771.62


SYSTEM_START	-	DESKTOP-E3L8D03	DESKTOP-E3L8D03	2018-01-29 15:11:06


SYSTEM_INFO	CarMaker 6.0.3 - Car_Generic #36	pt@pluto.ipg 2017-09-27 12:36:15	(6.0.3 pt@pluto.ipg 2017-09-27 12:33:26)
SIM	1517235066	DESKTOP-E3L8D03	OAR	FS_Competition_Germany_2006_ELD_racedriver_maby2	0	48.487	771.62


SYSTEM_START	-	DESKTOP-E3L8D03	DESKTOP-E3L8D03	2018-01-29 15:17:53


SYSTEM_INFO	CarMaker 6.0.3 - Car_Generic #36	pt@pluto.ipg 2017-09-27 12:36:15	(6.0.3 pt@pluto.ipg 2017-09-27 12:33:26)
SIM	1517235473	DESKTOP-E3L8D03	OAR	FS_Competition_Germany_2006_ELD_racedriver_maby2	0	48.487	771.62


SYSTEM_START	-	DESKTOP-E3L8D03	DESKTOP-E3L8D03	2018-01-29 17:14:31


SYSTEM_INFO	CarMaker 6.0.3 - Car_Generic #36	pt@pluto.ipg 2017-09-27 12:36:15	(6.0.3 pt@pluto.ipg 2017-09-27 12:33:26)
SIM	1517242471	DESKTOP-E3L8D03	OAR	FS_Competition_Germany_2006_ELD_racedriver_maby2	0	48.487	771.62


SYSTEM_START	-	DESKTOP-E3L8D03	DESKTOP-E3L8D03	2018-01-29 17:18:16


SYSTEM_INFO	CarMaker 6.0.3 - Car_Generic #36	pt@pluto.ipg 2017-09-27 12:36:15	(6.0.3 pt@pluto.ipg 2017-09-27 12:33:26)
SIM	1517242697	DESKTOP-E3L8D03	OAR	FS_Competition_Germany_2006_ELD_racedriver_maby2	0	0	0


SYSTEM_START	-	DESKTOP-E3L8D03	DESKTOP-E3L8D03	2018-01-29 17:19:06


SYSTEM_INFO	CarMaker 6.0.3 - Car_Generic #36	pt@pluto.ipg 2017-09-27 12:36:15	(6.0.3 pt@pluto.ipg 2017-09-27 12:33:26)
SIM	1517242746	DESKTOP-E3L8D03	OAR	FS_Competition_Germany_2006_ELD_racedriver_maby2	0	0	0


SYSTEM_START	-	DESKTOP-E3L8D03	DESKTOP-E3L8D03	2018-01-29 17:20:07


SYSTEM_INFO	CarMaker 6.0.3 - Car_Generic #36	pt@pluto.ipg 2017-09-27 12:36:15	(6.0.3 pt@pluto.ipg 2017-09-27 12:33:26)
SIM	1517242807	DESKTOP-E3L8D03	OAR	FS_Competition_Germany_2006_ELD_racedriver_maby2	0	0	0


SYSTEM_START	-	DESKTOP-E3L8D03	DESKTOP-E3L8D03	2018-01-29 17:22:02


SYSTEM_INFO	CarMaker 6.0.3 - Car_Generic #36	pt@pluto.ipg 2017-09-27 12:36:15	(6.0.3 pt@pluto.ipg 2017-09-27 12:33:26)
SIM	1517242922	DESKTOP-E3L8D03	OAR	FS_Competition_Germany_2006_ELD_racedriver_maby2	0	48.487	771.62


SYSTEM_START	-	DESKTOP-E3L8D03	DESKTOP-E3L8D03	2018-01-29 17:48:02


SYSTEM_INFO	CarMaker 6.0.3 - Car_Generic #36	pt@pluto.ipg 2017-09-27 12:36:15	(6.0.3 pt@pluto.ipg 2017-09-27 12:33:26)
SIM	1517244482	DESKTOP-E3L8D03	OAR	FS_Competition_Germany_2006_ELD_racedriver_maby2	0	7.221	95.5418


SYSTEM_START	-	DESKTOP-E3L8D03	DESKTOP-E3L8D03	2018-01-29 17:48:42


SYSTEM_INFO	CarMaker 6.0.3 - Car_Generic #36	pt@pluto.ipg 2017-09-27 12:36:15	(6.0.3 pt@pluto.ipg 2017-09-27 12:33:26)
SIM	1517244522	DESKTOP-E3L8D03	OAR	FS_Competition_Germany_2006_ELD_racedriver_maby2	0	48.487	771.62


SYSTEM_START	-	DESKTOP-E3L8D03	DESKTOP-E3L8D03	2018-01-29 18:29:15


SYSTEM_INFO	CarMaker 6.0.3 - Car_Generic #36	pt@pluto.ipg 2017-09-27 12:36:15	(6.0.3 pt@pluto.ipg 2017-09-27 12:33:26)
SIM	1517246955	DESKTOP-E3L8D03	OAR	FS_Competition_Germany_2006_ELD_racedriver_maby2	0	0	0


SYSTEM_START	-	DESKTOP-E3L8D03	DESKTOP-E3L8D03	2018-01-29 18:37:55


SYSTEM_INFO	CarMaker 6.0.3 - Car_Generic #36	pt@pluto.ipg 2017-09-27 12:36:15	(6.0.3 pt@pluto.ipg 2017-09-27 12:33:26)
SIM	1517247475	DESKTOP-E3L8D03	OAR	FS_Competition_Germany_2006_ELD_racedriver_maby2	0	48.487	771.62


SYSTEM_START	-	DESKTOP-E3L8D03	DESKTOP-E3L8D03	2018-01-29 18:44:11


SYSTEM_INFO	CarMaker 6.0.3 - Car_Generic #36	pt@pluto.ipg 2017-09-27 12:36:15	(6.0.3 pt@pluto.ipg 2017-09-27 12:33:26)
SIM	1517247851	DESKTOP-E3L8D03	OAR	FS_Competition_Germany_2006_ELD_racedriver_maby2	0	48.487	771.62


SYSTEM_START	-	DESKTOP-E3L8D03	DESKTOP-E3L8D03	2018-01-29 18:53:19


SYSTEM_INFO	CarMaker 6.0.3 - Car_Generic #36	pt@pluto.ipg 2017-09-27 12:36:15	(6.0.3 pt@pluto.ipg 2017-09-27 12:33:26)
SIM	1517248399	DESKTOP-E3L8D03	OAR	FS_Competition_Germany_2006_ELD_racedriver_maby2	0	48.487	771.62


SYSTEM_START	-	DESKTOP-E3L8D03	DESKTOP-E3L8D03	2018-01-29 18:58:23


SYSTEM_INFO	CarMaker 6.0.3 - Car_Generic #36	pt@pluto.ipg 2017-09-27 12:36:15	(6.0.3 pt@pluto.ipg 2017-09-27 12:33:26)
SIM	1517248703	DESKTOP-E3L8D03	OAR	ModelCheck	0	0.002	0


SYSTEM_START	-	DESKTOP-E3L8D03	DESKTOP-E3L8D03	2018-01-29 19:01:14


SYSTEM_INFO	CarMaker 6.0.3 - Car_Generic #36	pt@pluto.ipg 2017-09-27 12:36:15	(6.0.3 pt@pluto.ipg 2017-09-27 12:33:26)
SIM	1517248874	DESKTOP-E3L8D03	OAR	ModelCheck	0	0.002	0


SYSTEM_START	-	DESKTOP-E3L8D03	DESKTOP-E3L8D03	2018-01-29 19:01:47


SYSTEM_INFO	CarMaker 6.0.3 - Car_Generic #36	pt@pluto.ipg 2017-09-27 12:36:15	(6.0.3 pt@pluto.ipg 2017-09-27 12:33:26)
SIM	1517248907	DESKTOP-E3L8D03	OAR	ModelCheck	0	0.002	0


SYSTEM_START	-	DESKTOP-E3L8D03	DESKTOP-E3L8D03	2018-01-29 19:08:27


SYSTEM_INFO	CarMaker 6.0.3 - Car_Generic #36	pt@pluto.ipg 2017-09-27 12:36:15	(6.0.3 pt@pluto.ipg 2017-09-27 12:33:26)
SIM	1517249307	DESKTOP-E3L8D03	OAR	ModelCheck	0	0.002	0


SYSTEM_START	-	DESKTOP-E3L8D03	DESKTOP-E3L8D03	2018-01-29 19:09:07


SYSTEM_INFO	CarMaker 6.0.3 - Car_Generic #36	pt@pluto.ipg 2017-09-27 12:36:15	(6.0.3 pt@pluto.ipg 2017-09-27 12:33:26)
SIM	1517249347	DESKTOP-E3L8D03	OAR	ModelCheck	0	0.002	0


SYSTEM_START	-	DESKTOP-E3L8D03	DESKTOP-E3L8D03	2018-01-29 19:12:01


SYSTEM_INFO	CarMaker 6.0.3 - Car_Generic #36	pt@pluto.ipg 2017-09-27 12:36:15	(6.0.3 pt@pluto.ipg 2017-09-27 12:33:26)
SIM	1517249521	DESKTOP-E3L8D03	OAR	ModelCheck	0	0.002	0


SYSTEM_START	-	DESKTOP-E3L8D03	DESKTOP-E3L8D03	2018-01-29 19:21:40


SYSTEM_INFO	CarMaker 6.0.3 - Car_Generic #36	pt@pluto.ipg 2017-09-27 12:36:15	(6.0.3 pt@pluto.ipg 2017-09-27 12:33:26)
SIM	1517250100	DESKTOP-E3L8D03	OAR	FS_Competition_Germany_2006_ELD_racedriver_maby2	0	48.454	771.611


SYSTEM_START	-	DESKTOP-E3L8D03	DESKTOP-E3L8D03	2018-01-30 13:05:13


SYSTEM_INFO	CarMaker 6.0.3 - Car_Generic #36	pt@pluto.ipg 2017-09-27 12:36:15	(6.0.3 pt@pluto.ipg 2017-09-27 12:33:26)
SIM	1517313913	DESKTOP-E3L8D03	OAR	FS_Competition_Germany_2006_ELD_racedriver_maby2	0	48.454	771.611


SYSTEM_START	-	DESKTOP-E3L8D03	DESKTOP-E3L8D03	2018-01-30 14:28:28


SYSTEM_INFO	CarMaker 6.0.3 - Car_Generic #36	pt@pluto.ipg 2017-09-27 12:36:15	(6.0.3 pt@pluto.ipg 2017-09-27 12:33:26)
SIM	1517318908	DESKTOP-E3L8D03	OAR	unknown	0	56.96	921.368


SYSTEM_START	-	DESKTOP-E3L8D03	DESKTOP-E3L8D03	2018-01-30 14:29:49


SYSTEM_INFO	CarMaker 6.0.3 - Car_Generic #36	pt@pluto.ipg 2017-09-27 12:36:15	(6.0.3 pt@pluto.ipg 2017-09-27 12:33:26)
SIM	1517318989	DESKTOP-E3L8D03	OAR	unknown	1	8.877	185.605


SYSTEM_START	-	DESKTOP-E3L8D03	DESKTOP-E3L8D03	2018-01-30 14:30:16


SYSTEM_INFO	CarMaker 6.0.3 - Car_Generic #36	pt@pluto.ipg 2017-09-27 12:36:15	(6.0.3 pt@pluto.ipg 2017-09-27 12:33:26)
SIM	1517319017	DESKTOP-E3L8D03	OAR	unknown	0	21.2	360.887


SYSTEM_START	-	DESKTOP-E3L8D03	DESKTOP-E3L8D03	2018-01-30 14:30:51


SYSTEM_INFO	CarMaker 6.0.3 - Car_Generic #36	pt@pluto.ipg 2017-09-27 12:36:15	(6.0.3 pt@pluto.ipg 2017-09-27 12:33:26)
SIM	1517319051	DESKTOP-E3L8D03	OAR	unknown	0	51.35	924.009


SYSTEM_START	-	DESKTOP-E3L8D03	DESKTOP-E3L8D03	2018-01-30 14:31:55


SYSTEM_INFO	CarMaker 6.0.3 - Car_Generic #36	pt@pluto.ipg 2017-09-27 12:36:15	(6.0.3 pt@pluto.ipg 2017-09-27 12:33:26)
SIM	1517319115	DESKTOP-E3L8D03	OAR	unknown	0	30.002	552.01


SYSTEM_START	-	DESKTOP-E3L8D03	DESKTOP-E3L8D03	2018-01-30 15:10:24


SYSTEM_INFO	CarMaker 6.0.3 - Car_Generic #36	pt@pluto.ipg 2017-09-27 12:36:15	(6.0.3 pt@pluto.ipg 2017-09-27 12:33:26)
SIM	1517321424	DESKTOP-E3L8D03	OAR	Examples/VehicleDynamics/Ride/BumpsUnsymmetrical	0	11.1	16.7592


SYSTEM_START	-	DESKTOP-E3L8D03	DESKTOP-E3L8D03	2018-01-30 15:10:49


SYSTEM_INFO	CarMaker 6.0.3 - Car_Generic #36	pt@pluto.ipg 2017-09-27 12:36:15	(6.0.3 pt@pluto.ipg 2017-09-27 12:33:26)
SIM	1517321449	DESKTOP-E3L8D03	OAR	Examples/VehicleDynamics/Ride/BumpsUnsymmetrical	1	18.31	44.6956


SYSTEM_START	-	DESKTOP-E3L8D03	DESKTOP-E3L8D03	2018-01-30 15:11:44


SYSTEM_INFO	CarMaker 6.0.3 - Car_Generic #36	pt@pluto.ipg 2017-09-27 12:36:15	(6.0.3 pt@pluto.ipg 2017-09-27 12:33:26)
SIM	1517321504	DESKTOP-E3L8D03	OAR	Examples/VehicleDynamics/Ride/BumpsUnsymmetrical	0	13.57	33.8782


SYSTEM_START	-	DESKTOP-E3L8D03	DESKTOP-E3L8D03	2018-01-30 15:12:29


SYSTEM_INFO	CarMaker 6.0.3 - Car_Generic #36	pt@pluto.ipg 2017-09-27 12:36:15	(6.0.3 pt@pluto.ipg 2017-09-27 12:33:26)
SIM	1517321549	DESKTOP-E3L8D03	OAR	Examples/VehicleDynamics/Ride/BumpsUnsymmetrical	1	3.664	10.7133


SYSTEM_START	-	DESKTOP-E3L8D03	DESKTOP-E3L8D03	2018-01-30 15:13:01


SYSTEM_INFO	CarMaker 6.0.3 - Car_Generic #36	pt@pluto.ipg 2017-09-27 12:36:15	(6.0.3 pt@pluto.ipg 2017-09-27 12:33:26)
SIM	1517321581	DESKTOP-E3L8D03	OAR	Examples/VehicleDynamics/Ride/BumpsUnsymmetrical	1	3.664	10.7133


SYSTEM_START	-	DESKTOP-E3L8D03	DESKTOP-E3L8D03	2018-01-30 15:15:54


SYSTEM_INFO	CarMaker 6.0.3 - Car_Generic #36	pt@pluto.ipg 2017-09-27 12:36:15	(6.0.3 pt@pluto.ipg 2017-09-27 12:33:26)
SIM	1517321754	DESKTOP-E3L8D03	OAR	Examples/VehicleDynamics/Ride/Bumps	0	35.21	86.8843


SYSTEM_START	-	DESKTOP-E3L8D03	DESKTOP-E3L8D03	2018-01-30 15:26:18


SYSTEM_INFO	CarMaker 6.0.3 - Car_Generic #36	pt@pluto.ipg 2017-09-27 12:36:15	(6.0.3 pt@pluto.ipg 2017-09-27 12:33:26)
SIM	1517322378	DESKTOP-E3L8D03	OAR	Examples/VehicleDynamics/Ride/Waves	1	3.653	10.6934


SYSTEM_START	-	DESKTOP-E3L8D03	DESKTOP-E3L8D03	2018-01-30 15:28:12


SYSTEM_INFO	CarMaker 6.0.3 - Car_Generic #36	pt@pluto.ipg 2017-09-27 12:36:15	(6.0.3 pt@pluto.ipg 2017-09-27 12:33:26)
SIM	1517322492	DESKTOP-E3L8D03	OAR	Examples/VehicleDynamics/Ride/Waves	0	28.68	118.889


SYSTEM_START	-	DESKTOP-E3L8D03	DESKTOP-E3L8D03	2018-01-30 15:32:07


SYSTEM_INFO	CarMaker 6.0.3 - Car_Generic #36	pt@pluto.ipg 2017-09-27 12:36:15	(6.0.3 pt@pluto.ipg 2017-09-27 12:33:26)
SIM	1517322727	DESKTOP-E3L8D03	OAR	Examples/VehicleDynamics/Ride/Waves	2	0	0


SYSTEM_START	-	DESKTOP-E3L8D03	DESKTOP-E3L8D03	2018-01-30 15:32:30


SYSTEM_INFO	CarMaker 6.0.3 - Car_Generic #36	pt@pluto.ipg 2017-09-27 12:36:15	(6.0.3 pt@pluto.ipg 2017-09-27 12:33:26)
SIM	1517322750	DESKTOP-E3L8D03	OAR	Examples/VehicleDynamics/Ride/Waves	1	39.335	107.544


SYSTEM_START	-	DESKTOP-E3L8D03	DESKTOP-E3L8D03	2018-01-30 15:44:23


SYSTEM_INFO	CarMaker 6.0.3 - Car_Generic #36	pt@pluto.ipg 2017-09-27 12:36:15	(6.0.3 pt@pluto.ipg 2017-09-27 12:33:26)
SIM	1517323463	DESKTOP-E3L8D03	OAR	Examples/VehicleDynamics/Handling/SinusSteering	0	68.002	1390.11


SYSTEM_START	-	DESKTOP-E3L8D03	DESKTOP-E3L8D03	2018-01-30 15:54:08


SYSTEM_INFO	CarMaker 6.0.3 - Car_Generic #36	pt@pluto.ipg 2017-09-27 12:36:15	(6.0.3 pt@pluto.ipg 2017-09-27 12:33:26)
SIM	1517324048	DESKTOP-E3L8D03	OAR	Examples/VehicleDynamics/Handling/SinusSteering	0	61.78	1546.12


SYSTEM_START	-	DESKTOP-E3L8D03	DESKTOP-E3L8D03	2018-01-30 17:29:57


SYSTEM_INFO	CarMaker 6.0.3 - Car_Generic #36	pt@pluto.ipg 2017-09-27 12:36:15	(6.0.3 pt@pluto.ipg 2017-09-27 12:33:26)
SIM	1517329797	DESKTOP-E3L8D03	OAR	ModelCheck	0	0.002	0


SYSTEM_START	-	DESKTOP-E3L8D03	DESKTOP-E3L8D03	2018-01-30 17:31:45


SYSTEM_INFO	CarMaker 6.0.3 - Car_Generic #36	pt@pluto.ipg 2017-09-27 12:36:15	(6.0.3 pt@pluto.ipg 2017-09-27 12:33:26)
SIM	1517329905	DESKTOP-E3L8D03	OAR	ModelCheck	0	0.002	0


SYSTEM_START	-	DESKTOP-E3L8D03	DESKTOP-E3L8D03	2018-01-30 17:38:46


SYSTEM_INFO	CarMaker 6.0.3 - Car_Generic #36	pt@pluto.ipg 2017-09-27 12:36:15	(6.0.3 pt@pluto.ipg 2017-09-27 12:33:26)
SIM	1517330326	DESKTOP-E3L8D03	OAR	Examples/VehicleDynamics/Handling/SteerStep	0	47.557	846.91


SYSTEM_START	-	DESKTOP-E3L8D03	DESKTOP-E3L8D03	2018-01-30 17:41:21


SYSTEM_INFO	CarMaker 6.0.3 - Car_Generic #36	pt@pluto.ipg 2017-09-27 12:36:15	(6.0.3 pt@pluto.ipg 2017-09-27 12:33:26)
SIM	1517330481	DESKTOP-E3L8D03	OAR	Examples/VehicleDynamics/Handling/SteerStep	0	41.47	712.588


SYSTEM_START	-	DESKTOP-E3L8D03	DESKTOP-E3L8D03	2018-01-30 17:43:07


SYSTEM_INFO	CarMaker 6.0.3 - Car_Generic #36	pt@pluto.ipg 2017-09-27 12:36:15	(6.0.3 pt@pluto.ipg 2017-09-27 12:33:26)
SIM	1517330587	DESKTOP-E3L8D03	OAR	Examples/VehicleDynamics/Handling/SteerStep	0	62.38	1176.66


SYSTEM_START	-	DESKTOP-E3L8D03	DESKTOP-E3L8D03	2018-01-30 18:03:08


SYSTEM_INFO	CarMaker 6.0.3 - Car_Generic #36	pt@pluto.ipg 2017-09-27 12:36:15	(6.0.3 pt@pluto.ipg 2017-09-27 12:33:26)
SIM	1517331788	DESKTOP-E3L8D03	OAR	ModelCheck	0	0.002	0


SYSTEM_START	-	DESKTOP-E3L8D03	DESKTOP-E3L8D03	2018-01-30 18:04:04


SYSTEM_INFO	CarMaker 6.0.3 - Car_Generic #36	pt@pluto.ipg 2017-09-27 12:36:15	(6.0.3 pt@pluto.ipg 2017-09-27 12:33:26)
SIM	1517331844	DESKTOP-E3L8D03	OAR	Examples/VehicleDynamics/Handling/SteerStep	0	73.84	1431.92


SYSTEM_START	-	DESKTOP-E3L8D03	DESKTOP-E3L8D03	2018-01-30 18:33:44


SYSTEM_INFO	CarMaker 6.0.3 - Car_Generic #36	pt@pluto.ipg 2017-09-27 12:36:15	(6.0.3 pt@pluto.ipg 2017-09-27 12:33:26)
SIM	1517333624	DESKTOP-E3L8D03	OAR	Examples/VehicleDynamics/Handling/SteerStep	1	63.736	1162.22


SYSTEM_START	-	DESKTOP-E3L8D03	DESKTOP-E3L8D03	2018-01-30 18:38:21


SYSTEM_INFO	CarMaker 6.0.3 - Car_Generic #36	pt@pluto.ipg 2017-09-27 12:36:15	(6.0.3 pt@pluto.ipg 2017-09-27 12:33:26)
SIM	1517333901	DESKTOP-E3L8D03	OAR	Examples/VehicleDynamics/Handling/SteerStep	1	76.847	1353.59


SYSTEM_START	-	DESKTOP-E3L8D03	DESKTOP-E3L8D03	2018-01-30 18:40:07


SYSTEM_INFO	CarMaker 6.0.3 - Car_Generic #36	pt@pluto.ipg 2017-09-27 12:36:15	(6.0.3 pt@pluto.ipg 2017-09-27 12:33:26)
SIM	1517334007	DESKTOP-E3L8D03	OAR	Examples/VehicleDynamics/Handling/SteerStep	0	52.19	1302.56


SYSTEM_START	-	DESKTOP-E3L8D03	DESKTOP-E3L8D03	2018-01-30 18:41:17


SYSTEM_INFO	CarMaker 6.0.3 - Car_Generic #36	pt@pluto.ipg 2017-09-27 12:36:15	(6.0.3 pt@pluto.ipg 2017-09-27 12:33:26)
SIM	1517334077	DESKTOP-E3L8D03	OAR	Examples/VehicleDynamics/Handling/SteerStep	0	53.99	1262.66


SYSTEM_START	-	DESKTOP-E3L8D03	DESKTOP-E3L8D03	2018-01-31 09:18:05


SYSTEM_INFO	CarMaker 6.0.3 - Car_Generic #36	pt@pluto.ipg 2017-09-27 12:36:15	(6.0.3 pt@pluto.ipg 2017-09-27 12:33:26)
SIM	1517386685	DESKTOP-E3L8D03	OAR	FS_Competition_Germany_2006_ELD_racedriver_maby2	0	48.529	771.611


SYSTEM_START	-	DESKTOP-E3L8D03	DESKTOP-E3L8D03	2018-01-31 15:12:07


SYSTEM_INFO	CarMaker 6.0.3 - Car_Generic #36	pt@pluto.ipg 2017-09-27 12:36:15	(6.0.3 pt@pluto.ipg 2017-09-27 12:33:26)
SIM	1517407927	DESKTOP-E3L8D03	OAR	unknown	0	15.051	266.209


SYSTEM_START	-	DESKTOP-E3L8D03	DESKTOP-E3L8D03	2018-01-31 15:16:19


SYSTEM_INFO	CarMaker 6.0.3 - Car_Generic #36	pt@pluto.ipg 2017-09-27 12:36:15	(6.0.3 pt@pluto.ipg 2017-09-27 12:33:26)
SIM	1517408179	DESKTOP-E3L8D03	OAR	unknown	1	14.994	199.78


SYSTEM_START	-	DESKTOP-E3L8D03	DESKTOP-E3L8D03	2018-01-31 15:19:59


SYSTEM_INFO	CarMaker 6.0.3 - Car_Generic #36	pt@pluto.ipg 2017-09-27 12:36:15	(6.0.3 pt@pluto.ipg 2017-09-27 12:33:26)
SIM	1517408399	DESKTOP-E3L8D03	OAR	unknown	0	16.894	266.549


SYSTEM_START	-	DESKTOP-E3L8D03	DESKTOP-E3L8D03	2018-01-31 15:44:29


SYSTEM_INFO	CarMaker 6.0.3 - Car_Generic #36	pt@pluto.ipg 2017-09-27 12:36:15	(6.0.3 pt@pluto.ipg 2017-09-27 12:33:26)
SIM	1517409869	DESKTOP-E3L8D03	OAR	unknown	0	16.894	266.549


SYSTEM_START	-	DESKTOP-E3L8D03	DESKTOP-E3L8D03	2018-01-31 15:54:32


SYSTEM_INFO	CarMaker 6.0.3 - Car_Generic #36	pt@pluto.ipg 2017-09-27 12:36:15	(6.0.3 pt@pluto.ipg 2017-09-27 12:33:26)
SIM	1517410472	DESKTOP-E3L8D03	OAR	ModelCheck	0	0.002	0


SYSTEM_START	-	DESKTOP-E3L8D03	DESKTOP-E3L8D03	2018-01-31 16:05:16


SYSTEM_INFO	CarMaker 6.0.3 - Car_Generic #36	pt@pluto.ipg 2017-09-27 12:36:15	(6.0.3 pt@pluto.ipg 2017-09-27 12:33:26)
SIM	1517411116	DESKTOP-E3L8D03	OAR	unknown	0	16.894	266.549


SYSTEM_START	-	DESKTOP-E3L8D03	DESKTOP-E3L8D03	2018-01-31 16:12:22


SYSTEM_INFO	CarMaker 6.0.3 - Car_Generic #36	pt@pluto.ipg 2017-09-27 12:36:15	(6.0.3 pt@pluto.ipg 2017-09-27 12:33:26)
SIM	1517411542	DESKTOP-E3L8D03	OAR	unknown	0	16.894	266.549


SYSTEM_START	-	DESKTOP-E3L8D03	DESKTOP-E3L8D03	2018-01-31 16:15:07


SYSTEM_INFO	CarMaker 6.0.3 - Car_Generic #36	pt@pluto.ipg 2017-09-27 12:36:15	(6.0.3 pt@pluto.ipg 2017-09-27 12:33:26)
SIM	1517411707	DESKTOP-E3L8D03	OAR	unknown	0	16.894	266.549


SYSTEM_START	-	DESKTOP-E3L8D03	DESKTOP-E3L8D03	2018-01-31 16:44:46


SYSTEM_INFO	CarMaker 6.0.3 - Car_Generic #36	pt@pluto.ipg 2017-09-27 12:36:15	(6.0.3 pt@pluto.ipg 2017-09-27 12:33:26)
SIM	1517413486	DESKTOP-E3L8D03	OAR	unknown	0	16.888	266.52


SYSTEM_START	-	DESKTOP-E3L8D03	DESKTOP-E3L8D03	2018-01-31 17:34:03


SYSTEM_INFO	CarMaker 6.0.3 - Car_Generic #36	pt@pluto.ipg 2017-09-27 12:36:15	(6.0.3 pt@pluto.ipg 2017-09-27 12:33:26)
SIM	1517416443	DESKTOP-E3L8D03	OAR	unknown	0	15.625	241.225


SYSTEM_START	-	DESKTOP-E3L8D03	DESKTOP-E3L8D03	2018-01-31 17:39:59


SYSTEM_INFO	CarMaker 6.0.3 - Car_Generic #36	pt@pluto.ipg 2017-09-27 12:36:15	(6.0.3 pt@pluto.ipg 2017-09-27 12:33:26)
SIM	1517416800	DESKTOP-E3L8D03	OAR	unknown	0	15.589	241.296


SYSTEM_START	-	DESKTOP-E3L8D03	DESKTOP-E3L8D03	2018-01-31 18:14:24


SYSTEM_INFO	CarMaker 6.0.3 - Car_Generic #36	pt@pluto.ipg 2017-09-27 12:36:15	(6.0.3 pt@pluto.ipg 2017-09-27 12:33:26)
SIM	1517418864	DESKTOP-E3L8D03	OAR	unknown	0	15.403	241.403


SYSTEM_START	-	DESKTOP-E3L8D03	DESKTOP-E3L8D03	2018-01-31 18:18:05


SYSTEM_INFO	CarMaker 6.0.3 - Car_Generic #36	pt@pluto.ipg 2017-09-27 12:36:15	(6.0.3 pt@pluto.ipg 2017-09-27 12:33:26)
SIM	1517419085	DESKTOP-E3L8D03	OAR	unknown	0	18.907	241.104


SYSTEM_START	-	DESKTOP-E3L8D03	DESKTOP-E3L8D03	2018-01-31 19:47:47


SYSTEM_INFO	CarMaker 6.0.3 - Car_Generic #36	pt@pluto.ipg 2017-09-27 12:36:15	(6.0.3 pt@pluto.ipg 2017-09-27 12:33:26)
SIM	1517424467	DESKTOP-E3L8D03	OAR	SteerImpulse	2	0	0


SYSTEM_START	-	DESKTOP-E3L8D03	DESKTOP-E3L8D03	2018-01-31 19:57:41


SYSTEM_INFO	CarMaker 6.0.3 - Car_Generic #36	pt@pluto.ipg 2017-09-27 12:36:15	(6.0.3 pt@pluto.ipg 2017-09-27 12:33:26)
SIM	1517425061	DESKTOP-E3L8D03	OAR	SteerImpulse	2	0	0


SYSTEM_START	-	DESKTOP-E3L8D03	DESKTOP-E3L8D03	2018-01-31 20:00:59


SYSTEM_INFO	CarMaker 6.0.3 - Car_Generic #36	pt@pluto.ipg 2017-09-27 12:36:15	(6.0.3 pt@pluto.ipg 2017-09-27 12:33:26)
SIM	1517425259	DESKTOP-E3L8D03	OAR	Examples/VehicleDynamics/Handling/SteerStep	0	75.31	1205.42


SYSTEM_START	-	DESKTOP-E3L8D03	DESKTOP-E3L8D03	2018-01-31 20:02:44


SYSTEM_INFO	CarMaker 6.0.3 - Car_Generic #36	pt@pluto.ipg 2017-09-27 12:36:15	(6.0.3 pt@pluto.ipg 2017-09-27 12:33:26)
SIM	1517425364	DESKTOP-E3L8D03	OAR	Examples/VehicleDynamics/Handling/SteerStep	0	48.469	605.068


SYSTEM_START	-	DESKTOP-E3L8D03	DESKTOP-E3L8D03	2018-02-01 20:57:01


SYSTEM_INFO	CarMaker 6.0.3 - Car_Generic #36	pt@pluto.ipg 2017-09-27 12:36:15	(6.0.3 pt@pluto.ipg 2017-09-27 12:33:26)
SIM	1517515021	DESKTOP-E3L8D03	OAR	FS_Competition_Germany_2006_ELD_racedriver_maby2	1	12.116	197.735


SYSTEM_START	-	DESKTOP-E3L8D03	DESKTOP-E3L8D03	2018-02-01 21:01:38


SYSTEM_INFO	CarMaker 6.0.3 - Car_Generic #36	pt@pluto.ipg 2017-09-27 12:36:15	(6.0.3 pt@pluto.ipg 2017-09-27 12:33:26)
SIM	1517515298	DESKTOP-E3L8D03	OAR	FS_Competition_Germany_2006_ELD_racedriver_maby2	1	12.116	197.735


SYSTEM_START	-	DESKTOP-E3L8D03	DESKTOP-E3L8D03	2018-02-01 21:03:11


SYSTEM_INFO	CarMaker 6.0.3 - Car_Generic #36	pt@pluto.ipg 2017-09-27 12:36:15	(6.0.3 pt@pluto.ipg 2017-09-27 12:33:26)
SIM	1517515391	DESKTOP-E3L8D03	OAR	FS_Competition_Germany_2006_ELD_racedriver_maby2	1	12.116	197.735


SYSTEM_START	-	DESKTOP-E3L8D03	DESKTOP-E3L8D03	2018-02-01 21:06:22


SYSTEM_INFO	CarMaker 6.0.3 - Car_Generic #36	pt@pluto.ipg 2017-09-27 12:36:15	(6.0.3 pt@pluto.ipg 2017-09-27 12:33:26)
SIM	1517515582	DESKTOP-E3L8D03	OAR	FS_Competition_Germany_2006_ELD_racedriver_maby2	1	12.116	197.735


SYSTEM_START	-	DESKTOP-E3L8D03	DESKTOP-E3L8D03	2018-02-01 21:09:08


SYSTEM_INFO	CarMaker 6.0.3 - Car_Generic #36	pt@pluto.ipg 2017-09-27 12:36:15	(6.0.3 pt@pluto.ipg 2017-09-27 12:33:26)
SIM	1517515748	DESKTOP-E3L8D03	OAR	FS_Competition_Germany_2006_ELD_racedriver_maby2	1	12.116	197.735


SYSTEM_START	-	DESKTOP-E3L8D03	DESKTOP-E3L8D03	2018-02-01 21:13:00


SYSTEM_INFO	CarMaker 6.0.3 - Car_Generic #36	pt@pluto.ipg 2017-09-27 12:36:15	(6.0.3 pt@pluto.ipg 2017-09-27 12:33:26)
SIM	1517515980	DESKTOP-E3L8D03	OAR	FS_Competition_Germany_2006_ELD_racedriver_maby2	1	12.116	197.735


SYSTEM_START	-	DESKTOP-E3L8D03	DESKTOP-E3L8D03	2018-02-02 10:41:28


SYSTEM_INFO	CarMaker 6.0.3 - Car_Generic #36	pt@pluto.ipg 2017-09-27 12:36:15	(6.0.3 pt@pluto.ipg 2017-09-27 12:33:26)
SIM	1517564488	DESKTOP-E3L8D03	OAR	FS_Competition_Germany_2006_ELD_racedriver_maby2	1	12.116	197.735


SYSTEM_START	-	DESKTOP-E3L8D03	DESKTOP-E3L8D03	2018-02-02 10:44:04


SYSTEM_INFO	CarMaker 6.0.3 - Car_Generic #36	pt@pluto.ipg 2017-09-27 12:36:15	(6.0.3 pt@pluto.ipg 2017-09-27 12:33:26)
SIM	1517564644	DESKTOP-E3L8D03	OAR	FS_Competition_Germany_2006_ELD_racedriver_maby2	1	12.116	197.735


SYSTEM_START	-	DESKTOP-E3L8D03	DESKTOP-E3L8D03	2018-02-02 10:57:25


SYSTEM_INFO	CarMaker 6.0.3 - Car_Generic #36	pt@pluto.ipg 2017-09-27 12:36:15	(6.0.3 pt@pluto.ipg 2017-09-27 12:33:26)
SIM	1517565445	DESKTOP-E3L8D03	OAR	FS_Competition_Germany_2006_ELD_racedriver_maby2	1	12.116	197.735


SYSTEM_START	-	DESKTOP-E3L8D03	DESKTOP-E3L8D03	2018-02-02 10:59:36


SYSTEM_INFO	CarMaker 6.0.3 - Car_Generic #36	pt@pluto.ipg 2017-09-27 12:36:15	(6.0.3 pt@pluto.ipg 2017-09-27 12:33:26)
SIM	1517565576	DESKTOP-E3L8D03	OAR	FS_Competition_Germany_2006_ELD_racedriver_maby2	1	12.116	197.735


SYSTEM_START	-	DESKTOP-E3L8D03	DESKTOP-E3L8D03	2018-02-02 11:03:59


SYSTEM_INFO	CarMaker 6.0.3 - Car_Generic #36	pt@pluto.ipg 2017-09-27 12:36:15	(6.0.3 pt@pluto.ipg 2017-09-27 12:33:26)
SIM	1517565839	DESKTOP-E3L8D03	OAR	FS_Competition_Germany_2006_ELD_racedriver_maby2	1	12.156	197.874


SYSTEM_START	-	DESKTOP-E3L8D03	DESKTOP-E3L8D03	2018-02-02 11:05:58


SYSTEM_INFO	CarMaker 6.0.3 - Car_Generic #36	pt@pluto.ipg 2017-09-27 12:36:15	(6.0.3 pt@pluto.ipg 2017-09-27 12:33:26)
SIM	1517565958	DESKTOP-E3L8D03	OAR	FS_Competition_Germany_2006_ELD_racedriver_maby2	1	12.156	197.874


SYSTEM_START	-	DESKTOP-E3L8D03	DESKTOP-E3L8D03	2018-02-02 11:10:29


SYSTEM_INFO	CarMaker 6.0.3 - Car_Generic #36	pt@pluto.ipg 2017-09-27 12:36:15	(6.0.3 pt@pluto.ipg 2017-09-27 12:33:26)
SIM	1517566230	DESKTOP-E3L8D03	OAR	axxxplot	0	4.502	94.4124


SYSTEM_START	-	DESKTOP-E3L8D03	DESKTOP-E3L8D03	2018-02-02 11:12:11


SYSTEM_INFO	CarMaker 6.0.3 - Car_Generic #36	pt@pluto.ipg 2017-09-27 12:36:15	(6.0.3 pt@pluto.ipg 2017-09-27 12:33:26)
SIM	1517566331	DESKTOP-E3L8D03	OAR	axxxplot	0	4.502	91.1616


SYSTEM_START	-	DESKTOP-E3L8D03	DESKTOP-E3L8D03	2018-02-02 11:14:02


SYSTEM_INFO	CarMaker 6.0.3 - Car_Generic #36	pt@pluto.ipg 2017-09-27 12:36:15	(6.0.3 pt@pluto.ipg 2017-09-27 12:33:26)
SIM	1517566442	DESKTOP-E3L8D03	OAR	axxxplot	0	4.502	96.3361


SYSTEM_START	-	DESKTOP-E3L8D03	DESKTOP-E3L8D03	2018-02-02 11:14:53


SYSTEM_INFO	CarMaker 6.0.3 - Car_Generic #36	pt@pluto.ipg 2017-09-27 12:36:15	(6.0.3 pt@pluto.ipg 2017-09-27 12:33:26)
SIM	1517566493	DESKTOP-E3L8D03	OAR	FS_Competition_Germany_2006_ELD_racedriver_maby2	0	48.475	771.601


SYSTEM_START	-	DESKTOP-E3L8D03	DESKTOP-E3L8D03	2018-02-02 11:18:46


SYSTEM_INFO	CarMaker 6.0.3 - Car_Generic #36	pt@pluto.ipg 2017-09-27 12:36:15	(6.0.3 pt@pluto.ipg 2017-09-27 12:33:26)
SIM	1517566726	DESKTOP-E3L8D03	OAR	FS_Competition_Germany_2006_ELD_racedriver_maby2	0	48.528	771.556


SYSTEM_START	-	DESKTOP-E3L8D03	DESKTOP-E3L8D03	2018-02-02 11:22:16


SYSTEM_INFO	CarMaker 6.0.3 - Car_Generic #36	pt@pluto.ipg 2017-09-27 12:36:15	(6.0.3 pt@pluto.ipg 2017-09-27 12:33:26)
SIM	1517566936	DESKTOP-E3L8D03	OAR	FS_Competition_Germany_2006_ELD_racedriver_maby2	1	11.804	191.222


SYSTEM_START	-	DESKTOP-E3L8D03	DESKTOP-E3L8D03	2018-02-02 11:50:57


SYSTEM_INFO	CarMaker 6.0.3 - Car_Generic #36	pt@pluto.ipg 2017-09-27 12:36:15	(6.0.3 pt@pluto.ipg 2017-09-27 12:33:26)
SIM	1517568658	DESKTOP-E3L8D03	OAR	FS_Competition_Germany_2006_ELD_racedriver_maby2	0	48.475	771.601


SYSTEM_START	-	DESKTOP-E3L8D03	DESKTOP-E3L8D03	2018-02-02 11:53:11


SYSTEM_INFO	CarMaker 6.0.3 - Car_Generic #36	pt@pluto.ipg 2017-09-27 12:36:15	(6.0.3 pt@pluto.ipg 2017-09-27 12:33:26)
SIM	1517568791	DESKTOP-E3L8D03	OAR	FS_Competition_Germany_2006_ELD_racedriver_maby2	0	48.528	772.218


SYSTEM_START	-	DESKTOP-E3L8D03	DESKTOP-E3L8D03	2018-02-02 15:33:52


SYSTEM_INFO	CarMaker 6.0.3 - Car_Generic #36	pt@pluto.ipg 2017-09-27 12:36:15	(6.0.3 pt@pluto.ipg 2017-09-27 12:33:26)
SIM	1517582032	DESKTOP-E3L8D03	OAR	FS_Competition_Germany_2006_ELD_racedriver_maby2	0	48.475	771.601


SYSTEM_START	-	DESKTOP-E3L8D03	DESKTOP-E3L8D03	2018-02-02 15:37:01


SYSTEM_INFO	CarMaker 6.0.3 - Car_Generic #36	pt@pluto.ipg 2017-09-27 12:36:15	(6.0.3 pt@pluto.ipg 2017-09-27 12:33:26)
SIM	1517582221	DESKTOP-E3L8D03	OAR	FS_Competition_Germany_2006_ELD_racedriver_maby2	0	48.468	771.601


SYSTEM_START	-	DESKTOP-E3L8D03	DESKTOP-E3L8D03	2018-02-02 15:46:30


SYSTEM_INFO	CarMaker 6.0.3 - Car_Generic #36	pt@pluto.ipg 2017-09-27 12:36:15	(6.0.3 pt@pluto.ipg 2017-09-27 12:33:26)
SIM	1517582790	DESKTOP-E3L8D03	OAR	FS_Competition_Germany_2006_ELD_racedriver_maby2	0	48.485	771.623


SYSTEM_START	-	DESKTOP-E3L8D03	DESKTOP-E3L8D03	2018-02-02 16:12:51


SYSTEM_INFO	CarMaker 6.0.3 - Car_Generic #36	pt@pluto.ipg 2017-09-27 12:36:15	(6.0.3 pt@pluto.ipg 2017-09-27 12:33:26)
SIM	1517584371	DESKTOP-E3L8D03	OAR	Road_disturbances_test	1	14.473	207.5


SYSTEM_START	-	DESKTOP-E3L8D03	DESKTOP-E3L8D03	2018-02-02 16:14:34


SYSTEM_INFO	CarMaker 6.0.3 - Car_Generic #36	pt@pluto.ipg 2017-09-27 12:36:15	(6.0.3 pt@pluto.ipg 2017-09-27 12:33:26)
SIM	1517584475	DESKTOP-E3L8D03	OAR	Road_disturbances_test	0	18.321	241.753


SYSTEM_START	-	DESKTOP-E3L8D03	DESKTOP-E3L8D03	2018-02-04 19:01:51


SYSTEM_INFO	CarMaker 6.0.3 - Car_Generic #36	pt@pluto.ipg 2017-09-27 12:36:15	(6.0.3 pt@pluto.ipg 2017-09-27 12:33:26)
SIM	1517767311	DESKTOP-E3L8D03	OAR	FS_Competition_Germany_2006_ELD_racedriver_maby2	0	49.029	772.414
